#
# There is insufficient memory for the Java Runtime Environment to continue.
# Native memory allocation (malloc) failed to allocate 478656 bytes for Chunk::new
# Possible reasons:
#   The system is out of physical RAM or swap space
#   The process is running with CompressedOops enabled, and the Java Heap may be blocking the growth of the native heap
# Possible solutions:
#   Reduce memory load on the system
#   Increase physical memory or swap space
#   Check if swap backing store is full
#   Decrease Java heap size (-Xmx/-Xms)
#   Decrease number of Java threads
#   Decrease Java thread stack sizes (-Xss)
#   Set larger code cache with -XX:ReservedCodeCacheSize=
#   JVM is running with Unscaled Compressed Oops mode in which the Java heap is
#     placed in the first 4GB address space. The Java Heap base address is the
#     maximum limit for the native heap growth. Please use -XX:HeapBaseMinAddress
#     to set the Java Heap base and to place the Java Heap above 4GB virtual address.
# This output file may be truncated or incomplete.
#
#  Out of Memory Error (allocation.cpp:389), pid=14396, tid=0x0000000000003258
#
# JRE version: OpenJDK Runtime Environment (8.0_242-b01) (build 1.8.0_242-release-1644-b01)
# Java VM: OpenJDK 64-Bit Server VM (25.242-b01 mixed mode windows-amd64 compressed oops)
# Failed to write core dump. Minidumps are not enabled by default on client versions of Windows
#

---------------  T H R E A D  ---------------

Current thread (0x0000000017428000):  JavaThread "C2 CompilerThread0" daemon [_thread_in_native, id=12888, stack(0x0000000018ab0000,0x0000000018bb0000)]

Stack: [0x0000000018ab0000,0x0000000018bb0000]
[error occurred during error reporting (printing stack bounds), id 0xc0000005]

Native frames: (J=compiled Java code, j=interpreted, Vv=VM code, C=native code)


Current CompileTask:
C2:  69369 3879       4       java.net.URLClassLoader$1::run (5 bytes)


---------------  P R O C E S S  ---------------

Java Threads: ( => current thread )
  0x000000001ac75800 JavaThread "jar transforms Thread 94" [_thread_blocked, id=14968, stack(0x0000000026b90000,0x0000000026c90000)]
  0x000000001ac7c000 JavaThread "jar transforms Thread 93" [_thread_blocked, id=5972, stack(0x0000000026a90000,0x0000000026b90000)]
  0x000000001ac7a800 JavaThread "jar transforms Thread 92" [_thread_blocked, id=10160, stack(0x0000000026990000,0x0000000026a90000)]
  0x000000001ac7a000 JavaThread "jar transforms Thread 91" [_thread_blocked, id=12952, stack(0x0000000026890000,0x0000000026990000)]
  0x000000001ac7b800 JavaThread "jar transforms Thread 90" [_thread_blocked, id=15744, stack(0x0000000026790000,0x0000000026890000)]
  0x000000001ac74000 JavaThread "jar transforms Thread 89" [_thread_blocked, id=13576, stack(0x0000000026690000,0x0000000026790000)]
  0x000000001ac79000 JavaThread "jar transforms Thread 88" [_thread_blocked, id=7564, stack(0x0000000026590000,0x0000000026690000)]
  0x000000001ac78800 JavaThread "jar transforms Thread 87" [_thread_blocked, id=12724, stack(0x0000000026490000,0x0000000026590000)]
  0x000000001ac74800 JavaThread "jar transforms Thread 86" [_thread_blocked, id=13728, stack(0x0000000026390000,0x0000000026490000)]
  0x000000001ac71000 JavaThread "jar transforms Thread 85" [_thread_blocked, id=12200, stack(0x0000000026290000,0x0000000026390000)]
  0x000000001ac77800 JavaThread "jar transforms Thread 84" [_thread_blocked, id=12776, stack(0x0000000026190000,0x0000000026290000)]
  0x000000001ac72800 JavaThread "jar transforms Thread 83" [_thread_blocked, id=13436, stack(0x0000000026090000,0x0000000026190000)]
  0x000000001ac70000 JavaThread "jar transforms Thread 82" [_thread_blocked, id=10248, stack(0x0000000025f90000,0x0000000026090000)]
  0x000000001ac73000 JavaThread "jar transforms Thread 81" [_thread_blocked, id=15952, stack(0x0000000025e90000,0x0000000025f90000)]
  0x000000001ac77000 JavaThread "jar transforms Thread 80" [_thread_blocked, id=11000, stack(0x0000000025d90000,0x0000000025e90000)]
  0x000000001ac71800 JavaThread "jar transforms Thread 79" [_thread_blocked, id=16272, stack(0x0000000025c90000,0x0000000025d90000)]
  0x000000001ac76000 JavaThread "jar transforms Thread 78" [_thread_blocked, id=10792, stack(0x0000000025b90000,0x0000000025c90000)]
  0x0000000019d8a000 JavaThread "jar transforms Thread 77" [_thread_blocked, id=11376, stack(0x0000000025a90000,0x0000000025b90000)]
  0x0000000019d87000 JavaThread "jar transforms Thread 76" [_thread_blocked, id=6720, stack(0x0000000025990000,0x0000000025a90000)]
  0x0000000019d89000 JavaThread "jar transforms Thread 75" [_thread_blocked, id=8732, stack(0x0000000025890000,0x0000000025990000)]
  0x0000000019d86000 JavaThread "jar transforms Thread 74" [_thread_blocked, id=8056, stack(0x0000000025790000,0x0000000025890000)]
  0x0000000019d8b800 JavaThread "jar transforms Thread 73" [_thread_blocked, id=14992, stack(0x0000000025690000,0x0000000025790000)]
  0x0000000019d88800 JavaThread "jar transforms Thread 72" [_thread_blocked, id=11064, stack(0x0000000025590000,0x0000000025690000)]
  0x0000000019d85800 JavaThread "jar transforms Thread 71" [_thread_blocked, id=16104, stack(0x0000000025490000,0x0000000025590000)]
  0x0000000019d8a800 JavaThread "jar transforms Thread 70" [_thread_blocked, id=8144, stack(0x0000000025390000,0x0000000025490000)]
  0x0000000019d87800 JavaThread "jar transforms Thread 69" [_thread_blocked, id=12284, stack(0x0000000025290000,0x0000000025390000)]
  0x0000000019d7d800 JavaThread "jar transforms Thread 68" [_thread_blocked, id=8784, stack(0x0000000025190000,0x0000000025290000)]
  0x0000000019d84800 JavaThread "jar transforms Thread 67" [_thread_blocked, id=8924, stack(0x0000000025090000,0x0000000025190000)]
  0x0000000019d7f000 JavaThread "jar transforms Thread 66" [_thread_blocked, id=7272, stack(0x0000000024f90000,0x0000000025090000)]
  0x0000000019d83800 JavaThread "jar transforms Thread 65" [_thread_blocked, id=4040, stack(0x0000000024e90000,0x0000000024f90000)]
  0x0000000019d80800 JavaThread "jar transforms Thread 64" [_thread_blocked, id=13764, stack(0x0000000024d90000,0x0000000024e90000)]
  0x0000000019d83000 JavaThread "jar transforms Thread 63" [_thread_blocked, id=8708, stack(0x0000000024c90000,0x0000000024d90000)]
  0x0000000019d80000 JavaThread "jar transforms Thread 62" [_thread_blocked, id=12128, stack(0x0000000024b90000,0x0000000024c90000)]
  0x0000000019d82000 JavaThread "jar transforms Thread 61" [_thread_blocked, id=12604, stack(0x0000000024a90000,0x0000000024b90000)]
  0x0000000019d7e800 JavaThread "jar transforms Thread 60" [_thread_blocked, id=13864, stack(0x0000000024990000,0x0000000024a90000)]
  0x0000000019d7c000 JavaThread "jar transforms Thread 59" [_thread_blocked, id=16156, stack(0x0000000024890000,0x0000000024990000)]
  0x0000000019d81800 JavaThread "jar transforms Thread 58" [_thread_blocked, id=11844, stack(0x0000000024790000,0x0000000024890000)]
  0x0000000019d7d000 JavaThread "jar transforms Thread 57" [_thread_blocked, id=10552, stack(0x0000000024690000,0x0000000024790000)]
  0x000000001b078800 JavaThread "jar transforms Thread 56" [_thread_blocked, id=11824, stack(0x0000000024590000,0x0000000024690000)]
  0x000000001b07a000 JavaThread "jar transforms Thread 55" [_thread_blocked, id=4484, stack(0x0000000024490000,0x0000000024590000)]
  0x000000001b077000 JavaThread "jar transforms Thread 54" [_thread_blocked, id=10172, stack(0x0000000024390000,0x0000000024490000)]
  0x000000001b075800 JavaThread "jar transforms Thread 53" [_thread_blocked, id=11012, stack(0x0000000024290000,0x0000000024390000)]
  0x000000001b073000 JavaThread "jar transforms Thread 52" [_thread_blocked, id=16204, stack(0x0000000024190000,0x0000000024290000)]
  0x000000001b077800 JavaThread "jar transforms Thread 51" [_thread_blocked, id=10848, stack(0x0000000024090000,0x0000000024190000)]
  0x000000001b079000 JavaThread "jar transforms Thread 50" [_thread_blocked, id=1540, stack(0x0000000023f90000,0x0000000024090000)]
  0x000000001b074000 JavaThread "jar transforms Thread 49" [_thread_blocked, id=4152, stack(0x0000000023e90000,0x0000000023f90000)]
  0x000000001b074800 JavaThread "jar transforms Thread 48" [_thread_blocked, id=1812, stack(0x0000000023d90000,0x0000000023e90000)]
  0x000000001b076000 JavaThread "jar transforms Thread 47" [_thread_blocked, id=15632, stack(0x0000000023c90000,0x0000000023d90000)]
  0x000000001b072800 JavaThread "jar transforms Thread 46" [_thread_blocked, id=13528, stack(0x0000000023b90000,0x0000000023c90000)]
  0x000000001b06b800 JavaThread "jar transforms Thread 45" [_thread_blocked, id=11720, stack(0x0000000023a90000,0x0000000023b90000)]
  0x000000001b06b000 JavaThread "jar transforms Thread 44" [_thread_blocked, id=15296, stack(0x0000000023990000,0x0000000023a90000)]
  0x000000001b06f800 JavaThread "jar transforms Thread 43" [_thread_blocked, id=5820, stack(0x0000000023890000,0x0000000023990000)]
  0x000000001b071800 JavaThread "jar transforms Thread 42" [_thread_blocked, id=14460, stack(0x0000000023790000,0x0000000023890000)]
  0x000000001b070000 JavaThread "jar transforms Thread 41" [_thread_blocked, id=14792, stack(0x0000000023690000,0x0000000023790000)]
  0x000000001b06d000 JavaThread "jar transforms Thread 40" [_thread_blocked, id=8628, stack(0x0000000023590000,0x0000000023690000)]
  0x000000001b06e800 JavaThread "jar transforms Thread 39" [_thread_blocked, id=14788, stack(0x0000000023490000,0x0000000023590000)]
  0x000000001b06c800 JavaThread "jar transforms Thread 38" [_thread_blocked, id=4648, stack(0x0000000023390000,0x0000000023490000)]
  0x000000001b06e000 JavaThread "jar transforms Thread 37" [_thread_blocked, id=14960, stack(0x0000000023290000,0x0000000023390000)]
  0x000000001b071000 JavaThread "jar transforms Thread 36" [_thread_blocked, id=6396, stack(0x0000000023190000,0x0000000023290000)]
  0x0000000019db1000 JavaThread "jar transforms Thread 35" [_thread_blocked, id=10836, stack(0x0000000023090000,0x0000000023190000)]
  0x0000000019db2800 JavaThread "jar transforms Thread 34" [_thread_blocked, id=11300, stack(0x0000000022f90000,0x0000000023090000)]
  0x0000000019dad800 JavaThread "jar transforms Thread 33" [_thread_blocked, id=8092, stack(0x0000000022e90000,0x0000000022f90000)]
  0x0000000019db2000 JavaThread "jar transforms Thread 32" [_thread_blocked, id=14024, stack(0x0000000022d90000,0x0000000022e90000)]
  0x0000000019db0800 JavaThread "jar transforms Thread 31" [_thread_blocked, id=11220, stack(0x0000000022c90000,0x0000000022d90000)]
  0x0000000019daf800 JavaThread "jar transforms Thread 30" [_thread_blocked, id=2256, stack(0x0000000022b90000,0x0000000022c90000)]
  0x0000000019db3800 JavaThread "jar transforms Thread 29" [_thread_blocked, id=5944, stack(0x0000000022a90000,0x0000000022b90000)]
  0x0000000019dae000 JavaThread "jar transforms Thread 28" [_thread_blocked, id=9096, stack(0x0000000022990000,0x0000000022a90000)]
  0x0000000019daf000 JavaThread "jar transforms Thread 27" [_thread_blocked, id=3136, stack(0x0000000022890000,0x0000000022990000)]
  0x0000000019da6000 JavaThread "jar transforms Thread 26" [_thread_blocked, id=2436, stack(0x0000000022790000,0x0000000022890000)]
  0x0000000019da7800 JavaThread "jar transforms Thread 25" [_thread_blocked, id=9712, stack(0x0000000022690000,0x0000000022790000)]
  0x0000000019dac800 JavaThread "jar transforms Thread 24" [_thread_blocked, id=2892, stack(0x0000000022590000,0x0000000022690000)]
  0x0000000019dab000 JavaThread "jar transforms Thread 23" [_thread_blocked, id=14196, stack(0x0000000022490000,0x0000000022590000)]
  0x0000000019da6800 JavaThread "jar transforms Thread 22" [_thread_blocked, id=5360, stack(0x0000000022390000,0x0000000022490000)]
  0x0000000019da9800 JavaThread "jar transforms Thread 21" [_thread_blocked, id=11580, stack(0x0000000022290000,0x0000000022390000)]
  0x0000000019da8000 JavaThread "jar transforms Thread 20" [_thread_blocked, id=13460, stack(0x0000000022190000,0x0000000022290000)]
  0x0000000019dac000 JavaThread "jar transforms Thread 19" [_thread_blocked, id=5352, stack(0x0000000022090000,0x0000000022190000)]
  0x0000000019da5000 JavaThread "jar transforms Thread 18" [_thread_blocked, id=256, stack(0x0000000021f90000,0x0000000022090000)]
  0x0000000019da9000 JavaThread "jar transforms Thread 17" [_thread_blocked, id=3140, stack(0x0000000021e90000,0x0000000021f90000)]
  0x0000000019daa800 JavaThread "jar transforms Thread 16" [_thread_blocked, id=8936, stack(0x0000000021d90000,0x0000000021e90000)]
  0x0000000019da4800 JavaThread "jar transforms Thread 15" [_thread_blocked, id=8044, stack(0x0000000021c90000,0x0000000021d90000)]
  0x00000000199e3800 JavaThread "jar transforms Thread 14" [_thread_blocked, id=1600, stack(0x0000000021b90000,0x0000000021c90000)]
  0x00000000199e2800 JavaThread "jar transforms Thread 13" [_thread_blocked, id=4796, stack(0x0000000021a90000,0x0000000021b90000)]
  0x00000000199e1000 JavaThread "jar transforms Thread 12" [_thread_blocked, id=3556, stack(0x0000000021990000,0x0000000021a90000)]
  0x00000000199e0800 JavaThread "jar transforms Thread 11" [_thread_blocked, id=10104, stack(0x0000000021890000,0x0000000021990000)]
  0x00000000199e2000 JavaThread "jar transforms Thread 10" [_thread_blocked, id=8976, stack(0x0000000021690000,0x0000000021790000)]
  0x00000000199df800 JavaThread "jar transforms Thread 9" [_thread_blocked, id=6248, stack(0x0000000021590000,0x0000000021690000)]
  0x00000000199d8000 JavaThread "jar transforms Thread 8" [_thread_blocked, id=16328, stack(0x0000000021490000,0x0000000021590000)]
  0x00000000199df000 JavaThread "jar transforms Thread 7" [_thread_blocked, id=5956, stack(0x0000000021390000,0x0000000021490000)]
  0x00000000199dc000 JavaThread "jar transforms Thread 6" [_thread_blocked, id=15924, stack(0x0000000021290000,0x0000000021390000)]
  0x00000000199de000 JavaThread "jar transforms Thread 5" [_thread_blocked, id=12236, stack(0x0000000021190000,0x0000000021290000)]
  0x00000000199db000 JavaThread "jar transforms Thread 4" [_thread_blocked, id=8488, stack(0x0000000000c30000,0x0000000000d30000)]
  0x00000000199d9000 JavaThread "jar transforms Thread 3" [_thread_blocked, id=248, stack(0x0000000000b30000,0x0000000000c30000)]
  0x00000000199d9800 JavaThread "jar transforms Thread 2" [_thread_blocked, id=9324, stack(0x0000000000a30000,0x0000000000b30000)]
  0x00000000199dd800 JavaThread "Build operations Thread 4" [_thread_blocked, id=15776, stack(0x0000000021090000,0x0000000021190000)]
  0x00000000199da800 JavaThread "Build operations Thread 3" [_thread_blocked, id=12212, stack(0x0000000020f90000,0x0000000021090000)]
  0x00000000199dc800 JavaThread "Build operations Thread 2" [_thread_blocked, id=14716, stack(0x0000000020e90000,0x0000000020f90000)]
  0x00000000199d4800 JavaThread "Build operations" [_thread_blocked, id=3516, stack(0x0000000020d90000,0x0000000020e90000)]
  0x0000000018f70000 JavaThread "Cache worker for file content cache (C:\Users\e30\.gradle\caches\6.5\fileContent)" [_thread_blocked, id=5580, stack(0x000000001f6c0000,0x000000001f7c0000)]
  0x0000000018f6f000 JavaThread "jar transforms" [_thread_blocked, id=11484, stack(0x000000001f5c0000,0x000000001f6c0000)]
  0x0000000018f6d000 JavaThread "Cache worker for execution history cache (C:\Users\e30\.gradle\caches\6.5\executionHistory)" [_thread_blocked, id=14120, stack(0x000000001eec0000,0x000000001efc0000)]
  0x0000000018f6c000 JavaThread "Cache worker for cache directory md-rule (C:\Users\e30\.gradle\caches\6.5\md-rule)" [_thread_blocked, id=8672, stack(0x000000001edc0000,0x000000001eec0000)]
  0x0000000018f6a000 JavaThread "Cache worker for cache directory md-supplier (C:\Users\e30\.gradle\caches\6.5\md-supplier)" [_thread_blocked, id=14680, stack(0x000000001ecc0000,0x000000001edc0000)]
  0x0000000018f6b800 JavaThread "Cache worker for checksums cache (C:\Users\e30\AndroidStudioProjects\LibrasKids\.gradle\checksums)" [_thread_blocked, id=14708, stack(0x000000001ebc0000,0x000000001ecc0000)]
  0x0000000018f6a800 JavaThread "Cache worker for file hash cache (C:\Users\e30\AndroidStudioProjects\LibrasKids\.gradle\6.5\fileHashes)" [_thread_blocked, id=14712, stack(0x000000001e8c0000,0x000000001e9c0000)]
  0x0000000018f6e800 JavaThread "Cache worker for file hash cache (C:\Users\e30\.gradle\caches\6.5\fileHashes)" [_thread_blocked, id=15540, stack(0x000000001d3f0000,0x000000001d4f0000)]
  0x0000000018f70800 JavaThread "File lock request listener" [_thread_in_native, id=14376, stack(0x000000001d2f0000,0x000000001d3f0000)]
  0x0000000018f6d800 JavaThread "Cache worker for journal cache (C:\Users\e30\.gradle\caches\journal-1)" [_thread_blocked, id=10504, stack(0x000000001d1f0000,0x000000001d2f0000)]
  0x000000001a140800 JavaThread "Thread-9" [_thread_blocked, id=11076, stack(0x000000001cef0000,0x000000001cff0000)]
  0x000000001a11e000 JavaThread "Stdin handler" [_thread_blocked, id=10620, stack(0x000000001cdf0000,0x000000001cef0000)]
  0x00000000198e3800 JavaThread "Asynchronous log dispatcher for DefaultDaemonConnection: socket connection from /127.0.0.1:53585 to /127.0.0.1:53586" [_thread_blocked, id=11276, stack(0x000000001ccf0000,0x000000001cdf0000)]
  0x00000000198e1000 JavaThread "Daemon worker" [_thread_in_native, id=3676, stack(0x000000001cbf0000,0x000000001ccf0000)]
  0x00000000198ea000 JavaThread "Cancel handler" [_thread_blocked, id=5444, stack(0x000000001caf0000,0x000000001cbf0000)]
  0x0000000019b7d000 JavaThread "Handler for socket connection from /127.0.0.1:53585 to /127.0.0.1:53586" [_thread_in_native, id=14404, stack(0x000000001c9f0000,0x000000001caf0000)]
  0x000000001a328800 JavaThread "Daemon" [_thread_blocked, id=9336, stack(0x000000001c8f0000,0x000000001c9f0000)]
  0x00000000198ed000 JavaThread "Daemon periodic checks" [_thread_blocked, id=10200, stack(0x000000001c5f0000,0x000000001c6f0000)]
  0x00000000198eb800 JavaThread "Incoming local TCP Connector on port 53585" [_thread_in_native, id=14472, stack(0x000000001c390000,0x000000001c490000)]
  0x000000001ab6b000 JavaThread "Daemon health stats" [_thread_blocked, id=13348, stack(0x000000001bd50000,0x000000001be50000)]
  0x0000000018dd0800 JavaThread "Service Thread" daemon [_thread_blocked, id=10132, stack(0x00000000191b0000,0x00000000192b0000)]
  0x0000000017434000 JavaThread "C1 CompilerThread2" daemon [_thread_blocked, id=11472, stack(0x0000000018cb0000,0x0000000018db0000)]
  0x000000001742c000 JavaThread "C2 CompilerThread1" daemon [_thread_blocked, id=12928, stack(0x0000000018bb0000,0x0000000018cb0000)]
=>0x0000000017428000 JavaThread "C2 CompilerThread0" daemon [_thread_in_native, id=12888, stack(0x0000000018ab0000,0x0000000018bb0000)]
  0x0000000017427000 JavaThread "Attach Listener" daemon [_thread_blocked, id=8592, stack(0x00000000189b0000,0x0000000018ab0000)]
  0x0000000017425800 JavaThread "Signal Dispatcher" daemon [_thread_blocked, id=15684, stack(0x00000000188b0000,0x00000000189b0000)]
  0x00000000027fe000 JavaThread "Finalizer" daemon [_thread_blocked, id=1312, stack(0x0000000018690000,0x0000000018790000)]
  0x0000000017409000 JavaThread "Reference Handler" daemon [_thread_blocked, id=6308, stack(0x0000000018590000,0x0000000018690000)]
  0x00000000026ae800 JavaThread "main" [_thread_blocked, id=9168, stack(0x0000000002590000,0x0000000002690000)]

Other Threads:
  0x00000000173e7000 VMThread [stack: 0x0000000018490000,0x0000000018590000] [id=14604]
  0x000000001747e800 WatcherThread [stack: 0x00000000192b0000,0x00000000193b0000] [id=14696]

VM state:not at safepoint (normal execution)

VM Mutex/Monitor currently owned by a thread: None

heap address: 0x0000000080000000, size: 2048 MB, Compressed Oops mode: 32-bit
Narrow klass base: 0x0000000000000000, Narrow klass shift: 3
Compressed class space size: 1073741824 Address: 0x0000000100000000

Heap:
 PSYoungGen      total 41984K, used 31518K [0x00000000d5580000, 0x00000000d8680000, 0x0000000100000000)
  eden space 34816K, 81% used [0x00000000d5580000,0x00000000d711f860,0x00000000d7780000)
  from space 7168K, 45% used [0x00000000d7f80000,0x00000000d82a8030,0x00000000d8680000)
  to   space 7680K, 0% used [0x00000000d7780000,0x00000000d7780000,0x00000000d7f00000)
 ParOldGen       total 47616K, used 13612K [0x0000000080000000, 0x0000000082e80000, 0x00000000d5580000)
  object space 47616K, 28% used [0x0000000080000000,0x0000000080d4b388,0x0000000082e80000)
 Metaspace       used 37887K, capacity 39526K, committed 39640K, reserved 1083392K
  class space    used 5218K, capacity 5545K, committed 5632K, reserved 1048576K

Card table byte_map: [0x0000000011bc0000,0x0000000011fd0000] byte_map_base: 0x00000000117c0000

Marking Bits: (ParMarkBitMap*) 0x000000006655f030
 Begin Bits: [0x0000000012680000, 0x0000000014680000)
 End Bits:   [0x0000000014680000, 0x0000000016680000)

Polling page: 0x0000000000da0000

CodeCache: size=245760Kb used=11654Kb max_used=11654Kb free=234105Kb
 bounds [0x0000000002800000, 0x0000000003370000, 0x0000000011800000]
 total_blobs=4197 nmethods=3491 adapters=618
 compilation: enabled

Compilation events (10 events):
Event: 69.322 Thread 0x000000001742c000 3882       4       java.util.concurrent.locks.ReentrantLock$NonfairSync::lock (25 bytes)
Event: 69.324 Thread 0x0000000017434000 3883       3       com.google.common.collect.MapMakerInternalMap$StrongKeyWeakValueSegment::maybeDrainReferenceQueues (9 bytes)
Event: 69.325 Thread 0x0000000017434000 nmethod 3883 0x000000000336aed0 code [0x000000000336b040, 0x000000000336b248]
Event: 69.325 Thread 0x0000000017434000 3884       3       com.google.common.collect.MapMakerInternalMap$Segment::drainValueReferenceQueue (42 bytes)
Event: 69.325 Thread 0x000000001742c000 nmethod 3882 0x000000000336e050 code [0x000000000336e1c0, 0x000000000336e328]
Event: 69.326 Thread 0x0000000017434000 nmethod 3884 0x000000000336ce10 code [0x000000000336d000, 0x000000000336dae8]
Event: 69.326 Thread 0x0000000017434000 3885       3       com.google.common.collect.MapMakerInternalMap$StrongKeyWeakValueEntry$Helper::newEntry (16 bytes)
Event: 69.326 Thread 0x0000000017434000 nmethod 3885 0x000000000336c390 code [0x000000000336c520, 0x000000000336cb50]
Event: 69.327 Thread 0x0000000017434000 3886   !   3       org.gradle.internal.classloader.FilteringClassLoader::loadClass (62 bytes)
Event: 69.328 Thread 0x0000000017434000 nmethod 3886 0x000000000336e490 code [0x000000000336e6c0, 0x000000000336f298]

GC Heap History (10 events):
Event: 36.030 GC heap before
{Heap before GC invocations=22 (full 1):
 PSYoungGen      total 30208K, used 28930K [0x00000000d5580000, 0x00000000d7b80000, 0x0000000100000000)
  eden space 23040K, 100% used [0x00000000d5580000,0x00000000d6c00000,0x00000000d6c00000)
  from space 7168K, 82% used [0x00000000d7380000,0x00000000d7940ae8,0x00000000d7a80000)
  to   space 7680K, 0% used [0x00000000d6c00000,0x00000000d6c00000,0x00000000d7380000)
 ParOldGen       total 32256K, used 7632K [0x0000000080000000, 0x0000000081f80000, 0x00000000d5580000)
  object space 32256K, 23% used [0x0000000080000000,0x0000000080774110,0x0000000081f80000)
 Metaspace       used 33839K, capacity 34984K, committed 35200K, reserved 1079296K
  class space    used 4626K, capacity 4865K, committed 4992K, reserved 1048576K
Event: 36.041 GC heap after
Heap after GC invocations=22 (full 1):
 PSYoungGen      total 30720K, used 6582K [0x00000000d5580000, 0x00000000d8100000, 0x0000000100000000)
  eden space 23040K, 0% used [0x00000000d5580000,0x00000000d5580000,0x00000000d6c00000)
  from space 7680K, 85% used [0x00000000d6c00000,0x00000000d726d968,0x00000000d7380000)
  to   space 8192K, 0% used [0x00000000d7900000,0x00000000d7900000,0x00000000d8100000)
 ParOldGen       total 32256K, used 7999K [0x0000000080000000, 0x0000000081f80000, 0x00000000d5580000)
  object space 32256K, 24% used [0x0000000080000000,0x00000000807cfec0,0x0000000081f80000)
 Metaspace       used 33839K, capacity 34984K, committed 35200K, reserved 1079296K
  class space    used 4626K, capacity 4865K, committed 4992K, reserved 1048576K
}
Event: 36.354 GC heap before
{Heap before GC invocations=23 (full 1):
 PSYoungGen      total 30720K, used 15195K [0x00000000d5580000, 0x00000000d8100000, 0x0000000100000000)
  eden space 23040K, 37% used [0x00000000d5580000,0x00000000d5de95c0,0x00000000d6c00000)
  from space 7680K, 85% used [0x00000000d6c00000,0x00000000d726d968,0x00000000d7380000)
  to   space 8192K, 0% used [0x00000000d7900000,0x00000000d7900000,0x00000000d8100000)
 ParOldGen       total 32256K, used 7999K [0x0000000080000000, 0x0000000081f80000, 0x00000000d5580000)
  object space 32256K, 24% used [0x0000000080000000,0x00000000807cfec0,0x0000000081f80000)
 Metaspace       used 34223K, capacity 35392K, committed 35416K, reserved 1079296K
  class space    used 4700K, capacity 4973K, committed 4992K, reserved 1048576K
Event: 36.368 GC heap after
Heap after GC invocations=23 (full 1):
 PSYoungGen      total 36352K, used 2880K [0x00000000d5580000, 0x00000000d8300000, 0x0000000100000000)
  eden space 28160K, 0% used [0x00000000d5580000,0x00000000d5580000,0x00000000d7100000)
  from space 8192K, 35% used [0x00000000d7900000,0x00000000d7bd01e0,0x00000000d8100000)
  to   space 8192K, 0% used [0x00000000d7100000,0x00000000d7100000,0x00000000d7900000)
 ParOldGen       total 32256K, used 11335K [0x0000000080000000, 0x0000000081f80000, 0x00000000d5580000)
  object space 32256K, 35% used [0x0000000080000000,0x0000000080b11df0,0x0000000081f80000)
 Metaspace       used 34223K, capacity 35392K, committed 35416K, reserved 1079296K
  class space    used 4700K, capacity 4973K, committed 4992K, reserved 1048576K
}
Event: 36.368 GC heap before
{Heap before GC invocations=24 (full 2):
 PSYoungGen      total 36352K, used 2880K [0x00000000d5580000, 0x00000000d8300000, 0x0000000100000000)
  eden space 28160K, 0% used [0x00000000d5580000,0x00000000d5580000,0x00000000d7100000)
  from space 8192K, 35% used [0x00000000d7900000,0x00000000d7bd01e0,0x00000000d8100000)
  to   space 8192K, 0% used [0x00000000d7100000,0x00000000d7100000,0x00000000d7900000)
 ParOldGen       total 32256K, used 11335K [0x0000000080000000, 0x0000000081f80000, 0x00000000d5580000)
  object space 32256K, 35% used [0x0000000080000000,0x0000000080b11df0,0x0000000081f80000)
 Metaspace       used 34223K, capacity 35392K, committed 35416K, reserved 1079296K
  class space    used 4700K, capacity 4973K, committed 4992K, reserved 1048576K
Event: 36.515 GC heap after
Heap after GC invocations=24 (full 2):
 PSYoungGen      total 36352K, used 0K [0x00000000d5580000, 0x00000000d8300000, 0x0000000100000000)
  eden space 28160K, 0% used [0x00000000d5580000,0x00000000d5580000,0x00000000d7100000)
  from space 8192K, 0% used [0x00000000d7900000,0x00000000d7900000,0x00000000d8100000)
  to   space 8192K, 0% used [0x00000000d7100000,0x00000000d7100000,0x00000000d7900000)
 ParOldGen       total 47616K, used 13596K [0x0000000080000000, 0x0000000082e80000, 0x00000000d5580000)
  object space 47616K, 28% used [0x0000000080000000,0x0000000080d47388,0x0000000082e80000)
 Metaspace       used 34223K, capacity 35392K, committed 35416K, reserved 1079296K
  class space    used 4700K, capacity 4973K, committed 4992K, reserved 1048576K
}
Event: 41.166 GC heap before
{Heap before GC invocations=25 (full 2):
 PSYoungGen      total 36352K, used 28160K [0x00000000d5580000, 0x00000000d8300000, 0x0000000100000000)
  eden space 28160K, 100% used [0x00000000d5580000,0x00000000d7100000,0x00000000d7100000)
  from space 8192K, 0% used [0x00000000d7900000,0x00000000d7900000,0x00000000d8100000)
  to   space 8192K, 0% used [0x00000000d7100000,0x00000000d7100000,0x00000000d7900000)
 ParOldGen       total 47616K, used 13596K [0x0000000080000000, 0x0000000082e80000, 0x00000000d5580000)
  object space 47616K, 28% used [0x0000000080000000,0x0000000080d47388,0x0000000082e80000)
 Metaspace       used 35629K, capacity 36862K, committed 36952K, reserved 1081344K
  class space    used 4889K, capacity 5174K, committed 5248K, reserved 1048576K
Event: 41.169 GC heap after
Heap after GC invocations=25 (full 2):
 PSYoungGen      total 36352K, used 2327K [0x00000000d5580000, 0x00000000d8700000, 0x0000000100000000)
  eden space 28160K, 0% used [0x00000000d5580000,0x00000000d5580000,0x00000000d7100000)
  from space 8192K, 28% used [0x00000000d7100000,0x00000000d7345de8,0x00000000d7900000)
  to   space 7680K, 0% used [0x00000000d7f80000,0x00000000d7f80000,0x00000000d8700000)
 ParOldGen       total 47616K, used 13604K [0x0000000080000000, 0x0000000082e80000, 0x00000000d5580000)
  object space 47616K, 28% used [0x0000000080000000,0x0000000080d49388,0x0000000082e80000)
 Metaspace       used 35629K, capacity 36862K, committed 36952K, reserved 1081344K
  class space    used 4889K, capacity 5174K, committed 5248K, reserved 1048576K
}
Event: 61.817 GC heap before
{Heap before GC invocations=26 (full 2):
 PSYoungGen      total 36352K, used 30487K [0x00000000d5580000, 0x00000000d8700000, 0x0000000100000000)
  eden space 28160K, 100% used [0x00000000d5580000,0x00000000d7100000,0x00000000d7100000)
  from space 8192K, 28% used [0x00000000d7100000,0x00000000d7345de8,0x00000000d7900000)
  to   space 7680K, 0% used [0x00000000d7f80000,0x00000000d7f80000,0x00000000d8700000)
 ParOldGen       total 47616K, used 13604K [0x0000000080000000, 0x0000000082e80000, 0x00000000d5580000)
  object space 47616K, 28% used [0x0000000080000000,0x0000000080d49388,0x0000000082e80000)
 Metaspace       used 36389K, capacity 37908K, committed 38104K, reserved 1081344K
  class space    used 4986K, capacity 5325K, committed 5376K, reserved 1048576K
Event: 61.823 GC heap after
Heap after GC invocations=26 (full 2):
 PSYoungGen      total 41984K, used 3232K [0x00000000d5580000, 0x00000000d8680000, 0x0000000100000000)
  eden space 34816K, 0% used [0x00000000d5580000,0x00000000d5580000,0x00000000d7780000)
  from space 7168K, 45% used [0x00000000d7f80000,0x00000000d82a8030,0x00000000d8680000)
  to   space 7680K, 0% used [0x00000000d7780000,0x00000000d7780000,0x00000000d7f00000)
 ParOldGen       total 47616K, used 13612K [0x0000000080000000, 0x0000000082e80000, 0x00000000d5580000)
  object space 47616K, 28% used [0x0000000080000000,0x0000000080d4b388,0x0000000082e80000)
 Metaspace       used 36389K, capacity 37908K, committed 38104K, reserved 1081344K
  class space    used 4986K, capacity 5325K, committed 5376K, reserved 1048576K
}

Deoptimization events (10 events):
Event: 61.863 Thread 0x0000000019db1000 Uncommon trap: reason=unstable_if action=reinterpret pc=0x0000000002a8979c method=java.util.concurrent.SynchronousQueue$TransferStack.shouldSpin(Ljava/util/concurrent/SynchronousQueue$TransferStack$SNode;)Z @ 7
Event: 62.472 Thread 0x00000000198e1000 Uncommon trap: reason=unstable_if action=reinterpret pc=0x0000000002b7dbec method=java.util.jar.JarFile.match([C[B[I[I)Z @ 29
Event: 67.021 Thread 0x00000000198e1000 Uncommon trap: reason=bimorphic action=maybe_recompile pc=0x000000000305c0c4 method=java.util.AbstractCollection.addAll(Ljava/util/Collection;)Z @ 29
Event: 67.857 Thread 0x00000000198e1000 Uncommon trap: reason=unstable_if action=reinterpret pc=0x0000000002bb3910 method=java.util.regex.Pattern.has(I)Z @ 6
Event: 67.940 Thread 0x00000000198e1000 Uncommon trap: reason=bimorphic action=maybe_recompile pc=0x000000000305c0c4 method=java.util.AbstractCollection.addAll(Ljava/util/Collection;)Z @ 29
Event: 68.404 Thread 0x00000000198e1000 Uncommon trap: reason=predicate action=maybe_recompile pc=0x0000000002da41e0 method=com.google.common.base.CharMatcher.indexIn(Ljava/lang/CharSequence;I)I @ 22
Event: 68.455 Thread 0x00000000198e1000 Uncommon trap: reason=bimorphic action=maybe_recompile pc=0x00000000030c27c0 method=java.lang.ClassLoader.getPackage(Ljava/lang/String;)Ljava/lang/Package; @ 47
Event: 68.455 Thread 0x00000000198e1000 Uncommon trap: reason=bimorphic action=maybe_recompile pc=0x00000000030c27c0 method=java.lang.ClassLoader.getPackage(Ljava/lang/String;)Ljava/lang/Package; @ 47
Event: 68.455 Thread 0x00000000198e1000 Uncommon trap: reason=bimorphic action=maybe_recompile pc=0x00000000030c27c0 method=java.lang.ClassLoader.getPackage(Ljava/lang/String;)Ljava/lang/Package; @ 47
Event: 68.455 Thread 0x00000000198e1000 Uncommon trap: reason=bimorphic action=maybe_recompile pc=0x00000000030c27c0 method=java.lang.ClassLoader.getPackage(Ljava/lang/String;)Ljava/lang/Package; @ 47

Classes redefined (0 events):
No events

Internal exceptions (10 events):
Event: 67.952 Thread 0x000000001a140800 Exception <a 'java/lang/NoSuchMethodError': <clinit>> (0x00000000d666a168) thrown at [C:\src\AOSP-openjdk-git\hotspot\src\share\vm\prims\jni.cpp, line 1615]
Event: 67.955 Thread 0x000000001a140800 Exception <a 'java/lang/NoSuchMethodError': <clinit>> (0x00000000d66746a0) thrown at [C:\src\AOSP-openjdk-git\hotspot\src\share\vm\prims\jni.cpp, line 1615]
Event: 67.957 Thread 0x000000001a140800 Exception <a 'java/lang/NoSuchMethodError': <clinit>> (0x00000000d667f720) thrown at [C:\src\AOSP-openjdk-git\hotspot\src\share\vm\prims\jni.cpp, line 1615]
Event: 68.000 Thread 0x000000001a140800 Exception <a 'java/lang/NoSuchMethodError': <clinit>> (0x00000000d66931e8) thrown at [C:\src\AOSP-openjdk-git\hotspot\src\share\vm\prims\jni.cpp, line 1615]
Event: 68.384 Thread 0x00000000198e1000 Exception <a 'java/lang/ClassNotFoundException': build_90xb0n9zytcwi732iqru0lwjiBeanInfo> (0x00000000d6701440) thrown at [C:\src\AOSP-openjdk-git\hotspot\src\share\vm\classfile\systemDictionary.cpp, line 210]
Event: 68.385 Thread 0x00000000198e1000 Exception <a 'java/lang/ClassNotFoundException': build_90xb0n9zytcwi732iqru0lwjiCustomizer> (0x00000000d670d080) thrown at [C:\src\AOSP-openjdk-git\hotspot\src\share\vm\classfile\systemDictionary.cpp, line 210]
Event: 68.402 Thread 0x00000000198e1000 Exception <a 'java/lang/ClassNotFoundException': org/gradle/plugin/use/internal/PluginRequestCollector$PluginDependenciesSpecImplBeanInfo> (0x00000000d67acd10) thrown at [C:\src\AOSP-openjdk-git\hotspot\src\share\vm\classfile\systemDictionary.cpp, line 21
Event: 68.402 Thread 0x00000000198e1000 Exception <a 'java/lang/ClassNotFoundException': org/gradle/plugin/use/internal/PluginRequestCollector$PluginDependenciesSpecImplCustomizer> (0x00000000d67ecce0) thrown at [C:\src\AOSP-openjdk-git\hotspot\src\share\vm\classfile\systemDictionary.cpp, line 
Event: 68.731 Thread 0x00000000198e1000 Exception <a 'java/lang/ClassNotFoundException': org/gradle/api/internal/plugins/DefaultObjectConfigurationActionBeanInfo> (0x00000000d6abe248) thrown at [C:\src\AOSP-openjdk-git\hotspot\src\share\vm\classfile\systemDictionary.cpp, line 210]
Event: 68.732 Thread 0x00000000198e1000 Exception <a 'java/lang/ClassNotFoundException': org/gradle/api/internal/plugins/DefaultObjectConfigurationActionCustomizer> (0x00000000d6b029c8) thrown at [C:\src\AOSP-openjdk-git\hotspot\src\share\vm\classfile\systemDictionary.cpp, line 210]

Events (10 events):
Event: 69.326 loading class com/android/build/gradle/AppPluginKt
Event: 69.326 loading class com/android/build/gradle/AppPluginKt done
Event: 69.327 loading class com/android/build/gradle/internal/plugins/AppPlugin
Event: 69.327 loading class com/android/build/gradle/internal/plugins/AppPlugin done
Event: 69.328 loading class com/android/build/gradle/internal/plugins/AbstractAppPlugin
Event: 69.328 loading class com/android/build/gradle/internal/plugins/AbstractAppPlugin done
Event: 69.328 loading class com/android/build/gradle/internal/plugins/BasePlugin
Event: 69.328 loading class com/android/build/gradle/internal/plugins/BasePlugin done
Event: 69.330 loading class com/android/tools/lint/model/LintModelModuleLoaderProvider
Event: 69.330 loading class com/android/tools/lint/model/LintModelModuleLoaderProvider done


Dynamic libraries:
0x00007ff6022e0000 - 0x00007ff602311000 	C:\Program Files\Android\Android Studio\jre\bin\java.exe
0x00007ffd741f0000 - 0x00007ffd743e5000 	C:\WINDOWS\SYSTEM32\ntdll.dll
0x00007ffd73a70000 - 0x00007ffd73b2e000 	C:\WINDOWS\System32\KERNEL32.DLL
0x00007ffd719a0000 - 0x00007ffd71c69000 	C:\WINDOWS\System32\KERNELBASE.dll
0x00007ffd72bc0000 - 0x00007ffd72c6c000 	C:\WINDOWS\System32\ADVAPI32.dll
0x00007ffd73e40000 - 0x00007ffd73ede000 	C:\WINDOWS\System32\msvcrt.dll
0x00007ffd726c0000 - 0x00007ffd7275b000 	C:\WINDOWS\System32\sechost.dll
0x00007ffd73830000 - 0x00007ffd7395a000 	C:\WINDOWS\System32\RPCRT4.dll
0x00007ffd729a0000 - 0x00007ffd72b41000 	C:\WINDOWS\System32\USER32.dll
0x00007ffd71f70000 - 0x00007ffd71f92000 	C:\WINDOWS\System32\win32u.dll
0x00007ffd73ff0000 - 0x00007ffd7401b000 	C:\WINDOWS\System32\GDI32.dll
0x00007ffd72130000 - 0x00007ffd7223b000 	C:\WINDOWS\System32\gdi32full.dll
0x00007ffd71ed0000 - 0x00007ffd71f6d000 	C:\WINDOWS\System32\msvcp_win.dll
0x00007ffd71dd0000 - 0x00007ffd71ed0000 	C:\WINDOWS\System32\ucrtbase.dll
0x00007ffd66630000 - 0x00007ffd668ca000 	C:\WINDOWS\WinSxS\amd64_microsoft.windows.common-controls_6595b64144ccf1df_6.0.19041.1110_none_60b5254171f9507e\COMCTL32.dll
0x00007ffd73a40000 - 0x00007ffd73a70000 	C:\WINDOWS\System32\IMM32.DLL
0x0000000065b20000 - 0x0000000065bf2000 	C:\Program Files\Android\Android Studio\jre\jre\bin\msvcr100.dll
0x0000000065d90000 - 0x00000000665db000 	C:\Program Files\Android\Android Studio\jre\jre\bin\server\jvm.dll
0x00007ffd73fe0000 - 0x00007ffd73fe8000 	C:\WINDOWS\System32\PSAPI.DLL
0x00007ffd6a020000 - 0x00007ffd6a02a000 	C:\WINDOWS\SYSTEM32\VERSION.dll
0x00007ffd57ed0000 - 0x00007ffd57ef7000 	C:\WINDOWS\SYSTEM32\WINMM.dll
0x00007ffd59ab0000 - 0x00007ffd59ab9000 	C:\WINDOWS\SYSTEM32\WSOCK32.dll
0x00007ffd73dd0000 - 0x00007ffd73e3b000 	C:\WINDOWS\System32\WS2_32.dll
0x00007ffd6bc10000 - 0x00007ffd6bc1f000 	C:\Program Files\Android\Android Studio\jre\jre\bin\verify.dll
0x00007ffd5bab0000 - 0x00007ffd5bad9000 	C:\Program Files\Android\Android Studio\jre\jre\bin\java.dll
0x00007ffd5bb50000 - 0x00007ffd5bb66000 	C:\Program Files\Android\Android Studio\jre\jre\bin\zip.dll
0x00007ffd730f0000 - 0x00007ffd7382f000 	C:\WINDOWS\System32\SHELL32.dll
0x00007ffd6f610000 - 0x00007ffd6fda0000 	C:\WINDOWS\SYSTEM32\windows.storage.dll
0x00007ffd72360000 - 0x00007ffd726b5000 	C:\WINDOWS\System32\combase.dll
0x00007ffd71360000 - 0x00007ffd7138c000 	C:\WINDOWS\SYSTEM32\Wldp.dll
0x00007ffd73d20000 - 0x00007ffd73dcd000 	C:\WINDOWS\System32\SHCORE.dll
0x00007ffd72b50000 - 0x00007ffd72ba5000 	C:\WINDOWS\System32\shlwapi.dll
0x00007ffd71850000 - 0x00007ffd7186f000 	C:\WINDOWS\SYSTEM32\profapi.dll
0x00007ffd5b090000 - 0x00007ffd5b0aa000 	C:\Program Files\Android\Android Studio\jre\jre\bin\net.dll
0x00007ffd710c0000 - 0x00007ffd7112a000 	C:\WINDOWS\system32\mswsock.dll
0x00007ffd5b000000 - 0x00007ffd5b013000 	C:\Program Files\Android\Android Studio\jre\jre\bin\nio.dll
0x00007ffd5af20000 - 0x00007ffd5af47000 	C:\Users\e30\.gradle\native\f6784746aeab05261644944871eae4fe03e0ef1612fff0a4a95f87b438bc6780\windows-amd64\native-platform.dll
0x00007ffd673c0000 - 0x00007ffd673cd000 	C:\Program Files\Android\Android Studio\jre\jre\bin\management.dll
0x00007ffd712b0000 - 0x00007ffd712c8000 	C:\WINDOWS\SYSTEM32\CRYPTSP.dll
0x00007ffd70970000 - 0x00007ffd709a4000 	C:\WINDOWS\system32\rsaenh.dll
0x00007ffd71fa0000 - 0x00007ffd71fc7000 	C:\WINDOWS\System32\bcrypt.dll
0x00007ffd71810000 - 0x00007ffd7183e000 	C:\WINDOWS\SYSTEM32\USERENV.dll
0x00007ffd71910000 - 0x00007ffd71993000 	C:\WINDOWS\System32\bcryptprimitives.dll
0x00007ffd712d0000 - 0x00007ffd712dc000 	C:\WINDOWS\SYSTEM32\CRYPTBASE.dll
0x00007ffd70d60000 - 0x00007ffd70d9b000 	C:\WINDOWS\SYSTEM32\IPHLPAPI.DLL
0x00007ffd73b30000 - 0x00007ffd73b38000 	C:\WINDOWS\System32\NSI.dll
0x00007ffd67f90000 - 0x00007ffd67fa7000 	C:\WINDOWS\SYSTEM32\dhcpcsvc6.DLL
0x00007ffd682d0000 - 0x00007ffd682ed000 	C:\WINDOWS\SYSTEM32\dhcpcsvc.DLL
0x00007ffd70da0000 - 0x00007ffd70e6c000 	C:\WINDOWS\SYSTEM32\DNSAPI.dll
0x00007ffd68470000 - 0x00007ffd6847b000 	C:\WINDOWS\SYSTEM32\WINNSI.DLL

VM Arguments:
jvm_args: -Xmx2048m -Dfile.encoding=UTF-8 -Duser.country=BR -Duser.language=pt -Duser.variant 
java_command: org.gradle.launcher.daemon.bootstrap.GradleDaemon 6.5
java_class_path (initial): C:\Users\e30\.gradle\wrapper\dists\gradle-6.5-all\2oz4ud9k3tuxjg84bbf55q0tn\gradle-6.5\lib\gradle-launcher-6.5.jar
Launcher Type: SUN_STANDARD

Environment Variables:
JAVA_HOME=C:\Program Files\Java\jdk1.8.0_281
PATH=C:\Program Files (x86)\Common Files\Oracle\Java\javapath;"C:\Program Files (x86)\Common Files\Oracle\Java\javapath;C:\Program Files\Java\jdk1.8.0_281\bin";C:\Program Files (x86)\Intel\Intel(R) Management Engine Components\iCLS\;C:\Program Files\Intel\Intel(R) Management Engine Components\iCLS\;C:\WINDOWS\system32;C:\WINDOWS;C:\WINDOWS\System32\Wbem;C:\WINDOWS\System32\WindowsPowerShell\v1.0\;C:\WINDOWS\System32\OpenSSH\;C:\Program Files (x86)\Intel\Intel(R) Management Engine Components\DAL;C:\Program Files\Intel\Intel(R) Management Engine Components\DAL;C:\Users\e30\AppData\Local\Programs\Python\Python38-32\Scripts;C:\Program Files\Git\cmd;C:\Users\e30\AppData\Local\Programs\Python\Python38-32\Scripts\;C:\Users\e30\AppData\Local\Programs\Python\Python38-32\;C:\Users\e30\AppData\Local\Microsoft\WindowsApps;C:\Users\e30\AppData\Local\Programs\Microsoft VS Code\bin;"C:\Users\e30\AppData\Local\Programs\;C:\Program Files\Java\jdk1.8.0_281\bin";
USERNAME=e30
OS=Windows_NT
PROCESSOR_IDENTIFIER=Intel64 Family 6 Model 142 Stepping 9, GenuineIntel



---------------  S Y S T E M  ---------------

OS: Windows 10.0 , 64 bit Build 19041 (10.0.19041.1202)

CPU:total 4 (initial active 4) (2 cores per cpu, 2 threads per core) family 6 model 142 stepping 9, cmov, cx8, fxsr, mmx, sse, sse2, sse3, ssse3, sse4.1, sse4.2, popcnt, avx, avx2, aes, clmul, erms, 3dnowpref, lzcnt, ht, tsc, tscinvbit, bmi1, bmi2, adx

Memory: 4k page, physical 4107072k(280088k free), swap 8203072k(5212k free)

vm_info: OpenJDK 64-Bit Server VM (25.242-b01) for windows-amd64 JRE (1.8.0_242-release-1644-b01), built by "builder" with MS VC++ 10.0 (VS2010)

time: Sun Nov 07 16:12:22 2021
timezone: Hora oficial do Brasil
elapsed time: 69 seconds (0d 0h 1m 9s)

