#
# There is insufficient memory for the Java Runtime Environment to continue.
# Native memory allocation (malloc) failed to allocate 1560288 bytes for Chunk::new
# Possible reasons:
#   The system is out of physical RAM or swap space
#   The process is running with CompressedOops enabled, and the Java Heap may be blocking the growth of the native heap
# Possible solutions:
#   Reduce memory load on the system
#   Increase physical memory or swap space
#   Check if swap backing store is full
#   Decrease Java heap size (-Xmx/-Xms)
#   Decrease number of Java threads
#   Decrease Java thread stack sizes (-Xss)
#   Set larger code cache with -XX:ReservedCodeCacheSize=
#   JVM is running with Unscaled Compressed Oops mode in which the Java heap is
#     placed in the first 4GB address space. The Java Heap base address is the
#     maximum limit for the native heap growth. Please use -XX:HeapBaseMinAddress
#     to set the Java Heap base and to place the Java Heap above 4GB virtual address.
# This output file may be truncated or incomplete.
#
#  Out of Memory Error (allocation.cpp:389), pid=2908, tid=0x0000000000000484
#
# JRE version: OpenJDK Runtime Environment (8.0_242-b01) (build 1.8.0_242-release-1644-b01)
# Java VM: OpenJDK 64-Bit Server VM (25.242-b01 mixed mode windows-amd64 compressed oops)
# Failed to write core dump. Minidumps are not enabled by default on client versions of Windows
#

---------------  T H R E A D  ---------------

Current thread (0x0000000017dd8000):  JavaThread "C2 CompilerThread0" daemon [_thread_in_native, id=1156, stack(0x0000000019450000,0x0000000019550000)]

Stack: [0x0000000019450000,0x0000000019550000]
[error occurred during error reporting (printing stack bounds), id 0xc0000005]

Native frames: (J=compiled Java code, j=interpreted, Vv=VM code, C=native code)


Current CompileTask:
C2:   4140 1509       4       java.net.URLClassLoader$1::run (5 bytes)


---------------  P R O C E S S  ---------------

Java Threads: ( => current thread )
  0x000000001b9fa000 JavaThread "Cache worker for file hash cache (C:\Users\e30\.gradle\caches\6.5\fileHashes)" [_thread_blocked, id=2080, stack(0x000000001de90000,0x000000001df90000)]
  0x000000001b9f8800 JavaThread "File lock request listener" [_thread_in_native, id=12300, stack(0x000000001dd90000,0x000000001de90000)]
  0x000000001b993800 JavaThread "Cache worker for journal cache (C:\Users\e30\.gradle\caches\journal-1)" [_thread_blocked, id=10164, stack(0x000000001db90000,0x000000001dc90000)]
  0x000000001b850000 JavaThread "Thread-9" [_thread_blocked, id=1444, stack(0x000000001d890000,0x000000001d990000)]
  0x000000001b851000 JavaThread "Stdin handler" [_thread_blocked, id=11420, stack(0x000000001d790000,0x000000001d890000)]
  0x000000001b873800 JavaThread "Asynchronous log dispatcher for DefaultDaemonConnection: socket connection from /127.0.0.1:62496 to /127.0.0.1:62497" [_thread_blocked, id=752, stack(0x000000001d690000,0x000000001d790000)]
  0x000000001b82c000 JavaThread "Daemon worker" [_thread_in_vm, id=1928, stack(0x000000001d590000,0x000000001d690000)]
  0x000000001b82b000 JavaThread "Cancel handler" [_thread_blocked, id=4548, stack(0x000000001d490000,0x000000001d590000)]
  0x000000001b811800 JavaThread "Handler for socket connection from /127.0.0.1:62496 to /127.0.0.1:62497" [_thread_in_native, id=4728, stack(0x000000001d390000,0x000000001d490000)]
  0x000000001b80a800 JavaThread "Daemon" [_thread_blocked, id=11852, stack(0x000000001d290000,0x000000001d390000)]
  0x000000001b7eb800 JavaThread "Daemon periodic checks" [_thread_blocked, id=10208, stack(0x000000001cf90000,0x000000001d090000)]
  0x000000001b787000 JavaThread "Incoming local TCP Connector on port 62496" [_thread_in_native, id=11072, stack(0x000000001cd30000,0x000000001ce30000)]
  0x000000001b6c1000 JavaThread "Daemon health stats" [_thread_blocked, id=4216, stack(0x000000001c6f0000,0x000000001c7f0000)]
  0x0000000019780800 JavaThread "Service Thread" daemon [_thread_blocked, id=4540, stack(0x0000000019b50000,0x0000000019c50000)]
  0x0000000017dec800 JavaThread "C1 CompilerThread2" daemon [_thread_in_vm, id=5876, stack(0x0000000019650000,0x0000000019750000)]
  0x0000000017ddc000 JavaThread "C2 CompilerThread1" daemon [_thread_in_native, id=5696, stack(0x0000000019550000,0x0000000019650000)]
=>0x0000000017dd8000 JavaThread "C2 CompilerThread0" daemon [_thread_in_native, id=1156, stack(0x0000000019450000,0x0000000019550000)]
  0x0000000017dd7000 JavaThread "Attach Listener" daemon [_thread_blocked, id=12132, stack(0x0000000019350000,0x0000000019450000)]
  0x0000000017dd6000 JavaThread "Signal Dispatcher" daemon [_thread_blocked, id=5460, stack(0x0000000019250000,0x0000000019350000)]
  0x000000000313e800 JavaThread "Finalizer" daemon [_thread_blocked, id=6696, stack(0x0000000019030000,0x0000000019130000)]
  0x0000000017db9000 JavaThread "Reference Handler" daemon [_thread_blocked, id=1828, stack(0x0000000018f30000,0x0000000019030000)]
  0x0000000003042800 JavaThread "main" [_thread_blocked, id=12544, stack(0x0000000001760000,0x0000000001860000)]

Other Threads:
  0x0000000017d96800 VMThread [stack: 0x0000000018e30000,0x0000000018f30000] [id=6720]
  0x0000000017e2b800 WatcherThread [stack: 0x0000000019c50000,0x0000000019d50000] [id=2016]

VM state:not at safepoint (normal execution)

VM Mutex/Monitor currently owned by a thread: None

heap address: 0x0000000080000000, size: 2048 MB, Compressed Oops mode: 32-bit
Narrow klass base: 0x0000000000000000, Narrow klass shift: 3
Compressed class space size: 1073741824 Address: 0x0000000100000000

Heap:
 PSYoungGen      total 70656K, used 36383K [0x00000000d5580000, 0x00000000da380000, 0x0000000100000000)
  eden space 64512K, 46% used [0x00000000d5580000,0x00000000d7308268,0x00000000d9480000)
  from space 6144K, 99% used [0x00000000d9b80000,0x00000000da17fc88,0x00000000da180000)
  to   space 7168K, 0% used [0x00000000d9480000,0x00000000d9480000,0x00000000d9b80000)
 ParOldGen       total 44032K, used 5154K [0x0000000080000000, 0x0000000082b00000, 0x00000000d5580000)
  object space 44032K, 11% used [0x0000000080000000,0x0000000080508be0,0x0000000082b00000)
 Metaspace       used 17361K, capacity 18000K, committed 18176K, reserved 1064960K
  class space    used 2360K, capacity 2504K, committed 2560K, reserved 1048576K

Card table byte_map: [0x0000000012570000,0x0000000012980000] byte_map_base: 0x0000000012170000

Marking Bits: (ParMarkBitMap*) 0x000000006be0f030
 Begin Bits: [0x0000000013030000, 0x0000000015030000)
 End Bits:   [0x0000000015030000, 0x0000000017030000)

Polling page: 0x0000000001270000

CodeCache: size=245760Kb used=5675Kb max_used=5675Kb free=240084Kb
 bounds [0x00000000031b0000, 0x0000000003740000, 0x00000000121b0000]
 total_blobs=1997 nmethods=1597 adapters=313
 compilation: enabled

Compilation events (10 events):
Event: 4.109 Thread 0x0000000017dec800 1594       1       java.util.Collections$EmptyList::isEmpty (2 bytes)
Event: 4.110 Thread 0x0000000017dec800 nmethod 1594 0x00000000037382d0 code [0x0000000003738420, 0x0000000003738530]
Event: 4.110 Thread 0x0000000017dec800 1595       3       org.gradle.internal.service.DefaultServiceRegistry::find (142 bytes)
Event: 4.111 Thread 0x0000000017dec800 nmethod 1595 0x0000000003738590 code [0x00000000037388e0, 0x000000000373a458]
Event: 4.113 Thread 0x0000000017dec800 1596       3       java.lang.Throwable::<init> (39 bytes)
Event: 4.113 Thread 0x0000000017dec800 nmethod 1596 0x000000000373b150 code [0x000000000373b2c0, 0x000000000373b5c8]
Event: 4.114 Thread 0x0000000017dec800 1597       3       org.gradle.internal.service.DefaultServiceRegistry$SingletonService::getService (18 bytes)
Event: 4.115 Thread 0x0000000017dec800 nmethod 1597 0x000000000373b690 code [0x000000000373b820, 0x000000000373ba98]
Event: 4.115 Thread 0x0000000017dec800 1598       3       org.gradle.internal.service.DefaultServiceRegistry::access$1200 (6 bytes)
Event: 4.115 Thread 0x0000000017dec800 nmethod 1598 0x000000000373bb90 code [0x000000000373bd00, 0x000000000373be68]

GC Heap History (10 events):
Event: 1.092 GC heap before
{Heap before GC invocations=2 (full 0):
 PSYoungGen      total 18944K, used 18674K [0x00000000d5580000, 0x00000000d6a80000, 0x0000000100000000)
  eden space 16384K, 100% used [0x00000000d5580000,0x00000000d6580000,0x00000000d6580000)
  from space 2560K, 89% used [0x00000000d6580000,0x00000000d67bc888,0x00000000d6800000)
  to   space 2560K, 0% used [0x00000000d6800000,0x00000000d6800000,0x00000000d6a80000)
 ParOldGen       total 44032K, used 8K [0x0000000080000000, 0x0000000082b00000, 0x00000000d5580000)
  object space 44032K, 0% used [0x0000000080000000,0x0000000080002000,0x0000000082b00000)
 Metaspace       used 7552K, capacity 7850K, committed 8064K, reserved 1056768K
  class space    used 931K, capacity 1041K, committed 1152K, reserved 1048576K
Event: 1.102 GC heap after
Heap after GC invocations=2 (full 0):
 PSYoungGen      total 18944K, used 2533K [0x00000000d5580000, 0x00000000d7a80000, 0x0000000100000000)
  eden space 16384K, 0% used [0x00000000d5580000,0x00000000d5580000,0x00000000d6580000)
  from space 2560K, 98% used [0x00000000d6800000,0x00000000d6a79698,0x00000000d6a80000)
  to   space 2560K, 0% used [0x00000000d6580000,0x00000000d6580000,0x00000000d6800000)
 ParOldGen       total 44032K, used 1032K [0x0000000080000000, 0x0000000082b00000, 0x00000000d5580000)
  object space 44032K, 2% used [0x0000000080000000,0x0000000080102228,0x0000000082b00000)
 Metaspace       used 7552K, capacity 7850K, committed 8064K, reserved 1056768K
  class space    used 931K, capacity 1041K, committed 1152K, reserved 1048576K
}
Event: 1.329 GC heap before
{Heap before GC invocations=3 (full 0):
 PSYoungGen      total 18944K, used 18917K [0x00000000d5580000, 0x00000000d7a80000, 0x0000000100000000)
  eden space 16384K, 100% used [0x00000000d5580000,0x00000000d6580000,0x00000000d6580000)
  from space 2560K, 98% used [0x00000000d6800000,0x00000000d6a79698,0x00000000d6a80000)
  to   space 2560K, 0% used [0x00000000d6580000,0x00000000d6580000,0x00000000d6800000)
 ParOldGen       total 44032K, used 1032K [0x0000000080000000, 0x0000000082b00000, 0x00000000d5580000)
  object space 44032K, 2% used [0x0000000080000000,0x0000000080102228,0x0000000082b00000)
 Metaspace       used 7589K, capacity 7914K, committed 8064K, reserved 1056768K
  class space    used 931K, capacity 1041K, committed 1152K, reserved 1048576K
Event: 1.332 GC heap after
Heap after GC invocations=3 (full 0):
 PSYoungGen      total 18944K, used 2288K [0x00000000d5580000, 0x00000000d7a80000, 0x0000000100000000)
  eden space 16384K, 0% used [0x00000000d5580000,0x00000000d5580000,0x00000000d6580000)
  from space 2560K, 89% used [0x00000000d6580000,0x00000000d67bc010,0x00000000d6800000)
  to   space 2560K, 0% used [0x00000000d7800000,0x00000000d7800000,0x00000000d7a80000)
 ParOldGen       total 44032K, used 1040K [0x0000000080000000, 0x0000000082b00000, 0x00000000d5580000)
  object space 44032K, 2% used [0x0000000080000000,0x0000000080104228,0x0000000082b00000)
 Metaspace       used 7589K, capacity 7914K, committed 8064K, reserved 1056768K
  class space    used 931K, capacity 1041K, committed 1152K, reserved 1048576K
}
Event: 1.563 GC heap before
{Heap before GC invocations=4 (full 0):
 PSYoungGen      total 18944K, used 18672K [0x00000000d5580000, 0x00000000d7a80000, 0x0000000100000000)
  eden space 16384K, 100% used [0x00000000d5580000,0x00000000d6580000,0x00000000d6580000)
  from space 2560K, 89% used [0x00000000d6580000,0x00000000d67bc010,0x00000000d6800000)
  to   space 2560K, 0% used [0x00000000d7800000,0x00000000d7800000,0x00000000d7a80000)
 ParOldGen       total 44032K, used 1040K [0x0000000080000000, 0x0000000082b00000, 0x00000000d5580000)
  object space 44032K, 2% used [0x0000000080000000,0x0000000080104228,0x0000000082b00000)
 Metaspace       used 7793K, capacity 8162K, committed 8320K, reserved 1056768K
  class space    used 957K, capacity 1081K, committed 1152K, reserved 1048576K
Event: 1.569 GC heap after
Heap after GC invocations=4 (full 0):
 PSYoungGen      total 35328K, used 2544K [0x00000000d5580000, 0x00000000d7a80000, 0x0000000100000000)
  eden space 32768K, 0% used [0x00000000d5580000,0x00000000d5580000,0x00000000d7580000)
  from space 2560K, 99% used [0x00000000d7800000,0x00000000d7a7c010,0x00000000d7a80000)
  to   space 2560K, 0% used [0x00000000d7580000,0x00000000d7580000,0x00000000d7800000)
 ParOldGen       total 44032K, used 1673K [0x0000000080000000, 0x0000000082b00000, 0x00000000d5580000)
  object space 44032K, 3% used [0x0000000080000000,0x00000000801a2458,0x0000000082b00000)
 Metaspace       used 7793K, capacity 8162K, committed 8320K, reserved 1056768K
  class space    used 957K, capacity 1081K, committed 1152K, reserved 1048576K
}
Event: 3.047 GC heap before
{Heap before GC invocations=5 (full 0):
 PSYoungGen      total 35328K, used 35312K [0x00000000d5580000, 0x00000000d7a80000, 0x0000000100000000)
  eden space 32768K, 100% used [0x00000000d5580000,0x00000000d7580000,0x00000000d7580000)
  from space 2560K, 99% used [0x00000000d7800000,0x00000000d7a7c010,0x00000000d7a80000)
  to   space 2560K, 0% used [0x00000000d7580000,0x00000000d7580000,0x00000000d7800000)
 ParOldGen       total 44032K, used 1673K [0x0000000080000000, 0x0000000082b00000, 0x00000000d5580000)
  object space 44032K, 3% used [0x0000000080000000,0x00000000801a2458,0x0000000082b00000)
 Metaspace       used 12075K, capacity 12520K, committed 12800K, reserved 1060864K
  class space    used 1601K, capacity 1730K, committed 1792K, reserved 1048576K
Event: 3.059 GC heap after
Heap after GC invocations=5 (full 0):
 PSYoungGen      total 35328K, used 2544K [0x00000000d5580000, 0x00000000da180000, 0x0000000100000000)
  eden space 32768K, 0% used [0x00000000d5580000,0x00000000d5580000,0x00000000d7580000)
  from space 2560K, 99% used [0x00000000d7580000,0x00000000d77fc010,0x00000000d7800000)
  to   space 6144K, 0% used [0x00000000d9b80000,0x00000000d9b80000,0x00000000da180000)
 ParOldGen       total 44032K, used 5055K [0x0000000080000000, 0x0000000082b00000, 0x00000000d5580000)
  object space 44032K, 11% used [0x0000000080000000,0x00000000804efeb0,0x0000000082b00000)
 Metaspace       used 12075K, capacity 12520K, committed 12800K, reserved 1060864K
  class space    used 1601K, capacity 1730K, committed 1792K, reserved 1048576K
}
Event: 3.536 GC heap before
{Heap before GC invocations=6 (full 0):
 PSYoungGen      total 35328K, used 35206K [0x00000000d5580000, 0x00000000da180000, 0x0000000100000000)
  eden space 32768K, 99% used [0x00000000d5580000,0x00000000d7565b08,0x00000000d7580000)
  from space 2560K, 99% used [0x00000000d7580000,0x00000000d77fc010,0x00000000d7800000)
  to   space 6144K, 0% used [0x00000000d9b80000,0x00000000d9b80000,0x00000000da180000)
 ParOldGen       total 44032K, used 5055K [0x0000000080000000, 0x0000000082b00000, 0x00000000d5580000)
  object space 44032K, 11% used [0x0000000080000000,0x00000000804efeb0,0x0000000082b00000)
 Metaspace       used 14678K, capacity 15202K, committed 15488K, reserved 1062912K
  class space    used 1997K, capacity 2125K, committed 2176K, reserved 1048576K
Event: 3.546 GC heap after
Heap after GC invocations=6 (full 0):
 PSYoungGen      total 70656K, used 6143K [0x00000000d5580000, 0x00000000da380000, 0x0000000100000000)
  eden space 64512K, 0% used [0x00000000d5580000,0x00000000d5580000,0x00000000d9480000)
  from space 6144K, 99% used [0x00000000d9b80000,0x00000000da17fc88,0x00000000da180000)
  to   space 7168K, 0% used [0x00000000d9480000,0x00000000d9480000,0x00000000d9b80000)
 ParOldGen       total 44032K, used 5154K [0x0000000080000000, 0x0000000082b00000, 0x00000000d5580000)
  object space 44032K, 11% used [0x0000000080000000,0x0000000080508be0,0x0000000082b00000)
 Metaspace       used 14678K, capacity 15202K, committed 15488K, reserved 1062912K
  class space    used 1997K, capacity 2125K, committed 2176K, reserved 1048576K
}

Deoptimization events (10 events):
Event: 3.440 Thread 0x000000001b82c000 Uncommon trap: reason=class_check action=maybe_recompile pc=0x00000000034d80d8 method=java.util.regex.Matcher.match(II)Z @ 86
Event: 3.441 Thread 0x000000001b82c000 Uncommon trap: reason=class_check action=maybe_recompile pc=0x000000000336148c method=java.util.regex.Matcher.match(II)Z @ 86
Event: 3.597 Thread 0x000000001b82c000 Uncommon trap: reason=unstable_if action=reinterpret pc=0x00000000034e211c method=java.io.File.getName()Ljava/lang/String; @ 16
Event: 3.597 Thread 0x000000001b82c000 Uncommon trap: reason=unstable_if action=reinterpret pc=0x00000000034d6c94 method=java.lang.String.substring(I)Ljava/lang/String; @ 35
Event: 4.087 Thread 0x000000001b82c000 Uncommon trap: reason=unstable_if action=reinterpret pc=0x00000000034e0e30 method=java.util.LinkedHashMap.afterNodeInsertion(Z)V @ 1
Event: 4.088 Thread 0x000000001b82c000 Uncommon trap: reason=unstable_if action=reinterpret pc=0x0000000003421144 method=java.util.HashMap.getNode(ILjava/lang/Object;)Ljava/util/HashMap$Node; @ 129
Event: 4.088 Thread 0x000000001b82c000 Uncommon trap: reason=bimorphic action=maybe_recompile pc=0x000000000368238c method=java.util.HashMap.putVal(ILjava/lang/Object;Ljava/lang/Object;ZZ)Ljava/lang/Object; @ 203
Event: 4.092 Thread 0x000000001b82c000 Uncommon trap: reason=unstable_if action=reinterpret pc=0x0000000003418150 method=java.util.HashMap.getNode(ILjava/lang/Object;)Ljava/util/HashMap$Node; @ 129
Event: 4.092 Thread 0x000000001b82c000 Uncommon trap: reason=bimorphic action=maybe_recompile pc=0x000000000368238c method=java.util.HashMap.putVal(ILjava/lang/Object;Ljava/lang/Object;ZZ)Ljava/lang/Object; @ 203
Event: 4.092 Thread 0x000000001b82c000 Uncommon trap: reason=bimorphic action=maybe_recompile pc=0x0000000003687eac method=java.util.HashMap.putVal(ILjava/lang/Object;Ljava/lang/Object;ZZ)Ljava/lang/Object; @ 203

Classes redefined (0 events):
No events

Internal exceptions (10 events):
Event: 3.001 Thread 0x000000001b811800 Exception <a 'java/lang/NoSuchMethodError': <clinit>> (0x00000000d7445de8) thrown at [C:\src\AOSP-openjdk-git\hotspot\src\share\vm\prims\jni.cpp, line 1615]
Event: 3.002 Thread 0x000000001b811800 Exception <a 'java/lang/NoSuchMethodError': <clinit>> (0x00000000d744f4f0) thrown at [C:\src\AOSP-openjdk-git\hotspot\src\share\vm\prims\jni.cpp, line 1615]
Event: 3.004 Thread 0x000000001b811800 Exception <a 'java/lang/NoSuchMethodError': <clinit>> (0x00000000d7463aa8) thrown at [C:\src\AOSP-openjdk-git\hotspot\src\share\vm\prims\jni.cpp, line 1615]
Event: 3.018 Thread 0x000000001b811800 Exception <a 'java/lang/NoSuchMethodError': <clinit>> (0x00000000d74d09a8) thrown at [C:\src\AOSP-openjdk-git\hotspot\src\share\vm\prims\jni.cpp, line 1615]
Event: 3.025 Thread 0x000000001b811800 Exception <a 'java/lang/NoSuchMethodError': <clinit>> (0x00000000d750ae50) thrown at [C:\src\AOSP-openjdk-git\hotspot\src\share\vm\prims\jni.cpp, line 1615]
Event: 3.039 Thread 0x000000001b811800 Exception <a 'java/lang/NoSuchMethodError': <clinit>> (0x00000000d7540a28) thrown at [C:\src\AOSP-openjdk-git\hotspot\src\share\vm\prims\jni.cpp, line 1615]
Event: 3.041 Thread 0x000000001b811800 Exception <a 'java/lang/NoSuchMethodError': <clinit>> (0x00000000d754cf58) thrown at [C:\src\AOSP-openjdk-git\hotspot\src\share\vm\prims\jni.cpp, line 1615]
Event: 3.667 Thread 0x000000001b82c000 Exception <a 'java/lang/NoSuchMethodError': java.lang.Object.lambda$and$0(Ljava/util/function/Predicate;Ljava/lang/Object;)Z> (0x00000000d5984538) thrown at [C:\src\AOSP-openjdk-git\hotspot\src\share\vm\interpreter\linkResolver.cpp, line 620]
Event: 3.682 Thread 0x000000001b82c000 Exception <a 'java/lang/IncompatibleClassChangeError': Found class java.lang.Object, but interface was expected> (0x00000000d5994830) thrown at [C:\src\AOSP-openjdk-git\hotspot\src\share\vm\interpreter\linkResolver.cpp, line 653]
Event: 3.684 Thread 0x000000001b82c000 Exception <a 'java/lang/NoSuchMethodError': java.lang.Object.lambda$or$2(Ljava/util/function/Predicate;Ljava/lang/Object;)Z> (0x00000000d5999380) thrown at [C:\src\AOSP-openjdk-git\hotspot\src\share\vm\interpreter\linkResolver.cpp, line 620]

Events (10 events):
Event: 4.121 loading class org/gradle/api/internal/file/archive/ZipInput
Event: 4.121 loading class org/gradle/api/internal/file/archive/ZipInput done
Event: 4.122 Executing VM operation: EnableBiasedLocking
Event: 4.122 Executing VM operation: EnableBiasedLocking done
Event: 4.122 loading class org/gradle/api/internal/file/IdentityFileResolver
Event: 4.122 loading class org/gradle/api/internal/file/IdentityFileResolver done
Event: 4.123 loading class org/gradle/api/internal/file/AbstractFileResolver
Event: 4.123 loading class org/gradle/api/internal/file/AbstractFileResolver done
Event: 4.123 loading class org/gradle/api/internal/file/FileOrUriNotationConverter
Event: 4.123 loading class org/gradle/api/internal/file/FileOrUriNotationConverter done


Dynamic libraries:
0x00007ff62b750000 - 0x00007ff62b781000 	C:\Program Files\Android\Android Studio\jre\bin\java.exe
0x00007ffa5ed90000 - 0x00007ffa5ef85000 	C:\WINDOWS\SYSTEM32\ntdll.dll
0x00007ffa5e050000 - 0x00007ffa5e10d000 	C:\WINDOWS\System32\KERNEL32.DLL
0x00007ffa5c630000 - 0x00007ffa5c8fd000 	C:\WINDOWS\System32\KERNELBASE.dll
0x00007ffa5e240000 - 0x00007ffa5e2ee000 	C:\WINDOWS\System32\ADVAPI32.dll
0x00007ffa5da30000 - 0x00007ffa5dace000 	C:\WINDOWS\System32\msvcrt.dll
0x00007ffa5e1a0000 - 0x00007ffa5e23c000 	C:\WINDOWS\System32\sechost.dll
0x00007ffa5d7e0000 - 0x00007ffa5d905000 	C:\WINDOWS\System32\RPCRT4.dll
0x00007ffa5ce50000 - 0x00007ffa5cff0000 	C:\WINDOWS\System32\USER32.dll
0x00007ffa5ca40000 - 0x00007ffa5ca62000 	C:\WINDOWS\System32\win32u.dll
0x00007ffa5d580000 - 0x00007ffa5d5aa000 	C:\WINDOWS\System32\GDI32.dll
0x00007ffa5c900000 - 0x00007ffa5ca0b000 	C:\WINDOWS\System32\gdi32full.dll
0x00007ffa5ca70000 - 0x00007ffa5cb0d000 	C:\WINDOWS\System32\msvcp_win.dll
0x00007ffa5cb80000 - 0x00007ffa5cc80000 	C:\WINDOWS\System32\ucrtbase.dll
0x00007ffa4d9c0000 - 0x00007ffa4dc5a000 	C:\WINDOWS\WinSxS\amd64_microsoft.windows.common-controls_6595b64144ccf1df_6.0.19041.1110_none_60b5254171f9507e\COMCTL32.dll
0x00007ffa5e020000 - 0x00007ffa5e050000 	C:\WINDOWS\System32\IMM32.DLL
0x000000006b040000 - 0x000000006b112000 	C:\Program Files\Android\Android Studio\jre\jre\bin\msvcr100.dll
0x000000006b640000 - 0x000000006be8b000 	C:\Program Files\Android\Android Studio\jre\jre\bin\server\jvm.dll
0x00007ffa5e5f0000 - 0x00007ffa5e5f8000 	C:\WINDOWS\System32\PSAPI.DLL
0x00007ffa59990000 - 0x00007ffa59999000 	C:\WINDOWS\SYSTEM32\WSOCK32.dll
0x00007ffa429b0000 - 0x00007ffa429d7000 	C:\WINDOWS\SYSTEM32\WINMM.dll
0x00007ffa5d770000 - 0x00007ffa5d7db000 	C:\WINDOWS\System32\WS2_32.dll
0x00007ffa52900000 - 0x00007ffa5290a000 	C:\WINDOWS\SYSTEM32\VERSION.dll
0x00007ffa51bf0000 - 0x00007ffa51bff000 	C:\Program Files\Android\Android Studio\jre\jre\bin\verify.dll
0x00007ffa4ce70000 - 0x00007ffa4ce99000 	C:\Program Files\Android\Android Studio\jre\jre\bin\java.dll
0x00007ffa4cab0000 - 0x00007ffa4cac6000 	C:\Program Files\Android\Android Studio\jre\jre\bin\zip.dll
0x00007ffa5e600000 - 0x00007ffa5ed44000 	C:\WINDOWS\System32\SHELL32.dll
0x00007ffa5a1a0000 - 0x00007ffa5a934000 	C:\WINDOWS\SYSTEM32\windows.storage.dll
0x00007ffa5d220000 - 0x00007ffa5d574000 	C:\WINDOWS\System32\combase.dll
0x00007ffa5be30000 - 0x00007ffa5be5c000 	C:\WINDOWS\SYSTEM32\Wldp.dll
0x00007ffa5d5b0000 - 0x00007ffa5d65d000 	C:\WINDOWS\System32\SHCORE.dll
0x00007ffa5e2f0000 - 0x00007ffa5e345000 	C:\WINDOWS\System32\shlwapi.dll
0x00007ffa5c3e0000 - 0x00007ffa5c3ff000 	C:\WINDOWS\SYSTEM32\profapi.dll
0x00007ffa4c940000 - 0x00007ffa4c95a000 	C:\Program Files\Android\Android Studio\jre\jre\bin\net.dll
0x00007ffa5bb90000 - 0x00007ffa5bbfa000 	C:\WINDOWS\system32\mswsock.dll
0x00007ffa4c7d0000 - 0x00007ffa4c7e3000 	C:\Program Files\Android\Android Studio\jre\jre\bin\nio.dll
0x00007ffa4ec40000 - 0x00007ffa4ec67000 	C:\Users\e30\.gradle\native\f6784746aeab05261644944871eae4fe03e0ef1612fff0a4a95f87b438bc6780\windows-amd64\native-platform.dll
0x00007ffa50200000 - 0x00007ffa5020d000 	C:\Program Files\Android\Android Studio\jre\jre\bin\management.dll
0x00007ffa5bd80000 - 0x00007ffa5bd98000 	C:\WINDOWS\SYSTEM32\CRYPTSP.dll
0x00007ffa5b510000 - 0x00007ffa5b544000 	C:\WINDOWS\system32\rsaenh.dll
0x00007ffa5ca10000 - 0x00007ffa5ca37000 	C:\WINDOWS\System32\bcrypt.dll
0x00007ffa5c360000 - 0x00007ffa5c38e000 	C:\WINDOWS\SYSTEM32\USERENV.dll
0x00007ffa5c5a0000 - 0x00007ffa5c622000 	C:\WINDOWS\System32\bcryptprimitives.dll
0x00007ffa5bda0000 - 0x00007ffa5bdac000 	C:\WINDOWS\SYSTEM32\CRYPTBASE.dll
0x00007ffa5b880000 - 0x00007ffa5b8bb000 	C:\WINDOWS\SYSTEM32\IPHLPAPI.DLL
0x00007ffa5cde0000 - 0x00007ffa5cde8000 	C:\WINDOWS\System32\NSI.dll
0x00007ffa53a60000 - 0x00007ffa53a77000 	C:\WINDOWS\SYSTEM32\dhcpcsvc6.DLL
0x00007ffa53ad0000 - 0x00007ffa53aed000 	C:\WINDOWS\SYSTEM32\dhcpcsvc.DLL
0x00007ffa5b8c0000 - 0x00007ffa5b98b000 	C:\WINDOWS\SYSTEM32\DNSAPI.dll
0x00007ffa54c00000 - 0x00007ffa54c0b000 	C:\WINDOWS\SYSTEM32\WINNSI.DLL

VM Arguments:
jvm_args: -Xmx2048m -Dfile.encoding=UTF-8 -Duser.country=BR -Duser.language=pt -Duser.variant 
java_command: org.gradle.launcher.daemon.bootstrap.GradleDaemon 6.5
java_class_path (initial): C:\Users\e30\.gradle\wrapper\dists\gradle-6.5-all\2oz4ud9k3tuxjg84bbf55q0tn\gradle-6.5\lib\gradle-launcher-6.5.jar
Launcher Type: SUN_STANDARD

Environment Variables:
JAVA_HOME=C:\Program Files\Java\jdk1.8.0_281
PATH=C:\Program Files (x86)\Common Files\Oracle\Java\javapath;"C:\Program Files (x86)\Common Files\Oracle\Java\javapath;C:\Program Files\Java\jdk1.8.0_281\bin";C:\Program Files (x86)\Intel\Intel(R) Management Engine Components\iCLS\;C:\Program Files\Intel\Intel(R) Management Engine Components\iCLS\;C:\WINDOWS\system32;C:\WINDOWS;C:\WINDOWS\System32\Wbem;C:\WINDOWS\System32\WindowsPowerShell\v1.0\;C:\WINDOWS\System32\OpenSSH\;C:\Program Files (x86)\Intel\Intel(R) Management Engine Components\DAL;C:\Program Files\Intel\Intel(R) Management Engine Components\DAL;C:\Users\e30\AppData\Local\Programs\Python\Python38-32\Scripts;C:\Program Files\Git\cmd;C:\Users\e30\AppData\Local\Programs\Python\Python38-32\Scripts\;C:\Users\e30\AppData\Local\Programs\Python\Python38-32\;C:\Users\e30\AppData\Local\Microsoft\WindowsApps;C:\Users\e30\AppData\Local\Programs\Microsoft VS Code\bin;"C:\Users\e30\AppData\Local\Programs\;C:\Program Files\Java\jdk1.8.0_281\bin";C:\Users\e30\AppData\Local\GitHubDesktop\bin
USERNAME=e30
OS=Windows_NT
PROCESSOR_IDENTIFIER=Intel64 Family 6 Model 142 Stepping 9, GenuineIntel



---------------  S Y S T E M  ---------------

OS: Windows 10.0 , 64 bit Build 19041 (10.0.19041.1706)

CPU:total 4 (initial active 4) (2 cores per cpu, 2 threads per core) family 6 model 142 stepping 9, cmov, cx8, fxsr, mmx, sse, sse2, sse3, ssse3, sse4.1, sse4.2, popcnt, avx, avx2, aes, clmul, erms, 3dnowpref, lzcnt, ht, tsc, tscinvbit, bmi1, bmi2, adx

Memory: 4k page, physical 4107300k(314060k free), swap 8203300k(5964k free)

vm_info: OpenJDK 64-Bit Server VM (25.242-b01) for windows-amd64 JRE (1.8.0_242-release-1644-b01), built by "builder" with MS VC++ 10.0 (VS2010)

time: Tue May 24 22:49:23 2022
timezone: Hora oficial do Brasil
elapsed time: 4 seconds (0d 0h 0m 4s)

