#
# There is insufficient memory for the Java Runtime Environment to continue.
# Native memory allocation (malloc) failed to allocate 2209136 bytes for Chunk::new
# Possible reasons:
#   The system is out of physical RAM or swap space
#   The process is running with CompressedOops enabled, and the Java Heap may be blocking the growth of the native heap
# Possible solutions:
#   Reduce memory load on the system
#   Increase physical memory or swap space
#   Check if swap backing store is full
#   Decrease Java heap size (-Xmx/-Xms)
#   Decrease number of Java threads
#   Decrease Java thread stack sizes (-Xss)
#   Set larger code cache with -XX:ReservedCodeCacheSize=
#   JVM is running with Unscaled Compressed Oops mode in which the Java heap is
#     placed in the first 4GB address space. The Java Heap base address is the
#     maximum limit for the native heap growth. Please use -XX:HeapBaseMinAddress
#     to set the Java Heap base and to place the Java Heap above 4GB virtual address.
# This output file may be truncated or incomplete.
#
#  Out of Memory Error (allocation.cpp:389), pid=9260, tid=0x000000000000218c
#
# JRE version: OpenJDK Runtime Environment (8.0_242-b01) (build 1.8.0_242-release-1644-b01)
# Java VM: OpenJDK 64-Bit Server VM (25.242-b01 mixed mode windows-amd64 compressed oops)
# Failed to write core dump. Minidumps are not enabled by default on client versions of Windows
#

---------------  T H R E A D  ---------------

Current thread (0x000000001757a000):  JavaThread "C2 CompilerThread0" daemon [_thread_in_native, id=8588, stack(0x0000000018cb0000,0x0000000018db0000)]

Stack: [0x0000000018cb0000,0x0000000018db0000]
[error occurred during error reporting (printing stack bounds), id 0xc0000005]

Native frames: (J=compiled Java code, j=interpreted, Vv=VM code, C=native code)


Current CompileTask:
C2:   4609 1528       4       java.net.URLClassLoader$1::run (5 bytes)


---------------  P R O C E S S  ---------------

Java Threads: ( => current thread )
  0x000000001b0ca800 JavaThread "Cache worker for file hash cache (C:\Users\e30\.gradle\caches\6.5\fileHashes)" [_thread_blocked, id=11372, stack(0x000000001d5f0000,0x000000001d6f0000)]
  0x000000001b0ca000 JavaThread "File lock request listener" [_thread_in_native, id=11428, stack(0x000000001d4f0000,0x000000001d5f0000)]
  0x000000001b093000 JavaThread "Cache worker for journal cache (C:\Users\e30\.gradle\caches\journal-1)" [_thread_blocked, id=2344, stack(0x000000001d3f0000,0x000000001d4f0000)]
  0x000000001b006000 JavaThread "Thread-9" [_thread_blocked, id=9836, stack(0x000000001d0f0000,0x000000001d1f0000)]
  0x000000001b003000 JavaThread "Stdin handler" [_thread_blocked, id=4212, stack(0x000000001cff0000,0x000000001d0f0000)]
  0x000000001aff9000 JavaThread "Asynchronous log dispatcher for DefaultDaemonConnection: socket connection from /127.0.0.1:53641 to /127.0.0.1:53642" [_thread_blocked, id=9264, stack(0x000000001cef0000,0x000000001cff0000)]
  0x000000001aff6000 JavaThread "Daemon worker" [_thread_in_native, id=3204, stack(0x000000001cdf0000,0x000000001cef0000)]
  0x000000001b020000 JavaThread "Cancel handler" [_thread_blocked, id=4052, stack(0x000000001ccf0000,0x000000001cdf0000)]
  0x000000001afd9000 JavaThread "Handler for socket connection from /127.0.0.1:53641 to /127.0.0.1:53642" [_thread_in_native, id=6224, stack(0x000000001cbf0000,0x000000001ccf0000)]
  0x000000001afd6000 JavaThread "Daemon" [_thread_blocked, id=11472, stack(0x000000001caf0000,0x000000001cbf0000)]
  0x000000001afcf800 JavaThread "Daemon periodic checks" [_thread_blocked, id=12708, stack(0x000000001c7f0000,0x000000001c8f0000)]
  0x000000001af60800 JavaThread "Incoming local TCP Connector on port 53641" [_thread_in_native, id=7248, stack(0x000000001c590000,0x000000001c690000)]
  0x000000001ad7d800 JavaThread "Daemon health stats" [_thread_blocked, id=12444, stack(0x000000001bf50000,0x000000001c050000)]
  0x0000000018fe8800 JavaThread "Service Thread" daemon [_thread_blocked, id=6292, stack(0x00000000193b0000,0x00000000194b0000)]
  0x0000000017586800 JavaThread "C1 CompilerThread2" daemon [_thread_blocked, id=5352, stack(0x0000000018eb0000,0x0000000018fb0000)]
  0x000000001757e800 JavaThread "C2 CompilerThread1" daemon [_thread_blocked, id=7524, stack(0x0000000018db0000,0x0000000018eb0000)]
=>0x000000001757a000 JavaThread "C2 CompilerThread0" daemon [_thread_in_native, id=8588, stack(0x0000000018cb0000,0x0000000018db0000)]
  0x0000000017578800 JavaThread "Attach Listener" daemon [_thread_blocked, id=7824, stack(0x0000000018bb0000,0x0000000018cb0000)]
  0x0000000017577800 JavaThread "Signal Dispatcher" daemon [_thread_blocked, id=1784, stack(0x0000000018ab0000,0x0000000018bb0000)]
  0x000000000294d800 JavaThread "Finalizer" daemon [_thread_blocked, id=5560, stack(0x00000000187d0000,0x00000000188d0000)]
  0x0000000002942000 JavaThread "Reference Handler" daemon [_thread_blocked, id=9624, stack(0x00000000186d0000,0x00000000187d0000)]
  0x0000000002853000 JavaThread "main" [_thread_blocked, id=11936, stack(0x0000000002740000,0x0000000002840000)]

Other Threads:
  0x0000000017537000 VMThread [stack: 0x00000000185d0000,0x00000000186d0000] [id=13024]
  0x00000000175cb800 WatcherThread [stack: 0x00000000194b0000,0x00000000195b0000] [id=4504]

VM state:not at safepoint (normal execution)

VM Mutex/Monitor currently owned by a thread: None

heap address: 0x0000000080000000, size: 2048 MB, Compressed Oops mode: 32-bit
Narrow klass base: 0x0000000000000000, Narrow klass shift: 3
Compressed class space size: 1073741824 Address: 0x0000000100000000

Heap:
 PSYoungGen      total 70656K, used 12998K [0x00000000d5580000, 0x00000000da380000, 0x0000000100000000)
  eden space 64512K, 10% used [0x00000000d5580000,0x00000000d5c55b48,0x00000000d9480000)
  from space 6144K, 97% used [0x00000000d9b80000,0x00000000da15bda8,0x00000000da180000)
  to   space 7168K, 0% used [0x00000000d9480000,0x00000000d9480000,0x00000000d9b80000)
 ParOldGen       total 44032K, used 5090K [0x0000000080000000, 0x0000000082b00000, 0x00000000d5580000)
  object space 44032K, 11% used [0x0000000080000000,0x00000000804f8940,0x0000000082b00000)
 Metaspace       used 16130K, capacity 16802K, committed 16896K, reserved 1064960K
  class space    used 2121K, capacity 2285K, committed 2304K, reserved 1048576K

Card table byte_map: [0x0000000011d10000,0x0000000012120000] byte_map_base: 0x0000000011910000

Marking Bits: (ParMarkBitMap*) 0x0000000059cff030
 Begin Bits: [0x00000000127d0000, 0x00000000147d0000)
 End Bits:   [0x00000000147d0000, 0x00000000167d0000)

Polling page: 0x00000000026d0000

CodeCache: size=245760Kb used=5394Kb max_used=5405Kb free=240365Kb
 bounds [0x0000000002950000, 0x0000000002ea0000, 0x0000000011950000]
 total_blobs=1950 nmethods=1552 adapters=311
 compilation: enabled

Compilation events (10 events):
Event: 4.549 Thread 0x0000000017586800 1550       1       java.lang.Integer::intValue (5 bytes)
Event: 4.549 Thread 0x0000000017586800 nmethod 1550 0x0000000002e885d0 code [0x0000000002e88720, 0x0000000002e88830]
Event: 4.550 Thread 0x0000000017586800 1552       3       jdk.internal.org.objectweb.asm.MethodWriter::visitTypeInsn (110 bytes)
Event: 4.550 Thread 0x0000000017586800 nmethod 1552 0x0000000002e8ded0 code [0x0000000002e8e060, 0x0000000002e8e488]
Event: 4.575 Thread 0x0000000017586800 1553       3       jdk.internal.org.objectweb.asm.MethodWriter::visitFieldInsn (248 bytes)
Event: 4.576 Thread 0x0000000017586800 nmethod 1553 0x0000000002e8d090 code [0x0000000002e8d260, 0x0000000002e8db18]
Event: 4.576 Thread 0x0000000017586800 1554       3       jdk.internal.org.objectweb.asm.ClassWriter::newFieldItem (77 bytes)
Event: 4.577 Thread 0x0000000017586800 nmethod 1554 0x0000000002e8c490 code [0x0000000002e8c680, 0x0000000002e8cc98]
Event: 4.579 Thread 0x000000001757e800 1555       4       java.lang.ref.Reference::<init> (25 bytes)
Event: 4.580 Thread 0x000000001757e800 nmethod 1555 0x0000000002e8c250 code [0x0000000002e8c380, 0x0000000002e8c418]

GC Heap History (10 events):
Event: 1.269 GC heap before
{Heap before GC invocations=2 (full 0):
 PSYoungGen      total 18944K, used 18661K [0x00000000d5580000, 0x00000000d6a80000, 0x0000000100000000)
  eden space 16384K, 100% used [0x00000000d5580000,0x00000000d6580000,0x00000000d6580000)
  from space 2560K, 88% used [0x00000000d6580000,0x00000000d67b96a8,0x00000000d6800000)
  to   space 2560K, 0% used [0x00000000d6800000,0x00000000d6800000,0x00000000d6a80000)
 ParOldGen       total 44032K, used 8K [0x0000000080000000, 0x0000000082b00000, 0x00000000d5580000)
  object space 44032K, 0% used [0x0000000080000000,0x0000000080002000,0x0000000082b00000)
 Metaspace       used 7551K, capacity 7850K, committed 8064K, reserved 1056768K
  class space    used 931K, capacity 1041K, committed 1152K, reserved 1048576K
Event: 1.291 GC heap after
Heap after GC invocations=2 (full 0):
 PSYoungGen      total 18944K, used 2532K [0x00000000d5580000, 0x00000000d7a80000, 0x0000000100000000)
  eden space 16384K, 0% used [0x00000000d5580000,0x00000000d5580000,0x00000000d6580000)
  from space 2560K, 98% used [0x00000000d6800000,0x00000000d6a79170,0x00000000d6a80000)
  to   space 2560K, 0% used [0x00000000d6580000,0x00000000d6580000,0x00000000d6800000)
 ParOldGen       total 44032K, used 1071K [0x0000000080000000, 0x0000000082b00000, 0x00000000d5580000)
  object space 44032K, 2% used [0x0000000080000000,0x000000008010bef8,0x0000000082b00000)
 Metaspace       used 7551K, capacity 7850K, committed 8064K, reserved 1056768K
  class space    used 931K, capacity 1041K, committed 1152K, reserved 1048576K
}
Event: 1.545 GC heap before
{Heap before GC invocations=3 (full 0):
 PSYoungGen      total 18944K, used 18916K [0x00000000d5580000, 0x00000000d7a80000, 0x0000000100000000)
  eden space 16384K, 100% used [0x00000000d5580000,0x00000000d6580000,0x00000000d6580000)
  from space 2560K, 98% used [0x00000000d6800000,0x00000000d6a79170,0x00000000d6a80000)
  to   space 2560K, 0% used [0x00000000d6580000,0x00000000d6580000,0x00000000d6800000)
 ParOldGen       total 44032K, used 1071K [0x0000000080000000, 0x0000000082b00000, 0x00000000d5580000)
  object space 44032K, 2% used [0x0000000080000000,0x000000008010bef8,0x0000000082b00000)
 Metaspace       used 7588K, capacity 7914K, committed 8064K, reserved 1056768K
  class space    used 931K, capacity 1041K, committed 1152K, reserved 1048576K
Event: 1.549 GC heap after
Heap after GC invocations=3 (full 0):
 PSYoungGen      total 18944K, used 2256K [0x00000000d5580000, 0x00000000d7a80000, 0x0000000100000000)
  eden space 16384K, 0% used [0x00000000d5580000,0x00000000d5580000,0x00000000d6580000)
  from space 2560K, 88% used [0x00000000d6580000,0x00000000d67b4010,0x00000000d6800000)
  to   space 2560K, 0% used [0x00000000d7800000,0x00000000d7800000,0x00000000d7a80000)
 ParOldGen       total 44032K, used 1079K [0x0000000080000000, 0x0000000082b00000, 0x00000000d5580000)
  object space 44032K, 2% used [0x0000000080000000,0x000000008010def8,0x0000000082b00000)
 Metaspace       used 7588K, capacity 7914K, committed 8064K, reserved 1056768K
  class space    used 931K, capacity 1041K, committed 1152K, reserved 1048576K
}
Event: 1.841 GC heap before
{Heap before GC invocations=4 (full 0):
 PSYoungGen      total 18944K, used 18640K [0x00000000d5580000, 0x00000000d7a80000, 0x0000000100000000)
  eden space 16384K, 100% used [0x00000000d5580000,0x00000000d6580000,0x00000000d6580000)
  from space 2560K, 88% used [0x00000000d6580000,0x00000000d67b4010,0x00000000d6800000)
  to   space 2560K, 0% used [0x00000000d7800000,0x00000000d7800000,0x00000000d7a80000)
 ParOldGen       total 44032K, used 1079K [0x0000000080000000, 0x0000000082b00000, 0x00000000d5580000)
  object space 44032K, 2% used [0x0000000080000000,0x000000008010def8,0x0000000082b00000)
 Metaspace       used 7786K, capacity 8162K, committed 8320K, reserved 1056768K
  class space    used 957K, capacity 1081K, committed 1152K, reserved 1048576K
Event: 1.846 GC heap after
Heap after GC invocations=4 (full 0):
 PSYoungGen      total 35328K, used 2528K [0x00000000d5580000, 0x00000000d7a80000, 0x0000000100000000)
  eden space 32768K, 0% used [0x00000000d5580000,0x00000000d5580000,0x00000000d7580000)
  from space 2560K, 98% used [0x00000000d7800000,0x00000000d7a78020,0x00000000d7a80000)
  to   space 2560K, 0% used [0x00000000d7580000,0x00000000d7580000,0x00000000d7800000)
 ParOldGen       total 44032K, used 1736K [0x0000000080000000, 0x0000000082b00000, 0x00000000d5580000)
  object space 44032K, 3% used [0x0000000080000000,0x00000000801b2128,0x0000000082b00000)
 Metaspace       used 7786K, capacity 8162K, committed 8320K, reserved 1056768K
  class space    used 957K, capacity 1081K, committed 1152K, reserved 1048576K
}
Event: 3.632 GC heap before
{Heap before GC invocations=5 (full 0):
 PSYoungGen      total 35328K, used 35296K [0x00000000d5580000, 0x00000000d7a80000, 0x0000000100000000)
  eden space 32768K, 100% used [0x00000000d5580000,0x00000000d7580000,0x00000000d7580000)
  from space 2560K, 98% used [0x00000000d7800000,0x00000000d7a78020,0x00000000d7a80000)
  to   space 2560K, 0% used [0x00000000d7580000,0x00000000d7580000,0x00000000d7800000)
 ParOldGen       total 44032K, used 1736K [0x0000000080000000, 0x0000000082b00000, 0x00000000d5580000)
  object space 44032K, 3% used [0x0000000080000000,0x00000000801b2128,0x0000000082b00000)
 Metaspace       used 12076K, capacity 12504K, committed 12800K, reserved 1060864K
  class space    used 1602K, capacity 1738K, committed 1792K, reserved 1048576K
Event: 3.647 GC heap after
Heap after GC invocations=5 (full 0):
 PSYoungGen      total 35328K, used 2560K [0x00000000d5580000, 0x00000000da180000, 0x0000000100000000)
  eden space 32768K, 0% used [0x00000000d5580000,0x00000000d5580000,0x00000000d7580000)
  from space 2560K, 100% used [0x00000000d7580000,0x00000000d7800000,0x00000000d7800000)
  to   space 6144K, 0% used [0x00000000d9b80000,0x00000000d9b80000,0x00000000da180000)
 ParOldGen       total 44032K, used 5082K [0x0000000080000000, 0x0000000082b00000, 0x00000000d5580000)
  object space 44032K, 11% used [0x0000000080000000,0x00000000804f6940,0x0000000082b00000)
 Metaspace       used 12076K, capacity 12504K, committed 12800K, reserved 1060864K
  class space    used 1602K, capacity 1738K, committed 1792K, reserved 1048576K
}
Event: 4.206 GC heap before
{Heap before GC invocations=6 (full 0):
 PSYoungGen      total 35328K, used 35154K [0x00000000d5580000, 0x00000000da180000, 0x0000000100000000)
  eden space 32768K, 99% used [0x00000000d5580000,0x00000000d7554a10,0x00000000d7580000)
  from space 2560K, 100% used [0x00000000d7580000,0x00000000d7800000,0x00000000d7800000)
  to   space 6144K, 0% used [0x00000000d9b80000,0x00000000d9b80000,0x00000000da180000)
 ParOldGen       total 44032K, used 5082K [0x0000000080000000, 0x0000000082b00000, 0x00000000d5580000)
  object space 44032K, 11% used [0x0000000080000000,0x00000000804f6940,0x0000000082b00000)
 Metaspace       used 14727K, capacity 15306K, committed 15488K, reserved 1062912K
  class space    used 2006K, capacity 2169K, committed 2176K, reserved 1048576K
Event: 4.219 GC heap after
Heap after GC invocations=6 (full 0):
 PSYoungGen      total 70656K, used 5999K [0x00000000d5580000, 0x00000000da380000, 0x0000000100000000)
  eden space 64512K, 0% used [0x00000000d5580000,0x00000000d5580000,0x00000000d9480000)
  from space 6144K, 97% used [0x00000000d9b80000,0x00000000da15bda8,0x00000000da180000)
  to   space 7168K, 0% used [0x00000000d9480000,0x00000000d9480000,0x00000000d9b80000)
 ParOldGen       total 44032K, used 5090K [0x0000000080000000, 0x0000000082b00000, 0x00000000d5580000)
  object space 44032K, 11% used [0x0000000080000000,0x00000000804f8940,0x0000000082b00000)
 Metaspace       used 14727K, capacity 15306K, committed 15488K, reserved 1062912K
  class space    used 2006K, capacity 2169K, committed 2176K, reserved 1048576K
}

Deoptimization events (10 events):
Event: 3.613 Thread 0x000000001afd9000 Uncommon trap: reason=unstable_if action=reinterpret pc=0x0000000002c73d54 method=java.lang.String.substring(I)Ljava/lang/String; @ 35
Event: 3.685 Thread 0x000000001aff6000 Uncommon trap: reason=bimorphic action=maybe_recompile pc=0x0000000002c016d4 method=java.util.HashMap.putVal(ILjava/lang/Object;Ljava/lang/Object;ZZ)Ljava/lang/Object; @ 253
Event: 3.686 Thread 0x000000001aff6000 Uncommon trap: reason=bimorphic action=maybe_recompile pc=0x0000000002c016d4 method=java.util.HashMap.putVal(ILjava/lang/Object;Ljava/lang/Object;ZZ)Ljava/lang/Object; @ 253
Event: 3.686 Thread 0x000000001aff6000 Uncommon trap: reason=bimorphic action=maybe_recompile pc=0x0000000002c016d4 method=java.util.HashMap.putVal(ILjava/lang/Object;Ljava/lang/Object;ZZ)Ljava/lang/Object; @ 253
Event: 3.686 Thread 0x000000001aff6000 Uncommon trap: reason=bimorphic action=maybe_recompile pc=0x0000000002c016d4 method=java.util.HashMap.putVal(ILjava/lang/Object;Ljava/lang/Object;ZZ)Ljava/lang/Object; @ 253
Event: 4.098 Thread 0x000000001aff6000 Uncommon trap: reason=class_check action=maybe_recompile pc=0x0000000002c7c458 method=java.util.regex.Matcher.match(II)Z @ 86
Event: 4.120 Thread 0x000000001aff6000 Uncommon trap: reason=class_check action=maybe_recompile pc=0x0000000002c7c458 method=java.util.regex.Matcher.match(II)Z @ 86
Event: 4.121 Thread 0x000000001aff6000 Uncommon trap: reason=class_check action=maybe_recompile pc=0x0000000002c7c458 method=java.util.regex.Matcher.match(II)Z @ 86
Event: 4.121 Thread 0x000000001aff6000 Uncommon trap: reason=class_check action=maybe_recompile pc=0x0000000002b0fdcc method=java.util.regex.Matcher.match(II)Z @ 86
Event: 4.270 Thread 0x000000001aff6000 Uncommon trap: reason=unstable_if action=reinterpret pc=0x0000000002c74f5c method=java.io.File.getName()Ljava/lang/String; @ 16

Classes redefined (0 events):
No events

Internal exceptions (10 events):
Event: 3.605 Thread 0x000000001afd9000 Exception <a 'java/lang/NoSuchMethodError': <clinit>> (0x00000000d74ab0b8) thrown at [C:\src\AOSP-openjdk-git\hotspot\src\share\vm\prims\jni.cpp, line 1615]
Event: 3.606 Thread 0x000000001afd9000 Exception <a 'java/lang/NoSuchMethodError': <clinit>> (0x00000000d74b3c58) thrown at [C:\src\AOSP-openjdk-git\hotspot\src\share\vm\prims\jni.cpp, line 1615]
Event: 3.608 Thread 0x000000001afd9000 Exception <a 'java/lang/NoSuchMethodError': <clinit>> (0x00000000d74c9fb8) thrown at [C:\src\AOSP-openjdk-git\hotspot\src\share\vm\prims\jni.cpp, line 1615]
Event: 3.622 Thread 0x000000001afd9000 Exception <a 'java/lang/NoSuchMethodError': <clinit>> (0x00000000d7545960) thrown at [C:\src\AOSP-openjdk-git\hotspot\src\share\vm\prims\jni.cpp, line 1615]
Event: 3.629 Thread 0x000000001afd9000 Exception <a 'java/lang/NoSuchMethodError': <clinit>> (0x00000000d7574ff0) thrown at [C:\src\AOSP-openjdk-git\hotspot\src\share\vm\prims\jni.cpp, line 1615]
Event: 3.653 Thread 0x000000001afd9000 Exception <a 'java/lang/NoSuchMethodError': <clinit>> (0x00000000d55a3598) thrown at [C:\src\AOSP-openjdk-git\hotspot\src\share\vm\prims\jni.cpp, line 1615]
Event: 3.655 Thread 0x000000001afd9000 Exception <a 'java/lang/NoSuchMethodError': <clinit>> (0x00000000d55afa30) thrown at [C:\src\AOSP-openjdk-git\hotspot\src\share\vm\prims\jni.cpp, line 1615]
Event: 4.487 Thread 0x000000001aff6000 Exception <a 'java/lang/NoSuchMethodError': java.lang.Object.lambda$and$0(Ljava/util/function/Predicate;Ljava/lang/Object;)Z> (0x00000000d5a41ad8) thrown at [C:\src\AOSP-openjdk-git\hotspot\src\share\vm\interpreter\linkResolver.cpp, line 620]
Event: 4.550 Thread 0x000000001aff6000 Exception <a 'java/lang/IncompatibleClassChangeError': Found class java.lang.Object, but interface was expected> (0x00000000d5a51dd0) thrown at [C:\src\AOSP-openjdk-git\hotspot\src\share\vm\interpreter\linkResolver.cpp, line 653]
Event: 4.555 Thread 0x000000001aff6000 Exception <a 'java/lang/NoSuchMethodError': java.lang.Object.lambda$or$2(Ljava/util/function/Predicate;Ljava/lang/Object;)Z> (0x00000000d5a56920) thrown at [C:\src\AOSP-openjdk-git\hotspot\src\share\vm\interpreter\linkResolver.cpp, line 620]

Events (10 events):
Event: 4.600 loading class java/util/regex/Pattern$Dollar
Event: 4.600 loading class java/util/regex/Pattern$Dollar done
Event: 4.600 loading class org/gradle/cache/internal/UnusedVersionsCacheCleanup$1
Event: 4.600 loading class org/gradle/cache/internal/UnusedVersionsCacheCleanup$1 done
Event: 4.600 loading class org/gradle/cache/internal/LeastRecentlyUsedCacheCleanup
Event: 4.600 loading class org/gradle/cache/internal/LeastRecentlyUsedCacheCleanup done
Event: 4.601 loading class org/gradle/cache/internal/SingleDepthFilesFinder
Event: 4.601 loading class org/gradle/cache/internal/SingleDepthFilesFinder done
Event: 4.602 loading class org/gradle/internal/resource/local/SingleDepthFileAccessTracker
Event: 4.602 loading class org/gradle/internal/resource/local/SingleDepthFileAccessTracker done


Dynamic libraries:
0x00007ff68cc40000 - 0x00007ff68cc71000 	C:\Program Files\Android\Android Studio\jre\bin\java.exe
0x00007ffde3510000 - 0x00007ffde3705000 	C:\WINDOWS\SYSTEM32\ntdll.dll
0x00007ffde1b00000 - 0x00007ffde1bbe000 	C:\WINDOWS\System32\KERNEL32.DLL
0x00007ffde0f00000 - 0x00007ffde11c8000 	C:\WINDOWS\System32\KERNELBASE.dll
0x00007ffde2d60000 - 0x00007ffde2e0e000 	C:\WINDOWS\System32\ADVAPI32.dll
0x00007ffde1570000 - 0x00007ffde160e000 	C:\WINDOWS\System32\msvcrt.dll
0x00007ffde2f30000 - 0x00007ffde2fcc000 	C:\WINDOWS\System32\sechost.dll
0x00007ffde1970000 - 0x00007ffde1a95000 	C:\WINDOWS\System32\RPCRT4.dll
0x00007ffde2bc0000 - 0x00007ffde2d60000 	C:\WINDOWS\System32\USER32.dll
0x00007ffde0cb0000 - 0x00007ffde0cd2000 	C:\WINDOWS\System32\win32u.dll
0x00007ffde2500000 - 0x00007ffde252b000 	C:\WINDOWS\System32\GDI32.dll
0x00007ffde1330000 - 0x00007ffde143b000 	C:\WINDOWS\System32\gdi32full.dll
0x00007ffde14d0000 - 0x00007ffde156d000 	C:\WINDOWS\System32\msvcp_win.dll
0x00007ffde0ce0000 - 0x00007ffde0de0000 	C:\WINDOWS\System32\ucrtbase.dll
0x00007ffdd2420000 - 0x00007ffdd26ba000 	C:\WINDOWS\WinSxS\amd64_microsoft.windows.common-controls_6595b64144ccf1df_6.0.19041.1110_none_60b5254171f9507e\COMCTL32.dll
0x00007ffde32f0000 - 0x00007ffde3320000 	C:\WINDOWS\System32\IMM32.DLL
0x00007ffdc9bc0000 - 0x00007ffdc9cd5000 	C:\Program Files\Topaz OFD\Warsaw\wslbscr64.dll
0x00007ffde1da0000 - 0x00007ffde24e4000 	C:\WINDOWS\System32\SHELL32.dll
0x00007ffddf910000 - 0x00007ffddf943000 	C:\WINDOWS\SYSTEM32\ntmarta.dll
0x00007ffdac860000 - 0x00007ffdac953000 	C:\Program Files\Topaz OFD\Warsaw\wslbscrwh64.dll
0x00000000592c0000 - 0x0000000059392000 	C:\Program Files\Android\Android Studio\jre\jre\bin\msvcr100.dll
0x0000000059530000 - 0x0000000059d7b000 	C:\Program Files\Android\Android Studio\jre\jre\bin\server\jvm.dll
0x00007ffde24f0000 - 0x00007ffde24f8000 	C:\WINDOWS\System32\PSAPI.DLL
0x00007ffdc6360000 - 0x00007ffdc6369000 	C:\WINDOWS\SYSTEM32\WSOCK32.dll
0x00007ffde26d0000 - 0x00007ffde273b000 	C:\WINDOWS\System32\WS2_32.dll
0x00007ffdc6330000 - 0x00007ffdc6357000 	C:\WINDOWS\SYSTEM32\WINMM.dll
0x00007ffdd26c0000 - 0x00007ffdd26ca000 	C:\WINDOWS\SYSTEM32\VERSION.dll
0x00007ffddaab0000 - 0x00007ffddaabf000 	C:\Program Files\Android\Android Studio\jre\jre\bin\verify.dll
0x00007ffdda900000 - 0x00007ffdda929000 	C:\Program Files\Android\Android Studio\jre\jre\bin\java.dll
0x00007ffdd9710000 - 0x00007ffdd9726000 	C:\Program Files\Android\Android Studio\jre\jre\bin\zip.dll
0x00007ffdde940000 - 0x00007ffddf0d4000 	C:\WINDOWS\SYSTEM32\windows.storage.dll
0x00007ffde1610000 - 0x00007ffde1964000 	C:\WINDOWS\System32\combase.dll
0x00007ffde0690000 - 0x00007ffde06bc000 	C:\WINDOWS\SYSTEM32\Wldp.dll
0x00000000189f0000 - 0x0000000018a9d000 	C:\WINDOWS\System32\SHCORE.dll
0x00007ffde1aa0000 - 0x00007ffde1af5000 	C:\WINDOWS\System32\shlwapi.dll
0x00007ffde0b70000 - 0x00007ffde0b8f000 	C:\WINDOWS\SYSTEM32\profapi.dll
0x00007ffdd8d80000 - 0x00007ffdd8d9a000 	C:\Program Files\Android\Android Studio\jre\jre\bin\net.dll
0x00007ffde03f0000 - 0x00007ffde045a000 	C:\WINDOWS\system32\mswsock.dll
0x00007ffdd8b50000 - 0x00007ffdd8b63000 	C:\Program Files\Android\Android Studio\jre\jre\bin\nio.dll
0x00007ffdd6420000 - 0x00007ffdd6447000 	C:\Users\e30\.gradle\native\f6784746aeab05261644944871eae4fe03e0ef1612fff0a4a95f87b438bc6780\windows-amd64\native-platform.dll
0x00007ffddaa50000 - 0x00007ffddaa5d000 	C:\Program Files\Android\Android Studio\jre\jre\bin\management.dll
0x00007ffde05e0000 - 0x00007ffde05f8000 	C:\WINDOWS\SYSTEM32\CRYPTSP.dll
0x00007ffddfd00000 - 0x00007ffddfd34000 	C:\WINDOWS\system32\rsaenh.dll
0x00007ffde0c80000 - 0x00007ffde0ca7000 	C:\WINDOWS\System32\bcrypt.dll
0x00007ffde0b30000 - 0x00007ffde0b5e000 	C:\WINDOWS\SYSTEM32\USERENV.dll
0x00007ffde1440000 - 0x00007ffde14c2000 	C:\WINDOWS\System32\bcryptprimitives.dll
0x00007ffde0600000 - 0x00007ffde060c000 	C:\WINDOWS\SYSTEM32\CRYPTBASE.dll
0x00007ffde0090000 - 0x00007ffde00cb000 	C:\WINDOWS\SYSTEM32\IPHLPAPI.DLL
0x00007ffde26a0000 - 0x00007ffde26a8000 	C:\WINDOWS\System32\NSI.dll
0x00007ffdd30f0000 - 0x00007ffdd3107000 	C:\WINDOWS\SYSTEM32\dhcpcsvc6.DLL
0x00007ffdd3490000 - 0x00007ffdd34ad000 	C:\WINDOWS\SYSTEM32\dhcpcsvc.DLL
0x00007ffde00d0000 - 0x00007ffde019a000 	C:\WINDOWS\SYSTEM32\DNSAPI.dll
0x00007ffdd3520000 - 0x00007ffdd352b000 	C:\WINDOWS\SYSTEM32\WINNSI.DLL

VM Arguments:
jvm_args: -XX:MaxPermSize=512m -XX:+HeapDumpOnOutOfMemoryError -Xmx2048m -Dfile.encoding=UTF-8 -Duser.country=BR -Duser.language=pt -Duser.variant 
java_command: org.gradle.launcher.daemon.bootstrap.GradleDaemon 6.5
java_class_path (initial): C:\Users\e30\.gradle\wrapper\dists\gradle-6.5-all\2oz4ud9k3tuxjg84bbf55q0tn\gradle-6.5\lib\gradle-launcher-6.5.jar
Launcher Type: SUN_STANDARD

Environment Variables:
JAVA_HOME=C:\Program Files\Java\jdk1.8.0_281
PATH=C:\Program Files (x86)\Common Files\Oracle\Java\javapath;"C:\Program Files (x86)\Common Files\Oracle\Java\javapath;C:\Program Files\Java\jdk1.8.0_281\bin";C:\Program Files (x86)\Intel\Intel(R) Management Engine Components\iCLS\;C:\Program Files\Intel\Intel(R) Management Engine Components\iCLS\;C:\WINDOWS\system32;C:\WINDOWS;C:\WINDOWS\System32\Wbem;C:\WINDOWS\System32\WindowsPowerShell\v1.0\;C:\WINDOWS\System32\OpenSSH\;C:\Program Files (x86)\Intel\Intel(R) Management Engine Components\DAL;C:\Program Files\Intel\Intel(R) Management Engine Components\DAL;C:\Users\e30\AppData\Local\Programs\Python\Python38-32\Scripts;C:\Program Files\Git\cmd;C:\Users\e30\AppData\Local\Programs\Python\Python38-32\Scripts\;C:\Users\e30\AppData\Local\Programs\Python\Python38-32\;C:\Users\e30\AppData\Local\Microsoft\WindowsApps;C:\Users\e30\AppData\Local\Programs\Microsoft VS Code\bin;"C:\Users\e30\AppData\Local\Programs\;C:\Program Files\Java\jdk1.8.0_281\bin";
USERNAME=e30
OS=Windows_NT
PROCESSOR_IDENTIFIER=Intel64 Family 6 Model 142 Stepping 9, GenuineIntel



---------------  S Y S T E M  ---------------

OS: Windows 10.0 , 64 bit Build 19041 (10.0.19041.1566)

CPU:total 4 (initial active 4) (2 cores per cpu, 2 threads per core) family 6 model 142 stepping 9, cmov, cx8, fxsr, mmx, sse, sse2, sse3, ssse3, sse4.1, sse4.2, popcnt, avx, avx2, aes, clmul, erms, 3dnowpref, lzcnt, ht, tsc, tscinvbit, bmi1, bmi2, adx

Memory: 4k page, physical 4107072k(312164k free), swap 8203072k(5540k free)

vm_info: OpenJDK 64-Bit Server VM (25.242-b01) for windows-amd64 JRE (1.8.0_242-release-1644-b01), built by "builder" with MS VC++ 10.0 (VS2010)

time: Fri Mar 25 00:21:52 2022
timezone: Hora oficial do Brasil
elapsed time: 4 seconds (0d 0h 0m 4s)

