#
# There is insufficient memory for the Java Runtime Environment to continue.
# Native memory allocation (malloc) failed to allocate 672656 bytes for Chunk::new
# Possible reasons:
#   The system is out of physical RAM or swap space
#   The process is running with CompressedOops enabled, and the Java Heap may be blocking the growth of the native heap
# Possible solutions:
#   Reduce memory load on the system
#   Increase physical memory or swap space
#   Check if swap backing store is full
#   Decrease Java heap size (-Xmx/-Xms)
#   Decrease number of Java threads
#   Decrease Java thread stack sizes (-Xss)
#   Set larger code cache with -XX:ReservedCodeCacheSize=
#   JVM is running with Unscaled Compressed Oops mode in which the Java heap is
#     placed in the first 4GB address space. The Java Heap base address is the
#     maximum limit for the native heap growth. Please use -XX:HeapBaseMinAddress
#     to set the Java Heap base and to place the Java Heap above 4GB virtual address.
# This output file may be truncated or incomplete.
#
#  Out of Memory Error (allocation.cpp:389), pid=9456, tid=0x0000000000002028
#
# JRE version: OpenJDK Runtime Environment (8.0_242-b01) (build 1.8.0_242-release-1644-b01)
# Java VM: OpenJDK 64-Bit Server VM (25.242-b01 mixed mode windows-amd64 compressed oops)
# Failed to write core dump. Minidumps are not enabled by default on client versions of Windows
#

---------------  T H R E A D  ---------------

Current thread (0x00000000175ac800):  JavaThread "C2 CompilerThread1" daemon [_thread_in_native, id=8232, stack(0x0000000018d10000,0x0000000018e10000)]

Stack: [0x0000000018d10000,0x0000000018e10000]
[error occurred during error reporting (printing stack bounds), id 0xc0000005]

Native frames: (J=compiled Java code, j=interpreted, Vv=VM code, C=native code)


Current CompileTask:
C2: 813108 18222   !   4       java.nio.file.Files::walkFileTree (355 bytes)


---------------  P R O C E S S  ---------------

Java Threads: ( => current thread )
  0x000000002911a000 JavaThread "WorkerExecutor Queue Thread 4" [_thread_blocked, id=11484, stack(0x000000002b270000,0x000000002b370000)]
  0x0000000029119000 JavaThread "WorkerExecutor Queue Thread 3" [_thread_blocked, id=6916, stack(0x000000002b170000,0x000000002b270000)]
  0x0000000029116000 JavaThread "stdout" [_thread_in_native, id=6000, stack(0x000000002b070000,0x000000002b170000)]
  0x0000000029118800 JavaThread "stderr" [_thread_in_native, id=10260, stack(0x000000002af70000,0x000000002b070000)]
  0x0000000029117000 JavaThread "stdout" [_thread_in_native, id=7208, stack(0x0000000026e00000,0x0000000026f00000)]
  0x0000000029115800 JavaThread "stderr" [_thread_in_native, id=11600, stack(0x0000000026d00000,0x0000000026e00000)]
  0x000000002910e000 JavaThread "pool-5-thread-1" [_thread_blocked, id=11796, stack(0x0000000026980000,0x0000000026a80000)]
  0x0000000029114800 JavaThread "WorkerExecutor Queue Thread 2" [_thread_blocked, id=10416, stack(0x0000000026880000,0x0000000026980000)]
  0x0000000029113000 JavaThread "Cache worker for execution history cache (C:\Users\e30\AndroidStudioProjects\LibrasKids\.gradle\6.5\executionHistory)" [_thread_blocked, id=3328, stack(0x0000000026510000,0x0000000026610000)]
  0x0000000029111000 JavaThread "Execution worker for ':' Thread 3" [_thread_in_native, id=6016, stack(0x0000000026410000,0x0000000026510000)]
  0x0000000029110000 JavaThread "Execution worker for ':' Thread 2" [_thread_blocked, id=4060, stack(0x0000000026310000,0x0000000026410000)]
  0x000000002910f800 JavaThread "Execution worker for ':'" [_thread_blocked, id=5108, stack(0x0000000026210000,0x0000000026310000)]
  0x000000002910b800 JavaThread "Cache worker for file content cache (C:\Users\e30\AndroidStudioProjects\LibrasKids\.gradle\6.5\fileContent)" [_thread_blocked, id=6196, stack(0x0000000026680000,0x0000000026780000)]
  0x0000000029112800 JavaThread "Cache worker for Build Output Cleanup Cache (C:\Users\e30\AndroidStudioProjects\LibrasKids\.gradle\buildOutputCleanup)" [_thread_blocked, id=5276, stack(0x0000000026110000,0x0000000026210000)]
  0x0000000029111800 JavaThread "jar transforms Thread 188" [_thread_blocked, id=11372, stack(0x0000000026010000,0x0000000026110000)]
  0x000000002910e800 JavaThread "jar transforms Thread 187" [_thread_blocked, id=3924, stack(0x0000000025f10000,0x0000000026010000)]
  0x000000001dcbc800 JavaThread "jar transforms Thread 186" [_thread_blocked, id=4904, stack(0x0000000025e10000,0x0000000025f10000)]
  0x000000001dcba000 JavaThread "jar transforms Thread 185" [_thread_blocked, id=8568, stack(0x0000000025d10000,0x0000000025e10000)]
  0x000000001dcb9800 JavaThread "jar transforms Thread 184" [_thread_blocked, id=1544, stack(0x0000000025c10000,0x0000000025d10000)]
  0x000000001dcbb000 JavaThread "jar transforms Thread 183" [_thread_blocked, id=7108, stack(0x0000000025b10000,0x0000000025c10000)]
  0x000000001dcbb800 JavaThread "jar transforms Thread 182" [_thread_blocked, id=5864, stack(0x0000000025a10000,0x0000000025b10000)]
  0x000000001dcb2000 JavaThread "jar transforms Thread 181" [_thread_blocked, id=1396, stack(0x000000002f920000,0x000000002fa20000)]
  0x000000001dcb8800 JavaThread "jar transforms Thread 180" [_thread_blocked, id=12652, stack(0x000000002f820000,0x000000002f920000)]
  0x000000001dcb1000 JavaThread "jar transforms Thread 179" [_thread_blocked, id=12128, stack(0x000000002f720000,0x000000002f820000)]
  0x000000001dcb7000 JavaThread "jar transforms Thread 178" [_thread_blocked, id=6256, stack(0x000000002f620000,0x000000002f720000)]
  0x000000001dcb8000 JavaThread "jar transforms Thread 177" [_thread_blocked, id=5488, stack(0x000000002f520000,0x000000002f620000)]
  0x000000001dcb6800 JavaThread "jar transforms Thread 176" [_thread_blocked, id=11856, stack(0x000000002f420000,0x000000002f520000)]
  0x000000001dcb5800 JavaThread "jar transforms Thread 175" [_thread_blocked, id=6352, stack(0x000000002f320000,0x000000002f420000)]
  0x000000001dcb4000 JavaThread "jar transforms Thread 174" [_thread_blocked, id=11660, stack(0x000000002f220000,0x000000002f320000)]
  0x000000001dcb3800 JavaThread "jar transforms Thread 173" [_thread_blocked, id=2604, stack(0x000000002f120000,0x000000002f220000)]
  0x000000001dcb0800 JavaThread "jar transforms Thread 172" [_thread_blocked, id=9156, stack(0x000000002f020000,0x000000002f120000)]
  0x000000001dcaf000 JavaThread "jar transforms Thread 171" [_thread_blocked, id=10632, stack(0x000000002ef20000,0x000000002f020000)]
  0x000000001dcb5000 JavaThread "jar transforms Thread 170" [_thread_blocked, id=5548, stack(0x000000002ee20000,0x000000002ef20000)]
  0x000000001dcae000 JavaThread "jar transforms Thread 169" [_thread_blocked, id=9864, stack(0x000000002ed20000,0x000000002ee20000)]
  0x000000001dcaf800 JavaThread "jar transforms Thread 168" [_thread_blocked, id=1936, stack(0x000000002ec20000,0x000000002ed20000)]
  0x000000001dcb2800 JavaThread "jar transforms Thread 167" [_thread_blocked, id=8504, stack(0x000000002eb20000,0x000000002ec20000)]
  0x000000001dcad000 JavaThread "jar transforms Thread 166" [_thread_blocked, id=920, stack(0x000000002ea20000,0x000000002eb20000)]
  0x000000001e0a9000 JavaThread "jar transforms Thread 165" [_thread_blocked, id=6068, stack(0x000000002e920000,0x000000002ea20000)]
  0x000000001e0a6000 JavaThread "jar transforms Thread 164" [_thread_blocked, id=4836, stack(0x000000002e820000,0x000000002e920000)]
  0x000000001e0a5800 JavaThread "jar transforms Thread 163" [_thread_blocked, id=8588, stack(0x000000002e720000,0x000000002e820000)]
  0x000000001e0a1800 JavaThread "jar transforms Thread 162" [_thread_blocked, id=1648, stack(0x000000002e620000,0x000000002e720000)]
  0x000000001e0a3000 JavaThread "jar transforms Thread 161" [_thread_blocked, id=9328, stack(0x000000002e520000,0x000000002e620000)]
  0x000000001e0a2800 JavaThread "jar transforms Thread 160" [_thread_blocked, id=952, stack(0x000000002e420000,0x000000002e520000)]
  0x000000001e0a8800 JavaThread "jar transforms Thread 159" [_thread_blocked, id=1816, stack(0x000000002e320000,0x000000002e420000)]
  0x000000001e0a4000 JavaThread "jar transforms Thread 158" [_thread_blocked, id=12452, stack(0x000000002e220000,0x000000002e320000)]
  0x000000001e0a4800 JavaThread "jar transforms Thread 157" [_thread_blocked, id=1476, stack(0x000000002e120000,0x000000002e220000)]
  0x000000001e0a7800 JavaThread "jar transforms Thread 156" [_thread_blocked, id=11164, stack(0x000000002e020000,0x000000002e120000)]
  0x000000001e0a7000 JavaThread "jar transforms Thread 155" [_thread_blocked, id=7716, stack(0x000000002df20000,0x000000002e020000)]
  0x000000001e09a000 JavaThread "jar transforms Thread 154" [_thread_blocked, id=11688, stack(0x000000002de20000,0x000000002df20000)]
  0x000000001e09d000 JavaThread "jar transforms Thread 153" [_thread_blocked, id=4460, stack(0x000000002dd20000,0x000000002de20000)]
  0x000000001e0a1000 JavaThread "jar transforms Thread 152" [_thread_blocked, id=6892, stack(0x000000002dc20000,0x000000002dd20000)]
  0x000000001e09c800 JavaThread "jar transforms Thread 151" [_thread_blocked, id=12732, stack(0x000000002db20000,0x000000002dc20000)]
  0x000000001e09b800 JavaThread "jar transforms Thread 150" [_thread_blocked, id=12316, stack(0x000000002da20000,0x000000002db20000)]
  0x000000001e09e800 JavaThread "jar transforms Thread 149" [_thread_blocked, id=9432, stack(0x000000002d920000,0x000000002da20000)]
  0x000000001e09e000 JavaThread "jar transforms Thread 148" [_thread_blocked, id=11028, stack(0x000000002d820000,0x000000002d920000)]
  0x000000001e09f800 JavaThread "jar transforms Thread 147" [_thread_blocked, id=10792, stack(0x000000002d720000,0x000000002d820000)]
  0x000000001e0a0000 JavaThread "jar transforms Thread 146" [_thread_blocked, id=12612, stack(0x000000002d620000,0x000000002d720000)]
  0x000000001e09b000 JavaThread "jar transforms Thread 145" [_thread_blocked, id=4332, stack(0x000000002d520000,0x000000002d620000)]
  0x0000000019c10000 JavaThread "jar transforms Thread 144" [_thread_blocked, id=6844, stack(0x000000002d420000,0x000000002d520000)]
  0x0000000019c17000 JavaThread "jar transforms Thread 143" [_thread_blocked, id=7044, stack(0x000000002d320000,0x000000002d420000)]
  0x0000000019c13000 JavaThread "jar transforms Thread 142" [_thread_blocked, id=10836, stack(0x000000002d220000,0x000000002d320000)]
  0x0000000019c12800 JavaThread "jar transforms Thread 141" [_thread_blocked, id=11020, stack(0x000000002d120000,0x000000002d220000)]
  0x0000000019c15800 JavaThread "jar transforms Thread 140" [_thread_blocked, id=2460, stack(0x000000002d020000,0x000000002d120000)]
  0x0000000019a48000 JavaThread "jar transforms Thread 139" [_thread_blocked, id=10944, stack(0x000000002cf20000,0x000000002d020000)]
  0x0000000019a46000 JavaThread "jar transforms Thread 138" [_thread_blocked, id=9684, stack(0x000000002ce20000,0x000000002cf20000)]
  0x0000000019a47800 JavaThread "jar transforms Thread 137" [_thread_blocked, id=12864, stack(0x000000002cd20000,0x000000002ce20000)]
  0x0000000019a46800 JavaThread "jar transforms Thread 136" [_thread_blocked, id=3812, stack(0x000000002cc20000,0x000000002cd20000)]
  0x0000000019a49000 JavaThread "jar transforms Thread 135" [_thread_blocked, id=11588, stack(0x000000002cb20000,0x000000002cc20000)]
  0x0000000019a45000 JavaThread "jar transforms Thread 134" [_thread_blocked, id=2728, stack(0x000000002ca20000,0x000000002cb20000)]
  0x0000000019a44800 JavaThread "jar transforms Thread 133" [_thread_blocked, id=11680, stack(0x000000002c920000,0x000000002ca20000)]
  0x0000000019a43800 JavaThread "jar transforms Thread 132" [_thread_blocked, id=5036, stack(0x000000002c820000,0x000000002c920000)]
  0x0000000019a3c000 JavaThread "jar transforms Thread 131" [_thread_blocked, id=5844, stack(0x000000002c720000,0x000000002c820000)]
  0x0000000019a3d800 JavaThread "jar transforms Thread 130" [_thread_blocked, id=8724, stack(0x000000002c620000,0x000000002c720000)]
  0x0000000019a43000 JavaThread "jar transforms Thread 129" [_thread_blocked, id=10224, stack(0x000000002c520000,0x000000002c620000)]
  0x0000000019a3b800 JavaThread "jar transforms Thread 128" [_thread_blocked, id=13216, stack(0x000000002c420000,0x000000002c520000)]
  0x0000000019a3e800 JavaThread "jar transforms Thread 127" [_thread_blocked, id=12972, stack(0x000000002c320000,0x000000002c420000)]
  0x0000000019a42000 JavaThread "jar transforms Thread 126" [_thread_blocked, id=4716, stack(0x000000002c220000,0x000000002c320000)]
  0x0000000028703800 JavaThread "jar transforms Thread 125" [_thread_blocked, id=7344, stack(0x000000002c120000,0x000000002c220000)]
  0x0000000028702800 JavaThread "jar transforms Thread 124" [_thread_blocked, id=9340, stack(0x000000002c020000,0x000000002c120000)]
  0x0000000028701000 JavaThread "jar transforms Thread 123" [_thread_blocked, id=11672, stack(0x000000002bf20000,0x000000002c020000)]
  0x00000000286ff800 JavaThread "jar transforms Thread 122" [_thread_blocked, id=3672, stack(0x000000002be20000,0x000000002bf20000)]
  0x0000000028700800 JavaThread "jar transforms Thread 121" [_thread_blocked, id=7380, stack(0x000000002bd20000,0x000000002be20000)]
  0x00000000286ff000 JavaThread "jar transforms Thread 120" [_thread_blocked, id=3396, stack(0x000000002bc20000,0x000000002bd20000)]
  0x0000000028702000 JavaThread "jar transforms Thread 119" [_thread_blocked, id=2148, stack(0x000000002bb20000,0x000000002bc20000)]
  0x00000000286f7800 JavaThread "jar transforms Thread 118" [_thread_blocked, id=10912, stack(0x000000002ba20000,0x000000002bb20000)]
  0x00000000286fd800 JavaThread "jar transforms Thread 117" [_thread_blocked, id=9136, stack(0x000000002b920000,0x000000002ba20000)]
  0x00000000286fe000 JavaThread "jar transforms Thread 116" [_thread_blocked, id=3772, stack(0x000000002b820000,0x000000002b920000)]
  0x00000000286f6000 JavaThread "jar transforms Thread 115" [_thread_blocked, id=11788, stack(0x000000002aa70000,0x000000002ab70000)]
  0x00000000286fc000 JavaThread "jar transforms Thread 114" [_thread_blocked, id=10512, stack(0x000000002a970000,0x000000002aa70000)]
  0x00000000286fb000 JavaThread "jar transforms Thread 113" [_thread_blocked, id=7008, stack(0x000000002a870000,0x000000002a970000)]
  0x00000000286fc800 JavaThread "jar transforms Thread 112" [_thread_blocked, id=8892, stack(0x000000002a770000,0x000000002a870000)]
  0x00000000286f6800 JavaThread "jar transforms Thread 111" [_thread_blocked, id=2892, stack(0x000000002a670000,0x000000002a770000)]
  0x00000000286f5000 JavaThread "jar transforms Thread 110" [_thread_blocked, id=7632, stack(0x000000002a570000,0x000000002a670000)]
  0x00000000286fa800 JavaThread "jar transforms Thread 109" [_thread_blocked, id=11080, stack(0x000000002a470000,0x000000002a570000)]
  0x000000001b9e1000 JavaThread "jar transforms Thread 108" [_thread_blocked, id=12432, stack(0x000000002a370000,0x000000002a470000)]
  0x000000001b9e0000 JavaThread "jar transforms Thread 107" [_thread_blocked, id=12836, stack(0x000000002a270000,0x000000002a370000)]
  0x000000001b9e3000 JavaThread "jar transforms Thread 106" [_thread_blocked, id=10440, stack(0x000000002a170000,0x000000002a270000)]
  0x000000001b9e7000 JavaThread "jar transforms Thread 105" [_thread_blocked, id=13036, stack(0x0000000029e70000,0x0000000029f70000)]
  0x000000001b9e6000 JavaThread "jar transforms Thread 104" [_thread_blocked, id=6004, stack(0x0000000029d70000,0x0000000029e70000)]
  0x000000001b9e2800 JavaThread "jar transforms Thread 103" [_thread_blocked, id=6496, stack(0x0000000029c70000,0x0000000029d70000)]
  0x000000001b9e5800 JavaThread "jar transforms Thread 102" [_thread_blocked, id=10600, stack(0x0000000029880000,0x0000000029980000)]
  0x000000001b9e1800 JavaThread "jar transforms Thread 101" [_thread_blocked, id=9576, stack(0x0000000029580000,0x0000000029680000)]
  0x000000001b9e4000 JavaThread "jar transforms Thread 100" [_thread_blocked, id=9748, stack(0x0000000027560000,0x0000000027660000)]
  0x000000001b9e4800 JavaThread "jar transforms Thread 99" [_thread_blocked, id=10056, stack(0x0000000026c00000,0x0000000026d00000)]
  0x000000001b9d8800 JavaThread "jar transforms Thread 98" [_thread_blocked, id=12376, stack(0x0000000026b00000,0x0000000026c00000)]
  0x000000001b9dc800 JavaThread "jar transforms Thread 97" [_thread_blocked, id=8208, stack(0x0000000024920000,0x0000000024a20000)]
  0x000000001b9df800 JavaThread "jar transforms Thread 96" [_thread_blocked, id=11776, stack(0x0000000021f60000,0x0000000022060000)]
  0x000000001b9de000 JavaThread "jar transforms Thread 95" [_thread_blocked, id=13100, stack(0x0000000021560000,0x0000000021660000)]
  0x000000001b9dd000 JavaThread "Build operations Thread 4" [_thread_blocked, id=8300, stack(0x0000000021260000,0x0000000021360000)]
  0x000000001b9db800 JavaThread "Build operations Thread 3" [_thread_blocked, id=12752, stack(0x0000000021160000,0x0000000021260000)]
  0x000000001b9db000 JavaThread "Build operations Thread 2" [_thread_blocked, id=10636, stack(0x0000000021060000,0x0000000021160000)]
  0x000000001b9de800 JavaThread "Build operations" [_thread_blocked, id=12868, stack(0x0000000020f60000,0x0000000021060000)]
  0x000000001a55a800 JavaThread "Cache worker for cache directory md-rule (C:\Users\e30\.gradle\caches\6.5\md-rule)" [_thread_blocked, id=12072, stack(0x000000001ff60000,0x0000000020060000)]
  0x000000001a559800 JavaThread "Cache worker for cache directory md-supplier (C:\Users\e30\.gradle\caches\6.5\md-supplier)" [_thread_blocked, id=9460, stack(0x000000001fe60000,0x000000001ff60000)]
  0x000000001a556800 JavaThread "Cache worker for checksums cache (C:\Users\e30\AndroidStudioProjects\LibrasKids\.gradle\checksums)" [_thread_blocked, id=12244, stack(0x000000001eb20000,0x000000001ec20000)]
  0x000000001a559000 JavaThread "Cache worker for file hash cache (C:\Users\e30\AndroidStudioProjects\LibrasKids\.gradle\6.5\fileHashes)" [_thread_blocked, id=4848, stack(0x000000001e820000,0x000000001e920000)]
  0x000000001a558000 JavaThread "Thread-138" [_thread_blocked, id=10676, stack(0x000000001d050000,0x000000001d150000)]
  0x000000001a555000 JavaThread "Stdin handler" [_thread_blocked, id=9800, stack(0x000000001cf50000,0x000000001d050000)]
  0x000000001a553800 JavaThread "Asynchronous log dispatcher for DefaultDaemonConnection: socket connection from /127.0.0.1:56219 to /127.0.0.1:56331" [_thread_blocked, id=12260, stack(0x000000001ce50000,0x000000001cf50000)]
  0x000000001a556000 JavaThread "Daemon worker Thread 2" [_thread_blocked, id=10356, stack(0x000000001cd50000,0x000000001ce50000)]
  0x000000001a550800 JavaThread "Cancel handler" [_thread_blocked, id=12996, stack(0x000000001cc50000,0x000000001cd50000)]
  0x000000001a54b800 JavaThread "Handler for socket connection from /127.0.0.1:56219 to /127.0.0.1:56331" [_thread_in_native, id=9696, stack(0x000000001cb50000,0x000000001cc50000)]
  0x000000001a550000 JavaThread "Daemon Thread 2" [_thread_blocked, id=5796, stack(0x000000001ca50000,0x000000001cb50000)]
  0x000000001a552000 JavaThread "Cache worker for Java compile cache (C:\Users\e30\.gradle\caches\6.5\javaCompile)" [_thread_blocked, id=10108, stack(0x0000000020760000,0x0000000020860000)]
  0x000000001b9d8000 JavaThread "Memory manager" [_thread_blocked, id=10200, stack(0x0000000028060000,0x0000000028160000)]
  0x0000000019c16000 JavaThread "Cache worker for file content cache (C:\Users\e30\.gradle\caches\6.5\fileContent)" [_thread_blocked, id=13016, stack(0x0000000020860000,0x0000000020960000)]
  0x0000000019c11000 JavaThread "Cache worker for execution history cache (C:\Users\e30\.gradle\caches\6.5\executionHistory)" [_thread_blocked, id=9716, stack(0x0000000020060000,0x0000000020160000)]
  0x0000000019c14000 JavaThread "Cache worker for file hash cache (C:\Users\e30\.gradle\caches\6.5\fileHashes)" [_thread_blocked, id=13236, stack(0x000000001d550000,0x000000001d650000)]
  0x0000000019c14800 JavaThread "File lock request listener" [_thread_in_native, id=12292, stack(0x000000001d450000,0x000000001d550000)]
  0x000000001af22000 JavaThread "Cache worker for journal cache (C:\Users\e30\.gradle\caches\journal-1)" [_thread_blocked, id=9644, stack(0x000000001d350000,0x000000001d450000)]
  0x0000000019bbd000 JavaThread "Daemon periodic checks" [_thread_blocked, id=7996, stack(0x000000001c750000,0x000000001c850000)]
  0x0000000019b38000 JavaThread "Incoming local TCP Connector on port 56219" [_thread_in_native, id=9320, stack(0x000000001c4f0000,0x000000001c5f0000)]
  0x000000001add9800 JavaThread "Daemon health stats" [_thread_blocked, id=9984, stack(0x000000001beb0000,0x000000001bfb0000)]
  0x0000000018f4a800 JavaThread "Service Thread" daemon [_thread_blocked, id=11868, stack(0x0000000019310000,0x0000000019410000)]
  0x00000000175bb800 JavaThread "C1 CompilerThread2" daemon [_thread_blocked, id=2004, stack(0x0000000018e10000,0x0000000018f10000)]
=>0x00000000175ac800 JavaThread "C2 CompilerThread1" daemon [_thread_in_native, id=8232, stack(0x0000000018d10000,0x0000000018e10000)]
  0x00000000175a8800 JavaThread "C2 CompilerThread0" daemon [_thread_in_native, id=12140, stack(0x0000000018c10000,0x0000000018d10000)]
  0x00000000175a7800 JavaThread "Attach Listener" daemon [_thread_blocked, id=8788, stack(0x0000000018b10000,0x0000000018c10000)]
  0x00000000175a4800 JavaThread "Signal Dispatcher" daemon [_thread_blocked, id=2752, stack(0x0000000018a10000,0x0000000018b10000)]
  0x000000000297c800 JavaThread "Finalizer" daemon [_thread_blocked, id=3964, stack(0x00000000187f0000,0x00000000188f0000)]
  0x0000000002971000 JavaThread "Reference Handler" daemon [_thread_blocked, id=12460, stack(0x00000000186f0000,0x00000000187f0000)]
  0x000000000269e800 JavaThread "main" [_thread_blocked, id=6632, stack(0x0000000002780000,0x0000000002880000)]

Other Threads:
  0x0000000017567000 VMThread [stack: 0x00000000185f0000,0x00000000186f0000] [id=12772]
  0x0000000018f4b000 WatcherThread [stack: 0x0000000019410000,0x0000000019510000] [id=11460]

VM state:not at safepoint (normal execution)

VM Mutex/Monitor currently owned by a thread: None

heap address: 0x0000000080000000, size: 2048 MB, Compressed Oops mode: 32-bit
Narrow klass base: 0x0000000000000000, Narrow klass shift: 3
Compressed class space size: 1073741824 Address: 0x0000000100000000

Heap:
 PSYoungGen      total 332800K, used 74885K [0x00000000d5580000, 0x00000000f0500000, 0x0000000100000000)
  eden space 259072K, 25% used [0x00000000d5580000,0x00000000d95802f8,0x00000000e5280000)
  from space 73728K, 12% used [0x00000000e5280000,0x00000000e5ba12f0,0x00000000e9a80000)
  to   space 71680K, 0% used [0x00000000ebf00000,0x00000000ebf00000,0x00000000f0500000)
 ParOldGen       total 206336K, used 84621K [0x0000000080000000, 0x000000008c980000, 0x00000000d5580000)
  object space 206336K, 41% used [0x0000000080000000,0x00000000852a3740,0x000000008c980000)
 Metaspace       used 94041K, capacity 98716K, committed 99416K, reserved 1134592K
  class space    used 12324K, capacity 13228K, committed 13440K, reserved 1048576K

Card table byte_map: [0x0000000011d40000,0x0000000012150000] byte_map_base: 0x0000000011940000

Marking Bits: (ParMarkBitMap*) 0x000000007713f030
 Begin Bits: [0x0000000012800000, 0x0000000014800000)
 End Bits:   [0x0000000014800000, 0x0000000016800000)

Polling page: 0x0000000000950000

CodeCache: size=245760Kb used=49989Kb max_used=49989Kb free=195770Kb
 bounds [0x0000000002980000, 0x0000000005a90000, 0x0000000011980000]
 total_blobs=15315 nmethods=14440 adapters=785
 compilation: enabled

Compilation events (10 events):
Event: 812.933 Thread 0x00000000175bb800 18232       3       com.google.common.cache.LocalCache$LocalLoadingCache::get (9 bytes)
Event: 812.934 Thread 0x00000000175bb800 nmethod 18232 0x0000000005a7f510 code [0x0000000005a7f700, 0x0000000005a7fe38]
Event: 812.934 Thread 0x00000000175bb800 18233       3       com.google.common.cache.LocalCache::getOrLoad (10 bytes)
Event: 812.935 Thread 0x00000000175bb800 nmethod 18233 0x0000000005a84010 code [0x0000000005a841e0, 0x0000000005a84898]
Event: 812.969 Thread 0x00000000175bb800 18234       3       org.gradle.api.internal.tasks.properties.FileParameterUtils::resolveInputFileValue (28 bytes)
Event: 812.969 Thread 0x00000000175bb800 nmethod 18234 0x00000000033bf450 code [0x00000000033bf5e0, 0x00000000033bf928]
Event: 812.969 Thread 0x00000000175bb800 18235       1       org.gradle.api.internal.tasks.properties.DefaultTaskProperties::getOutputFileProperties (5 bytes)
Event: 812.970 Thread 0x00000000175bb800 nmethod 18235 0x0000000005a7f250 code [0x0000000005a7f3a0, 0x0000000005a7f4b0]
Event: 812.971 Thread 0x00000000175bb800 18236       3       org.gradle.api.internal.provider.AbstractProperty$NonFinalizedValue::finalState (10 bytes)
Event: 812.971 Thread 0x00000000175bb800 nmethod 18236 0x0000000005a7ee10 code [0x0000000005a7ef80, 0x0000000005a7f190]

GC Heap History (10 events):
Event: 194.637 GC heap before
{Heap before GC invocations=26 (full 4):
 PSYoungGen      total 267264K, used 50668K [0x00000000d5580000, 0x00000000ebc80000, 0x0000000100000000)
  eden space 216576K, 0% used [0x00000000d5580000,0x00000000d5580000,0x00000000e2900000)
  from space 50688K, 99% used [0x00000000e6880000,0x00000000e99fb298,0x00000000e9a00000)
  to   space 65024K, 0% used [0x00000000e2900000,0x00000000e2900000,0x00000000e6880000)
 ParOldGen       total 98304K, used 91672K [0x0000000080000000, 0x0000000086000000, 0x00000000d5580000)
  object space 98304K, 93% used [0x0000000080000000,0x0000000085986060,0x0000000086000000)
 Metaspace       used 88877K, capacity 93914K, committed 94168K, reserved 1130496K
  class space    used 12074K, capacity 13031K, committed 13056K, reserved 1048576K
Event: 199.580 GC heap after
Heap after GC invocations=26 (full 4):
 PSYoungGen      total 267264K, used 18992K [0x00000000d5580000, 0x00000000ebc80000, 0x0000000100000000)
  eden space 216576K, 0% used [0x00000000d5580000,0x00000000d5580000,0x00000000e2900000)
  from space 50688K, 37% used [0x00000000e6880000,0x00000000e7b0c328,0x00000000e9a00000)
  to   space 65024K, 0% used [0x00000000e2900000,0x00000000e2900000,0x00000000e6880000)
 ParOldGen       total 186368K, used 98188K [0x0000000080000000, 0x000000008b600000, 0x00000000d5580000)
  object space 186368K, 52% used [0x0000000080000000,0x0000000085fe32e0,0x000000008b600000)
 Metaspace       used 88427K, capacity 92764K, committed 94168K, reserved 1130496K
  class space    used 11916K, capacity 12750K, committed 13056K, reserved 1048576K
}
Event: 204.821 GC heap before
{Heap before GC invocations=27 (full 4):
 PSYoungGen      total 267264K, used 235568K [0x00000000d5580000, 0x00000000ebc80000, 0x0000000100000000)
  eden space 216576K, 100% used [0x00000000d5580000,0x00000000e2900000,0x00000000e2900000)
  from space 50688K, 37% used [0x00000000e6880000,0x00000000e7b0c328,0x00000000e9a00000)
  to   space 65024K, 0% used [0x00000000e2900000,0x00000000e2900000,0x00000000e6880000)
 ParOldGen       total 186368K, used 98188K [0x0000000080000000, 0x000000008b600000, 0x00000000d5580000)
  object space 186368K, 52% used [0x0000000080000000,0x0000000085fe32e0,0x000000008b600000)
 Metaspace       used 88766K, capacity 93160K, committed 94424K, reserved 1130496K
  class space    used 11924K, capacity 12760K, committed 13056K, reserved 1048576K
Event: 205.494 GC heap after
Heap after GC invocations=27 (full 4):
 PSYoungGen      total 281600K, used 65010K [0x00000000d5580000, 0x00000000eed80000, 0x0000000100000000)
  eden space 216576K, 0% used [0x00000000d5580000,0x00000000d5580000,0x00000000e2900000)
  from space 65024K, 99% used [0x00000000e2900000,0x00000000e687cb50,0x00000000e6880000)
  to   space 76288K, 0% used [0x00000000ea300000,0x00000000ea300000,0x00000000eed80000)
 ParOldGen       total 186368K, used 124542K [0x0000000080000000, 0x000000008b600000, 0x00000000d5580000)
  object space 186368K, 66% used [0x0000000080000000,0x000000008799f870,0x000000008b600000)
 Metaspace       used 88766K, capacity 93160K, committed 94424K, reserved 1130496K
  class space    used 11924K, capacity 12760K, committed 13056K, reserved 1048576K
}
Event: 763.298 GC heap before
{Heap before GC invocations=28 (full 4):
 PSYoungGen      total 281600K, used 281586K [0x00000000d5580000, 0x00000000eed80000, 0x0000000100000000)
  eden space 216576K, 100% used [0x00000000d5580000,0x00000000e2900000,0x00000000e2900000)
  from space 65024K, 99% used [0x00000000e2900000,0x00000000e687cb50,0x00000000e6880000)
  to   space 76288K, 0% used [0x00000000ea300000,0x00000000ea300000,0x00000000eed80000)
 ParOldGen       total 186368K, used 124542K [0x0000000080000000, 0x000000008b600000, 0x00000000d5580000)
  object space 186368K, 66% used [0x0000000080000000,0x000000008799f870,0x000000008b600000)
 Metaspace       used 93376K, capacity 97990K, committed 98904K, reserved 1134592K
  class space    used 12313K, capacity 13211K, committed 13440K, reserved 1048576K
Event: 764.090 GC heap after
Heap after GC invocations=28 (full 4):
 PSYoungGen      total 324096K, used 14193K [0x00000000d5580000, 0x00000000ee280000, 0x0000000100000000)
  eden space 259072K, 0% used [0x00000000d5580000,0x00000000d5580000,0x00000000e5280000)
  from space 65024K, 21% used [0x00000000ea300000,0x00000000eb0dc6e8,0x00000000ee280000)
  to   space 73728K, 0% used [0x00000000e5280000,0x00000000e5280000,0x00000000e9a80000)
 ParOldGen       total 186368K, used 177146K [0x0000000080000000, 0x000000008b600000, 0x00000000d5580000)
  object space 186368K, 95% used [0x0000000080000000,0x000000008acfebd8,0x000000008b600000)
 Metaspace       used 93376K, capacity 97990K, committed 98904K, reserved 1134592K
  class space    used 12313K, capacity 13211K, committed 13440K, reserved 1048576K
}
Event: 764.093 GC heap before
{Heap before GC invocations=29 (full 5):
 PSYoungGen      total 324096K, used 14193K [0x00000000d5580000, 0x00000000ee280000, 0x0000000100000000)
  eden space 259072K, 0% used [0x00000000d5580000,0x00000000d5580000,0x00000000e5280000)
  from space 65024K, 21% used [0x00000000ea300000,0x00000000eb0dc6e8,0x00000000ee280000)
  to   space 73728K, 0% used [0x00000000e5280000,0x00000000e5280000,0x00000000e9a80000)
 ParOldGen       total 186368K, used 177146K [0x0000000080000000, 0x000000008b600000, 0x00000000d5580000)
  object space 186368K, 95% used [0x0000000080000000,0x000000008acfebd8,0x000000008b600000)
 Metaspace       used 93376K, capacity 97990K, committed 98904K, reserved 1134592K
  class space    used 12313K, capacity 13211K, committed 13440K, reserved 1048576K
Event: 766.617 GC heap after
Heap after GC invocations=29 (full 5):
 PSYoungGen      total 324096K, used 0K [0x00000000d5580000, 0x00000000ee280000, 0x0000000100000000)
  eden space 259072K, 0% used [0x00000000d5580000,0x00000000d5580000,0x00000000e5280000)
  from space 65024K, 0% used [0x00000000ea300000,0x00000000ea300000,0x00000000ee280000)
  to   space 73728K, 0% used [0x00000000e5280000,0x00000000e5280000,0x00000000e9a80000)
 ParOldGen       total 206336K, used 84613K [0x0000000080000000, 0x000000008c980000, 0x00000000d5580000)
  object space 206336K, 41% used [0x0000000080000000,0x00000000852a1740,0x000000008c980000)
 Metaspace       used 93376K, capacity 97990K, committed 98904K, reserved 1134592K
  class space    used 12313K, capacity 13211K, committed 13440K, reserved 1048576K
}
Event: 808.892 GC heap before
{Heap before GC invocations=30 (full 5):
 PSYoungGen      total 324096K, used 259072K [0x00000000d5580000, 0x00000000ee280000, 0x0000000100000000)
  eden space 259072K, 100% used [0x00000000d5580000,0x00000000e5280000,0x00000000e5280000)
  from space 65024K, 0% used [0x00000000ea300000,0x00000000ea300000,0x00000000ee280000)
  to   space 73728K, 0% used [0x00000000e5280000,0x00000000e5280000,0x00000000e9a80000)
 ParOldGen       total 206336K, used 84613K [0x0000000080000000, 0x000000008c980000, 0x00000000d5580000)
  object space 206336K, 41% used [0x0000000080000000,0x00000000852a1740,0x000000008c980000)
 Metaspace       used 93983K, capacity 98652K, committed 99416K, reserved 1134592K
  class space    used 12324K, capacity 13228K, committed 13440K, reserved 1048576K
Event: 809.361 GC heap after
Heap after GC invocations=30 (full 5):
 PSYoungGen      total 332800K, used 9348K [0x00000000d5580000, 0x00000000f0500000, 0x0000000100000000)
  eden space 259072K, 0% used [0x00000000d5580000,0x00000000d5580000,0x00000000e5280000)
  from space 73728K, 12% used [0x00000000e5280000,0x00000000e5ba12f0,0x00000000e9a80000)
  to   space 71680K, 0% used [0x00000000ebf00000,0x00000000ebf00000,0x00000000f0500000)
 ParOldGen       total 206336K, used 84621K [0x0000000080000000, 0x000000008c980000, 0x00000000d5580000)
  object space 206336K, 41% used [0x0000000080000000,0x00000000852a3740,0x000000008c980000)
 Metaspace       used 93983K, capacity 98652K, committed 99416K, reserved 1134592K
  class space    used 12324K, capacity 13228K, committed 13440K, reserved 1048576K
}

Deoptimization events (10 events):
Event: 775.335 Thread 0x0000000029111000 Uncommon trap: reason=bimorphic action=maybe_recompile pc=0x00000000040799a0 method=com.sun.org.apache.xerces.internal.dom.ParentNode.internalInsertBefore(Lorg/w3c/dom/Node;Lorg/w3c/dom/Node;Z)Lorg/w3c/dom/Node; @ 565
Event: 775.335 Thread 0x0000000029111000 Uncommon trap: reason=null_check action=make_not_entrant pc=0x0000000004097800 method=com.android.ide.common.resources.NodeUtils.processSingleNodeNamespace(Lorg/w3c/dom/Node;Lorg/w3c/dom/Document;)Z @ 8
Event: 775.391 Thread 0x0000000029111000 Uncommon trap: reason=null_check action=make_not_entrant pc=0x0000000004ead748 method=com.sun.org.apache.xerces.internal.dom.NamedNodeMapImpl.findNamePoint(Ljava/lang/String;Ljava/lang/String;)I @ 105
Event: 775.935 Thread 0x0000000029111000 Uncommon trap: reason=class_check action=maybe_recompile pc=0x000000000448a268 method=java.io.Writer.append(Ljava/lang/CharSequence;)Ljava/io/Writer; @ 20
Event: 782.397 Thread 0x000000001b9db800 Uncommon trap: reason=unstable_if action=reinterpret pc=0x00000000041e416c method=java.util.concurrent.locks.LockSupport.unpark(Ljava/lang/Thread;)V @ 1
Event: 784.144 Thread 0x000000001af22000 Uncommon trap: reason=unstable_if action=reinterpret pc=0x0000000004263714 method=java.util.concurrent.locks.LockSupport.unpark(Ljava/lang/Thread;)V @ 1
Event: 786.710 Thread 0x000000001b9dd000 Uncommon trap: reason=unstable_if action=reinterpret pc=0x0000000004215c04 method=java.util.concurrent.ArrayBlockingQueue.enqueue(Ljava/lang/Object;)V @ 25
Event: 787.033 Thread 0x000000001b9db800 Uncommon trap: reason=unstable_if action=reinterpret pc=0x00000000041e9d78 method=java.util.concurrent.ConcurrentLinkedQueue.offer(Ljava/lang/Object;)Z @ 40
Event: 787.515 Thread 0x0000000029111000 Uncommon trap: reason=predicate action=maybe_recompile pc=0x00000000042fd04c method=org.gradle.api.internal.artifacts.result.DefaultResolutionResult.eachElement(Lorg/gradle/api/artifacts/result/ResolvedComponentResult;Lorg/gradle/api/Action;Lorg/gradle/ap
Event: 787.653 Thread 0x0000000029111000 Uncommon trap: reason=class_check action=maybe_recompile pc=0x00000000041cfe38 method=com.google.common.collect.CompactHashMap$Itr.<init>(Lcom/google/common/collect/CompactHashMap;)V @ 25

Classes redefined (0 events):
No events

Internal exceptions (10 events):
Event: 782.653 Thread 0x000000001a556000 Exception <a 'sun/nio/fs/WindowsException'> (0x00000000decd6898) thrown at [C:\src\AOSP-openjdk-git\hotspot\src\share\vm\prims\jni.cpp, line 710]
Event: 811.825 Thread 0x0000000029114800 Exception <a 'sun/nio/fs/WindowsException'> (0x00000000d6a5ec10) thrown at [C:\src\AOSP-openjdk-git\hotspot\src\share\vm\prims\jni.cpp, line 710]
Event: 811.825 Thread 0x0000000029114800 Exception <a 'sun/nio/fs/WindowsException'> (0x00000000d6a5f468) thrown at [C:\src\AOSP-openjdk-git\hotspot\src\share\vm\prims\jni.cpp, line 710]
Event: 811.825 Thread 0x0000000029114800 Exception <a 'sun/nio/fs/WindowsException'> (0x00000000d6a5f910) thrown at [C:\src\AOSP-openjdk-git\hotspot\src\share\vm\prims\jni.cpp, line 710]
Event: 812.930 Thread 0x0000000029111000 Exception <a 'sun/nio/fs/WindowsException'> (0x00000000d94db218) thrown at [C:\src\AOSP-openjdk-git\hotspot\src\share\vm\prims\jni.cpp, line 710]
Event: 812.930 Thread 0x0000000029111000 Exception <a 'sun/nio/fs/WindowsException'> (0x00000000d94dbf08) thrown at [C:\src\AOSP-openjdk-git\hotspot\src\share\vm\prims\jni.cpp, line 710]
Event: 812.931 Thread 0x0000000029111000 Exception <a 'sun/nio/fs/WindowsException'> (0x00000000d94e2988) thrown at [C:\src\AOSP-openjdk-git\hotspot\src\share\vm\prims\jni.cpp, line 710]
Event: 812.932 Thread 0x0000000029111000 Exception <a 'sun/nio/fs/WindowsException'> (0x00000000d94e36c0) thrown at [C:\src\AOSP-openjdk-git\hotspot\src\share\vm\prims\jni.cpp, line 710]
Event: 812.932 Thread 0x0000000029111000 Exception <a 'sun/nio/fs/WindowsException'> (0x00000000d94e5580) thrown at [C:\src\AOSP-openjdk-git\hotspot\src\share\vm\prims\jni.cpp, line 710]
Event: 812.932 Thread 0x0000000029111000 Exception <a 'sun/nio/fs/WindowsException'> (0x00000000d94e62c8) thrown at [C:\src\AOSP-openjdk-git\hotspot\src\share\vm\prims\jni.cpp, line 710]

Events (10 events):
Event: 811.819 Thread 0x00000000175bb800 flushing nmethod 0x0000000004ce3a50
Event: 811.823 Thread 0x00000000175bb800 flushing nmethod 0x0000000005383cd0
Event: 812.161 Executing VM operation: RevokeBias
Event: 812.162 Executing VM operation: RevokeBias done
Event: 812.291 Thread 0x00000000175ac800 flushing nmethod 0x000000000337dbd0
Event: 812.291 Thread 0x00000000175ac800 flushing nmethod 0x0000000003393b10
Event: 812.291 Thread 0x00000000175ac800 flushing nmethod 0x0000000003395110
Event: 812.291 Thread 0x00000000175ac800 flushing nmethod 0x00000000033bf2d0
Event: 812.339 Thread 0x00000000175ac800 flushing nmethod 0x0000000003629210
Event: 812.351 Thread 0x00000000175bb800 flushing nmethod 0x0000000003bfba90


Dynamic libraries:
0x00007ff621550000 - 0x00007ff621581000 	C:\Program Files\Android\Android Studio\jre\bin\java.exe
0x00007ff9a7c10000 - 0x00007ff9a7e05000 	C:\WINDOWS\SYSTEM32\ntdll.dll
0x00007ff9a5d00000 - 0x00007ff9a5dbe000 	C:\WINDOWS\System32\KERNEL32.DLL
0x00007ff9a5320000 - 0x00007ff9a55e8000 	C:\WINDOWS\System32\KERNELBASE.dll
0x00007ff9a7670000 - 0x00007ff9a771e000 	C:\WINDOWS\System32\ADVAPI32.dll
0x00007ff9a5c60000 - 0x00007ff9a5cfe000 	C:\WINDOWS\System32\msvcrt.dll
0x00007ff9a5e70000 - 0x00007ff9a5f0c000 	C:\WINDOWS\System32\sechost.dll
0x00007ff9a72b0000 - 0x00007ff9a73d5000 	C:\WINDOWS\System32\RPCRT4.dll
0x00007ff9a6ff0000 - 0x00007ff9a7190000 	C:\WINDOWS\System32\USER32.dll
0x00007ff9a57a0000 - 0x00007ff9a57c2000 	C:\WINDOWS\System32\win32u.dll
0x00007ff9a7460000 - 0x00007ff9a748b000 	C:\WINDOWS\System32\GDI32.dll
0x00007ff9a5b50000 - 0x00007ff9a5c5d000 	C:\WINDOWS\System32\gdi32full.dll
0x00007ff9a5820000 - 0x00007ff9a58bd000 	C:\WINDOWS\System32\msvcp_win.dll
0x00007ff9a5a50000 - 0x00007ff9a5b50000 	C:\WINDOWS\System32\ucrtbase.dll
0x00007ff99c5f0000 - 0x00007ff99c88a000 	C:\WINDOWS\WinSxS\amd64_microsoft.windows.common-controls_6595b64144ccf1df_6.0.19041.1110_none_60b5254171f9507e\COMCTL32.dll
0x00007ff9a7ba0000 - 0x00007ff9a7bd0000 	C:\WINDOWS\System32\IMM32.DLL
0x00000000772b0000 - 0x0000000077382000 	C:\Program Files\Android\Android Studio\jre\jre\bin\msvcr100.dll
0x0000000076970000 - 0x00000000771bb000 	C:\Program Files\Android\Android Studio\jre\jre\bin\server\jvm.dll
0x00007ff9a6d60000 - 0x00007ff9a6d68000 	C:\WINDOWS\System32\PSAPI.DLL
0x00007ff99d490000 - 0x00007ff99d49a000 	C:\WINDOWS\SYSTEM32\VERSION.dll
0x00007ff988f50000 - 0x00007ff988f77000 	C:\WINDOWS\SYSTEM32\WINMM.dll
0x00007ff98d270000 - 0x00007ff98d279000 	C:\WINDOWS\SYSTEM32\WSOCK32.dll
0x00007ff9a6ea0000 - 0x00007ff9a6f0b000 	C:\WINDOWS\System32\ws2_32.DLL
0x00007ff99e920000 - 0x00007ff99e92f000 	C:\Program Files\Android\Android Studio\jre\jre\bin\verify.dll
0x00007ff99c110000 - 0x00007ff99c139000 	C:\Program Files\Android\Android Studio\jre\jre\bin\java.dll
0x00007ff99c0f0000 - 0x00007ff99c106000 	C:\Program Files\Android\Android Studio\jre\jre\bin\zip.dll
0x00007ff9a5f10000 - 0x00007ff9a6654000 	C:\WINDOWS\System32\SHELL32.dll
0x00007ff9a3010000 - 0x00007ff9a37a4000 	C:\WINDOWS\SYSTEM32\windows.storage.dll
0x00007ff9a6790000 - 0x00007ff9a6ae5000 	C:\WINDOWS\System32\combase.dll
0x00007ff9a4d70000 - 0x00007ff9a4d9e000 	C:\WINDOWS\SYSTEM32\Wldp.dll
0x00007ff9a7190000 - 0x00007ff9a723d000 	C:\WINDOWS\System32\SHCORE.dll
0x00007ff9a7250000 - 0x00007ff9a72a5000 	C:\WINDOWS\System32\shlwapi.dll
0x00007ff9a5260000 - 0x00007ff9a527f000 	C:\WINDOWS\SYSTEM32\profapi.dll
0x00007ff99c0d0000 - 0x00007ff99c0ea000 	C:\Program Files\Android\Android Studio\jre\jre\bin\net.dll
0x00007ff9a4ad0000 - 0x00007ff9a4b3a000 	C:\WINDOWS\system32\mswsock.dll
0x00007ff99c0b0000 - 0x00007ff99c0c3000 	C:\Program Files\Android\Android Studio\jre\jre\bin\nio.dll
0x00007ff99e8e0000 - 0x00007ff99e907000 	C:\Users\e30\.gradle\native\f6784746aeab05261644944871eae4fe03e0ef1612fff0a4a95f87b438bc6780\windows-amd64\native-platform.dll
0x00007ff99c210000 - 0x00007ff99c21d000 	C:\Program Files\Android\Android Studio\jre\jre\bin\management.dll
0x00007ff9a4cc0000 - 0x00007ff9a4cd8000 	C:\WINDOWS\SYSTEM32\CRYPTSP.dll
0x00007ff9a43e0000 - 0x00007ff9a4414000 	C:\WINDOWS\system32\rsaenh.dll
0x00007ff9a5a20000 - 0x00007ff9a5a47000 	C:\WINDOWS\System32\bcrypt.dll
0x00007ff9a5220000 - 0x00007ff9a524e000 	C:\WINDOWS\SYSTEM32\USERENV.dll
0x00007ff9a5710000 - 0x00007ff9a5792000 	C:\WINDOWS\System32\bcryptprimitives.dll
0x00007ff9a4ce0000 - 0x00007ff9a4cec000 	C:\WINDOWS\SYSTEM32\CRYPTBASE.dll
0x00007ff9a4770000 - 0x00007ff9a47ab000 	C:\WINDOWS\SYSTEM32\IPHLPAPI.DLL
0x00007ff9a7240000 - 0x00007ff9a7248000 	C:\WINDOWS\System32\NSI.dll
0x00007ff99d2c0000 - 0x00007ff99d2d7000 	C:\WINDOWS\SYSTEM32\dhcpcsvc6.DLL
0x00007ff99d390000 - 0x00007ff99d3ad000 	C:\WINDOWS\SYSTEM32\dhcpcsvc.DLL
0x00007ff9a4810000 - 0x00007ff9a48db000 	C:\WINDOWS\SYSTEM32\DNSAPI.dll
0x00007ff99d420000 - 0x00007ff99d42b000 	C:\WINDOWS\SYSTEM32\WINNSI.DLL

VM Arguments:
jvm_args: -Xmx2048m -Dfile.encoding=UTF-8 -Duser.country=BR -Duser.language=pt -Duser.variant 
java_command: org.gradle.launcher.daemon.bootstrap.GradleDaemon 6.5
java_class_path (initial): C:\Users\e30\.gradle\wrapper\dists\gradle-6.5-all\2oz4ud9k3tuxjg84bbf55q0tn\gradle-6.5\lib\gradle-launcher-6.5.jar
Launcher Type: SUN_STANDARD

Environment Variables:
JAVA_HOME=C:\Program Files\Java\jdk1.8.0_281
PATH=C:\Program Files (x86)\Common Files\Oracle\Java\javapath;"C:\Program Files (x86)\Common Files\Oracle\Java\javapath;C:\Program Files\Java\jdk1.8.0_281\bin";C:\Program Files (x86)\Intel\Intel(R) Management Engine Components\iCLS\;C:\Program Files\Intel\Intel(R) Management Engine Components\iCLS\;C:\WINDOWS\system32;C:\WINDOWS;C:\WINDOWS\System32\Wbem;C:\WINDOWS\System32\WindowsPowerShell\v1.0\;C:\WINDOWS\System32\OpenSSH\;C:\Program Files (x86)\Intel\Intel(R) Management Engine Components\DAL;C:\Program Files\Intel\Intel(R) Management Engine Components\DAL;C:\Users\e30\AppData\Local\Programs\Python\Python38-32\Scripts;C:\Program Files\Git\cmd;C:\Users\e30\AppData\Local\Programs\Python\Python38-32\Scripts\;C:\Users\e30\AppData\Local\Programs\Python\Python38-32\;C:\Users\e30\AppData\Local\Microsoft\WindowsApps;C:\Users\e30\AppData\Local\Programs\Microsoft VS Code\bin;"C:\Users\e30\AppData\Local\Programs\;C:\Program Files\Java\jdk1.8.0_281\bin";
USERNAME=e30
OS=Windows_NT
PROCESSOR_IDENTIFIER=Intel64 Family 6 Model 142 Stepping 9, GenuineIntel



---------------  S Y S T E M  ---------------

OS: Windows 10.0 , 64 bit Build 19041 (10.0.19041.1503)

CPU:total 4 (initial active 4) (2 cores per cpu, 2 threads per core) family 6 model 142 stepping 9, cmov, cx8, fxsr, mmx, sse, sse2, sse3, ssse3, sse4.1, sse4.2, popcnt, avx, avx2, aes, clmul, erms, 3dnowpref, lzcnt, ht, tsc, tscinvbit, bmi1, bmi2, adx

Memory: 4k page, physical 4107072k(120268k free), swap 8203072k(6824k free)

vm_info: OpenJDK 64-Bit Server VM (25.242-b01) for windows-amd64 JRE (1.8.0_242-release-1644-b01), built by "builder" with MS VC++ 10.0 (VS2010)

time: Wed Mar 09 15:37:35 2022
timezone: Hora oficial do Brasil
elapsed time: 813 seconds (0d 0h 13m 33s)

