#
# There is insufficient memory for the Java Runtime Environment to continue.
# Native memory allocation (malloc) failed to allocate 759760 bytes for Chunk::new
# Possible reasons:
#   The system is out of physical RAM or swap space
#   The process is running with CompressedOops enabled, and the Java Heap may be blocking the growth of the native heap
# Possible solutions:
#   Reduce memory load on the system
#   Increase physical memory or swap space
#   Check if swap backing store is full
#   Decrease Java heap size (-Xmx/-Xms)
#   Decrease number of Java threads
#   Decrease Java thread stack sizes (-Xss)
#   Set larger code cache with -XX:ReservedCodeCacheSize=
#   JVM is running with Unscaled Compressed Oops mode in which the Java heap is
#     placed in the first 4GB address space. The Java Heap base address is the
#     maximum limit for the native heap growth. Please use -XX:HeapBaseMinAddress
#     to set the Java Heap base and to place the Java Heap above 4GB virtual address.
# This output file may be truncated or incomplete.
#
#  Out of Memory Error (allocation.cpp:389), pid=2304, tid=0x00000000000024ac
#
# JRE version: OpenJDK Runtime Environment (8.0_242-b01) (build 1.8.0_242-release-1644-b01)
# Java VM: OpenJDK 64-Bit Server VM (25.242-b01 mixed mode windows-amd64 compressed oops)
# Failed to write core dump. Minidumps are not enabled by default on client versions of Windows
#

---------------  T H R E A D  ---------------

Current thread (0x000000001718b800):  JavaThread "C2 CompilerThread1" daemon [_thread_in_native, id=9388, stack(0x00000000188f0000,0x00000000189f0000)]

Stack: [0x00000000188f0000,0x00000000189f0000]
[error occurred during error reporting (printing stack bounds), id 0xc0000005]

Native frames: (J=compiled Java code, j=interpreted, Vv=VM code, C=native code)


Current CompileTask:
C2:   3437 1498       4       java.net.URLClassLoader$1::run (5 bytes)


---------------  P R O C E S S  ---------------

Java Threads: ( => current thread )
  0x000000001ad2f000 JavaThread "Cache worker for file hash cache (C:\Users\e30\.gradle\caches\6.5\fileHashes)" [_thread_blocked, id=7452, stack(0x000000001d230000,0x000000001d330000)]
  0x000000001ad2d800 JavaThread "File lock request listener" [_thread_in_native, id=9856, stack(0x000000001d130000,0x000000001d230000)]
  0x000000001ab7d800 JavaThread "Cache worker for journal cache (C:\Users\e30\.gradle\caches\journal-1)" [_thread_blocked, id=9616, stack(0x000000001cf30000,0x000000001d030000)]
  0x000000001ab3d800 JavaThread "Thread-9" [_thread_blocked, id=2904, stack(0x000000001cc30000,0x000000001cd30000)]
  0x000000001aafc000 JavaThread "Stdin handler" [_thread_blocked, id=12996, stack(0x000000001cb30000,0x000000001cc30000)]
  0x000000001aafa000 JavaThread "Asynchronous log dispatcher for DefaultDaemonConnection: socket connection from /127.0.0.1:62668 to /127.0.0.1:62669" [_thread_blocked, id=5724, stack(0x000000001ca30000,0x000000001cb30000)]
  0x000000001ab58000 JavaThread "Daemon worker" [_thread_in_vm, id=7388, stack(0x000000001c930000,0x000000001ca30000)]
  0x000000001ab57000 JavaThread "Cancel handler" [_thread_blocked, id=7104, stack(0x000000001c830000,0x000000001c930000)]
  0x000000001aada000 JavaThread "Handler for socket connection from /127.0.0.1:62668 to /127.0.0.1:62669" [_thread_in_native, id=612, stack(0x000000001c730000,0x000000001c830000)]
  0x000000001aad8800 JavaThread "Daemon" [_thread_blocked, id=1548, stack(0x000000001c630000,0x000000001c730000)]
  0x000000001aa68000 JavaThread "Daemon periodic checks" [_thread_blocked, id=4044, stack(0x000000001c330000,0x000000001c430000)]
  0x000000001aa66800 JavaThread "Incoming local TCP Connector on port 62668" [_thread_in_native, id=4020, stack(0x000000001c0d0000,0x000000001c1d0000)]
  0x000000001a96d000 JavaThread "Daemon health stats" [_thread_blocked, id=10092, stack(0x000000001ba90000,0x000000001bb90000)]
  0x0000000018b28800 JavaThread "Service Thread" daemon [_thread_blocked, id=12924, stack(0x0000000018ef0000,0x0000000018ff0000)]
  0x000000001719b800 JavaThread "C1 CompilerThread2" daemon [_thread_blocked, id=424, stack(0x00000000189f0000,0x0000000018af0000)]
=>0x000000001718b800 JavaThread "C2 CompilerThread1" daemon [_thread_in_native, id=9388, stack(0x00000000188f0000,0x00000000189f0000)]
  0x0000000017187000 JavaThread "C2 CompilerThread0" daemon [_thread_in_native, id=4036, stack(0x00000000187f0000,0x00000000188f0000)]
  0x0000000017185800 JavaThread "Attach Listener" daemon [_thread_blocked, id=960, stack(0x00000000186f0000,0x00000000187f0000)]
  0x0000000017184800 JavaThread "Signal Dispatcher" daemon [_thread_blocked, id=3508, stack(0x00000000185f0000,0x00000000186f0000)]
  0x000000000251c800 JavaThread "Finalizer" daemon [_thread_blocked, id=5376, stack(0x00000000183d0000,0x00000000184d0000)]
  0x0000000002511000 JavaThread "Reference Handler" daemon [_thread_blocked, id=13188, stack(0x00000000182d0000,0x00000000183d0000)]
  0x0000000002422800 JavaThread "main" [_thread_blocked, id=8208, stack(0x0000000000b20000,0x0000000000c20000)]

Other Threads:
  0x0000000017147000 VMThread [stack: 0x00000000181d0000,0x00000000182d0000] [id=8860]
  0x0000000018b29000 WatcherThread [stack: 0x0000000018ff0000,0x00000000190f0000] [id=8700]

VM state:not at safepoint (normal execution)

VM Mutex/Monitor currently owned by a thread: None

heap address: 0x0000000080000000, size: 2048 MB, Compressed Oops mode: 32-bit
Narrow klass base: 0x0000000000000000, Narrow klass shift: 3
Compressed class space size: 1073741824 Address: 0x0000000100000000

Heap:
 PSYoungGen      total 70656K, used 22283K [0x00000000d5580000, 0x00000000da380000, 0x0000000100000000)
  eden space 64512K, 25% used [0x00000000d5580000,0x00000000d6543718,0x00000000d9480000)
  from space 6144K, 99% used [0x00000000d9b80000,0x00000000da17f5c8,0x00000000da180000)
  to   space 7168K, 0% used [0x00000000d9480000,0x00000000d9480000,0x00000000d9b80000)
 ParOldGen       total 44032K, used 5210K [0x0000000080000000, 0x0000000082b00000, 0x00000000d5580000)
  object space 44032K, 11% used [0x0000000080000000,0x0000000080516858,0x0000000082b00000)
 Metaspace       used 16658K, capacity 17320K, committed 17536K, reserved 1064960K
  class space    used 2229K, capacity 2404K, committed 2432K, reserved 1048576K

Card table byte_map: [0x0000000011920000,0x0000000011d30000] byte_map_base: 0x0000000011520000

Marking Bits: (ParMarkBitMap*) 0x000000006be0f030
 Begin Bits: [0x00000000123e0000, 0x00000000143e0000)
 End Bits:   [0x00000000143e0000, 0x00000000163e0000)

Polling page: 0x0000000000710000

CodeCache: size=245760Kb used=5418Kb max_used=5418Kb free=240341Kb
 bounds [0x0000000002560000, 0x0000000002ab0000, 0x0000000011560000]
 total_blobs=1939 nmethods=1540 adapters=312
 compilation: enabled

Compilation events (10 events):
Event: 3.365 Thread 0x000000001719b800 nmethod 1539 0x0000000002aa3cd0 code [0x0000000002aa3e20, 0x0000000002aa3fd0]
Event: 3.373 Thread 0x0000000017187000 1540   !   4       java.net.URLClassLoader$1::run (63 bytes)
Event: 3.374 Thread 0x000000001719b800 1541       1       sun.reflect.generics.repository.AbstractRepository::getFactory (5 bytes)
Event: 3.374 Thread 0x000000001719b800 nmethod 1541 0x0000000002aa3a10 code [0x0000000002aa3b60, 0x0000000002aa3c70]
Event: 3.391 Thread 0x000000001719b800 1542   !   3       org.gradle.internal.classloader.TransformingClassLoader::findClass (203 bytes)
Event: 3.396 Thread 0x000000001719b800 nmethod 1542 0x0000000002aa7e10 code [0x0000000002aa82c0, 0x0000000002aab078]
Event: 3.396 Thread 0x000000001719b800 1543       3       org.gradle.initialization.MixInLegacyTypesClassLoader::shouldTransform (42 bytes)
Event: 3.397 Thread 0x000000001719b800 nmethod 1543 0x0000000002aaccd0 code [0x0000000002aace60, 0x0000000002aad2b8]
Event: 3.413 Thread 0x000000001719b800 1544       3       java.lang.Package::<init> (56 bytes)
Event: 3.414 Thread 0x000000001719b800 nmethod 1544 0x0000000002aad450 code [0x0000000002aad5a0, 0x0000000002aad810]

GC Heap History (10 events):
Event: 1.148 GC heap before
{Heap before GC invocations=2 (full 0):
 PSYoungGen      total 18944K, used 18627K [0x00000000d5580000, 0x00000000d6a80000, 0x0000000100000000)
  eden space 16384K, 100% used [0x00000000d5580000,0x00000000d6580000,0x00000000d6580000)
  from space 2560K, 87% used [0x00000000d6580000,0x00000000d67b0e30,0x00000000d6800000)
  to   space 2560K, 0% used [0x00000000d6800000,0x00000000d6800000,0x00000000d6a80000)
 ParOldGen       total 44032K, used 8K [0x0000000080000000, 0x0000000082b00000, 0x00000000d5580000)
  object space 44032K, 0% used [0x0000000080000000,0x0000000080002000,0x0000000082b00000)
 Metaspace       used 7557K, capacity 7850K, committed 8064K, reserved 1056768K
  class space    used 931K, capacity 1041K, committed 1152K, reserved 1048576K
Event: 1.155 GC heap after
Heap after GC invocations=2 (full 0):
 PSYoungGen      total 18944K, used 2540K [0x00000000d5580000, 0x00000000d7a80000, 0x0000000100000000)
  eden space 16384K, 0% used [0x00000000d5580000,0x00000000d5580000,0x00000000d6580000)
  from space 2560K, 99% used [0x00000000d6800000,0x00000000d6a7b3d0,0x00000000d6a80000)
  to   space 2560K, 0% used [0x00000000d6580000,0x00000000d6580000,0x00000000d6800000)
 ParOldGen       total 44032K, used 1030K [0x0000000080000000, 0x0000000082b00000, 0x00000000d5580000)
  object space 44032K, 2% used [0x0000000080000000,0x0000000080101a28,0x0000000082b00000)
 Metaspace       used 7557K, capacity 7850K, committed 8064K, reserved 1056768K
  class space    used 931K, capacity 1041K, committed 1152K, reserved 1048576K
}
Event: 1.382 GC heap before
{Heap before GC invocations=3 (full 0):
 PSYoungGen      total 18944K, used 18924K [0x00000000d5580000, 0x00000000d7a80000, 0x0000000100000000)
  eden space 16384K, 100% used [0x00000000d5580000,0x00000000d6580000,0x00000000d6580000)
  from space 2560K, 99% used [0x00000000d6800000,0x00000000d6a7b3d0,0x00000000d6a80000)
  to   space 2560K, 0% used [0x00000000d6580000,0x00000000d6580000,0x00000000d6800000)
 ParOldGen       total 44032K, used 1030K [0x0000000080000000, 0x0000000082b00000, 0x00000000d5580000)
  object space 44032K, 2% used [0x0000000080000000,0x0000000080101a28,0x0000000082b00000)
 Metaspace       used 7594K, capacity 7914K, committed 8064K, reserved 1056768K
  class space    used 931K, capacity 1041K, committed 1152K, reserved 1048576K
Event: 1.385 GC heap after
Heap after GC invocations=3 (full 0):
 PSYoungGen      total 18944K, used 2272K [0x00000000d5580000, 0x00000000d7a80000, 0x0000000100000000)
  eden space 16384K, 0% used [0x00000000d5580000,0x00000000d5580000,0x00000000d6580000)
  from space 2560K, 88% used [0x00000000d6580000,0x00000000d67b8020,0x00000000d6800000)
  to   space 2560K, 0% used [0x00000000d7800000,0x00000000d7800000,0x00000000d7a80000)
 ParOldGen       total 44032K, used 1038K [0x0000000080000000, 0x0000000082b00000, 0x00000000d5580000)
  object space 44032K, 2% used [0x0000000080000000,0x0000000080103a28,0x0000000082b00000)
 Metaspace       used 7594K, capacity 7914K, committed 8064K, reserved 1056768K
  class space    used 931K, capacity 1041K, committed 1152K, reserved 1048576K
}
Event: 1.573 GC heap before
{Heap before GC invocations=4 (full 0):
 PSYoungGen      total 18944K, used 18656K [0x00000000d5580000, 0x00000000d7a80000, 0x0000000100000000)
  eden space 16384K, 100% used [0x00000000d5580000,0x00000000d6580000,0x00000000d6580000)
  from space 2560K, 88% used [0x00000000d6580000,0x00000000d67b8020,0x00000000d6800000)
  to   space 2560K, 0% used [0x00000000d7800000,0x00000000d7800000,0x00000000d7a80000)
 ParOldGen       total 44032K, used 1038K [0x0000000080000000, 0x0000000082b00000, 0x00000000d5580000)
  object space 44032K, 2% used [0x0000000080000000,0x0000000080103a28,0x0000000082b00000)
 Metaspace       used 7793K, capacity 8162K, committed 8320K, reserved 1056768K
  class space    used 957K, capacity 1081K, committed 1152K, reserved 1048576K
Event: 1.578 GC heap after
Heap after GC invocations=4 (full 0):
 PSYoungGen      total 35328K, used 2544K [0x00000000d5580000, 0x00000000d7a80000, 0x0000000100000000)
  eden space 32768K, 0% used [0x00000000d5580000,0x00000000d5580000,0x00000000d7580000)
  from space 2560K, 99% used [0x00000000d7800000,0x00000000d7a7c010,0x00000000d7a80000)
  to   space 2560K, 0% used [0x00000000d7580000,0x00000000d7580000,0x00000000d7800000)
 ParOldGen       total 44032K, used 1679K [0x0000000080000000, 0x0000000082b00000, 0x00000000d5580000)
  object space 44032K, 3% used [0x0000000080000000,0x00000000801a3c58,0x0000000082b00000)
 Metaspace       used 7793K, capacity 8162K, committed 8320K, reserved 1056768K
  class space    used 957K, capacity 1081K, committed 1152K, reserved 1048576K
}
Event: 2.777 GC heap before
{Heap before GC invocations=5 (full 0):
 PSYoungGen      total 35328K, used 35312K [0x00000000d5580000, 0x00000000d7a80000, 0x0000000100000000)
  eden space 32768K, 100% used [0x00000000d5580000,0x00000000d7580000,0x00000000d7580000)
  from space 2560K, 99% used [0x00000000d7800000,0x00000000d7a7c010,0x00000000d7a80000)
  to   space 2560K, 0% used [0x00000000d7580000,0x00000000d7580000,0x00000000d7800000)
 ParOldGen       total 44032K, used 1679K [0x0000000080000000, 0x0000000082b00000, 0x00000000d5580000)
  object space 44032K, 3% used [0x0000000080000000,0x00000000801a3c58,0x0000000082b00000)
 Metaspace       used 12116K, capacity 12520K, committed 12800K, reserved 1060864K
  class space    used 1608K, capacity 1730K, committed 1792K, reserved 1048576K
Event: 2.786 GC heap after
Heap after GC invocations=5 (full 0):
 PSYoungGen      total 35328K, used 2544K [0x00000000d5580000, 0x00000000da180000, 0x0000000100000000)
  eden space 32768K, 0% used [0x00000000d5580000,0x00000000d5580000,0x00000000d7580000)
  from space 2560K, 99% used [0x00000000d7580000,0x00000000d77fc010,0x00000000d7800000)
  to   space 6144K, 0% used [0x00000000d9b80000,0x00000000d9b80000,0x00000000da180000)
 ParOldGen       total 44032K, used 5083K [0x0000000080000000, 0x0000000082b00000, 0x00000000d5580000)
  object space 44032K, 11% used [0x0000000080000000,0x00000000804f6e60,0x0000000082b00000)
 Metaspace       used 12116K, capacity 12520K, committed 12800K, reserved 1060864K
  class space    used 1608K, capacity 1730K, committed 1792K, reserved 1048576K
}
Event: 3.181 GC heap before
{Heap before GC invocations=6 (full 0):
 PSYoungGen      total 35328K, used 35217K [0x00000000d5580000, 0x00000000da180000, 0x0000000100000000)
  eden space 32768K, 99% used [0x00000000d5580000,0x00000000d75685f0,0x00000000d7580000)
  from space 2560K, 99% used [0x00000000d7580000,0x00000000d77fc010,0x00000000d7800000)
  to   space 6144K, 0% used [0x00000000d9b80000,0x00000000d9b80000,0x00000000da180000)
 ParOldGen       total 44032K, used 5083K [0x0000000080000000, 0x0000000082b00000, 0x00000000d5580000)
  object space 44032K, 11% used [0x0000000080000000,0x00000000804f6e60,0x0000000082b00000)
 Metaspace       used 14670K, capacity 15202K, committed 15488K, reserved 1062912K
  class space    used 1997K, capacity 2125K, committed 2176K, reserved 1048576K
Event: 3.191 GC heap after
Heap after GC invocations=6 (full 0):
 PSYoungGen      total 70656K, used 6141K [0x00000000d5580000, 0x00000000da380000, 0x0000000100000000)
  eden space 64512K, 0% used [0x00000000d5580000,0x00000000d5580000,0x00000000d9480000)
  from space 6144K, 99% used [0x00000000d9b80000,0x00000000da17f5c8,0x00000000da180000)
  to   space 7168K, 0% used [0x00000000d9480000,0x00000000d9480000,0x00000000d9b80000)
 ParOldGen       total 44032K, used 5210K [0x0000000080000000, 0x0000000082b00000, 0x00000000d5580000)
  object space 44032K, 11% used [0x0000000080000000,0x0000000080516858,0x0000000082b00000)
 Metaspace       used 14670K, capacity 15202K, committed 15488K, reserved 1062912K
  class space    used 1997K, capacity 2125K, committed 2176K, reserved 1048576K
}

Deoptimization events (10 events):
Event: 2.807 Thread 0x000000001ab58000 Uncommon trap: reason=bimorphic action=maybe_recompile pc=0x0000000002820358 method=java.util.HashMap.putVal(ILjava/lang/Object;Ljava/lang/Object;ZZ)Ljava/lang/Object; @ 253
Event: 2.807 Thread 0x000000001ab58000 Uncommon trap: reason=bimorphic action=maybe_recompile pc=0x0000000002820358 method=java.util.HashMap.putVal(ILjava/lang/Object;Ljava/lang/Object;ZZ)Ljava/lang/Object; @ 253
Event: 2.808 Thread 0x000000001ab58000 Uncommon trap: reason=bimorphic action=maybe_recompile pc=0x0000000002820358 method=java.util.HashMap.putVal(ILjava/lang/Object;Ljava/lang/Object;ZZ)Ljava/lang/Object; @ 253
Event: 2.808 Thread 0x000000001ab58000 Uncommon trap: reason=bimorphic action=maybe_recompile pc=0x0000000002820358 method=java.util.HashMap.putVal(ILjava/lang/Object;Ljava/lang/Object;ZZ)Ljava/lang/Object; @ 253
Event: 3.082 Thread 0x000000001ab58000 Uncommon trap: reason=class_check action=maybe_recompile pc=0x0000000002888d18 method=java.util.regex.Matcher.match(II)Z @ 86
Event: 3.083 Thread 0x000000001ab58000 Uncommon trap: reason=class_check action=maybe_recompile pc=0x0000000002888d18 method=java.util.regex.Matcher.match(II)Z @ 86
Event: 3.083 Thread 0x000000001ab58000 Uncommon trap: reason=class_check action=maybe_recompile pc=0x0000000002888d18 method=java.util.regex.Matcher.match(II)Z @ 86
Event: 3.083 Thread 0x000000001ab58000 Uncommon trap: reason=class_check action=maybe_recompile pc=0x000000000271c610 method=java.util.regex.Matcher.match(II)Z @ 86
Event: 3.237 Thread 0x000000001ab58000 Uncommon trap: reason=unstable_if action=reinterpret pc=0x0000000002886e9c method=java.io.File.getName()Ljava/lang/String; @ 16
Event: 3.237 Thread 0x000000001ab58000 Uncommon trap: reason=unstable_if action=reinterpret pc=0x0000000002883054 method=java.lang.String.substring(I)Ljava/lang/String; @ 35

Classes redefined (0 events):
No events

Internal exceptions (10 events):
Event: 2.737 Thread 0x000000001aada000 Exception <a 'java/lang/NoSuchMethodError': <clinit>> (0x00000000d7420450) thrown at [C:\src\AOSP-openjdk-git\hotspot\src\share\vm\prims\jni.cpp, line 1615]
Event: 2.739 Thread 0x000000001aada000 Exception <a 'java/lang/NoSuchMethodError': <clinit>> (0x00000000d7429b58) thrown at [C:\src\AOSP-openjdk-git\hotspot\src\share\vm\prims\jni.cpp, line 1615]
Event: 2.741 Thread 0x000000001aada000 Exception <a 'java/lang/NoSuchMethodError': <clinit>> (0x00000000d743e110) thrown at [C:\src\AOSP-openjdk-git\hotspot\src\share\vm\prims\jni.cpp, line 1615]
Event: 2.752 Thread 0x000000001aada000 Exception <a 'java/lang/NoSuchMethodError': <clinit>> (0x00000000d74aafe0) thrown at [C:\src\AOSP-openjdk-git\hotspot\src\share\vm\prims\jni.cpp, line 1615]
Event: 2.758 Thread 0x000000001aada000 Exception <a 'java/lang/NoSuchMethodError': <clinit>> (0x00000000d74e54a8) thrown at [C:\src\AOSP-openjdk-git\hotspot\src\share\vm\prims\jni.cpp, line 1615]
Event: 2.765 Thread 0x000000001aada000 Exception <a 'java/lang/NoSuchMethodError': <clinit>> (0x00000000d751b0b0) thrown at [C:\src\AOSP-openjdk-git\hotspot\src\share\vm\prims\jni.cpp, line 1615]
Event: 2.768 Thread 0x000000001aada000 Exception <a 'java/lang/NoSuchMethodError': <clinit>> (0x00000000d75275e0) thrown at [C:\src\AOSP-openjdk-git\hotspot\src\share\vm\prims\jni.cpp, line 1615]
Event: 3.285 Thread 0x000000001ab58000 Exception <a 'java/lang/NoSuchMethodError': java.lang.Object.lambda$and$0(Ljava/util/function/Predicate;Ljava/lang/Object;)Z> (0x00000000d5984538) thrown at [C:\src\AOSP-openjdk-git\hotspot\src\share\vm\interpreter\linkResolver.cpp, line 620]
Event: 3.292 Thread 0x000000001ab58000 Exception <a 'java/lang/IncompatibleClassChangeError': Found class java.lang.Object, but interface was expected> (0x00000000d5994830) thrown at [C:\src\AOSP-openjdk-git\hotspot\src\share\vm\interpreter\linkResolver.cpp, line 653]
Event: 3.294 Thread 0x000000001ab58000 Exception <a 'java/lang/NoSuchMethodError': java.lang.Object.lambda$or$2(Ljava/util/function/Predicate;Ljava/lang/Object;)Z> (0x00000000d5999380) thrown at [C:\src\AOSP-openjdk-git\hotspot\src\share\vm\interpreter\linkResolver.cpp, line 620]

Events (10 events):
Event: 3.411 loading class org/gradle/internal/verifier/HttpRedirectVerifier
Event: 3.411 loading class org/gradle/internal/verifier/HttpRedirectVerifier done
Event: 3.411 loading class org/gradle/internal/resource/cached/ByUrlCachedExternalResourceIndex
Event: 3.411 loading class org/gradle/internal/resource/cached/ByUrlCachedExternalResourceIndex done
Event: 3.412 loading class org/gradle/internal/resource/cached/DefaultCachedExternalResourceIndex
Event: 3.412 loading class org/gradle/internal/resource/cached/DefaultCachedExternalResourceIndex done
Event: 3.412 loading class org/gradle/internal/resource/cached/AbstractCachedIndex
Event: 3.412 loading class org/gradle/internal/resource/cached/AbstractCachedIndex done
Event: 3.413 loading class org/gradle/api/internal/artifacts/ivyservice/ivyresolve/verification/DependencyVerificationOverride
Event: 3.413 loading class org/gradle/api/internal/artifacts/ivyservice/ivyresolve/verification/DependencyVerificationOverride done


Dynamic libraries:
0x00007ff6acea0000 - 0x00007ff6aced1000 	C:\Program Files\Android\Android Studio\jre\bin\java.exe
0x00007ffa5ed90000 - 0x00007ffa5ef85000 	C:\WINDOWS\SYSTEM32\ntdll.dll
0x00007ffa5e050000 - 0x00007ffa5e10d000 	C:\WINDOWS\System32\KERNEL32.DLL
0x00007ffa5c630000 - 0x00007ffa5c8fd000 	C:\WINDOWS\System32\KERNELBASE.dll
0x00007ffa5e240000 - 0x00007ffa5e2ee000 	C:\WINDOWS\System32\ADVAPI32.dll
0x00007ffa5da30000 - 0x00007ffa5dace000 	C:\WINDOWS\System32\msvcrt.dll
0x00007ffa5e1a0000 - 0x00007ffa5e23c000 	C:\WINDOWS\System32\sechost.dll
0x00007ffa5d7e0000 - 0x00007ffa5d905000 	C:\WINDOWS\System32\RPCRT4.dll
0x00007ffa5ce50000 - 0x00007ffa5cff0000 	C:\WINDOWS\System32\USER32.dll
0x00007ffa5ca40000 - 0x00007ffa5ca62000 	C:\WINDOWS\System32\win32u.dll
0x00007ffa5d580000 - 0x00007ffa5d5aa000 	C:\WINDOWS\System32\GDI32.dll
0x00007ffa5c900000 - 0x00007ffa5ca0b000 	C:\WINDOWS\System32\gdi32full.dll
0x00007ffa5ca70000 - 0x00007ffa5cb0d000 	C:\WINDOWS\System32\msvcp_win.dll
0x00007ffa5cb80000 - 0x00007ffa5cc80000 	C:\WINDOWS\System32\ucrtbase.dll
0x00007ffa4d9c0000 - 0x00007ffa4dc5a000 	C:\WINDOWS\WinSxS\amd64_microsoft.windows.common-controls_6595b64144ccf1df_6.0.19041.1110_none_60b5254171f9507e\COMCTL32.dll
0x00007ffa5e020000 - 0x00007ffa5e050000 	C:\WINDOWS\System32\IMM32.DLL
0x000000006b040000 - 0x000000006b112000 	C:\Program Files\Android\Android Studio\jre\jre\bin\msvcr100.dll
0x000000006b640000 - 0x000000006be8b000 	C:\Program Files\Android\Android Studio\jre\jre\bin\server\jvm.dll
0x00007ffa5e5f0000 - 0x00007ffa5e5f8000 	C:\WINDOWS\System32\PSAPI.DLL
0x00007ffa59990000 - 0x00007ffa59999000 	C:\WINDOWS\SYSTEM32\WSOCK32.dll
0x00007ffa52900000 - 0x00007ffa5290a000 	C:\WINDOWS\SYSTEM32\VERSION.dll
0x00007ffa5d770000 - 0x00007ffa5d7db000 	C:\WINDOWS\System32\WS2_32.dll
0x00007ffa429b0000 - 0x00007ffa429d7000 	C:\WINDOWS\SYSTEM32\WINMM.dll
0x00007ffa51bf0000 - 0x00007ffa51bff000 	C:\Program Files\Android\Android Studio\jre\jre\bin\verify.dll
0x00007ffa4ce70000 - 0x00007ffa4ce99000 	C:\Program Files\Android\Android Studio\jre\jre\bin\java.dll
0x00007ffa4cab0000 - 0x00007ffa4cac6000 	C:\Program Files\Android\Android Studio\jre\jre\bin\zip.dll
0x00007ffa5e600000 - 0x00007ffa5ed44000 	C:\WINDOWS\System32\SHELL32.dll
0x00007ffa5a1a0000 - 0x00007ffa5a934000 	C:\WINDOWS\SYSTEM32\windows.storage.dll
0x00007ffa5d220000 - 0x00007ffa5d574000 	C:\WINDOWS\System32\combase.dll
0x00007ffa5be30000 - 0x00007ffa5be5c000 	C:\WINDOWS\SYSTEM32\Wldp.dll
0x00007ffa5d5b0000 - 0x00007ffa5d65d000 	C:\WINDOWS\System32\SHCORE.dll
0x00007ffa5e2f0000 - 0x00007ffa5e345000 	C:\WINDOWS\System32\shlwapi.dll
0x00007ffa5c3e0000 - 0x00007ffa5c3ff000 	C:\WINDOWS\SYSTEM32\profapi.dll
0x00007ffa4c940000 - 0x00007ffa4c95a000 	C:\Program Files\Android\Android Studio\jre\jre\bin\net.dll
0x00007ffa5bb90000 - 0x00007ffa5bbfa000 	C:\WINDOWS\system32\mswsock.dll
0x00007ffa4c7d0000 - 0x00007ffa4c7e3000 	C:\Program Files\Android\Android Studio\jre\jre\bin\nio.dll
0x00007ffa4ec40000 - 0x00007ffa4ec67000 	C:\Users\e30\.gradle\native\f6784746aeab05261644944871eae4fe03e0ef1612fff0a4a95f87b438bc6780\windows-amd64\native-platform.dll
0x00007ffa50200000 - 0x00007ffa5020d000 	C:\Program Files\Android\Android Studio\jre\jre\bin\management.dll
0x00007ffa5bd80000 - 0x00007ffa5bd98000 	C:\WINDOWS\SYSTEM32\CRYPTSP.dll
0x00007ffa5b510000 - 0x00007ffa5b544000 	C:\WINDOWS\system32\rsaenh.dll
0x00007ffa5ca10000 - 0x00007ffa5ca37000 	C:\WINDOWS\System32\bcrypt.dll
0x00007ffa5c360000 - 0x00007ffa5c38e000 	C:\WINDOWS\SYSTEM32\USERENV.dll
0x00007ffa5c5a0000 - 0x00007ffa5c622000 	C:\WINDOWS\System32\bcryptprimitives.dll
0x00007ffa5bda0000 - 0x00007ffa5bdac000 	C:\WINDOWS\SYSTEM32\CRYPTBASE.dll
0x00007ffa5b880000 - 0x00007ffa5b8bb000 	C:\WINDOWS\SYSTEM32\IPHLPAPI.DLL
0x00007ffa5cde0000 - 0x00007ffa5cde8000 	C:\WINDOWS\System32\NSI.dll
0x00007ffa53a60000 - 0x00007ffa53a77000 	C:\WINDOWS\SYSTEM32\dhcpcsvc6.DLL
0x00007ffa53ad0000 - 0x00007ffa53aed000 	C:\WINDOWS\SYSTEM32\dhcpcsvc.DLL
0x00007ffa5b8c0000 - 0x00007ffa5b98b000 	C:\WINDOWS\SYSTEM32\DNSAPI.dll
0x00007ffa54c00000 - 0x00007ffa54c0b000 	C:\WINDOWS\SYSTEM32\WINNSI.DLL

VM Arguments:
jvm_args: -Xmx2048m -Dfile.encoding=UTF-8 -Duser.country=BR -Duser.language=pt -Duser.variant 
java_command: org.gradle.launcher.daemon.bootstrap.GradleDaemon 6.5
java_class_path (initial): C:\Users\e30\.gradle\wrapper\dists\gradle-6.5-all\2oz4ud9k3tuxjg84bbf55q0tn\gradle-6.5\lib\gradle-launcher-6.5.jar
Launcher Type: SUN_STANDARD

Environment Variables:
JAVA_HOME=C:\Program Files\Java\jdk1.8.0_281
PATH=C:\Program Files (x86)\Common Files\Oracle\Java\javapath;"C:\Program Files (x86)\Common Files\Oracle\Java\javapath;C:\Program Files\Java\jdk1.8.0_281\bin";C:\Program Files (x86)\Intel\Intel(R) Management Engine Components\iCLS\;C:\Program Files\Intel\Intel(R) Management Engine Components\iCLS\;C:\WINDOWS\system32;C:\WINDOWS;C:\WINDOWS\System32\Wbem;C:\WINDOWS\System32\WindowsPowerShell\v1.0\;C:\WINDOWS\System32\OpenSSH\;C:\Program Files (x86)\Intel\Intel(R) Management Engine Components\DAL;C:\Program Files\Intel\Intel(R) Management Engine Components\DAL;C:\Users\e30\AppData\Local\Programs\Python\Python38-32\Scripts;C:\Program Files\Git\cmd;C:\Users\e30\AppData\Local\Programs\Python\Python38-32\Scripts\;C:\Users\e30\AppData\Local\Programs\Python\Python38-32\;C:\Users\e30\AppData\Local\Microsoft\WindowsApps;C:\Users\e30\AppData\Local\Programs\Microsoft VS Code\bin;"C:\Users\e30\AppData\Local\Programs\;C:\Program Files\Java\jdk1.8.0_281\bin";C:\Users\e30\AppData\Local\GitHubDesktop\bin
USERNAME=e30
OS=Windows_NT
PROCESSOR_IDENTIFIER=Intel64 Family 6 Model 142 Stepping 9, GenuineIntel



---------------  S Y S T E M  ---------------

OS: Windows 10.0 , 64 bit Build 19041 (10.0.19041.1706)

CPU:total 4 (initial active 4) (2 cores per cpu, 2 threads per core) family 6 model 142 stepping 9, cmov, cx8, fxsr, mmx, sse, sse2, sse3, ssse3, sse4.1, sse4.2, popcnt, avx, avx2, aes, clmul, erms, 3dnowpref, lzcnt, ht, tsc, tscinvbit, bmi1, bmi2, adx

Memory: 4k page, physical 4107300k(359896k free), swap 8203300k(4976k free)

vm_info: OpenJDK 64-Bit Server VM (25.242-b01) for windows-amd64 JRE (1.8.0_242-release-1644-b01), built by "builder" with MS VC++ 10.0 (VS2010)

time: Tue May 24 22:52:21 2022
timezone: Hora oficial do Brasil
elapsed time: 3 seconds (0d 0h 0m 3s)

