#
# There is insufficient memory for the Java Runtime Environment to continue.
# Native memory allocation (malloc) failed to allocate 32744 bytes for ChunkPool::allocate
# Possible reasons:
#   The system is out of physical RAM or swap space
#   The process is running with CompressedOops enabled, and the Java Heap may be blocking the growth of the native heap
# Possible solutions:
#   Reduce memory load on the system
#   Increase physical memory or swap space
#   Check if swap backing store is full
#   Decrease Java heap size (-Xmx/-Xms)
#   Decrease number of Java threads
#   Decrease Java thread stack sizes (-Xss)
#   Set larger code cache with -XX:ReservedCodeCacheSize=
#   JVM is running with Unscaled Compressed Oops mode in which the Java heap is
#     placed in the first 4GB address space. The Java Heap base address is the
#     maximum limit for the native heap growth. Please use -XX:HeapBaseMinAddress
#     to set the Java Heap base and to place the Java Heap above 4GB virtual address.
# This output file may be truncated or incomplete.
#
#  Out of Memory Error (allocation.cpp:272), pid=8216, tid=0x0000000000002c5c
#
# JRE version: OpenJDK Runtime Environment (8.0_242-b01) (build 1.8.0_242-release-1644-b01)
# Java VM: OpenJDK 64-Bit Server VM (25.242-b01 mixed mode windows-amd64 compressed oops)
# Failed to write core dump. Minidumps are not enabled by default on client versions of Windows
#

---------------  T H R E A D  ---------------

Current thread (0x000000001744f000):  JavaThread "C2 CompilerThread1" daemon [_thread_in_native, id=11356, stack(0x0000000018bd0000,0x0000000018cd0000)]

Stack: [0x0000000018bd0000,0x0000000018cd0000]
[error occurred during error reporting (printing stack bounds), id 0xc0000005]

Native frames: (J=compiled Java code, j=interpreted, Vv=VM code, C=native code)


Current CompileTask:
C2:  50820 4860       4       com.sun.beans.TypeResolver::resolve (37 bytes)


---------------  P R O C E S S  ---------------

Java Threads: ( => current thread )
  0x0000000019505000 JavaThread "Cache worker for Build Output Cleanup Cache (C:\Users\e30\AndroidStudioProjects\LibrasKids\.gradle\buildOutputCleanup)" [_thread_blocked, id=11660, stack(0x00000000274c0000,0x00000000275c0000)]
  0x0000000019506800 JavaThread "jar transforms Thread 94" [_thread_blocked, id=13048, stack(0x0000000026fc0000,0x00000000270c0000)]
  0x0000000019506000 JavaThread "jar transforms Thread 93" [_thread_blocked, id=10388, stack(0x0000000026ec0000,0x0000000026fc0000)]
  0x0000000019507800 JavaThread "jar transforms Thread 92" [_thread_blocked, id=12060, stack(0x0000000026dc0000,0x0000000026ec0000)]
  0x0000000019503800 JavaThread "jar transforms Thread 91" [_thread_blocked, id=16768, stack(0x0000000026cc0000,0x0000000026dc0000)]
  0x000000001950a800 JavaThread "jar transforms Thread 90" [_thread_blocked, id=10944, stack(0x0000000026bc0000,0x0000000026cc0000)]
  0x0000000019509800 JavaThread "jar transforms Thread 89" [_thread_blocked, id=6676, stack(0x0000000026ac0000,0x0000000026bc0000)]
  0x0000000019509000 JavaThread "jar transforms Thread 88" [_thread_blocked, id=10572, stack(0x00000000269c0000,0x0000000026ac0000)]
  0x00000000194fc000 JavaThread "jar transforms Thread 87" [_thread_blocked, id=8244, stack(0x00000000268c0000,0x00000000269c0000)]
  0x0000000019502000 JavaThread "jar transforms Thread 86" [_thread_blocked, id=14036, stack(0x00000000267c0000,0x00000000268c0000)]
  0x0000000019500800 JavaThread "jar transforms Thread 85" [_thread_blocked, id=16988, stack(0x00000000266c0000,0x00000000267c0000)]
  0x0000000019502800 JavaThread "jar transforms Thread 84" [_thread_blocked, id=10716, stack(0x00000000265c0000,0x00000000266c0000)]
  0x00000000194ff800 JavaThread "jar transforms Thread 83" [_thread_blocked, id=14140, stack(0x00000000264c0000,0x00000000265c0000)]
  0x0000000019501000 JavaThread "jar transforms Thread 82" [_thread_blocked, id=8340, stack(0x00000000263c0000,0x00000000264c0000)]
  0x00000000194fe000 JavaThread "jar transforms Thread 81" [_thread_blocked, id=3732, stack(0x00000000262c0000,0x00000000263c0000)]
  0x00000000194fc800 JavaThread "jar transforms Thread 80" [_thread_blocked, id=12320, stack(0x00000000261c0000,0x00000000262c0000)]
  0x00000000194ff000 JavaThread "jar transforms Thread 79" [_thread_blocked, id=12208, stack(0x00000000260c0000,0x00000000261c0000)]
  0x00000000194fb000 JavaThread "jar transforms Thread 78" [_thread_blocked, id=16852, stack(0x0000000025fc0000,0x00000000260c0000)]
  0x00000000194fd800 JavaThread "jar transforms Thread 77" [_thread_blocked, id=14172, stack(0x0000000025ec0000,0x0000000025fc0000)]
  0x000000001a666000 JavaThread "jar transforms Thread 76" [_thread_blocked, id=13972, stack(0x0000000025dc0000,0x0000000025ec0000)]
  0x000000001a665800 JavaThread "jar transforms Thread 75" [_thread_blocked, id=15736, stack(0x0000000025cc0000,0x0000000025dc0000)]
  0x000000001a664800 JavaThread "jar transforms Thread 74" [_thread_blocked, id=6780, stack(0x0000000025bc0000,0x0000000025cc0000)]
  0x000000001a663000 JavaThread "jar transforms Thread 73" [_thread_blocked, id=8332, stack(0x0000000025ac0000,0x0000000025bc0000)]
  0x000000001a661800 JavaThread "jar transforms Thread 72" [_thread_blocked, id=5624, stack(0x00000000259c0000,0x0000000025ac0000)]
  0x000000001a662800 JavaThread "jar transforms Thread 71" [_thread_blocked, id=6252, stack(0x00000000258c0000,0x00000000259c0000)]
  0x000000001a664000 JavaThread "jar transforms Thread 70" [_thread_blocked, id=7116, stack(0x00000000257c0000,0x00000000258c0000)]
  0x000000001a65a000 JavaThread "jar transforms Thread 69" [_thread_blocked, id=16188, stack(0x00000000256c0000,0x00000000257c0000)]
  0x000000001a661000 JavaThread "jar transforms Thread 68" [_thread_blocked, id=15924, stack(0x00000000255c0000,0x00000000256c0000)]
  0x000000001a659800 JavaThread "jar transforms Thread 67" [_thread_blocked, id=15496, stack(0x00000000254c0000,0x00000000255c0000)]
  0x000000001a660000 JavaThread "jar transforms Thread 66" [_thread_blocked, id=468, stack(0x00000000253c0000,0x00000000254c0000)]
  0x000000001a65f800 JavaThread "jar transforms Thread 65" [_thread_blocked, id=10036, stack(0x00000000252c0000,0x00000000253c0000)]
  0x000000001a65c800 JavaThread "jar transforms Thread 64" [_thread_blocked, id=8272, stack(0x00000000251c0000,0x00000000252c0000)]
  0x000000001a65b800 JavaThread "jar transforms Thread 63" [_thread_blocked, id=13176, stack(0x00000000250c0000,0x00000000251c0000)]
  0x000000001a65e800 JavaThread "jar transforms Thread 62" [_thread_blocked, id=14292, stack(0x0000000024fc0000,0x00000000250c0000)]
  0x000000001a658800 JavaThread "jar transforms Thread 61" [_thread_blocked, id=11556, stack(0x0000000024ec0000,0x0000000024fc0000)]
  0x000000001a65b000 JavaThread "jar transforms Thread 60" [_thread_blocked, id=14744, stack(0x0000000024dc0000,0x0000000024ec0000)]
  0x000000001a657000 JavaThread "jar transforms Thread 59" [_thread_blocked, id=5052, stack(0x0000000024cc0000,0x0000000024dc0000)]
  0x000000001a658000 JavaThread "jar transforms Thread 58" [_thread_blocked, id=15400, stack(0x0000000024bc0000,0x0000000024cc0000)]
  0x000000001a65e000 JavaThread "jar transforms Thread 57" [_thread_blocked, id=14288, stack(0x0000000024ac0000,0x0000000024bc0000)]
  0x000000001a65d000 JavaThread "jar transforms Thread 56" [_thread_blocked, id=11340, stack(0x00000000249c0000,0x0000000024ac0000)]
  0x000000001def2000 JavaThread "jar transforms Thread 55" [_thread_blocked, id=4236, stack(0x00000000248c0000,0x00000000249c0000)]
  0x000000001def1000 JavaThread "jar transforms Thread 54" [_thread_blocked, id=7356, stack(0x00000000247c0000,0x00000000248c0000)]
  0x000000001deee000 JavaThread "jar transforms Thread 53" [_thread_blocked, id=10116, stack(0x00000000246c0000,0x00000000247c0000)]
  0x000000001def3800 JavaThread "jar transforms Thread 52" [_thread_blocked, id=4548, stack(0x00000000245c0000,0x00000000246c0000)]
  0x000000001def2800 JavaThread "jar transforms Thread 51" [_thread_blocked, id=5232, stack(0x00000000244c0000,0x00000000245c0000)]
  0x000000001def0800 JavaThread "jar transforms Thread 50" [_thread_blocked, id=4064, stack(0x00000000243c0000,0x00000000244c0000)]
  0x000000001deef800 JavaThread "jar transforms Thread 49" [_thread_blocked, id=6512, stack(0x00000000242c0000,0x00000000243c0000)]
  0x000000001dee8000 JavaThread "jar transforms Thread 48" [_thread_blocked, id=16460, stack(0x00000000241c0000,0x00000000242c0000)]
  0x000000001deed000 JavaThread "jar transforms Thread 47" [_thread_blocked, id=15384, stack(0x00000000240c0000,0x00000000241c0000)]
  0x000000001deef000 JavaThread "jar transforms Thread 46" [_thread_blocked, id=15340, stack(0x0000000023fc0000,0x00000000240c0000)]
  0x000000001deec800 JavaThread "jar transforms Thread 45" [_thread_blocked, id=12008, stack(0x0000000023ec0000,0x0000000023fc0000)]
  0x000000001dee5000 JavaThread "jar transforms Thread 44" [_thread_blocked, id=11000, stack(0x0000000023dc0000,0x0000000023ec0000)]
  0x000000001dee7000 JavaThread "jar transforms Thread 43" [_thread_blocked, id=15628, stack(0x0000000023cc0000,0x0000000023dc0000)]
  0x000000001deeb800 JavaThread "jar transforms Thread 42" [_thread_blocked, id=16036, stack(0x0000000023bc0000,0x0000000023cc0000)]
  0x000000001dee4000 JavaThread "jar transforms Thread 41" [_thread_blocked, id=14272, stack(0x0000000023ac0000,0x0000000023bc0000)]
  0x000000001dee6800 JavaThread "jar transforms Thread 40" [_thread_blocked, id=14344, stack(0x00000000239c0000,0x0000000023ac0000)]
  0x000000001dee5800 JavaThread "jar transforms Thread 39" [_thread_blocked, id=12776, stack(0x00000000238c0000,0x00000000239c0000)]
  0x000000001deea000 JavaThread "jar transforms Thread 38" [_thread_blocked, id=16444, stack(0x00000000237c0000,0x00000000238c0000)]
  0x000000001deeb000 JavaThread "jar transforms Thread 37" [_thread_blocked, id=2888, stack(0x00000000236c0000,0x00000000237c0000)]
  0x000000001dee9800 JavaThread "jar transforms Thread 36" [_thread_blocked, id=16548, stack(0x00000000235c0000,0x00000000236c0000)]
  0x000000001dee8800 JavaThread "jar transforms Thread 35" [_thread_blocked, id=16024, stack(0x00000000234c0000,0x00000000235c0000)]
  0x00000000196dc800 JavaThread "jar transforms Thread 34" [_thread_blocked, id=5180, stack(0x00000000233c0000,0x00000000234c0000)]
  0x00000000196dc000 JavaThread "jar transforms Thread 33" [_thread_blocked, id=11364, stack(0x00000000232c0000,0x00000000233c0000)]
  0x00000000196db000 JavaThread "jar transforms Thread 32" [_thread_blocked, id=15192, stack(0x00000000231c0000,0x00000000232c0000)]
  0x00000000196d9800 JavaThread "jar transforms Thread 31" [_thread_blocked, id=12196, stack(0x00000000230c0000,0x00000000231c0000)]
  0x00000000196da800 JavaThread "jar transforms Thread 30" [_thread_blocked, id=15184, stack(0x0000000022fc0000,0x00000000230c0000)]
  0x00000000196d2000 JavaThread "jar transforms Thread 29" [_thread_blocked, id=12800, stack(0x0000000022ec0000,0x0000000022fc0000)]
  0x00000000196d6800 JavaThread "jar transforms Thread 28" [_thread_blocked, id=6148, stack(0x0000000022dc0000,0x0000000022ec0000)]
  0x00000000196d6000 JavaThread "jar transforms Thread 27" [_thread_blocked, id=1364, stack(0x0000000022cc0000,0x0000000022dc0000)]
  0x00000000196d9000 JavaThread "jar transforms Thread 26" [_thread_blocked, id=8968, stack(0x0000000022bc0000,0x0000000022cc0000)]
  0x00000000196d5000 JavaThread "jar transforms Thread 25" [_thread_blocked, id=14060, stack(0x0000000022ac0000,0x0000000022bc0000)]
  0x00000000196d8000 JavaThread "jar transforms Thread 24" [_thread_blocked, id=6164, stack(0x00000000229c0000,0x0000000022ac0000)]
  0x00000000196d7800 JavaThread "jar transforms Thread 23" [_thread_blocked, id=9344, stack(0x00000000228c0000,0x00000000229c0000)]
  0x00000000196cf000 JavaThread "jar transforms Thread 22" [_thread_blocked, id=4072, stack(0x00000000227c0000,0x00000000228c0000)]
  0x00000000196cd800 JavaThread "jar transforms Thread 21" [_thread_blocked, id=17380, stack(0x00000000226c0000,0x00000000227c0000)]
  0x00000000196d0800 JavaThread "jar transforms Thread 20" [_thread_blocked, id=15784, stack(0x00000000225c0000,0x00000000226c0000)]
  0x00000000196d3800 JavaThread "jar transforms Thread 19" [_thread_blocked, id=6804, stack(0x00000000224c0000,0x00000000225c0000)]
  0x00000000196d1800 JavaThread "jar transforms Thread 18" [_thread_blocked, id=16220, stack(0x00000000223c0000,0x00000000224c0000)]
  0x00000000196ce800 JavaThread "jar transforms Thread 17" [_thread_blocked, id=16060, stack(0x00000000222c0000,0x00000000223c0000)]
  0x00000000196d3000 JavaThread "jar transforms Thread 16" [_thread_blocked, id=12648, stack(0x00000000221c0000,0x00000000222c0000)]
  0x00000000196d0000 JavaThread "jar transforms Thread 15" [_thread_blocked, id=16632, stack(0x00000000220c0000,0x00000000221c0000)]
  0x00000000196d4800 JavaThread "jar transforms Thread 14" [_thread_blocked, id=11284, stack(0x0000000021fc0000,0x00000000220c0000)]
  0x0000000019982800 JavaThread "jar transforms Thread 13" [_thread_blocked, id=2080, stack(0x0000000021ec0000,0x0000000021fc0000)]
  0x000000001997d800 JavaThread "jar transforms Thread 12" [_thread_blocked, id=6292, stack(0x0000000021dc0000,0x0000000021ec0000)]
  0x0000000019980800 JavaThread "jar transforms Thread 11" [_thread_blocked, id=3988, stack(0x0000000021bc0000,0x0000000021cc0000)]
  0x000000001997c800 JavaThread "jar transforms Thread 10" [_thread_blocked, id=15696, stack(0x0000000021ac0000,0x0000000021bc0000)]
  0x000000001997f000 JavaThread "jar transforms Thread 9" [_thread_blocked, id=10516, stack(0x00000000219c0000,0x0000000021ac0000)]
  0x000000001997e000 JavaThread "jar transforms Thread 8" [_thread_blocked, id=15964, stack(0x00000000218c0000,0x00000000219c0000)]
  0x0000000019982000 JavaThread "jar transforms Thread 7" [_thread_blocked, id=14352, stack(0x00000000217c0000,0x00000000218c0000)]
  0x000000001997f800 JavaThread "jar transforms Thread 6" [_thread_blocked, id=2232, stack(0x00000000216c0000,0x00000000217c0000)]
  0x0000000019981000 JavaThread "jar transforms Thread 5" [_thread_blocked, id=7656, stack(0x00000000215c0000,0x00000000216c0000)]
  0x0000000019983800 JavaThread "jar transforms Thread 4" [_thread_blocked, id=8524, stack(0x00000000214c0000,0x00000000215c0000)]
  0x0000000019975000 JavaThread "jar transforms Thread 3" [_thread_blocked, id=13224, stack(0x00000000213c0000,0x00000000214c0000)]
  0x000000001997c000 JavaThread "jar transforms Thread 2" [_thread_blocked, id=17336, stack(0x00000000212c0000,0x00000000213c0000)]
  0x0000000019979000 JavaThread "Build operations Thread 4" [_thread_blocked, id=5060, stack(0x00000000211c0000,0x00000000212c0000)]
  0x0000000019979800 JavaThread "Build operations Thread 3" [_thread_blocked, id=248, stack(0x00000000210c0000,0x00000000211c0000)]
  0x0000000019978000 JavaThread "Build operations Thread 2" [_thread_blocked, id=14972, stack(0x0000000020fc0000,0x00000000210c0000)]
  0x0000000019977800 JavaThread "Build operations" [_thread_blocked, id=5344, stack(0x0000000020ec0000,0x0000000020fc0000)]
  0x0000000019e8c800 JavaThread "Cache worker for file content cache (C:\Users\e30\.gradle\caches\6.5\fileContent)" [_thread_blocked, id=9836, stack(0x00000000207c0000,0x00000000208c0000)]
  0x0000000019e93000 JavaThread "jar transforms" [_thread_blocked, id=2460, stack(0x00000000206c0000,0x00000000207c0000)]
  0x0000000019e91800 JavaThread "Cache worker for execution history cache (C:\Users\e30\.gradle\caches\6.5\executionHistory)" [_thread_blocked, id=10264, stack(0x000000001ef90000,0x000000001f090000)]
  0x0000000019e8e000 JavaThread "Cache worker for cache directory md-rule (C:\Users\e30\.gradle\caches\6.5\md-rule)" [_thread_blocked, id=1528, stack(0x000000001ee90000,0x000000001ef90000)]
  0x0000000019e90000 JavaThread "Cache worker for cache directory md-supplier (C:\Users\e30\.gradle\caches\6.5\md-supplier)" [_thread_blocked, id=2576, stack(0x000000001ed90000,0x000000001ee90000)]
  0x0000000019e8d000 JavaThread "Cache worker for checksums cache (C:\Users\e30\AndroidStudioProjects\LibrasKids\.gradle\checksums)" [_thread_blocked, id=13936, stack(0x000000001ec90000,0x000000001ed90000)]
  0x0000000019e8f800 JavaThread "Cache worker for file hash cache (C:\Users\e30\AndroidStudioProjects\LibrasKids\.gradle\6.5\fileHashes)" [_thread_blocked, id=15200, stack(0x000000001e5e0000,0x000000001e6e0000)]
  0x0000000019e8e800 JavaThread "Cache worker for file hash cache (C:\Users\e30\.gradle\caches\6.5\fileHashes)" [_thread_blocked, id=15584, stack(0x000000001e790000,0x000000001e890000)]
  0x0000000019e92800 JavaThread "File lock request listener" [_thread_in_native, id=14912, stack(0x000000001d310000,0x000000001d410000)]
  0x0000000019e91000 JavaThread "Cache worker for journal cache (C:\Users\e30\.gradle\caches\journal-1)" [_thread_blocked, id=15708, stack(0x000000001d210000,0x000000001d310000)]
  0x00000000199c2000 JavaThread "Thread-9" [_thread_blocked, id=16596, stack(0x000000001bf40000,0x000000001c040000)]
  0x00000000199c1800 JavaThread "Stdin handler" [_thread_blocked, id=5784, stack(0x000000001be40000,0x000000001bf40000)]
  0x00000000199bc800 JavaThread "Asynchronous log dispatcher for DefaultDaemonConnection: socket connection from /127.0.0.1:54422 to /127.0.0.1:54423" [_thread_blocked, id=16112, stack(0x000000001bd40000,0x000000001be40000)]
  0x0000000019c41800 JavaThread "Daemon worker" [_thread_in_native, id=14312, stack(0x000000001bc40000,0x000000001bd40000)]
  0x0000000017499000 JavaThread "Cancel handler" [_thread_blocked, id=15684, stack(0x000000001bb40000,0x000000001bc40000)]
  0x0000000018dfe800 JavaThread "Handler for socket connection from /127.0.0.1:54422 to /127.0.0.1:54423" [_thread_in_native, id=16076, stack(0x000000001ba40000,0x000000001bb40000)]
  0x00000000190ce800 JavaThread "Daemon" [_thread_blocked, id=13360, stack(0x000000001b940000,0x000000001ba40000)]
  0x0000000019bd6000 JavaThread "Daemon periodic checks" [_thread_blocked, id=10732, stack(0x000000001b640000,0x000000001b740000)]
  0x0000000019bd5000 JavaThread "Incoming local TCP Connector on port 54422" [_thread_in_native, id=7364, stack(0x000000001b3e0000,0x000000001b4e0000)]
  0x0000000019bfc800 JavaThread "Daemon health stats" [_thread_blocked, id=17248, stack(0x000000001ada0000,0x000000001aea0000)]
  0x0000000018e08800 JavaThread "Service Thread" daemon [_thread_blocked, id=6452, stack(0x00000000191d0000,0x00000000192d0000)]
  0x000000001745c000 JavaThread "C1 CompilerThread2" daemon [_thread_blocked, id=4580, stack(0x0000000018cd0000,0x0000000018dd0000)]
=>0x000000001744f000 JavaThread "C2 CompilerThread1" daemon [_thread_in_native, id=11356, stack(0x0000000018bd0000,0x0000000018cd0000)]
  0x0000000017448000 JavaThread "C2 CompilerThread0" daemon [_thread_in_native, id=14568, stack(0x0000000018ad0000,0x0000000018bd0000)]
  0x0000000017446800 JavaThread "Attach Listener" daemon [_thread_blocked, id=15440, stack(0x00000000189d0000,0x0000000018ad0000)]
  0x0000000017443000 JavaThread "Signal Dispatcher" daemon [_thread_blocked, id=1852, stack(0x00000000188d0000,0x00000000189d0000)]
  0x000000000281b000 JavaThread "Finalizer" daemon [_thread_blocked, id=7736, stack(0x00000000186b0000,0x00000000187b0000)]
  0x0000000017429000 JavaThread "Reference Handler" daemon [_thread_blocked, id=16332, stack(0x00000000185b0000,0x00000000186b0000)]
  0x000000000261e800 JavaThread "main" [_thread_blocked, id=11288, stack(0x0000000002620000,0x0000000002720000)]

Other Threads:
  0x0000000017407000 VMThread [stack: 0x00000000184b0000,0x00000000185b0000] [id=3980]
  0x0000000018e09000 WatcherThread [stack: 0x00000000192d0000,0x00000000193d0000] [id=17340]

VM state:not at safepoint (normal execution)

VM Mutex/Monitor currently owned by a thread: None

heap address: 0x0000000080000000, size: 2048 MB, Compressed Oops mode: 32-bit
Narrow klass base: 0x0000000000000000, Narrow klass shift: 3
Compressed class space size: 1073741824 Address: 0x0000000100000000

Heap:
 PSYoungGen      total 93184K, used 49751K [0x00000000d5580000, 0x00000000dc280000, 0x0000000100000000)
  eden space 82944K, 48% used [0x00000000d5580000,0x00000000d7c744a8,0x00000000da680000)
  from space 10240K, 96% used [0x00000000db200000,0x00000000dbba1998,0x00000000dbc00000)
  to   space 11776K, 0% used [0x00000000da680000,0x00000000da680000,0x00000000db200000)
 ParOldGen       total 49152K, used 24233K [0x0000000080000000, 0x0000000083000000, 0x00000000d5580000)
  object space 49152K, 49% used [0x0000000080000000,0x00000000817aa538,0x0000000083000000)
 Metaspace       used 51450K, capacity 53458K, committed 53592K, reserved 1095680K
  class space    used 6874K, capacity 7292K, committed 7296K, reserved 1048576K

Card table byte_map: [0x0000000011be0000,0x0000000011ff0000] byte_map_base: 0x00000000117e0000

Marking Bits: (ParMarkBitMap*) 0x000000005f9ef030
 Begin Bits: [0x00000000126a0000, 0x00000000146a0000)
 End Bits:   [0x00000000146a0000, 0x00000000166a0000)

Polling page: 0x0000000000c30000

CodeCache: size=245760Kb used=15258Kb max_used=15283Kb free=230501Kb
 bounds [0x0000000002820000, 0x0000000003720000, 0x0000000011820000]
 total_blobs=5255 nmethods=4494 adapters=674
 compilation: enabled

Compilation events (10 events):
Event: 50.526 Thread 0x000000001745c000 4875       1       java.lang.invoke.MethodHandle::internalForm (5 bytes)
Event: 50.526 Thread 0x000000001745c000 nmethod 4875 0x0000000003709890 code [0x00000000037099e0, 0x0000000003709af0]
Event: 50.622 Thread 0x000000001745c000 4881       3       java.lang.reflect.Constructor::hasGenericInformation (13 bytes)
Event: 50.622 Thread 0x000000001745c000 nmethod 4881 0x0000000003709490 code [0x00000000037095e0, 0x0000000003709830]
Event: 50.624 Thread 0x000000001745c000 4882   !   3       com.sun.proxy.$Proxy14::annotationType (29 bytes)
Event: 50.624 Thread 0x000000001745c000 nmethod 4882 0x0000000003708d10 code [0x0000000003708ea0, 0x00000000037092d8]
Event: 50.793 Thread 0x000000001745c000 4883       1       java.lang.invoke.SimpleMethodHandle::fieldCount (2 bytes)
Event: 50.793 Thread 0x000000001745c000 nmethod 4883 0x0000000003708a50 code [0x0000000003708ba0, 0x0000000003708cb0]
Event: 50.795 Thread 0x000000001745c000 4884       3       java.util.WeakHashMap$Entry::<init> (24 bytes)
Event: 50.795 Thread 0x000000001745c000 nmethod 4884 0x0000000003708450 code [0x00000000037085c0, 0x00000000037088f0]

GC Heap History (10 events):
Event: 29.557 GC heap before
{Heap before GC invocations=16 (full 1):
 PSYoungGen      total 64000K, used 19412K [0x00000000d5580000, 0x00000000d9c80000, 0x0000000100000000)
  eden space 56320K, 28% used [0x00000000d5580000,0x00000000d6521080,0x00000000d8c80000)
  from space 7680K, 44% used [0x00000000d9380000,0x00000000d96d4328,0x00000000d9b00000)
  to   space 7168K, 0% used [0x00000000d8c80000,0x00000000d8c80000,0x00000000d9380000)
 ParOldGen       total 30720K, used 11530K [0x0000000080000000, 0x0000000081e00000, 0x00000000d5580000)
  object space 30720K, 37% used [0x0000000080000000,0x0000000080b42b50,0x0000000081e00000)
 Metaspace       used 34215K, capacity 35392K, committed 35416K, reserved 1079296K
  class space    used 4700K, capacity 4973K, committed 4992K, reserved 1048576K
Event: 29.564 GC heap after
Heap after GC invocations=16 (full 1):
 PSYoungGen      total 63488K, used 1089K [0x00000000d5580000, 0x00000000db080000, 0x0000000100000000)
  eden space 56320K, 0% used [0x00000000d5580000,0x00000000d5580000,0x00000000d8c80000)
  from space 7168K, 15% used [0x00000000d8c80000,0x00000000d8d90480,0x00000000d9380000)
  to   space 7168K, 0% used [0x00000000da980000,0x00000000da980000,0x00000000db080000)
 ParOldGen       total 30720K, used 13250K [0x0000000080000000, 0x0000000081e00000, 0x00000000d5580000)
  object space 30720K, 43% used [0x0000000080000000,0x0000000080cf0b80,0x0000000081e00000)
 Metaspace       used 34215K, capacity 35392K, committed 35416K, reserved 1079296K
  class space    used 4700K, capacity 4973K, committed 4992K, reserved 1048576K
}
Event: 29.564 GC heap before
{Heap before GC invocations=17 (full 2):
 PSYoungGen      total 63488K, used 1089K [0x00000000d5580000, 0x00000000db080000, 0x0000000100000000)
  eden space 56320K, 0% used [0x00000000d5580000,0x00000000d5580000,0x00000000d8c80000)
  from space 7168K, 15% used [0x00000000d8c80000,0x00000000d8d90480,0x00000000d9380000)
  to   space 7168K, 0% used [0x00000000da980000,0x00000000da980000,0x00000000db080000)
 ParOldGen       total 30720K, used 13250K [0x0000000080000000, 0x0000000081e00000, 0x00000000d5580000)
  object space 30720K, 43% used [0x0000000080000000,0x0000000080cf0b80,0x0000000081e00000)
 Metaspace       used 34215K, capacity 35392K, committed 35416K, reserved 1079296K
  class space    used 4700K, capacity 4973K, committed 4992K, reserved 1048576K
Event: 29.757 GC heap after
Heap after GC invocations=17 (full 2):
 PSYoungGen      total 63488K, used 0K [0x00000000d5580000, 0x00000000db080000, 0x0000000100000000)
  eden space 56320K, 0% used [0x00000000d5580000,0x00000000d5580000,0x00000000d8c80000)
  from space 7168K, 0% used [0x00000000d8c80000,0x00000000d8c80000,0x00000000d9380000)
  to   space 7168K, 0% used [0x00000000da980000,0x00000000da980000,0x00000000db080000)
 ParOldGen       total 49152K, used 13896K [0x0000000080000000, 0x0000000083000000, 0x00000000d5580000)
  object space 49152K, 28% used [0x0000000080000000,0x0000000080d92270,0x0000000083000000)
 Metaspace       used 34215K, capacity 35392K, committed 35416K, reserved 1079296K
  class space    used 4700K, capacity 4973K, committed 4992K, reserved 1048576K
}
Event: 34.997 GC heap before
{Heap before GC invocations=18 (full 2):
 PSYoungGen      total 63488K, used 56320K [0x00000000d5580000, 0x00000000db080000, 0x0000000100000000)
  eden space 56320K, 100% used [0x00000000d5580000,0x00000000d8c80000,0x00000000d8c80000)
  from space 7168K, 0% used [0x00000000d8c80000,0x00000000d8c80000,0x00000000d9380000)
  to   space 7168K, 0% used [0x00000000da980000,0x00000000da980000,0x00000000db080000)
 ParOldGen       total 49152K, used 13896K [0x0000000080000000, 0x0000000083000000, 0x00000000d5580000)
  object space 49152K, 28% used [0x0000000080000000,0x0000000080d92270,0x0000000083000000)
 Metaspace       used 36372K, capacity 37910K, committed 38104K, reserved 1081344K
  class space    used 4987K, capacity 5324K, committed 5376K, reserved 1048576K
Event: 35.014 GC heap after
Heap after GC invocations=18 (full 2):
 PSYoungGen      total 77312K, used 4694K [0x00000000d5580000, 0x00000000dae80000, 0x0000000100000000)
  eden space 72192K, 0% used [0x00000000d5580000,0x00000000d5580000,0x00000000d9c00000)
  from space 5120K, 91% used [0x00000000da980000,0x00000000dae15818,0x00000000dae80000)
  to   space 7680K, 0% used [0x00000000d9f80000,0x00000000d9f80000,0x00000000da700000)
 ParOldGen       total 49152K, used 13904K [0x0000000080000000, 0x0000000083000000, 0x00000000d5580000)
  object space 49152K, 28% used [0x0000000080000000,0x0000000080d94270,0x0000000083000000)
 Metaspace       used 36372K, capacity 37910K, committed 38104K, reserved 1081344K
  class space    used 4987K, capacity 5324K, committed 5376K, reserved 1048576K
}
Event: 43.688 GC heap before
{Heap before GC invocations=19 (full 2):
 PSYoungGen      total 77312K, used 76886K [0x00000000d5580000, 0x00000000dae80000, 0x0000000100000000)
  eden space 72192K, 100% used [0x00000000d5580000,0x00000000d9c00000,0x00000000d9c00000)
  from space 5120K, 91% used [0x00000000da980000,0x00000000dae15818,0x00000000dae80000)
  to   space 7680K, 0% used [0x00000000d9f80000,0x00000000d9f80000,0x00000000da700000)
 ParOldGen       total 49152K, used 13904K [0x0000000080000000, 0x0000000083000000, 0x00000000d5580000)
  object space 49152K, 28% used [0x0000000080000000,0x0000000080d94270,0x0000000083000000)
 Metaspace       used 43447K, capacity 45252K, committed 45400K, reserved 1089536K
  class space    used 5876K, capacity 6242K, committed 6272K, reserved 1048576K
Event: 43.726 GC heap after
Heap after GC invocations=19 (full 2):
 PSYoungGen      total 83456K, used 7666K [0x00000000d5580000, 0x00000000dbc00000, 0x0000000100000000)
  eden space 75776K, 0% used [0x00000000d5580000,0x00000000d5580000,0x00000000d9f80000)
  from space 7680K, 99% used [0x00000000d9f80000,0x00000000da6fcb30,0x00000000da700000)
  to   space 10240K, 0% used [0x00000000db200000,0x00000000db200000,0x00000000dbc00000)
 ParOldGen       total 49152K, used 17954K [0x0000000080000000, 0x0000000083000000, 0x00000000d5580000)
  object space 49152K, 36% used [0x0000000080000000,0x0000000081188ab8,0x0000000083000000)
 Metaspace       used 43447K, capacity 45252K, committed 45400K, reserved 1089536K
  class space    used 5876K, capacity 6242K, committed 6272K, reserved 1048576K
}
Event: 49.012 GC heap before
{Heap before GC invocations=20 (full 2):
 PSYoungGen      total 83456K, used 83442K [0x00000000d5580000, 0x00000000dbc00000, 0x0000000100000000)
  eden space 75776K, 100% used [0x00000000d5580000,0x00000000d9f80000,0x00000000d9f80000)
  from space 7680K, 99% used [0x00000000d9f80000,0x00000000da6fcb30,0x00000000da700000)
  to   space 10240K, 0% used [0x00000000db200000,0x00000000db200000,0x00000000dbc00000)
 ParOldGen       total 49152K, used 17954K [0x0000000080000000, 0x0000000083000000, 0x00000000d5580000)
  object space 49152K, 36% used [0x0000000080000000,0x0000000081188ab8,0x0000000083000000)
 Metaspace       used 50676K, capacity 52596K, committed 52696K, reserved 1095680K
  class space    used 6758K, capacity 7138K, committed 7168K, reserved 1048576K
Event: 49.053 GC heap after
Heap after GC invocations=20 (full 2):
 PSYoungGen      total 93184K, used 9862K [0x00000000d5580000, 0x00000000dc280000, 0x0000000100000000)
  eden space 82944K, 0% used [0x00000000d5580000,0x00000000d5580000,0x00000000da680000)
  from space 10240K, 96% used [0x00000000db200000,0x00000000dbba1998,0x00000000dbc00000)
  to   space 11776K, 0% used [0x00000000da680000,0x00000000da680000,0x00000000db200000)
 ParOldGen       total 49152K, used 24233K [0x0000000080000000, 0x0000000083000000, 0x00000000d5580000)
  object space 49152K, 49% used [0x0000000080000000,0x00000000817aa538,0x0000000083000000)
 Metaspace       used 50676K, capacity 52596K, committed 52696K, reserved 1095680K
  class space    used 6758K, capacity 7138K, committed 7168K, reserved 1048576K
}

Deoptimization events (10 events):
Event: 48.749 Thread 0x0000000019c41800 Uncommon trap: reason=unstable_if action=reinterpret pc=0x0000000002dfe910 method=org.gradle.internal.instantiation.generator.AbstractClassGenerator$InjectionAnnotationValidator.validateMethod(Ljava/lang/reflect/Method;Lorg/gradle/internal/reflect/Propert
Event: 49.181 Thread 0x0000000019c41800 Uncommon trap: reason=null_check action=make_not_entrant pc=0x0000000002f75550 method=java.lang.Class.searchMethods([Ljava/lang/reflect/Method;Ljava/lang/String;[Ljava/lang/Class;)Ljava/lang/reflect/Method; @ 59
Event: 49.320 Thread 0x0000000019c41800 Uncommon trap: reason=class_check action=maybe_recompile pc=0x0000000002f260a8 method=java.util.WeakHashMap.eq(Ljava/lang/Object;Ljava/lang/Object;)Z @ 7
Event: 49.811 Thread 0x0000000019c41800 Uncommon trap: reason=unstable_if action=reinterpret pc=0x000000000342156c method=org.codehaus.groovy.runtime.metaclass.MetaMethodIndex.isNonRealMethod(Lgroovy/lang/MetaMethod;)Z @ 4
Event: 49.812 Thread 0x0000000019c41800 Uncommon trap: reason=unstable_if action=reinterpret pc=0x0000000002d3bd30 method=groovy.lang.MetaClassImpl$1MOPIter.methodNameAction(Ljava/lang/Class;Lorg/codehaus/groovy/runtime/metaclass/MetaMethodIndex$Entry;)V @ 182
Event: 49.839 Thread 0x0000000019c41800 Uncommon trap: reason=bimorphic action=maybe_recompile pc=0x0000000002f0279c method=groovy.lang.MetaClassImpl.filterPropertyMethod(Ljava/lang/Object;ZZ)Ljava/lang/Object; @ 165
Event: 49.895 Thread 0x0000000019c41800 Uncommon trap: reason=unstable_if action=reinterpret pc=0x0000000003548a7c method=java.lang.ClassLoader.checkCerts(Ljava/lang/String;Ljava/security/CodeSource;)V @ 29
Event: 49.895 Thread 0x0000000019c41800 Uncommon trap: reason=unstable_if action=reinterpret pc=0x0000000003536e20 method=java.lang.ClassLoader.postDefineClass(Ljava/lang/Class;Ljava/security/ProtectionDomain;)V @ 4
Event: 49.943 Thread 0x0000000019c41800 Uncommon trap: reason=class_check action=maybe_recompile pc=0x0000000002f260a8 method=java.util.WeakHashMap.eq(Ljava/lang/Object;Ljava/lang/Object;)Z @ 7
Event: 49.996 Thread 0x0000000019c41800 Uncommon trap: reason=class_check action=maybe_recompile pc=0x0000000002f260a8 method=java.util.WeakHashMap.eq(Ljava/lang/Object;Ljava/lang/Object;)Z @ 7

Classes redefined (0 events):
No events

Internal exceptions (10 events):
Event: 49.895 Thread 0x0000000019c41800 Implicit null exception at 0x0000000003547647 to 0x0000000003548a61
Event: 49.895 Thread 0x0000000019c41800 Implicit null exception at 0x000000000353699a to 0x0000000003536dfd
Event: 49.907 Thread 0x0000000019c41800 Exception <a 'java/lang/ClassNotFoundException': org/gradle/api/internal/plugins/DefaultPluginContainerBeanInfo> (0x00000000d71dd988) thrown at [C:\src\AOSP-openjdk-git\hotspot\src\share\vm\classfile\systemDictionary.cpp, line 210]
Event: 49.908 Thread 0x0000000019c41800 Exception <a 'java/lang/ClassNotFoundException': org/gradle/api/internal/plugins/DefaultPluginCollectionBeanInfo> (0x00000000d721c950) thrown at [C:\src\AOSP-openjdk-git\hotspot\src\share\vm\classfile\systemDictionary.cpp, line 210]
Event: 49.910 Thread 0x0000000019c41800 Exception <a 'java/lang/ClassNotFoundException': org/gradle/api/internal/DefaultDomainObjectSetBeanInfo> (0x00000000d7255758) thrown at [C:\src\AOSP-openjdk-git\hotspot\src\share\vm\classfile\systemDictionary.cpp, line 210]
Event: 49.912 Thread 0x0000000019c41800 Exception <a 'java/lang/ClassNotFoundException': org/gradle/api/internal/DefaultDomainObjectSetCustomizer> (0x00000000d728ff50) thrown at [C:\src\AOSP-openjdk-git\hotspot\src\share\vm\classfile\systemDictionary.cpp, line 210]
Event: 49.934 Thread 0x0000000019c41800 Exception <a 'java/lang/ClassNotFoundException': org/gradle/api/internal/plugins/DefaultPluginCollectionCustomizer> (0x00000000d72e0d80) thrown at [C:\src\AOSP-openjdk-git\hotspot\src\share\vm\classfile\systemDictionary.cpp, line 210]
Event: 49.998 Thread 0x0000000019c41800 Exception <a 'java/lang/ClassNotFoundException': org/gradle/api/internal/plugins/DefaultPluginContainerCustomizer> (0x00000000d7350700) thrown at [C:\src\AOSP-openjdk-git\hotspot\src\share\vm\classfile\systemDictionary.cpp, line 210]
Event: 50.115 Thread 0x0000000019c41800 Exception <a 'java/lang/ClassNotFoundException': org/gradle/api/internal/DefaultDomainObjectSet_DecoratedBeanInfo> (0x00000000d75aeb08) thrown at [C:\src\AOSP-openjdk-git\hotspot\src\share\vm\classfile\systemDictionary.cpp, line 210]
Event: 50.116 Thread 0x0000000019c41800 Exception <a 'java/lang/ClassNotFoundException': org/gradle/api/internal/DefaultDomainObjectSet_DecoratedCustomizer> (0x00000000d75ef310) thrown at [C:\src\AOSP-openjdk-git\hotspot\src\share\vm\classfile\systemDictionary.cpp, line 210]

Events (10 events):
Event: 50.793 loading class org/gradle/api/model/ObjectFactory
Event: 50.793 loading class org/gradle/api/model/ObjectFactory done
Event: 50.793 loading class com/android/build/api/attributes/ProductFlavorAttr
Event: 50.793 loading class com/android/build/api/attributes/ProductFlavorAttr done
Event: 50.793 loading class org/gradle/api/model/ObjectFactory
Event: 50.793 loading class org/gradle/api/model/ObjectFactory done
Event: 50.794 loading class org/gradle/api/attributes/Usage
Event: 50.794 loading class org/gradle/api/attributes/Usage done
Event: 50.794 loading class com/android/builder/errors/IssueReporter$Type
Event: 50.794 loading class com/android/builder/errors/IssueReporter$Type done


Dynamic libraries:
0x00007ff793510000 - 0x00007ff793541000 	C:\Program Files\Android\Android Studio\jre\bin\java.exe
0x00007ffb61c90000 - 0x00007ffb61e85000 	C:\WINDOWS\SYSTEM32\ntdll.dll
0x00007ffb618c0000 - 0x00007ffb6197e000 	C:\WINDOWS\System32\KERNEL32.DLL
0x00007ffb5f8b0000 - 0x00007ffb5fb78000 	C:\WINDOWS\System32\KERNELBASE.dll
0x00007ffb61660000 - 0x00007ffb6170e000 	C:\WINDOWS\System32\ADVAPI32.dll
0x00007ffb61300000 - 0x00007ffb6139e000 	C:\WINDOWS\System32\msvcrt.dll
0x00007ffb61560000 - 0x00007ffb615fc000 	C:\WINDOWS\System32\sechost.dll
0x00007ffb60660000 - 0x00007ffb60785000 	C:\WINDOWS\System32\RPCRT4.dll
0x00007ffb61aa0000 - 0x00007ffb61c41000 	C:\WINDOWS\System32\USER32.dll
0x00007ffb5f4d0000 - 0x00007ffb5f4f2000 	C:\WINDOWS\System32\win32u.dll
0x00007ffb604e0000 - 0x00007ffb6050b000 	C:\WINDOWS\System32\GDI32.dll
0x00007ffb5f5e0000 - 0x00007ffb5f6ed000 	C:\WINDOWS\System32\gdi32full.dll
0x00007ffb5fb80000 - 0x00007ffb5fc1d000 	C:\WINDOWS\System32\msvcp_win.dll
0x00007ffb5f3a0000 - 0x00007ffb5f4a0000 	C:\WINDOWS\System32\ucrtbase.dll
0x00007ffb532f0000 - 0x00007ffb5358a000 	C:\WINDOWS\WinSxS\amd64_microsoft.windows.common-controls_6595b64144ccf1df_6.0.19041.1110_none_60b5254171f9507e\COMCTL32.dll
0x00007ffb5fcd0000 - 0x00007ffb5fd00000 	C:\WINDOWS\System32\IMM32.DLL
0x000000005f060000 - 0x000000005f132000 	C:\Program Files\Android\Android Studio\jre\jre\bin\msvcr100.dll
0x000000005f220000 - 0x000000005fa6b000 	C:\Program Files\Android\Android Studio\jre\jre\bin\server\jvm.dll
0x00007ffb61a90000 - 0x00007ffb61a98000 	C:\WINDOWS\System32\PSAPI.DLL
0x00007ffb4af40000 - 0x00007ffb4af49000 	C:\WINDOWS\SYSTEM32\WSOCK32.dll
0x00007ffb54ab0000 - 0x00007ffb54aba000 	C:\WINDOWS\SYSTEM32\VERSION.dll
0x00007ffb614f0000 - 0x00007ffb6155b000 	C:\WINDOWS\System32\WS2_32.dll
0x00007ffb4a120000 - 0x00007ffb4a147000 	C:\WINDOWS\SYSTEM32\WINMM.dll
0x00007ffb58ba0000 - 0x00007ffb58baf000 	C:\Program Files\Android\Android Studio\jre\jre\bin\verify.dll
0x00007ffb58960000 - 0x00007ffb58989000 	C:\Program Files\Android\Android Studio\jre\jre\bin\java.dll
0x00007ffb58b80000 - 0x00007ffb58b96000 	C:\Program Files\Android\Android Studio\jre\jre\bin\zip.dll
0x00007ffb5fd00000 - 0x00007ffb60444000 	C:\WINDOWS\System32\SHELL32.dll
0x00007ffb5d090000 - 0x00007ffb5d825000 	C:\WINDOWS\SYSTEM32\windows.storage.dll
0x00007ffb60d30000 - 0x00007ffb61085000 	C:\WINDOWS\System32\combase.dll
0x00007ffb5edf0000 - 0x00007ffb5ee1e000 	C:\WINDOWS\SYSTEM32\Wldp.dll
0x00007ffb619e0000 - 0x00007ffb61a8d000 	C:\WINDOWS\System32\SHCORE.dll
0x00007ffb61850000 - 0x00007ffb618a5000 	C:\WINDOWS\System32\shlwapi.dll
0x00007ffb5f2e0000 - 0x00007ffb5f2ff000 	C:\WINDOWS\SYSTEM32\profapi.dll
0x00007ffb58a30000 - 0x00007ffb58a4a000 	C:\Program Files\Android\Android Studio\jre\jre\bin\net.dll
0x00007ffb5eb50000 - 0x00007ffb5ebba000 	C:\WINDOWS\system32\mswsock.dll
0x00007ffb56e00000 - 0x00007ffb56e13000 	C:\Program Files\Android\Android Studio\jre\jre\bin\nio.dll
0x00007ffb4c910000 - 0x00007ffb4c937000 	C:\Users\e30\.gradle\native\f6784746aeab05261644944871eae4fe03e0ef1612fff0a4a95f87b438bc6780\windows-amd64\native-platform.dll
0x00007ffb57c90000 - 0x00007ffb57c9d000 	C:\Program Files\Android\Android Studio\jre\jre\bin\management.dll
0x00007ffb5ed40000 - 0x00007ffb5ed58000 	C:\WINDOWS\SYSTEM32\CRYPTSP.dll
0x00007ffb5e460000 - 0x00007ffb5e494000 	C:\WINDOWS\system32\rsaenh.dll
0x00007ffb5f4a0000 - 0x00007ffb5f4c7000 	C:\WINDOWS\System32\bcrypt.dll
0x00007ffb5f2a0000 - 0x00007ffb5f2ce000 	C:\WINDOWS\SYSTEM32\USERENV.dll
0x00007ffb5f550000 - 0x00007ffb5f5d2000 	C:\WINDOWS\System32\bcryptprimitives.dll
0x00007ffb5ed60000 - 0x00007ffb5ed6c000 	C:\WINDOWS\SYSTEM32\CRYPTBASE.dll
0x00007ffb5e7f0000 - 0x00007ffb5e82b000 	C:\WINDOWS\SYSTEM32\IPHLPAPI.DLL
0x00007ffb618b0000 - 0x00007ffb618b8000 	C:\WINDOWS\System32\NSI.dll
0x00007ffb55ac0000 - 0x00007ffb55ad7000 	C:\WINDOWS\SYSTEM32\dhcpcsvc6.DLL
0x00007ffb55bd0000 - 0x00007ffb55bed000 	C:\WINDOWS\SYSTEM32\dhcpcsvc.DLL
0x00007ffb5e880000 - 0x00007ffb5e94b000 	C:\WINDOWS\SYSTEM32\DNSAPI.dll
0x00007ffb55c60000 - 0x00007ffb55c6b000 	C:\WINDOWS\SYSTEM32\WINNSI.DLL

VM Arguments:
jvm_args: -Xmx2048m -Dfile.encoding=UTF-8 -Duser.country=BR -Duser.language=pt -Duser.variant 
java_command: org.gradle.launcher.daemon.bootstrap.GradleDaemon 6.5
java_class_path (initial): C:\Users\e30\.gradle\wrapper\dists\gradle-6.5-all\2oz4ud9k3tuxjg84bbf55q0tn\gradle-6.5\lib\gradle-launcher-6.5.jar
Launcher Type: SUN_STANDARD

Environment Variables:
JAVA_HOME=C:\Program Files\Java\jdk1.8.0_281
PATH=C:\Program Files (x86)\Common Files\Oracle\Java\javapath;"C:\Program Files (x86)\Common Files\Oracle\Java\javapath;C:\Program Files\Java\jdk1.8.0_281\bin";C:\Program Files (x86)\Intel\Intel(R) Management Engine Components\iCLS\;C:\Program Files\Intel\Intel(R) Management Engine Components\iCLS\;C:\WINDOWS\system32;C:\WINDOWS;C:\WINDOWS\System32\Wbem;C:\WINDOWS\System32\WindowsPowerShell\v1.0\;C:\WINDOWS\System32\OpenSSH\;C:\Program Files (x86)\Intel\Intel(R) Management Engine Components\DAL;C:\Program Files\Intel\Intel(R) Management Engine Components\DAL;C:\Users\e30\AppData\Local\Programs\Python\Python38-32\Scripts;C:\Program Files\Git\cmd;C:\Users\e30\AppData\Local\Programs\Python\Python38-32\Scripts\;C:\Users\e30\AppData\Local\Programs\Python\Python38-32\;C:\Users\e30\AppData\Local\Microsoft\WindowsApps;C:\Users\e30\AppData\Local\Programs\Microsoft VS Code\bin;"C:\Users\e30\AppData\Local\Programs\;C:\Program Files\Java\jdk1.8.0_281\bin";
USERNAME=e30
OS=Windows_NT
PROCESSOR_IDENTIFIER=Intel64 Family 6 Model 142 Stepping 9, GenuineIntel



---------------  S Y S T E M  ---------------

OS: Windows 10.0 , 64 bit Build 19041 (10.0.19041.1466)

CPU:total 4 (initial active 4) (2 cores per cpu, 2 threads per core) family 6 model 142 stepping 9, cmov, cx8, fxsr, mmx, sse, sse2, sse3, ssse3, sse4.1, sse4.2, popcnt, avx, avx2, aes, clmul, erms, 3dnowpref, lzcnt, ht, tsc, tscinvbit, bmi1, bmi2, adx

Memory: 4k page, physical 4107072k(286408k free), swap 8203072k(6576k free)

vm_info: OpenJDK 64-Bit Server VM (25.242-b01) for windows-amd64 JRE (1.8.0_242-release-1644-b01), built by "builder" with MS VC++ 10.0 (VS2010)

time: Mon Feb 07 12:43:36 2022
timezone: Hora oficial do Brasil
elapsed time: 50 seconds (0d 0h 0m 50s)

