#
# There is insufficient memory for the Java Runtime Environment to continue.
# Native memory allocation (malloc) failed to allocate 765216 bytes for Chunk::new
# Possible reasons:
#   The system is out of physical RAM or swap space
#   The process is running with CompressedOops enabled, and the Java Heap may be blocking the growth of the native heap
# Possible solutions:
#   Reduce memory load on the system
#   Increase physical memory or swap space
#   Check if swap backing store is full
#   Decrease Java heap size (-Xmx/-Xms)
#   Decrease number of Java threads
#   Decrease Java thread stack sizes (-Xss)
#   Set larger code cache with -XX:ReservedCodeCacheSize=
#   JVM is running with Unscaled Compressed Oops mode in which the Java heap is
#     placed in the first 4GB address space. The Java Heap base address is the
#     maximum limit for the native heap growth. Please use -XX:HeapBaseMinAddress
#     to set the Java Heap base and to place the Java Heap above 4GB virtual address.
# This output file may be truncated or incomplete.
#
#  Out of Memory Error (allocation.cpp:389), pid=10208, tid=0x000000000000300c
#
# JRE version: OpenJDK Runtime Environment (8.0_242-b01) (build 1.8.0_242-release-1644-b01)
# Java VM: OpenJDK 64-Bit Server VM (25.242-b01 mixed mode windows-amd64 compressed oops)
# Failed to write core dump. Minidumps are not enabled by default on client versions of Windows
#

---------------  T H R E A D  ---------------

Current thread (0x0000000017ecb000):  JavaThread "C2 CompilerThread1" daemon [_thread_in_native, id=12300, stack(0x0000000019640000,0x0000000019740000)]

Stack: [0x0000000019640000,0x0000000019740000]
[error occurred during error reporting (printing stack bounds), id 0xc0000005]

Native frames: (J=compiled Java code, j=interpreted, Vv=VM code, C=native code)


Current CompileTask:
C2:   3539 1531   !   4       java.net.URLClassLoader$1::run (63 bytes)


---------------  P R O C E S S  ---------------

Java Threads: ( => current thread )
  0x000000001bb44800 JavaThread "Cache worker for file hash cache (C:\Users\e30\.gradle\caches\6.5\fileHashes)" [_thread_blocked, id=1148, stack(0x000000001e180000,0x000000001e280000)]
  0x000000001bb48800 JavaThread "File lock request listener" [_thread_in_native, id=1400, stack(0x000000001de80000,0x000000001df80000)]
  0x000000001bb41000 JavaThread "Cache worker for journal cache (C:\Users\e30\.gradle\caches\journal-1)" [_thread_blocked, id=5664, stack(0x000000001dc80000,0x000000001dd80000)]
  0x000000001b98e800 JavaThread "Thread-9" [_thread_blocked, id=12832, stack(0x000000001d980000,0x000000001da80000)]
  0x0000000019f76800 JavaThread "Stdin handler" [_thread_blocked, id=9764, stack(0x000000001d880000,0x000000001d980000)]
  0x0000000019f75800 JavaThread "Asynchronous log dispatcher for DefaultDaemonConnection: socket connection from /127.0.0.1:62718 to /127.0.0.1:62719" [_thread_blocked, id=7156, stack(0x000000001d780000,0x000000001d880000)]
  0x000000001b934800 JavaThread "Daemon worker" [_thread_in_native, id=11164, stack(0x000000001d680000,0x000000001d780000)]
  0x0000000019eb4000 JavaThread "Cancel handler" [_thread_blocked, id=12916, stack(0x000000001d580000,0x000000001d680000)]
  0x000000001b93a000 JavaThread "Handler for socket connection from /127.0.0.1:62718 to /127.0.0.1:62719" [_thread_in_native, id=1512, stack(0x000000001d480000,0x000000001d580000)]
  0x000000001b919000 JavaThread "Daemon" [_thread_blocked, id=6564, stack(0x000000001d380000,0x000000001d480000)]
  0x000000001b917800 JavaThread "Daemon periodic checks" [_thread_blocked, id=5700, stack(0x000000001d280000,0x000000001d380000)]
  0x000000001b8bc800 JavaThread "Incoming local TCP Connector on port 62718" [_thread_in_native, id=10024, stack(0x000000001ce20000,0x000000001cf20000)]
  0x000000001b78f000 JavaThread "Daemon health stats" [_thread_blocked, id=8124, stack(0x000000001c7e0000,0x000000001c8e0000)]
  0x0000000017f1d800 JavaThread "Service Thread" daemon [_thread_blocked, id=11448, stack(0x0000000019c40000,0x0000000019d40000)]
  0x0000000017ed8800 JavaThread "C1 CompilerThread2" daemon [_thread_blocked, id=4548, stack(0x0000000019740000,0x0000000019840000)]
=>0x0000000017ecb000 JavaThread "C2 CompilerThread1" daemon [_thread_in_native, id=12300, stack(0x0000000019640000,0x0000000019740000)]
  0x0000000017ec7000 JavaThread "C2 CompilerThread0" daemon [_thread_in_native, id=752, stack(0x0000000019540000,0x0000000019640000)]
  0x0000000017ec5800 JavaThread "Attach Listener" daemon [_thread_blocked, id=1928, stack(0x0000000019440000,0x0000000019540000)]
  0x0000000017ec4800 JavaThread "Signal Dispatcher" daemon [_thread_blocked, id=10560, stack(0x0000000019340000,0x0000000019440000)]
  0x00000000031bc800 JavaThread "Finalizer" daemon [_thread_blocked, id=4728, stack(0x0000000019120000,0x0000000019220000)]
  0x0000000017ea9000 JavaThread "Reference Handler" daemon [_thread_blocked, id=2908, stack(0x0000000019020000,0x0000000019120000)]
  0x00000000030c2800 JavaThread "main" [_thread_blocked, id=10792, stack(0x0000000002f90000,0x0000000003090000)]

Other Threads:
  0x0000000017e86800 VMThread [stack: 0x0000000018f20000,0x0000000019020000] [id=11420]
  0x0000000017f1e000 WatcherThread [stack: 0x0000000019d40000,0x0000000019e40000] [id=3808]

VM state:not at safepoint (normal execution)

VM Mutex/Monitor currently owned by a thread: None

heap address: 0x0000000080000000, size: 2048 MB, Compressed Oops mode: 32-bit
Narrow klass base: 0x0000000000000000, Narrow klass shift: 3
Compressed class space size: 1073741824 Address: 0x0000000100000000

Heap:
 PSYoungGen      total 35328K, used 22451K [0x00000000d5580000, 0x00000000d7a80000, 0x0000000100000000)
  eden space 32768K, 68% used [0x00000000d5580000,0x00000000d6b6cf00,0x00000000d7580000)
  from space 2560K, 0% used [0x00000000d7580000,0x00000000d7580000,0x00000000d7800000)
  to   space 2560K, 0% used [0x00000000d7800000,0x00000000d7800000,0x00000000d7a80000)
 ParOldGen       total 29696K, used 5233K [0x0000000080000000, 0x0000000081d00000, 0x00000000d5580000)
  object space 29696K, 17% used [0x0000000080000000,0x000000008051c510,0x0000000081d00000)
 Metaspace       used 16788K, capacity 17484K, committed 17664K, reserved 1067008K
  class space    used 2267K, capacity 2438K, committed 2560K, reserved 1048576K

Card table byte_map: [0x0000000012660000,0x0000000012a70000] byte_map_base: 0x0000000012260000

Marking Bits: (ParMarkBitMap*) 0x000000006be0f030
 Begin Bits: [0x0000000013120000, 0x0000000015120000)
 End Bits:   [0x0000000015120000, 0x0000000017120000)

Polling page: 0x00000000017b0000

CodeCache: size=245760Kb used=5475Kb max_used=5475Kb free=240284Kb
 bounds [0x00000000032a0000, 0x0000000003800000, 0x00000000122a0000]
 total_blobs=1943 nmethods=1544 adapters=312
 compilation: enabled

Compilation events (10 events):
Event: 3.504 Thread 0x0000000017ed8800 1544       3       java.lang.Enum::<init> (15 bytes)
Event: 3.504 Thread 0x0000000017ed8800 nmethod 1544 0x00000000037f4c10 code [0x00000000037f4d60, 0x00000000037f4f30]
Event: 3.505 Thread 0x0000000017ed8800 1546       3       sun.reflect.generics.parser.SignatureParser::parsePackageNameAndSimpleClassTypeSignature (139 bytes)
Event: 3.508 Thread 0x0000000017ed8800 nmethod 1546 0x00000000037f4fd0 code [0x00000000037f5320, 0x00000000037f6ce8]
Event: 3.508 Thread 0x0000000017ed8800 1545       3       sun.reflect.generics.parser.SignatureParser::parseClassTypeSignature (118 bytes)
Event: 3.511 Thread 0x0000000017ed8800 nmethod 1545 0x00000000037f7b10 code [0x00000000037f7ec0, 0x00000000037f9988]
Event: 3.514 Thread 0x0000000017ed8800 1547       3       java.lang.reflect.Modifier::isPrivate (12 bytes)
Event: 3.515 Thread 0x0000000017ed8800 nmethod 1547 0x00000000037fa990 code [0x00000000037faae0, 0x00000000037fac70]
Event: 3.526 Thread 0x0000000017ed8800 1549       3       sun.reflect.ReflectionFactory::checkInitted (19 bytes)
Event: 3.526 Thread 0x0000000017ed8800 nmethod 1549 0x00000000037facd0 code [0x00000000037fae40, 0x00000000037fb108]

GC Heap History (10 events):
Event: 1.459 GC heap before
{Heap before GC invocations=4 (full 0):
 PSYoungGen      total 18944K, used 18640K [0x00000000d5580000, 0x00000000d7a80000, 0x0000000100000000)
  eden space 16384K, 100% used [0x00000000d5580000,0x00000000d6580000,0x00000000d6580000)
  from space 2560K, 88% used [0x00000000d6580000,0x00000000d67b4010,0x00000000d6800000)
  to   space 2560K, 0% used [0x00000000d7800000,0x00000000d7800000,0x00000000d7a80000)
 ParOldGen       total 44032K, used 1068K [0x0000000080000000, 0x0000000082b00000, 0x00000000d5580000)
  object space 44032K, 2% used [0x0000000080000000,0x000000008010b110,0x0000000082b00000)
 Metaspace       used 7789K, capacity 8162K, committed 8320K, reserved 1056768K
  class space    used 957K, capacity 1081K, committed 1152K, reserved 1048576K
Event: 1.464 GC heap after
Heap after GC invocations=4 (full 0):
 PSYoungGen      total 35328K, used 2560K [0x00000000d5580000, 0x00000000d7a80000, 0x0000000100000000)
  eden space 32768K, 0% used [0x00000000d5580000,0x00000000d5580000,0x00000000d7580000)
  from space 2560K, 100% used [0x00000000d7800000,0x00000000d7a80000,0x00000000d7a80000)
  to   space 2560K, 0% used [0x00000000d7580000,0x00000000d7580000,0x00000000d7800000)
 ParOldGen       total 44032K, used 1696K [0x0000000080000000, 0x0000000082b00000, 0x00000000d5580000)
  object space 44032K, 3% used [0x0000000080000000,0x00000000801a83b8,0x0000000082b00000)
 Metaspace       used 7789K, capacity 8162K, committed 8320K, reserved 1056768K
  class space    used 957K, capacity 1081K, committed 1152K, reserved 1048576K
}
Event: 2.664 GC heap before
{Heap before GC invocations=5 (full 0):
 PSYoungGen      total 35328K, used 35328K [0x00000000d5580000, 0x00000000d7a80000, 0x0000000100000000)
  eden space 32768K, 100% used [0x00000000d5580000,0x00000000d7580000,0x00000000d7580000)
  from space 2560K, 100% used [0x00000000d7800000,0x00000000d7a80000,0x00000000d7a80000)
  to   space 2560K, 0% used [0x00000000d7580000,0x00000000d7580000,0x00000000d7800000)
 ParOldGen       total 44032K, used 1696K [0x0000000080000000, 0x0000000082b00000, 0x00000000d5580000)
  object space 44032K, 3% used [0x0000000080000000,0x00000000801a83b8,0x0000000082b00000)
 Metaspace       used 12083K, capacity 12520K, committed 12800K, reserved 1060864K
  class space    used 1602K, capacity 1730K, committed 1792K, reserved 1048576K
Event: 2.676 GC heap after
Heap after GC invocations=5 (full 0):
 PSYoungGen      total 35328K, used 2544K [0x00000000d5580000, 0x00000000d7a80000, 0x0000000100000000)
  eden space 32768K, 0% used [0x00000000d5580000,0x00000000d5580000,0x00000000d7580000)
  from space 2560K, 99% used [0x00000000d7580000,0x00000000d77fc030,0x00000000d7800000)
  to   space 2560K, 0% used [0x00000000d7800000,0x00000000d7800000,0x00000000d7a80000)
 ParOldGen       total 44032K, used 5063K [0x0000000080000000, 0x0000000082b00000, 0x00000000d5580000)
  object space 44032K, 11% used [0x0000000080000000,0x00000000804f1df0,0x0000000082b00000)
 Metaspace       used 12083K, capacity 12520K, committed 12800K, reserved 1060864K
  class space    used 1602K, capacity 1730K, committed 1792K, reserved 1048576K
}
Event: 3.052 GC heap before
{Heap before GC invocations=6 (full 0):
 PSYoungGen      total 35328K, used 35206K [0x00000000d5580000, 0x00000000d7a80000, 0x0000000100000000)
  eden space 32768K, 99% used [0x00000000d5580000,0x00000000d7565a70,0x00000000d7580000)
  from space 2560K, 99% used [0x00000000d7580000,0x00000000d77fc030,0x00000000d7800000)
  to   space 2560K, 0% used [0x00000000d7800000,0x00000000d7800000,0x00000000d7a80000)
 ParOldGen       total 44032K, used 5063K [0x0000000080000000, 0x0000000082b00000, 0x00000000d5580000)
  object space 44032K, 11% used [0x0000000080000000,0x00000000804f1df0,0x0000000082b00000)
 Metaspace       used 14641K, capacity 15138K, committed 15232K, reserved 1062912K
  class space    used 1996K, capacity 2125K, committed 2176K, reserved 1048576K
Event: 3.062 GC heap after
Heap after GC invocations=6 (full 0):
 PSYoungGen      total 35328K, used 2528K [0x00000000d5580000, 0x00000000d7a80000, 0x0000000100000000)
  eden space 32768K, 0% used [0x00000000d5580000,0x00000000d5580000,0x00000000d7580000)
  from space 2560K, 98% used [0x00000000d7800000,0x00000000d7a78020,0x00000000d7a80000)
  to   space 2560K, 0% used [0x00000000d7580000,0x00000000d7580000,0x00000000d7800000)
 ParOldGen       total 44032K, used 8723K [0x0000000080000000, 0x0000000082b00000, 0x00000000d5580000)
  object space 44032K, 19% used [0x0000000080000000,0x0000000080884c80,0x0000000082b00000)
 Metaspace       used 14641K, capacity 15138K, committed 15232K, reserved 1062912K
  class space    used 1996K, capacity 2125K, committed 2176K, reserved 1048576K
}
Event: 3.069 GC heap before
{Heap before GC invocations=7 (full 0):
 PSYoungGen      total 35328K, used 3429K [0x00000000d5580000, 0x00000000d7a80000, 0x0000000100000000)
  eden space 32768K, 2% used [0x00000000d5580000,0x00000000d5661660,0x00000000d7580000)
  from space 2560K, 98% used [0x00000000d7800000,0x00000000d7a78020,0x00000000d7a80000)
  to   space 2560K, 0% used [0x00000000d7580000,0x00000000d7580000,0x00000000d7800000)
 ParOldGen       total 44032K, used 8723K [0x0000000080000000, 0x0000000082b00000, 0x00000000d5580000)
  object space 44032K, 19% used [0x0000000080000000,0x0000000080884c80,0x0000000082b00000)
 Metaspace       used 14913K, capacity 15394K, committed 15488K, reserved 1069056K
  class space    used 1996K, capacity 2125K, committed 2176K, reserved 1048576K
Event: 3.074 GC heap after
Heap after GC invocations=7 (full 0):
 PSYoungGen      total 35328K, used 2336K [0x00000000d5580000, 0x00000000d7a80000, 0x0000000100000000)
  eden space 32768K, 0% used [0x00000000d5580000,0x00000000d5580000,0x00000000d7580000)
  from space 2560K, 91% used [0x00000000d7580000,0x00000000d77c81f8,0x00000000d7800000)
  to   space 2560K, 0% used [0x00000000d7800000,0x00000000d7800000,0x00000000d7a80000)
 ParOldGen       total 44032K, used 9475K [0x0000000080000000, 0x0000000082b00000, 0x00000000d5580000)
  object space 44032K, 21% used [0x0000000080000000,0x0000000080940ca0,0x0000000082b00000)
 Metaspace       used 14913K, capacity 15394K, committed 15488K, reserved 1069056K
  class space    used 1996K, capacity 2125K, committed 2176K, reserved 1048576K
}
Event: 3.074 GC heap before
{Heap before GC invocations=8 (full 1):
 PSYoungGen      total 35328K, used 2336K [0x00000000d5580000, 0x00000000d7a80000, 0x0000000100000000)
  eden space 32768K, 0% used [0x00000000d5580000,0x00000000d5580000,0x00000000d7580000)
  from space 2560K, 91% used [0x00000000d7580000,0x00000000d77c81f8,0x00000000d7800000)
  to   space 2560K, 0% used [0x00000000d7800000,0x00000000d7800000,0x00000000d7a80000)
 ParOldGen       total 44032K, used 9475K [0x0000000080000000, 0x0000000082b00000, 0x00000000d5580000)
  object space 44032K, 21% used [0x0000000080000000,0x0000000080940ca0,0x0000000082b00000)
 Metaspace       used 14913K, capacity 15394K, committed 15488K, reserved 1069056K
  class space    used 1996K, capacity 2125K, committed 2176K, reserved 1048576K
Event: 3.164 GC heap after
Heap after GC invocations=8 (full 1):
 PSYoungGen      total 35328K, used 0K [0x00000000d5580000, 0x00000000d7a80000, 0x0000000100000000)
  eden space 32768K, 0% used [0x00000000d5580000,0x00000000d5580000,0x00000000d7580000)
  from space 2560K, 0% used [0x00000000d7580000,0x00000000d7580000,0x00000000d7800000)
  to   space 2560K, 0% used [0x00000000d7800000,0x00000000d7800000,0x00000000d7a80000)
 ParOldGen       total 29696K, used 5233K [0x0000000080000000, 0x0000000081d00000, 0x00000000d5580000)
  object space 29696K, 17% used [0x0000000080000000,0x000000008051c510,0x0000000081d00000)
 Metaspace       used 14913K, capacity 15394K, committed 15488K, reserved 1067008K
  class space    used 1996K, capacity 2125K, committed 2176K, reserved 1048576K
}

Deoptimization events (10 events):
Event: 2.700 Thread 0x000000001b934800 Uncommon trap: reason=bimorphic action=maybe_recompile pc=0x0000000003559ed0 method=java.util.HashMap.putVal(ILjava/lang/Object;Ljava/lang/Object;ZZ)Ljava/lang/Object; @ 253
Event: 2.700 Thread 0x000000001b934800 Uncommon trap: reason=bimorphic action=maybe_recompile pc=0x0000000003559ed0 method=java.util.HashMap.putVal(ILjava/lang/Object;Ljava/lang/Object;ZZ)Ljava/lang/Object; @ 253
Event: 2.700 Thread 0x000000001b934800 Uncommon trap: reason=bimorphic action=maybe_recompile pc=0x0000000003559ed0 method=java.util.HashMap.putVal(ILjava/lang/Object;Ljava/lang/Object;ZZ)Ljava/lang/Object; @ 253
Event: 2.700 Thread 0x000000001b934800 Uncommon trap: reason=bimorphic action=maybe_recompile pc=0x0000000003559ed0 method=java.util.HashMap.putVal(ILjava/lang/Object;Ljava/lang/Object;ZZ)Ljava/lang/Object; @ 253
Event: 2.952 Thread 0x000000001b934800 Uncommon trap: reason=class_check action=maybe_recompile pc=0x00000000035de618 method=java.util.regex.Matcher.match(II)Z @ 86
Event: 2.953 Thread 0x000000001b934800 Uncommon trap: reason=class_check action=maybe_recompile pc=0x00000000035de618 method=java.util.regex.Matcher.match(II)Z @ 86
Event: 2.953 Thread 0x000000001b934800 Uncommon trap: reason=class_check action=maybe_recompile pc=0x00000000035de618 method=java.util.regex.Matcher.match(II)Z @ 86
Event: 2.953 Thread 0x000000001b934800 Uncommon trap: reason=class_check action=maybe_recompile pc=0x0000000003456a0c method=java.util.regex.Matcher.match(II)Z @ 86
Event: 3.208 Thread 0x000000001b934800 Uncommon trap: reason=unstable_if action=reinterpret pc=0x00000000035cb79c method=java.io.File.getName()Ljava/lang/String; @ 16
Event: 3.208 Thread 0x000000001b934800 Uncommon trap: reason=unstable_if action=reinterpret pc=0x00000000035c2154 method=java.lang.String.substring(I)Ljava/lang/String; @ 35

Classes redefined (0 events):
No events

Internal exceptions (10 events):
Event: 2.630 Thread 0x000000001b93a000 Exception <a 'java/lang/NoSuchMethodError': <clinit>> (0x00000000d7439af0) thrown at [C:\src\AOSP-openjdk-git\hotspot\src\share\vm\prims\jni.cpp, line 1615]
Event: 2.632 Thread 0x000000001b93a000 Exception <a 'java/lang/NoSuchMethodError': <clinit>> (0x00000000d74431f8) thrown at [C:\src\AOSP-openjdk-git\hotspot\src\share\vm\prims\jni.cpp, line 1615]
Event: 2.634 Thread 0x000000001b93a000 Exception <a 'java/lang/NoSuchMethodError': <clinit>> (0x00000000d74577b0) thrown at [C:\src\AOSP-openjdk-git\hotspot\src\share\vm\prims\jni.cpp, line 1615]
Event: 2.644 Thread 0x000000001b93a000 Exception <a 'java/lang/NoSuchMethodError': <clinit>> (0x00000000d74c4670) thrown at [C:\src\AOSP-openjdk-git\hotspot\src\share\vm\prims\jni.cpp, line 1615]
Event: 2.651 Thread 0x000000001b93a000 Exception <a 'java/lang/NoSuchMethodError': <clinit>> (0x00000000d74feb38) thrown at [C:\src\AOSP-openjdk-git\hotspot\src\share\vm\prims\jni.cpp, line 1615]
Event: 2.656 Thread 0x000000001b93a000 Exception <a 'java/lang/NoSuchMethodError': <clinit>> (0x00000000d7534718) thrown at [C:\src\AOSP-openjdk-git\hotspot\src\share\vm\prims\jni.cpp, line 1615]
Event: 2.658 Thread 0x000000001b93a000 Exception <a 'java/lang/NoSuchMethodError': <clinit>> (0x00000000d7540c48) thrown at [C:\src\AOSP-openjdk-git\hotspot\src\share\vm\prims\jni.cpp, line 1615]
Event: 3.324 Thread 0x000000001b934800 Exception <a 'java/lang/NoSuchMethodError': java.lang.Object.lambda$and$0(Ljava/util/function/Predicate;Ljava/lang/Object;)Z> (0x00000000d58f7550) thrown at [C:\src\AOSP-openjdk-git\hotspot\src\share\vm\interpreter\linkResolver.cpp, line 620]
Event: 3.355 Thread 0x000000001b934800 Exception <a 'java/lang/IncompatibleClassChangeError': Found class java.lang.Object, but interface was expected> (0x00000000d5907848) thrown at [C:\src\AOSP-openjdk-git\hotspot\src\share\vm\interpreter\linkResolver.cpp, line 653]
Event: 3.360 Thread 0x000000001b934800 Exception <a 'java/lang/NoSuchMethodError': java.lang.Object.lambda$or$2(Ljava/util/function/Predicate;Ljava/lang/Object;)Z> (0x00000000d590c398) thrown at [C:\src\AOSP-openjdk-git\hotspot\src\share\vm\interpreter\linkResolver.cpp, line 620]

Events (10 events):
Event: 3.534 loading class org/gradle/nativeplatform/toolchain/internal/metadata/CompilerMetaDataProviderFactory
Event: 3.534 loading class org/gradle/nativeplatform/toolchain/internal/metadata/CompilerMetaDataProviderFactory done
Event: 3.535 loading class org/gradle/nativeplatform/toolchain/internal/metadata/CompilerMetaDataProvider
Event: 3.535 loading class org/gradle/nativeplatform/toolchain/internal/metadata/CompilerMetaDataProvider done
Event: 3.535 loading class org/gradle/internal/resource/transport/aws/s3/S3ResourcesPluginServiceRegistry$AuthenticationSchemeAction
Event: 3.535 loading class org/gradle/internal/resource/transport/aws/s3/S3ResourcesPluginServiceRegistry$AuthenticationSchemeAction done
Event: 3.536 loading class org/gradle/authentication/aws/AwsImAuthentication
Event: 3.536 loading class org/gradle/authentication/aws/AwsImAuthentication done
Event: 3.537 loading class org/gradle/internal/authentication/DefaultAwsImAuthentication
Event: 3.537 loading class org/gradle/internal/authentication/DefaultAwsImAuthentication done


Dynamic libraries:
0x00007ff6acea0000 - 0x00007ff6aced1000 	C:\Program Files\Android\Android Studio\jre\bin\java.exe
0x00007ffa5ed90000 - 0x00007ffa5ef85000 	C:\WINDOWS\SYSTEM32\ntdll.dll
0x00007ffa5e050000 - 0x00007ffa5e10d000 	C:\WINDOWS\System32\KERNEL32.DLL
0x00007ffa5c630000 - 0x00007ffa5c8fd000 	C:\WINDOWS\System32\KERNELBASE.dll
0x00007ffa5e240000 - 0x00007ffa5e2ee000 	C:\WINDOWS\System32\ADVAPI32.dll
0x00007ffa5da30000 - 0x00007ffa5dace000 	C:\WINDOWS\System32\msvcrt.dll
0x00007ffa5e1a0000 - 0x00007ffa5e23c000 	C:\WINDOWS\System32\sechost.dll
0x00007ffa5d7e0000 - 0x00007ffa5d905000 	C:\WINDOWS\System32\RPCRT4.dll
0x00007ffa5ce50000 - 0x00007ffa5cff0000 	C:\WINDOWS\System32\USER32.dll
0x00007ffa5ca40000 - 0x00007ffa5ca62000 	C:\WINDOWS\System32\win32u.dll
0x00007ffa5d580000 - 0x00007ffa5d5aa000 	C:\WINDOWS\System32\GDI32.dll
0x00007ffa5c900000 - 0x00007ffa5ca0b000 	C:\WINDOWS\System32\gdi32full.dll
0x00007ffa5ca70000 - 0x00007ffa5cb0d000 	C:\WINDOWS\System32\msvcp_win.dll
0x00007ffa5cb80000 - 0x00007ffa5cc80000 	C:\WINDOWS\System32\ucrtbase.dll
0x00007ffa4d9c0000 - 0x00007ffa4dc5a000 	C:\WINDOWS\WinSxS\amd64_microsoft.windows.common-controls_6595b64144ccf1df_6.0.19041.1110_none_60b5254171f9507e\COMCTL32.dll
0x00007ffa5e020000 - 0x00007ffa5e050000 	C:\WINDOWS\System32\IMM32.DLL
0x000000006b040000 - 0x000000006b112000 	C:\Program Files\Android\Android Studio\jre\jre\bin\msvcr100.dll
0x000000006b640000 - 0x000000006be8b000 	C:\Program Files\Android\Android Studio\jre\jre\bin\server\jvm.dll
0x00007ffa5e5f0000 - 0x00007ffa5e5f8000 	C:\WINDOWS\System32\PSAPI.DLL
0x00007ffa429b0000 - 0x00007ffa429d7000 	C:\WINDOWS\SYSTEM32\WINMM.dll
0x00007ffa52900000 - 0x00007ffa5290a000 	C:\WINDOWS\SYSTEM32\VERSION.dll
0x00007ffa59990000 - 0x00007ffa59999000 	C:\WINDOWS\SYSTEM32\WSOCK32.dll
0x00007ffa5d770000 - 0x00007ffa5d7db000 	C:\WINDOWS\System32\WS2_32.dll
0x00007ffa51bf0000 - 0x00007ffa51bff000 	C:\Program Files\Android\Android Studio\jre\jre\bin\verify.dll
0x00007ffa4ce70000 - 0x00007ffa4ce99000 	C:\Program Files\Android\Android Studio\jre\jre\bin\java.dll
0x00007ffa4cab0000 - 0x00007ffa4cac6000 	C:\Program Files\Android\Android Studio\jre\jre\bin\zip.dll
0x00007ffa5e600000 - 0x00007ffa5ed44000 	C:\WINDOWS\System32\SHELL32.dll
0x00007ffa5a1a0000 - 0x00007ffa5a934000 	C:\WINDOWS\SYSTEM32\windows.storage.dll
0x00007ffa5d220000 - 0x00007ffa5d574000 	C:\WINDOWS\System32\combase.dll
0x00007ffa5be30000 - 0x00007ffa5be5c000 	C:\WINDOWS\SYSTEM32\Wldp.dll
0x00007ffa5d5b0000 - 0x00007ffa5d65d000 	C:\WINDOWS\System32\SHCORE.dll
0x00007ffa5e2f0000 - 0x00007ffa5e345000 	C:\WINDOWS\System32\shlwapi.dll
0x00007ffa5c3e0000 - 0x00007ffa5c3ff000 	C:\WINDOWS\SYSTEM32\profapi.dll
0x00007ffa4c940000 - 0x00007ffa4c95a000 	C:\Program Files\Android\Android Studio\jre\jre\bin\net.dll
0x00007ffa5bb90000 - 0x00007ffa5bbfa000 	C:\WINDOWS\system32\mswsock.dll
0x00007ffa4c7d0000 - 0x00007ffa4c7e3000 	C:\Program Files\Android\Android Studio\jre\jre\bin\nio.dll
0x00007ffa4ec40000 - 0x00007ffa4ec67000 	C:\Users\e30\.gradle\native\f6784746aeab05261644944871eae4fe03e0ef1612fff0a4a95f87b438bc6780\windows-amd64\native-platform.dll
0x00007ffa50200000 - 0x00007ffa5020d000 	C:\Program Files\Android\Android Studio\jre\jre\bin\management.dll
0x00007ffa5bd80000 - 0x00007ffa5bd98000 	C:\WINDOWS\SYSTEM32\CRYPTSP.dll
0x00007ffa5b510000 - 0x00007ffa5b544000 	C:\WINDOWS\system32\rsaenh.dll
0x00007ffa5ca10000 - 0x00007ffa5ca37000 	C:\WINDOWS\System32\bcrypt.dll
0x00007ffa5c360000 - 0x00007ffa5c38e000 	C:\WINDOWS\SYSTEM32\USERENV.dll
0x00007ffa5c5a0000 - 0x00007ffa5c622000 	C:\WINDOWS\System32\bcryptprimitives.dll
0x00007ffa5bda0000 - 0x00007ffa5bdac000 	C:\WINDOWS\SYSTEM32\CRYPTBASE.dll
0x00007ffa5b880000 - 0x00007ffa5b8bb000 	C:\WINDOWS\SYSTEM32\IPHLPAPI.DLL
0x00007ffa5cde0000 - 0x00007ffa5cde8000 	C:\WINDOWS\System32\NSI.dll
0x00007ffa53a60000 - 0x00007ffa53a77000 	C:\WINDOWS\SYSTEM32\dhcpcsvc6.DLL
0x00007ffa53ad0000 - 0x00007ffa53aed000 	C:\WINDOWS\SYSTEM32\dhcpcsvc.DLL
0x00007ffa5b8c0000 - 0x00007ffa5b98b000 	C:\WINDOWS\SYSTEM32\DNSAPI.dll
0x00007ffa54c00000 - 0x00007ffa54c0b000 	C:\WINDOWS\SYSTEM32\WINNSI.DLL

VM Arguments:
jvm_args: -Xmx2048m -Dfile.encoding=UTF-8 -Duser.country=BR -Duser.language=pt -Duser.variant 
java_command: org.gradle.launcher.daemon.bootstrap.GradleDaemon 6.5
java_class_path (initial): C:\Users\e30\.gradle\wrapper\dists\gradle-6.5-all\2oz4ud9k3tuxjg84bbf55q0tn\gradle-6.5\lib\gradle-launcher-6.5.jar
Launcher Type: SUN_STANDARD

Environment Variables:
JAVA_HOME=C:\Program Files\Java\jdk1.8.0_281
PATH=C:\Program Files (x86)\Common Files\Oracle\Java\javapath;"C:\Program Files (x86)\Common Files\Oracle\Java\javapath;C:\Program Files\Java\jdk1.8.0_281\bin";C:\Program Files (x86)\Intel\Intel(R) Management Engine Components\iCLS\;C:\Program Files\Intel\Intel(R) Management Engine Components\iCLS\;C:\WINDOWS\system32;C:\WINDOWS;C:\WINDOWS\System32\Wbem;C:\WINDOWS\System32\WindowsPowerShell\v1.0\;C:\WINDOWS\System32\OpenSSH\;C:\Program Files (x86)\Intel\Intel(R) Management Engine Components\DAL;C:\Program Files\Intel\Intel(R) Management Engine Components\DAL;C:\Users\e30\AppData\Local\Programs\Python\Python38-32\Scripts;C:\Program Files\Git\cmd;C:\Users\e30\AppData\Local\Programs\Python\Python38-32\Scripts\;C:\Users\e30\AppData\Local\Programs\Python\Python38-32\;C:\Users\e30\AppData\Local\Microsoft\WindowsApps;C:\Users\e30\AppData\Local\Programs\Microsoft VS Code\bin;"C:\Users\e30\AppData\Local\Programs\;C:\Program Files\Java\jdk1.8.0_281\bin";C:\Users\e30\AppData\Local\GitHubDesktop\bin
USERNAME=e30
OS=Windows_NT
PROCESSOR_IDENTIFIER=Intel64 Family 6 Model 142 Stepping 9, GenuineIntel



---------------  S Y S T E M  ---------------

OS: Windows 10.0 , 64 bit Build 19041 (10.0.19041.1706)

CPU:total 4 (initial active 4) (2 cores per cpu, 2 threads per core) family 6 model 142 stepping 9, cmov, cx8, fxsr, mmx, sse, sse2, sse3, ssse3, sse4.1, sse4.2, popcnt, avx, avx2, aes, clmul, erms, 3dnowpref, lzcnt, ht, tsc, tscinvbit, bmi1, bmi2, adx

Memory: 4k page, physical 4107300k(371628k free), swap 8203300k(5152k free)

vm_info: OpenJDK 64-Bit Server VM (25.242-b01) for windows-amd64 JRE (1.8.0_242-release-1644-b01), built by "builder" with MS VC++ 10.0 (VS2010)

time: Tue May 24 22:54:28 2022
timezone: Hora oficial do Brasil
elapsed time: 3 seconds (0d 0h 0m 3s)

