#
# There is insufficient memory for the Java Runtime Environment to continue.
# Native memory allocation (malloc) failed to allocate 176176 bytes for Chunk::new
# Possible reasons:
#   The system is out of physical RAM or swap space
#   The process is running with CompressedOops enabled, and the Java Heap may be blocking the growth of the native heap
# Possible solutions:
#   Reduce memory load on the system
#   Increase physical memory or swap space
#   Check if swap backing store is full
#   Decrease Java heap size (-Xmx/-Xms)
#   Decrease number of Java threads
#   Decrease Java thread stack sizes (-Xss)
#   Set larger code cache with -XX:ReservedCodeCacheSize=
#   JVM is running with Unscaled Compressed Oops mode in which the Java heap is
#     placed in the first 4GB address space. The Java Heap base address is the
#     maximum limit for the native heap growth. Please use -XX:HeapBaseMinAddress
#     to set the Java Heap base and to place the Java Heap above 4GB virtual address.
# This output file may be truncated or incomplete.
#
#  Out of Memory Error (allocation.cpp:389), pid=14284, tid=0x0000000000003708
#
# JRE version: OpenJDK Runtime Environment (8.0_242-b01) (build 1.8.0_242-release-1644-b01)
# Java VM: OpenJDK 64-Bit Server VM (25.242-b01 mixed mode windows-amd64 compressed oops)
# Failed to write core dump. Minidumps are not enabled by default on client versions of Windows
#

---------------  T H R E A D  ---------------

Current thread (0x00000000178ed000):  JavaThread "C2 CompilerThread1" daemon [_thread_in_native, id=14088, stack(0x0000000019110000,0x0000000019210000)]

Stack: [0x0000000019110000,0x0000000019210000]
[error occurred during error reporting (printing stack bounds), id 0xc0000005]

Native frames: (J=compiled Java code, j=interpreted, Vv=VM code, C=native code)


Current CompileTask:
C2:   4760 1539       4       java.net.URLClassLoader$1::run (5 bytes)


---------------  P R O C E S S  ---------------

Java Threads: ( => current thread )
  0x000000001b74d800 JavaThread "Cache worker for file hash cache (C:\Users\e30\.gradle\caches\6.5\fileHashes)" [_thread_blocked, id=8960, stack(0x000000001edd0000,0x000000001eed0000)]
  0x000000001b751000 JavaThread "File lock request listener" [_thread_in_native, id=12664, stack(0x000000001d850000,0x000000001d950000)]
  0x000000001b8ae800 JavaThread "Cache worker for journal cache (C:\Users\e30\.gradle\caches\journal-1)" [_thread_blocked, id=6888, stack(0x000000001d750000,0x000000001d850000)]
  0x000000001b4b7800 JavaThread "Thread-9" [_thread_blocked, id=6612, stack(0x000000001d450000,0x000000001d550000)]
  0x000000001b4b4800 JavaThread "Stdin handler" [_thread_blocked, id=6428, stack(0x000000001d350000,0x000000001d450000)]
  0x000000001b4b0000 JavaThread "Asynchronous log dispatcher for DefaultDaemonConnection: socket connection from /127.0.0.1:53571 to /127.0.0.1:53572" [_thread_blocked, id=8196, stack(0x000000001d250000,0x000000001d350000)]
  0x000000001b4ad000 JavaThread "Daemon worker" [_thread_in_native, id=2460, stack(0x000000001d150000,0x000000001d250000)]
  0x000000001b4ac800 JavaThread "Cancel handler" [_thread_blocked, id=10572, stack(0x000000001d050000,0x000000001d150000)]
  0x000000001b497000 JavaThread "Handler for socket connection from /127.0.0.1:53571 to /127.0.0.1:53572" [_thread_in_native, id=12088, stack(0x000000001cf50000,0x000000001d050000)]
  0x000000001b491800 JavaThread "Daemon" [_thread_blocked, id=7876, stack(0x000000001ce50000,0x000000001cf50000)]
  0x000000001b486800 JavaThread "Daemon periodic checks" [_thread_blocked, id=6620, stack(0x000000001cb50000,0x000000001cc50000)]
  0x000000001b43f800 JavaThread "Incoming local TCP Connector on port 53571" [_thread_in_native, id=9544, stack(0x000000001c8f0000,0x000000001c9f0000)]
  0x000000001b34a800 JavaThread "Daemon health stats" [_thread_blocked, id=13304, stack(0x000000001c2b0000,0x000000001c3b0000)]
  0x000000001793d800 JavaThread "Service Thread" daemon [_thread_blocked, id=7664, stack(0x0000000019710000,0x0000000019810000)]
  0x00000000178fd000 JavaThread "C1 CompilerThread2" daemon [_thread_blocked, id=7004, stack(0x0000000019210000,0x0000000019310000)]
=>0x00000000178ed000 JavaThread "C2 CompilerThread1" daemon [_thread_in_native, id=14088, stack(0x0000000019110000,0x0000000019210000)]
  0x00000000178e8000 JavaThread "C2 CompilerThread0" daemon [_thread_blocked, id=10360, stack(0x0000000019010000,0x0000000019110000)]
  0x00000000178e6800 JavaThread "Attach Listener" daemon [_thread_blocked, id=568, stack(0x0000000018f10000,0x0000000019010000)]
  0x00000000178e5000 JavaThread "Signal Dispatcher" daemon [_thread_blocked, id=3852, stack(0x0000000018e10000,0x0000000018f10000)]
  0x0000000002cbd800 JavaThread "Finalizer" daemon [_thread_blocked, id=11088, stack(0x0000000018b40000,0x0000000018c40000)]
  0x0000000002cb2000 JavaThread "Reference Handler" daemon [_thread_blocked, id=1824, stack(0x0000000018a40000,0x0000000018b40000)]
  0x0000000002bc3000 JavaThread "main" [_thread_blocked, id=5024, stack(0x0000000002ac0000,0x0000000002bc0000)]

Other Threads:
  0x00000000178a7000 VMThread [stack: 0x0000000018940000,0x0000000018a40000] [id=8776]
  0x000000001793e000 WatcherThread [stack: 0x0000000019810000,0x0000000019910000] [id=604]

VM state:not at safepoint (normal execution)

VM Mutex/Monitor currently owned by a thread: None

heap address: 0x0000000080000000, size: 2048 MB, Compressed Oops mode: 32-bit
Narrow klass base: 0x0000000000000000, Narrow klass shift: 3
Compressed class space size: 1073741824 Address: 0x0000000100000000

Heap:
 PSYoungGen      total 37376K, used 8559K [0x00000000d5580000, 0x00000000d9f80000, 0x0000000100000000)
  eden space 31744K, 10% used [0x00000000d5580000,0x00000000d58c5538,0x00000000d7480000)
  from space 5632K, 92% used [0x00000000d7480000,0x00000000d79968d8,0x00000000d7a00000)
  to   space 6144K, 0% used [0x00000000d9980000,0x00000000d9980000,0x00000000d9f80000)
 ParOldGen       total 44032K, used 4739K [0x0000000080000000, 0x0000000082b00000, 0x00000000d5580000)
  object space 44032K, 10% used [0x0000000080000000,0x00000000804a0e10,0x0000000082b00000)
 Metaspace       used 15453K, capacity 16050K, committed 16384K, reserved 1062912K
  class space    used 2036K, capacity 2203K, committed 2304K, reserved 1048576K

Card table byte_map: [0x0000000012080000,0x0000000012490000] byte_map_base: 0x0000000011c80000

Marking Bits: (ParMarkBitMap*) 0x0000000059cff030
 Begin Bits: [0x0000000012b40000, 0x0000000014b40000)
 End Bits:   [0x0000000014b40000, 0x0000000016b40000)

Polling page: 0x0000000002950000

CodeCache: size=245760Kb used=5401Kb max_used=5402Kb free=240358Kb
 bounds [0x0000000002cc0000, 0x0000000003210000, 0x0000000011cc0000]
 total_blobs=1950 nmethods=1559 adapters=304
 compilation: enabled

Compilation events (10 events):
Event: 4.597 Thread 0x00000000178fd000 1556       3       java.util.concurrent.locks.AbstractQueuedSynchronizer::release (33 bytes)
Event: 4.598 Thread 0x00000000178fd000 nmethod 1556 0x00000000032068d0 code [0x0000000003206a40, 0x0000000003206d58]
Event: 4.613 Thread 0x00000000178fd000 1557       3       java.util.concurrent.locks.AbstractQueuedSynchronizer::compareAndSetState (13 bytes)
Event: 4.614 Thread 0x00000000178fd000 nmethod 1557 0x0000000003206590 code [0x00000000032066e0, 0x0000000003206850]
Event: 4.691 Thread 0x00000000178fd000 1558       3       java.util.concurrent.locks.ReentrantLock$Sync::tryRelease (45 bytes)
Event: 4.692 Thread 0x00000000178fd000 nmethod 1558 0x0000000003207e50 code [0x0000000003207fe0, 0x0000000003208588]
Event: 4.703 Thread 0x00000000178fd000 1559       1       java.lang.Integer::intValue (5 bytes)
Event: 4.704 Thread 0x00000000178fd000 nmethod 1559 0x00000000032062d0 code [0x0000000003206420, 0x0000000003206530]
Event: 4.724 Thread 0x00000000178fd000 1560       3       java.io.File::<init> (20 bytes)
Event: 4.724 Thread 0x00000000178fd000 nmethod 1560 0x0000000003207a50 code [0x0000000003207ba0, 0x0000000003207d90]

GC Heap History (10 events):
Event: 1.600 GC heap before
{Heap before GC invocations=3 (full 0):
 PSYoungGen      total 18944K, used 18921K [0x00000000d5580000, 0x00000000d6a80000, 0x0000000100000000)
  eden space 16384K, 100% used [0x00000000d5580000,0x00000000d6580000,0x00000000d6580000)
  from space 2560K, 99% used [0x00000000d6800000,0x00000000d6a7a5c0,0x00000000d6a80000)
  to   space 2560K, 0% used [0x00000000d6580000,0x00000000d6580000,0x00000000d6800000)
 ParOldGen       total 44032K, used 1092K [0x0000000080000000, 0x0000000082b00000, 0x00000000d5580000)
  object space 44032K, 2% used [0x0000000080000000,0x00000000801112d0,0x0000000082b00000)
 Metaspace       used 7597K, capacity 7914K, committed 8064K, reserved 1056768K
  class space    used 931K, capacity 1041K, committed 1152K, reserved 1048576K
Event: 1.603 GC heap after
Heap after GC invocations=3 (full 0):
 PSYoungGen      total 18944K, used 2272K [0x00000000d5580000, 0x00000000d6a80000, 0x0000000100000000)
  eden space 16384K, 0% used [0x00000000d5580000,0x00000000d5580000,0x00000000d6580000)
  from space 2560K, 88% used [0x00000000d6580000,0x00000000d67b8020,0x00000000d6800000)
  to   space 2560K, 0% used [0x00000000d6800000,0x00000000d6800000,0x00000000d6a80000)
 ParOldGen       total 44032K, used 1100K [0x0000000080000000, 0x0000000082b00000, 0x00000000d5580000)
  object space 44032K, 2% used [0x0000000080000000,0x00000000801132d0,0x0000000082b00000)
 Metaspace       used 7597K, capacity 7914K, committed 8064K, reserved 1056768K
  class space    used 931K, capacity 1041K, committed 1152K, reserved 1048576K
}
Event: 1.826 GC heap before
{Heap before GC invocations=4 (full 0):
 PSYoungGen      total 18944K, used 18656K [0x00000000d5580000, 0x00000000d6a80000, 0x0000000100000000)
  eden space 16384K, 100% used [0x00000000d5580000,0x00000000d6580000,0x00000000d6580000)
  from space 2560K, 88% used [0x00000000d6580000,0x00000000d67b8020,0x00000000d6800000)
  to   space 2560K, 0% used [0x00000000d6800000,0x00000000d6800000,0x00000000d6a80000)
 ParOldGen       total 44032K, used 1100K [0x0000000080000000, 0x0000000082b00000, 0x00000000d5580000)
  object space 44032K, 2% used [0x0000000080000000,0x00000000801132d0,0x0000000082b00000)
 Metaspace       used 7801K, capacity 8162K, committed 8320K, reserved 1056768K
  class space    used 957K, capacity 1081K, committed 1152K, reserved 1048576K
Event: 1.831 GC heap after
Heap after GC invocations=4 (full 0):
 PSYoungGen      total 18944K, used 2544K [0x00000000d5580000, 0x00000000d7a80000, 0x0000000100000000)
  eden space 16384K, 0% used [0x00000000d5580000,0x00000000d5580000,0x00000000d6580000)
  from space 2560K, 99% used [0x00000000d6800000,0x00000000d6a7c010,0x00000000d6a80000)
  to   space 2560K, 0% used [0x00000000d6580000,0x00000000d6580000,0x00000000d6800000)
 ParOldGen       total 44032K, used 1734K [0x0000000080000000, 0x0000000082b00000, 0x00000000d5580000)
  object space 44032K, 3% used [0x0000000080000000,0x00000000801b1a70,0x0000000082b00000)
 Metaspace       used 7801K, capacity 8162K, committed 8320K, reserved 1056768K
  class space    used 957K, capacity 1081K, committed 1152K, reserved 1048576K
}
Event: 2.007 GC heap before
{Heap before GC invocations=5 (full 0):
 PSYoungGen      total 18944K, used 18928K [0x00000000d5580000, 0x00000000d7a80000, 0x0000000100000000)
  eden space 16384K, 100% used [0x00000000d5580000,0x00000000d6580000,0x00000000d6580000)
  from space 2560K, 99% used [0x00000000d6800000,0x00000000d6a7c010,0x00000000d6a80000)
  to   space 2560K, 0% used [0x00000000d6580000,0x00000000d6580000,0x00000000d6800000)
 ParOldGen       total 44032K, used 1734K [0x0000000080000000, 0x0000000082b00000, 0x00000000d5580000)
  object space 44032K, 3% used [0x0000000080000000,0x00000000801b1a70,0x0000000082b00000)
 Metaspace       used 8936K, capacity 9282K, committed 9472K, reserved 1056768K
  class space    used 1140K, capacity 1241K, committed 1280K, reserved 1048576K
Event: 2.013 GC heap after
Heap after GC invocations=5 (full 0):
 PSYoungGen      total 18944K, used 2544K [0x00000000d5580000, 0x00000000d7e80000, 0x0000000100000000)
  eden space 16384K, 0% used [0x00000000d5580000,0x00000000d5580000,0x00000000d6580000)
  from space 2560K, 99% used [0x00000000d6580000,0x00000000d67fc010,0x00000000d6800000)
  to   space 4608K, 0% used [0x00000000d7a00000,0x00000000d7a00000,0x00000000d7e80000)
 ParOldGen       total 44032K, used 3113K [0x0000000080000000, 0x0000000082b00000, 0x00000000d5580000)
  object space 44032K, 7% used [0x0000000080000000,0x000000008030a528,0x0000000082b00000)
 Metaspace       used 8936K, capacity 9282K, committed 9472K, reserved 1056768K
  class space    used 1140K, capacity 1241K, committed 1280K, reserved 1048576K
}
Event: 3.667 GC heap before
{Heap before GC invocations=6 (full 0):
 PSYoungGen      total 18944K, used 18928K [0x00000000d5580000, 0x00000000d7e80000, 0x0000000100000000)
  eden space 16384K, 100% used [0x00000000d5580000,0x00000000d6580000,0x00000000d6580000)
  from space 2560K, 99% used [0x00000000d6580000,0x00000000d67fc010,0x00000000d6800000)
  to   space 4608K, 0% used [0x00000000d7a00000,0x00000000d7a00000,0x00000000d7e80000)
 ParOldGen       total 44032K, used 3113K [0x0000000080000000, 0x0000000082b00000, 0x00000000d5580000)
  object space 44032K, 7% used [0x0000000080000000,0x000000008030a528,0x0000000082b00000)
 Metaspace       used 12186K, capacity 12592K, committed 12800K, reserved 1060864K
  class space    used 1618K, capacity 1742K, committed 1792K, reserved 1048576K
Event: 3.675 GC heap after
Heap after GC invocations=6 (full 0):
 PSYoungGen      total 36352K, used 4576K [0x00000000d5580000, 0x00000000d8080000, 0x0000000100000000)
  eden space 31744K, 0% used [0x00000000d5580000,0x00000000d5580000,0x00000000d7480000)
  from space 4608K, 99% used [0x00000000d7a00000,0x00000000d7e78020,0x00000000d7e80000)
  to   space 5632K, 0% used [0x00000000d7480000,0x00000000d7480000,0x00000000d7a00000)
 ParOldGen       total 44032K, used 3191K [0x0000000080000000, 0x0000000082b00000, 0x00000000d5580000)
  object space 44032K, 7% used [0x0000000080000000,0x000000008031ddb0,0x0000000082b00000)
 Metaspace       used 12186K, capacity 12592K, committed 12800K, reserved 1060864K
  class space    used 1618K, capacity 1742K, committed 1792K, reserved 1048576K
}
Event: 4.436 GC heap before
{Heap before GC invocations=7 (full 0):
 PSYoungGen      total 36352K, used 36320K [0x00000000d5580000, 0x00000000d8080000, 0x0000000100000000)
  eden space 31744K, 100% used [0x00000000d5580000,0x00000000d7480000,0x00000000d7480000)
  from space 4608K, 99% used [0x00000000d7a00000,0x00000000d7e78020,0x00000000d7e80000)
  to   space 5632K, 0% used [0x00000000d7480000,0x00000000d7480000,0x00000000d7a00000)
 ParOldGen       total 44032K, used 3191K [0x0000000080000000, 0x0000000082b00000, 0x00000000d5580000)
  object space 44032K, 7% used [0x0000000080000000,0x000000008031ddb0,0x0000000082b00000)
 Metaspace       used 14728K, capacity 15306K, committed 15488K, reserved 1062912K
  class space    used 2002K, capacity 2169K, committed 2176K, reserved 1048576K
Event: 4.451 GC heap after
Heap after GC invocations=7 (full 0):
 PSYoungGen      total 37376K, used 5210K [0x00000000d5580000, 0x00000000d9f80000, 0x0000000100000000)
  eden space 31744K, 0% used [0x00000000d5580000,0x00000000d5580000,0x00000000d7480000)
  from space 5632K, 92% used [0x00000000d7480000,0x00000000d79968d8,0x00000000d7a00000)
  to   space 6144K, 0% used [0x00000000d9980000,0x00000000d9980000,0x00000000d9f80000)
 ParOldGen       total 44032K, used 4739K [0x0000000080000000, 0x0000000082b00000, 0x00000000d5580000)
  object space 44032K, 10% used [0x0000000080000000,0x00000000804a0e10,0x0000000082b00000)
 Metaspace       used 14728K, capacity 15306K, committed 15488K, reserved 1062912K
  class space    used 2002K, capacity 2169K, committed 2176K, reserved 1048576K
}

Deoptimization events (10 events):
Event: 3.602 Thread 0x000000001b497000 Uncommon trap: reason=unstable_if action=reinterpret pc=0x00000000030cd728 method=java.util.concurrent.ConcurrentHashMap.putVal(Ljava/lang/Object;Ljava/lang/Object;Z)Ljava/lang/Object; @ 206
Event: 3.626 Thread 0x000000001b497000 Uncommon trap: reason=unstable_if action=reinterpret pc=0x0000000002fde014 method=java.lang.String.substring(I)Ljava/lang/String; @ 35
Event: 3.693 Thread 0x000000001b4ad000 Uncommon trap: reason=bimorphic action=maybe_recompile pc=0x0000000002f74598 method=java.util.HashMap.putVal(ILjava/lang/Object;Ljava/lang/Object;ZZ)Ljava/lang/Object; @ 253
Event: 3.694 Thread 0x000000001b4ad000 Uncommon trap: reason=bimorphic action=maybe_recompile pc=0x0000000002f74598 method=java.util.HashMap.putVal(ILjava/lang/Object;Ljava/lang/Object;ZZ)Ljava/lang/Object; @ 253
Event: 3.694 Thread 0x000000001b4ad000 Uncommon trap: reason=bimorphic action=maybe_recompile pc=0x0000000002f74598 method=java.util.HashMap.putVal(ILjava/lang/Object;Ljava/lang/Object;ZZ)Ljava/lang/Object; @ 253
Event: 3.694 Thread 0x000000001b4ad000 Uncommon trap: reason=bimorphic action=maybe_recompile pc=0x0000000002f74598 method=java.util.HashMap.putVal(ILjava/lang/Object;Ljava/lang/Object;ZZ)Ljava/lang/Object; @ 253
Event: 3.979 Thread 0x000000001b4ad000 Uncommon trap: reason=class_check action=maybe_recompile pc=0x0000000002ff0e58 method=java.util.regex.Matcher.match(II)Z @ 86
Event: 4.033 Thread 0x000000001b4ad000 Uncommon trap: reason=class_check action=maybe_recompile pc=0x0000000002ff0e58 method=java.util.regex.Matcher.match(II)Z @ 86
Event: 4.034 Thread 0x000000001b4ad000 Uncommon trap: reason=class_check action=maybe_recompile pc=0x0000000002ff0e58 method=java.util.regex.Matcher.match(II)Z @ 86
Event: 4.034 Thread 0x000000001b4ad000 Uncommon trap: reason=class_check action=maybe_recompile pc=0x0000000002e7480c method=java.util.regex.Matcher.match(II)Z @ 86

Classes redefined (0 events):
No events

Internal exceptions (10 events):
Event: 3.608 Thread 0x000000001b497000 Exception <a 'java/lang/NoSuchMethodError': <clinit>> (0x00000000d63a41d0) thrown at [C:\src\AOSP-openjdk-git\hotspot\src\share\vm\prims\jni.cpp, line 1615]
Event: 3.612 Thread 0x000000001b497000 Exception <a 'java/lang/NoSuchMethodError': <clinit>> (0x00000000d63b6b80) thrown at [C:\src\AOSP-openjdk-git\hotspot\src\share\vm\prims\jni.cpp, line 1615]
Event: 3.616 Thread 0x000000001b497000 Exception <a 'java/lang/NoSuchMethodError': <clinit>> (0x00000000d63ddc48) thrown at [C:\src\AOSP-openjdk-git\hotspot\src\share\vm\prims\jni.cpp, line 1615]
Event: 3.619 Thread 0x000000001b497000 Exception <a 'java/lang/NoSuchMethodError': <clinit>> (0x00000000d63f5708) thrown at [C:\src\AOSP-openjdk-git\hotspot\src\share\vm\prims\jni.cpp, line 1615]
Event: 3.620 Thread 0x000000001b497000 Exception <a 'java/lang/NoSuchMethodError': <clinit>> (0x00000000d63fe2a8) thrown at [C:\src\AOSP-openjdk-git\hotspot\src\share\vm\prims\jni.cpp, line 1615]
Event: 3.622 Thread 0x000000001b497000 Exception <a 'java/lang/NoSuchMethodError': <clinit>> (0x00000000d64145b0) thrown at [C:\src\AOSP-openjdk-git\hotspot\src\share\vm\prims\jni.cpp, line 1615]
Event: 3.634 Thread 0x000000001b497000 Exception <a 'java/lang/NoSuchMethodError': <clinit>> (0x00000000d648ffd8) thrown at [C:\src\AOSP-openjdk-git\hotspot\src\share\vm\prims\jni.cpp, line 1615]
Event: 3.640 Thread 0x000000001b497000 Exception <a 'java/lang/NoSuchMethodError': <clinit>> (0x00000000d64bf668) thrown at [C:\src\AOSP-openjdk-git\hotspot\src\share\vm\prims\jni.cpp, line 1615]
Event: 3.650 Thread 0x000000001b497000 Exception <a 'java/lang/NoSuchMethodError': <clinit>> (0x00000000d64edc00) thrown at [C:\src\AOSP-openjdk-git\hotspot\src\share\vm\prims\jni.cpp, line 1615]
Event: 3.652 Thread 0x000000001b497000 Exception <a 'java/lang/NoSuchMethodError': <clinit>> (0x00000000d64fa078) thrown at [C:\src\AOSP-openjdk-git\hotspot\src\share\vm\prims\jni.cpp, line 1615]

Events (10 events):
Event: 4.701 loading class org/gradle/internal/hash/HashCode done
Event: 4.702 loading class org/gradle/api/internal/changedetection/state/CachingFileHasher
Event: 4.702 loading class org/gradle/api/internal/changedetection/state/CachingFileHasher done
Event: 4.702 loading class org/gradle/internal/hash/DefaultFileHasher
Event: 4.702 loading class org/gradle/internal/hash/DefaultFileHasher done
Event: 4.703 loading class org/gradle/internal/serialize/InterningStringSerializer
Event: 4.703 loading class org/gradle/internal/serialize/InterningStringSerializer done
Event: 4.703 loading class org/gradle/api/internal/changedetection/state/CachingFileHasher$FileInfoSerializer
Event: 4.703 loading class org/gradle/api/internal/changedetection/state/CachingFileHasher$FileInfoSerializer done
Event: 4.723 Thread 0x000000001b74d800 Thread added: 0x000000001b74d800


Dynamic libraries:
0x00007ff68cc40000 - 0x00007ff68cc71000 	C:\Program Files\Android\Android Studio\jre\bin\java.exe
0x00007ffde3510000 - 0x00007ffde3705000 	C:\WINDOWS\SYSTEM32\ntdll.dll
0x00007ffde1b00000 - 0x00007ffde1bbe000 	C:\WINDOWS\System32\KERNEL32.DLL
0x00007ffde0f00000 - 0x00007ffde11c8000 	C:\WINDOWS\System32\KERNELBASE.dll
0x00007ffde2d60000 - 0x00007ffde2e0e000 	C:\WINDOWS\System32\ADVAPI32.dll
0x00007ffde1570000 - 0x00007ffde160e000 	C:\WINDOWS\System32\msvcrt.dll
0x00007ffde2f30000 - 0x00007ffde2fcc000 	C:\WINDOWS\System32\sechost.dll
0x00007ffde1970000 - 0x00007ffde1a95000 	C:\WINDOWS\System32\RPCRT4.dll
0x00007ffde2bc0000 - 0x00007ffde2d60000 	C:\WINDOWS\System32\USER32.dll
0x00007ffde0cb0000 - 0x00007ffde0cd2000 	C:\WINDOWS\System32\win32u.dll
0x00007ffde2500000 - 0x00007ffde252b000 	C:\WINDOWS\System32\GDI32.dll
0x00007ffde1330000 - 0x00007ffde143b000 	C:\WINDOWS\System32\gdi32full.dll
0x00007ffde14d0000 - 0x00007ffde156d000 	C:\WINDOWS\System32\msvcp_win.dll
0x00007ffde0ce0000 - 0x00007ffde0de0000 	C:\WINDOWS\System32\ucrtbase.dll
0x00007ffdd2420000 - 0x00007ffdd26ba000 	C:\WINDOWS\WinSxS\amd64_microsoft.windows.common-controls_6595b64144ccf1df_6.0.19041.1110_none_60b5254171f9507e\COMCTL32.dll
0x00007ffde32f0000 - 0x00007ffde3320000 	C:\WINDOWS\System32\IMM32.DLL
0x00007ffdc9bc0000 - 0x00007ffdc9cd5000 	C:\Program Files\Topaz OFD\Warsaw\wslbscr64.dll
0x00007ffde1da0000 - 0x00007ffde24e4000 	C:\WINDOWS\System32\SHELL32.dll
0x00007ffddf910000 - 0x00007ffddf943000 	C:\WINDOWS\SYSTEM32\ntmarta.dll
0x00007ffdac860000 - 0x00007ffdac953000 	C:\Program Files\Topaz OFD\Warsaw\wslbscrwh64.dll
0x00000000592c0000 - 0x0000000059392000 	C:\Program Files\Android\Android Studio\jre\jre\bin\msvcr100.dll
0x0000000059530000 - 0x0000000059d7b000 	C:\Program Files\Android\Android Studio\jre\jre\bin\server\jvm.dll
0x00007ffde24f0000 - 0x00007ffde24f8000 	C:\WINDOWS\System32\PSAPI.DLL
0x00007ffdc6360000 - 0x00007ffdc6369000 	C:\WINDOWS\SYSTEM32\WSOCK32.dll
0x00007ffde26d0000 - 0x00007ffde273b000 	C:\WINDOWS\System32\WS2_32.dll
0x00007ffdc6330000 - 0x00007ffdc6357000 	C:\WINDOWS\SYSTEM32\WINMM.dll
0x00007ffdd26c0000 - 0x00007ffdd26ca000 	C:\WINDOWS\SYSTEM32\VERSION.dll
0x00007ffddaab0000 - 0x00007ffddaabf000 	C:\Program Files\Android\Android Studio\jre\jre\bin\verify.dll
0x00007ffdda900000 - 0x00007ffdda929000 	C:\Program Files\Android\Android Studio\jre\jre\bin\java.dll
0x00007ffdd9710000 - 0x00007ffdd9726000 	C:\Program Files\Android\Android Studio\jre\jre\bin\zip.dll
0x00007ffdde940000 - 0x00007ffddf0d4000 	C:\WINDOWS\SYSTEM32\windows.storage.dll
0x00007ffde1610000 - 0x00007ffde1964000 	C:\WINDOWS\System32\combase.dll
0x00007ffde0690000 - 0x00007ffde06bc000 	C:\WINDOWS\SYSTEM32\Wldp.dll
0x0000000018d60000 - 0x0000000018e0d000 	C:\WINDOWS\System32\SHCORE.dll
0x00007ffde1aa0000 - 0x00007ffde1af5000 	C:\WINDOWS\System32\shlwapi.dll
0x00007ffde0b70000 - 0x00007ffde0b8f000 	C:\WINDOWS\SYSTEM32\profapi.dll
0x00007ffdd8d80000 - 0x00007ffdd8d9a000 	C:\Program Files\Android\Android Studio\jre\jre\bin\net.dll
0x00007ffde03f0000 - 0x00007ffde045a000 	C:\WINDOWS\system32\mswsock.dll
0x00007ffdd8b50000 - 0x00007ffdd8b63000 	C:\Program Files\Android\Android Studio\jre\jre\bin\nio.dll
0x00007ffdd6420000 - 0x00007ffdd6447000 	C:\Users\e30\.gradle\native\f6784746aeab05261644944871eae4fe03e0ef1612fff0a4a95f87b438bc6780\windows-amd64\native-platform.dll
0x00007ffddaa50000 - 0x00007ffddaa5d000 	C:\Program Files\Android\Android Studio\jre\jre\bin\management.dll
0x00007ffde05e0000 - 0x00007ffde05f8000 	C:\WINDOWS\SYSTEM32\CRYPTSP.dll
0x00007ffddfd00000 - 0x00007ffddfd34000 	C:\WINDOWS\system32\rsaenh.dll
0x00007ffde0c80000 - 0x00007ffde0ca7000 	C:\WINDOWS\System32\bcrypt.dll
0x00007ffde0b30000 - 0x00007ffde0b5e000 	C:\WINDOWS\SYSTEM32\USERENV.dll
0x00007ffde1440000 - 0x00007ffde14c2000 	C:\WINDOWS\System32\bcryptprimitives.dll
0x00007ffde0600000 - 0x00007ffde060c000 	C:\WINDOWS\SYSTEM32\CRYPTBASE.dll
0x00007ffde0090000 - 0x00007ffde00cb000 	C:\WINDOWS\SYSTEM32\IPHLPAPI.DLL
0x00007ffde26a0000 - 0x00007ffde26a8000 	C:\WINDOWS\System32\NSI.dll
0x00007ffdd30f0000 - 0x00007ffdd3107000 	C:\WINDOWS\SYSTEM32\dhcpcsvc6.DLL
0x00007ffdd3490000 - 0x00007ffdd34ad000 	C:\WINDOWS\SYSTEM32\dhcpcsvc.DLL
0x00007ffde00d0000 - 0x00007ffde019a000 	C:\WINDOWS\SYSTEM32\DNSAPI.dll
0x00007ffdd3520000 - 0x00007ffdd352b000 	C:\WINDOWS\SYSTEM32\WINNSI.DLL

VM Arguments:
jvm_args: -XX:MaxPermSize=512m -XX:+HeapDumpOnOutOfMemoryError -Xmx2048m -Dfile.encoding=UTF-8 -Duser.country=BR -Duser.language=pt -Duser.variant 
java_command: org.gradle.launcher.daemon.bootstrap.GradleDaemon 6.5
java_class_path (initial): C:\Users\e30\.gradle\wrapper\dists\gradle-6.5-all\2oz4ud9k3tuxjg84bbf55q0tn\gradle-6.5\lib\gradle-launcher-6.5.jar
Launcher Type: SUN_STANDARD

Environment Variables:
JAVA_HOME=C:\Program Files\Java\jdk1.8.0_281
PATH=C:\Program Files (x86)\Common Files\Oracle\Java\javapath;"C:\Program Files (x86)\Common Files\Oracle\Java\javapath;C:\Program Files\Java\jdk1.8.0_281\bin";C:\Program Files (x86)\Intel\Intel(R) Management Engine Components\iCLS\;C:\Program Files\Intel\Intel(R) Management Engine Components\iCLS\;C:\WINDOWS\system32;C:\WINDOWS;C:\WINDOWS\System32\Wbem;C:\WINDOWS\System32\WindowsPowerShell\v1.0\;C:\WINDOWS\System32\OpenSSH\;C:\Program Files (x86)\Intel\Intel(R) Management Engine Components\DAL;C:\Program Files\Intel\Intel(R) Management Engine Components\DAL;C:\Users\e30\AppData\Local\Programs\Python\Python38-32\Scripts;C:\Program Files\Git\cmd;C:\Users\e30\AppData\Local\Programs\Python\Python38-32\Scripts\;C:\Users\e30\AppData\Local\Programs\Python\Python38-32\;C:\Users\e30\AppData\Local\Microsoft\WindowsApps;C:\Users\e30\AppData\Local\Programs\Microsoft VS Code\bin;"C:\Users\e30\AppData\Local\Programs\;C:\Program Files\Java\jdk1.8.0_281\bin";
USERNAME=e30
OS=Windows_NT
PROCESSOR_IDENTIFIER=Intel64 Family 6 Model 142 Stepping 9, GenuineIntel



---------------  S Y S T E M  ---------------

OS: Windows 10.0 , 64 bit Build 19041 (10.0.19041.1566)

CPU:total 4 (initial active 4) (2 cores per cpu, 2 threads per core) family 6 model 142 stepping 9, cmov, cx8, fxsr, mmx, sse, sse2, sse3, ssse3, sse4.1, sse4.2, popcnt, avx, avx2, aes, clmul, erms, 3dnowpref, lzcnt, ht, tsc, tscinvbit, bmi1, bmi2, adx

Memory: 4k page, physical 4107072k(311036k free), swap 8203072k(2232k free)

vm_info: OpenJDK 64-Bit Server VM (25.242-b01) for windows-amd64 JRE (1.8.0_242-release-1644-b01), built by "builder" with MS VC++ 10.0 (VS2010)

time: Fri Mar 25 00:20:13 2022
timezone: Hora oficial do Brasil
elapsed time: 4 seconds (0d 0h 0m 4s)

