#
# There is insufficient memory for the Java Runtime Environment to continue.
# Native memory allocation (malloc) failed to allocate 1438576 bytes for Chunk::new
# Possible reasons:
#   The system is out of physical RAM or swap space
#   The process is running with CompressedOops enabled, and the Java Heap may be blocking the growth of the native heap
# Possible solutions:
#   Reduce memory load on the system
#   Increase physical memory or swap space
#   Check if swap backing store is full
#   Decrease Java heap size (-Xmx/-Xms)
#   Decrease number of Java threads
#   Decrease Java thread stack sizes (-Xss)
#   Set larger code cache with -XX:ReservedCodeCacheSize=
#   JVM is running with Unscaled Compressed Oops mode in which the Java heap is
#     placed in the first 4GB address space. The Java Heap base address is the
#     maximum limit for the native heap growth. Please use -XX:HeapBaseMinAddress
#     to set the Java Heap base and to place the Java Heap above 4GB virtual address.
# This output file may be truncated or incomplete.
#
#  Out of Memory Error (allocation.cpp:389), pid=14224, tid=0x00000000000021f0
#
# JRE version: OpenJDK Runtime Environment (8.0_242-b01) (build 1.8.0_242-release-1644-b01)
# Java VM: OpenJDK 64-Bit Server VM (25.242-b01 mixed mode windows-amd64 compressed oops)
# Failed to write core dump. Minidumps are not enabled by default on client versions of Windows
#

---------------  T H R E A D  ---------------

Current thread (0x0000000017126000):  JavaThread "C2 CompilerThread0" daemon [_thread_in_native, id=8688, stack(0x00000000187a0000,0x00000000188a0000)]

Stack: [0x00000000187a0000,0x00000000188a0000]
[error occurred during error reporting (printing stack bounds), id 0xc0000005]

Native frames: (J=compiled Java code, j=interpreted, Vv=VM code, C=native code)


Current CompileTask:
C2:13384047 29827   !   4       java.nio.file.Files::walkFileTree (355 bytes)


---------------  P R O C E S S  ---------------

Java Threads: ( => current thread )
  0x000000001f242800 JavaThread "Cache worker for execution history cache (C:\Users\e30\AndroidStudioProjects\LibrasKids\.gradle\6.5\executionHistory)" [_thread_blocked, id=4264, stack(0x00000000246c0000,0x00000000247c0000)]
  0x000000001f243000 JavaThread "Execution worker for ':' Thread 3" [_thread_blocked, id=1344, stack(0x00000000245c0000,0x00000000246c0000)]
  0x000000001f245800 JavaThread "Execution worker for ':' Thread 2" [_thread_blocked, id=11684, stack(0x00000000244c0000,0x00000000245c0000)]
  0x000000001f241800 JavaThread "Execution worker for ':'" [_thread_in_native, id=11732, stack(0x00000000243c0000,0x00000000244c0000)]
  0x000000001f24c000 JavaThread "Cache worker for file content cache (C:\Users\e30\AndroidStudioProjects\LibrasKids\.gradle\6.5\fileContent)" [_thread_blocked, id=13060, stack(0x000000002e840000,0x000000002e940000)]
  0x000000001f250800 JavaThread "Cache worker for Build Output Cleanup Cache (C:\Users\e30\AndroidStudioProjects\LibrasKids\.gradle\buildOutputCleanup)" [_thread_blocked, id=10896, stack(0x000000002e740000,0x000000002e840000)]
  0x0000000022924000 JavaThread "Build operations Thread 4" [_thread_blocked, id=4144, stack(0x00000000242c0000,0x00000000243c0000)]
  0x0000000022926800 JavaThread "Build operations Thread 3" [_thread_in_Java, id=15528, stack(0x00000000240c0000,0x00000000241c0000)]
  0x0000000022928800 JavaThread "Build operations Thread 2" [_thread_in_native, id=9156, stack(0x0000000023fc0000,0x00000000240c0000)]
  0x000000002292b000 JavaThread "Build operations" [_thread_in_Java, id=15764, stack(0x0000000021120000,0x0000000021220000)]
  0x0000000022925800 JavaThread "Cache worker for cache directory md-rule (C:\Users\e30\.gradle\caches\6.5\md-rule)" [_thread_blocked, id=1996, stack(0x000000001e6b0000,0x000000001e7b0000)]
  0x0000000019556000 JavaThread "Cache worker for cache directory md-supplier (C:\Users\e30\.gradle\caches\6.5\md-supplier)" [_thread_blocked, id=16140, stack(0x000000001e5b0000,0x000000001e6b0000)]
  0x0000000019555000 JavaThread "Cache worker for checksums cache (C:\Users\e30\AndroidStudioProjects\LibrasKids\.gradle\checksums)" [_thread_blocked, id=2748, stack(0x000000001bc10000,0x000000001bd10000)]
  0x0000000019553000 JavaThread "Cache worker for file hash cache (C:\Users\e30\AndroidStudioProjects\LibrasKids\.gradle\6.5\fileHashes)" [_thread_blocked, id=13916, stack(0x000000001bb10000,0x000000001bc10000)]
  0x0000000019556800 JavaThread "Thread-2178" [_thread_blocked, id=11816, stack(0x000000001ba10000,0x000000001bb10000)]
  0x000000001954a800 JavaThread "Asynchronous log dispatcher for DefaultDaemonConnection: socket connection from /127.0.0.1:54475 to /127.0.0.1:55830" [_thread_blocked, id=15100, stack(0x0000000020320000,0x0000000020420000)]
  0x0000000019551800 JavaThread "Daemon worker Thread 15" [_thread_blocked, id=11040, stack(0x000000001b910000,0x000000001ba10000)]
  0x0000000019549000 JavaThread "Cancel handler" [_thread_blocked, id=11628, stack(0x000000001b610000,0x000000001b710000)]
  0x0000000019550000 JavaThread "Handler for socket connection from /127.0.0.1:54475 to /127.0.0.1:55830" [_thread_in_native, id=5776, stack(0x000000001afb0000,0x000000001b0b0000)]
  0x000000001954d800 JavaThread "Daemon Thread 15" [_thread_blocked, id=11020, stack(0x0000000000970000,0x0000000000a70000)]
  0x000000001dcf7000 JavaThread "MarlinRenderer Disposer" daemon [_thread_blocked, id=3028, stack(0x00000000234c0000,0x00000000235c0000)]
  0x000000001dcf6800 JavaThread "Java2D Disposer" daemon [_thread_blocked, id=12684, stack(0x0000000022120000,0x0000000022220000)]
  0x0000000019548000 JavaThread "Cache worker for Java compile cache (C:\Users\e30\.gradle\caches\6.5\javaCompile)" [_thread_blocked, id=16276, stack(0x000000001aeb0000,0x000000001afb0000)]
  0x0000000018c77800 JavaThread "Memory manager" [_thread_blocked, id=15624, stack(0x0000000027c20000,0x0000000027d20000)]
  0x0000000019b16800 JavaThread "Cache worker for file content cache (C:\Users\e30\.gradle\caches\6.5\fileContent)" [_thread_blocked, id=15384, stack(0x0000000020420000,0x0000000020520000)]
  0x0000000019b10800 JavaThread "Cache worker for execution history cache (C:\Users\e30\.gradle\caches\6.5\executionHistory)" [_thread_blocked, id=348, stack(0x000000001fc20000,0x000000001fd20000)]
  0x00000000195fd800 JavaThread "Cache worker for file hash cache (C:\Users\e30\.gradle\caches\6.5\fileHashes)" [_thread_blocked, id=10276, stack(0x000000001d0e0000,0x000000001d1e0000)]
  0x0000000019600800 JavaThread "File lock request listener" [_thread_in_native, id=2764, stack(0x000000001cfe0000,0x000000001d0e0000)]
  0x000000001a427800 JavaThread "Cache worker for journal cache (C:\Users\e30\.gradle\caches\journal-1)" [_thread_blocked, id=11280, stack(0x000000001bf10000,0x000000001c010000)]
  0x0000000018d9f000 JavaThread "Daemon periodic checks" [_thread_blocked, id=2640, stack(0x000000001b310000,0x000000001b410000)]
  0x000000001965c000 JavaThread "Incoming local TCP Connector on port 54475" [_thread_in_native, id=8936, stack(0x000000001b0b0000,0x000000001b1b0000)]
  0x0000000019e8e800 JavaThread "Daemon health stats" [_thread_blocked, id=6416, stack(0x000000001aa70000,0x000000001ab70000)]
  0x0000000018ad3000 JavaThread "Service Thread" daemon [_thread_blocked, id=15948, stack(0x0000000018ea0000,0x0000000018fa0000)]
  0x0000000017134000 JavaThread "C1 CompilerThread2" daemon [_thread_blocked, id=16156, stack(0x00000000189a0000,0x0000000018aa0000)]
  0x000000001712a800 JavaThread "C2 CompilerThread1" daemon [_thread_in_vm, id=8676, stack(0x00000000188a0000,0x00000000189a0000)]
=>0x0000000017126000 JavaThread "C2 CompilerThread0" daemon [_thread_in_native, id=8688, stack(0x00000000187a0000,0x00000000188a0000)]
  0x0000000017124800 JavaThread "Attach Listener" daemon [_thread_blocked, id=4740, stack(0x00000000186a0000,0x00000000187a0000)]
  0x0000000017123000 JavaThread "Signal Dispatcher" daemon [_thread_blocked, id=15656, stack(0x00000000185a0000,0x00000000186a0000)]
  0x00000000024fb000 JavaThread "Finalizer" daemon [_thread_blocked, id=6104, stack(0x0000000018380000,0x0000000018480000)]
  0x0000000017109000 JavaThread "Reference Handler" daemon [_thread_blocked, id=10476, stack(0x0000000018280000,0x0000000018380000)]
  0x00000000022be800 JavaThread "main" [_thread_blocked, id=16352, stack(0x00000000022c0000,0x00000000023c0000)]

Other Threads:
  0x00000000170e6800 VMThread [stack: 0x0000000018180000,0x0000000018280000] [id=8260]
  0x0000000018ad6000 WatcherThread [stack: 0x0000000018fa0000,0x00000000190a0000] [id=10680]

VM state:not at safepoint (normal execution)

VM Mutex/Monitor currently owned by a thread:  ([mutex/lock_event])
[0x0000000002401e50] Compile_lock - owner thread: 0x000000001712a800

heap address: 0x0000000080000000, size: 2048 MB, Compressed Oops mode: 32-bit
Narrow klass base: 0x0000000000000000, Narrow klass shift: 3
Compressed class space size: 1073741824 Address: 0x0000000100000000

Heap:
 PSYoungGen      total 621056K, used 219990K [0x00000000d5580000, 0x0000000100000000, 0x0000000100000000)
  eden space 555008K, 34% used [0x00000000d5580000,0x00000000e11ce028,0x00000000f7380000)
  from space 66048K, 41% used [0x00000000f7380000,0x00000000f8e07af0,0x00000000fb400000)
  to   space 62464K, 0% used [0x00000000fc300000,0x00000000fc300000,0x0000000100000000)
 ParOldGen       total 196096K, used 86168K [0x0000000080000000, 0x000000008bf80000, 0x00000000d5580000)
  object space 196096K, 43% used [0x0000000080000000,0x00000000854260b8,0x000000008bf80000)
 Metaspace       used 119636K, capacity 128564K, committed 128728K, reserved 1161216K
  class space    used 15373K, capacity 16866K, committed 16896K, reserved 1048576K

Card table byte_map: [0x00000000118c0000,0x0000000011cd0000] byte_map_base: 0x00000000114c0000

Marking Bits: (ParMarkBitMap*) 0x000000006655f030
 Begin Bits: [0x0000000012380000, 0x0000000014380000)
 End Bits:   [0x0000000014380000, 0x0000000016380000)

Polling page: 0x0000000000640000

CodeCache: size=245760Kb used=76866Kb max_used=78899Kb free=168893Kb
 bounds [0x0000000002500000, 0x0000000007290000, 0x0000000011500000]
 total_blobs=22474 nmethods=21408 adapters=975
 compilation: enabled

Compilation events (10 events):
Event: 13368.904 Thread 0x000000001712a800 nmethod 29825 0x00000000064d65d0 code [0x00000000064d67c0, 0x00000000064d6ed8]
Event: 13372.336 Thread 0x0000000017126000 nmethod 29826 0x0000000005346110 code [0x0000000005346640, 0x000000000534c010]
Event: 13377.258 Thread 0x0000000017126000 29827   !   4       java.nio.file.Files::walkFileTree (355 bytes)
Event: 13377.600 Thread 0x000000001712a800 29828       4       org.gradle.internal.hash.Hashing$MessageDigestHasher::<init> (25 bytes)
Event: 13378.334 Thread 0x000000001712a800 nmethod 29828 0x000000000260ffd0 code [0x0000000002610120, 0x00000000026102d8]
Event: 13380.531 Thread 0x000000001712a800 29829       4       sun.nio.fs.WindowsPathParser::parse (384 bytes)
Event: 13380.559 Thread 0x000000001712a800 nmethod 29829 0x0000000007173710 code [0x00000000071739e0, 0x0000000007174dd8]
Event: 13382.569 Thread 0x000000001712a800 29830       4       org.gradle.internal.fingerprint.classpath.impl.ClasspathFingerprintingStrategy$ClasspathContentFingerprintingVisitor::visitFile (69 bytes)
Event: 13382.592 Thread 0x0000000017134000 29832       2       org.gradle.internal.snapshot.impl.ImplementationSnapshot::of (39 bytes)
Event: 13383.004 Thread 0x0000000017134000 nmethod 29832 0x00000000059de890 code [0x00000000059deac0, 0x00000000059df278]

GC Heap History (10 events):
Event: 9261.486 GC heap before
{Heap before GC invocations=81 (full 7):
 PSYoungGen      total 526848K, used 488282K [0x00000000d5580000, 0x00000000fc700000, 0x0000000100000000)
  eden space 473600K, 100% used [0x00000000d5580000,0x00000000f2400000,0x00000000f2400000)
  from space 53248K, 27% used [0x00000000f2400000,0x00000000f32569f0,0x00000000f5800000)
  to   space 50688K, 0% used [0x00000000f9580000,0x00000000f9580000,0x00000000fc700000)
 ParOldGen       total 189952K, used 101704K [0x0000000080000000, 0x000000008b980000, 0x00000000d5580000)
  object space 189952K, 53% used [0x0000000080000000,0x0000000086352138,0x000000008b980000)
 Metaspace       used 102434K, capacity 110444K, committed 110680K, reserved 1144832K
  class space    used 13161K, capacity 14458K, committed 14464K, reserved 1048576K
Event: 9265.763 GC heap after
Heap after GC invocations=81 (full 7):
 PSYoungGen      total 566784K, used 50660K [0x00000000d5580000, 0x00000000ff980000, 0x0000000100000000)
  eden space 516096K, 0% used [0x00000000d5580000,0x00000000d5580000,0x00000000f4d80000)
  from space 50688K, 99% used [0x00000000f9580000,0x00000000fc6f9210,0x00000000fc700000)
  to   space 73728K, 0% used [0x00000000f4d80000,0x00000000f4d80000,0x00000000f9580000)
 ParOldGen       total 189952K, used 140247K [0x0000000080000000, 0x000000008b980000, 0x00000000d5580000)
  object space 189952K, 73% used [0x0000000080000000,0x00000000888f5df0,0x000000008b980000)
 Metaspace       used 102434K, capacity 110444K, committed 110680K, reserved 1144832K
  class space    used 13161K, capacity 14458K, committed 14464K, reserved 1048576K
}
Event: 9747.851 GC heap before
{Heap before GC invocations=82 (full 7):
 PSYoungGen      total 566784K, used 566756K [0x00000000d5580000, 0x00000000ff980000, 0x0000000100000000)
  eden space 516096K, 100% used [0x00000000d5580000,0x00000000f4d80000,0x00000000f4d80000)
  from space 50688K, 99% used [0x00000000f9580000,0x00000000fc6f9210,0x00000000fc700000)
  to   space 73728K, 0% used [0x00000000f4d80000,0x00000000f4d80000,0x00000000f9580000)
 ParOldGen       total 189952K, used 140247K [0x0000000080000000, 0x000000008b980000, 0x00000000d5580000)
  object space 189952K, 73% used [0x0000000080000000,0x00000000888f5df0,0x000000008b980000)
 Metaspace       used 102621K, capacity 110592K, committed 110680K, reserved 1144832K
  class space    used 13162K, capacity 14460K, committed 14464K, reserved 1048576K
Event: 9755.172 GC heap after
Heap after GC invocations=82 (full 7):
 PSYoungGen      total 589824K, used 18818K [0x00000000d5580000, 0x0000000100000000, 0x0000000100000000)
  eden space 516096K, 0% used [0x00000000d5580000,0x00000000d5580000,0x00000000f4d80000)
  from space 73728K, 25% used [0x00000000f4d80000,0x00000000f5fe0bc8,0x00000000f9580000)
  to   space 70144K, 0% used [0x00000000fbb80000,0x00000000fbb80000,0x0000000100000000)
 ParOldGen       total 189952K, used 178372K [0x0000000080000000, 0x000000008b980000, 0x00000000d5580000)
  object space 189952K, 93% used [0x0000000080000000,0x000000008ae31260,0x000000008b980000)
 Metaspace       used 102621K, capacity 110592K, committed 110680K, reserved 1144832K
  class space    used 13162K, capacity 14460K, committed 14464K, reserved 1048576K
}
Event: 9755.196 GC heap before
{Heap before GC invocations=83 (full 8):
 PSYoungGen      total 589824K, used 18818K [0x00000000d5580000, 0x0000000100000000, 0x0000000100000000)
  eden space 516096K, 0% used [0x00000000d5580000,0x00000000d5580000,0x00000000f4d80000)
  from space 73728K, 25% used [0x00000000f4d80000,0x00000000f5fe0bc8,0x00000000f9580000)
  to   space 70144K, 0% used [0x00000000fbb80000,0x00000000fbb80000,0x0000000100000000)
 ParOldGen       total 189952K, used 178372K [0x0000000080000000, 0x000000008b980000, 0x00000000d5580000)
  object space 189952K, 93% used [0x0000000080000000,0x000000008ae31260,0x000000008b980000)
 Metaspace       used 102621K, capacity 110592K, committed 110680K, reserved 1144832K
  class space    used 13162K, capacity 14460K, committed 14464K, reserved 1048576K
Event: 9783.420 GC heap after
Heap after GC invocations=83 (full 8):
 PSYoungGen      total 589824K, used 0K [0x00000000d5580000, 0x0000000100000000, 0x0000000100000000)
  eden space 516096K, 0% used [0x00000000d5580000,0x00000000d5580000,0x00000000f4d80000)
  from space 73728K, 0% used [0x00000000f4d80000,0x00000000f4d80000,0x00000000f9580000)
  to   space 70144K, 0% used [0x00000000fbb80000,0x00000000fbb80000,0x0000000100000000)
 ParOldGen       total 196096K, used 79657K [0x0000000080000000, 0x000000008bf80000, 0x00000000d5580000)
  object space 196096K, 40% used [0x0000000080000000,0x0000000084dca4a0,0x000000008bf80000)
 Metaspace       used 102600K, capacity 110556K, committed 110680K, reserved 1144832K
  class space    used 13159K, capacity 14454K, committed 14464K, reserved 1048576K
}
Event: 10539.075 GC heap before
{Heap before GC invocations=84 (full 8):
 PSYoungGen      total 589824K, used 516096K [0x00000000d5580000, 0x0000000100000000, 0x0000000100000000)
  eden space 516096K, 100% used [0x00000000d5580000,0x00000000f4d80000,0x00000000f4d80000)
  from space 73728K, 0% used [0x00000000f4d80000,0x00000000f4d80000,0x00000000f9580000)
  to   space 70144K, 0% used [0x00000000fbb80000,0x00000000fbb80000,0x0000000100000000)
 ParOldGen       total 196096K, used 79657K [0x0000000080000000, 0x000000008bf80000, 0x00000000d5580000)
  object space 196096K, 40% used [0x0000000080000000,0x0000000084dca4a0,0x000000008bf80000)
 Metaspace       used 103054K, capacity 111160K, committed 111320K, reserved 1146880K
  class space    used 13171K, capacity 14478K, committed 14592K, reserved 1048576K
Event: 10550.902 GC heap after
Heap after GC invocations=84 (full 8):
 PSYoungGen      total 613376K, used 25907K [0x00000000d5580000, 0x00000000ff480000, 0x0000000100000000)
  eden space 555008K, 0% used [0x00000000d5580000,0x00000000d5580000,0x00000000f7380000)
  from space 58368K, 44% used [0x00000000fbb80000,0x00000000fd4ccf18,0x00000000ff480000)
  to   space 66048K, 0% used [0x00000000f7380000,0x00000000f7380000,0x00000000fb400000)
 ParOldGen       total 196096K, used 79665K [0x0000000080000000, 0x000000008bf80000, 0x00000000d5580000)
  object space 196096K, 40% used [0x0000000080000000,0x0000000084dcc4a0,0x000000008bf80000)
 Metaspace       used 103054K, capacity 111160K, committed 111320K, reserved 1146880K
  class space    used 13171K, capacity 14478K, committed 14592K, reserved 1048576K
}
Event: 11615.992 GC heap before
{Heap before GC invocations=85 (full 8):
 PSYoungGen      total 613376K, used 580915K [0x00000000d5580000, 0x00000000ff480000, 0x0000000100000000)
  eden space 555008K, 100% used [0x00000000d5580000,0x00000000f7380000,0x00000000f7380000)
  from space 58368K, 44% used [0x00000000fbb80000,0x00000000fd4ccf18,0x00000000ff480000)
  to   space 66048K, 0% used [0x00000000f7380000,0x00000000f7380000,0x00000000fb400000)
 ParOldGen       total 196096K, used 79665K [0x0000000080000000, 0x000000008bf80000, 0x00000000d5580000)
  object space 196096K, 40% used [0x0000000080000000,0x0000000084dcc4a0,0x000000008bf80000)
 Metaspace       used 113103K, capacity 121692K, committed 121944K, reserved 1155072K
  class space    used 14511K, capacity 15918K, committed 16000K, reserved 1048576K
Event: 11619.539 GC heap after
Heap after GC invocations=85 (full 8):
 PSYoungGen      total 621056K, used 27166K [0x00000000d5580000, 0x0000000100000000, 0x0000000100000000)
  eden space 555008K, 0% used [0x00000000d5580000,0x00000000d5580000,0x00000000f7380000)
  from space 66048K, 41% used [0x00000000f7380000,0x00000000f8e07af0,0x00000000fb400000)
  to   space 62464K, 0% used [0x00000000fc300000,0x00000000fc300000,0x0000000100000000)
 ParOldGen       total 196096K, used 86168K [0x0000000080000000, 0x000000008bf80000, 0x00000000d5580000)
  object space 196096K, 43% used [0x0000000080000000,0x00000000854260b8,0x000000008bf80000)
 Metaspace       used 113103K, capacity 121692K, committed 121944K, reserved 1155072K
  class space    used 14511K, capacity 15918K, committed 16000K, reserved 1048576K
}

Deoptimization events (10 events):
Event: 11667.815 Thread 0x000000001d449800 Uncommon trap: reason=class_check action=maybe_recompile pc=0x0000000002fdacc0 method=org.gradle.api.internal.file.collections.FileCollectionAdapter.getFiles()Ljava/util/Set; @ 4
Event: 11667.815 Thread 0x000000001d449800 Uncommon trap: reason=class_check action=maybe_recompile pc=0x0000000002fdacc0 method=org.gradle.api.internal.file.collections.FileCollectionAdapter.getFiles()Ljava/util/Set; @ 4
Event: 11668.881 Thread 0x000000001d449800 Uncommon trap: reason=unstable_if action=reinterpret pc=0x0000000006281f6c method=java.util.regex.Pattern.sequence(Ljava/util/regex/Pattern$Node;)Ljava/util/regex/Pattern$Node; @ 144
Event: 11669.756 Thread 0x000000001d449800 Uncommon trap: reason=class_check action=maybe_recompile pc=0x0000000005c312ac method=sun.reflect.GeneratedMethodAccessor25.invoke(Ljava/lang/Object;[Ljava/lang/Object;)Ljava/lang/Object; @ 37
Event: 11669.863 Thread 0x000000001d449800 Uncommon trap: reason=class_check action=maybe_recompile pc=0x0000000005c312ac method=sun.reflect.GeneratedMethodAccessor25.invoke(Ljava/lang/Object;[Ljava/lang/Object;)Ljava/lang/Object; @ 37
Event: 11669.863 Thread 0x000000001d449800 Uncommon trap: reason=class_check action=maybe_recompile pc=0x0000000005c312ac method=sun.reflect.GeneratedMethodAccessor25.invoke(Ljava/lang/Object;[Ljava/lang/Object;)Ljava/lang/Object; @ 37
Event: 11669.863 Thread 0x000000001d449800 Uncommon trap: reason=class_check action=maybe_recompile pc=0x0000000005c312ac method=sun.reflect.GeneratedMethodAccessor25.invoke(Ljava/lang/Object;[Ljava/lang/Object;)Ljava/lang/Object; @ 37
Event: 12072.927 Thread 0x0000000019e8e800 Uncommon trap: reason=unstable_if action=reinterpret pc=0x00000000054c2e30 method=java.util.concurrent.locks.AbstractQueuedSynchronizer$ConditionObject.awaitNanos(J)J @ 73
Event: 13299.807 Thread 0x0000000019551800 Uncommon trap: reason=unstable_if action=reinterpret pc=0x0000000003f688dc method=com.google.common.collect.ImmutableSet$SetBuilderImpl.ensureCapacity(I)V @ 6
Event: 13333.478 Thread 0x0000000019551800 Uncommon trap: reason=bimorphic action=maybe_recompile pc=0x0000000004128330 method=sun.reflect.DelegatingConstructorAccessorImpl.newInstance([Ljava/lang/Object;)Ljava/lang/Object; @ 5

Classes redefined (0 events):
No events

Internal exceptions (10 events):
Event: 11667.321 Thread 0x000000001d449800 Exception <a 'java/lang/ClassNotFoundException': java/util/LinkedHashMapCustomizer> (0x00000000dc74a558) thrown at [C:\src\AOSP-openjdk-git\hotspot\src\share\vm\classfile\systemDictionary.cpp, line 210]
Event: 11667.380 Thread 0x000000001d449800 Exception <a 'java/lang/ClassNotFoundException': org/gradle/api/plugins/internal/DefaultJavaPluginConventionBeanInfo> (0x00000000dc7da820) thrown at [C:\src\AOSP-openjdk-git\hotspot\src\share\vm\classfile\systemDictionary.cpp, line 210]
Event: 11667.384 Thread 0x000000001d449800 Exception <a 'java/lang/ClassNotFoundException': org/gradle/api/plugins/JavaPluginConventionBeanInfo> (0x00000000dc803d70) thrown at [C:\src\AOSP-openjdk-git\hotspot\src\share\vm\classfile\systemDictionary.cpp, line 210]
Event: 11667.387 Thread 0x000000001d449800 Exception <a 'java/lang/ClassNotFoundException': org/gradle/api/plugins/JavaPluginConventionCustomizer> (0x00000000dc82ddf0) thrown at [C:\src\AOSP-openjdk-git\hotspot\src\share\vm\classfile\systemDictionary.cpp, line 210]
Event: 11667.428 Thread 0x000000001d449800 Exception <a 'java/lang/ClassNotFoundException': org/gradle/api/plugins/internal/DefaultJavaPluginConventionCustomizer> (0x00000000dc87d9d8) thrown at [C:\src\AOSP-openjdk-git\hotspot\src\share\vm\classfile\systemDictionary.cpp, line 210]
Event: 11667.504 Thread 0x000000001d449800 Exception <a 'java/lang/ClassNotFoundException': org/gradle/api/plugins/internal/DefaultBasePluginConventionBeanInfo> (0x00000000dc9188c8) thrown at [C:\src\AOSP-openjdk-git\hotspot\src\share\vm\classfile\systemDictionary.cpp, line 210]
Event: 11667.524 Thread 0x000000001d449800 Exception <a 'java/lang/ClassNotFoundException': org/gradle/api/plugins/BasePluginConventionBeanInfo> (0x00000000dc941e18) thrown at [C:\src\AOSP-openjdk-git\hotspot\src\share\vm\classfile\systemDictionary.cpp, line 210]
Event: 11667.537 Thread 0x000000001d449800 Exception <a 'java/lang/ClassNotFoundException': org/gradle/api/plugins/BasePluginConventionCustomizer> (0x00000000dc96be98) thrown at [C:\src\AOSP-openjdk-git\hotspot\src\share\vm\classfile\systemDictionary.cpp, line 210]
Event: 11667.561 Thread 0x000000001d449800 Exception <a 'java/lang/ClassNotFoundException': org/gradle/api/plugins/internal/DefaultBasePluginConventionCustomizer> (0x00000000dc9b3008) thrown at [C:\src\AOSP-openjdk-git\hotspot\src\share\vm\classfile\systemDictionary.cpp, line 210]
Event: 13331.213 Thread 0x0000000019551800 Exception <a 'sun/nio/fs/WindowsException'> (0x00000000e00f0ff0) thrown at [C:\src\AOSP-openjdk-git\hotspot\src\share\vm\prims\jni.cpp, line 710]

Events (10 events):
Event: 13354.439 Thread 0x000000001f241800 DEOPT PACKING pc=0x00000000071713cc sp=0x00000000244bbc60
Event: 13354.439 Thread 0x000000001f241800 DEOPT UNPACKING pc=0x00000000025475d0 sp=0x00000000244bb9c8 mode 0
Event: 13354.568 Thread 0x0000000017134000 flushing nmethod 0x000000000337dbd0
Event: 13358.820 Thread 0x000000001712a800 flushing nmethod 0x0000000003f445d0
Event: 13362.689 Executing VM operation: RevokeBias
Event: 13363.033 Executing VM operation: RevokeBias done
Event: 13363.033 Executing VM operation: RevokeBias
Event: 13363.201 Executing VM operation: RevokeBias done
Event: 13363.201 Executing VM operation: RevokeBias
Event: 13363.202 Executing VM operation: RevokeBias done


Dynamic libraries:
0x00007ff75e200000 - 0x00007ff75e231000 	C:\Program Files\Android\Android Studio\jre\bin\java.exe
0x00007ffd741f0000 - 0x00007ffd743e5000 	C:\WINDOWS\SYSTEM32\ntdll.dll
0x00007ffd73a70000 - 0x00007ffd73b2e000 	C:\WINDOWS\System32\KERNEL32.DLL
0x00007ffd719a0000 - 0x00007ffd71c69000 	C:\WINDOWS\System32\KERNELBASE.dll
0x00007ffd72bc0000 - 0x00007ffd72c6c000 	C:\WINDOWS\System32\ADVAPI32.dll
0x00007ffd73e40000 - 0x00007ffd73ede000 	C:\WINDOWS\System32\msvcrt.dll
0x00007ffd726c0000 - 0x00007ffd7275b000 	C:\WINDOWS\System32\sechost.dll
0x00007ffd73830000 - 0x00007ffd7395a000 	C:\WINDOWS\System32\RPCRT4.dll
0x00007ffd729a0000 - 0x00007ffd72b41000 	C:\WINDOWS\System32\USER32.dll
0x00007ffd71f70000 - 0x00007ffd71f92000 	C:\WINDOWS\System32\win32u.dll
0x00007ffd73ff0000 - 0x00007ffd7401b000 	C:\WINDOWS\System32\GDI32.dll
0x00007ffd72130000 - 0x00007ffd7223b000 	C:\WINDOWS\System32\gdi32full.dll
0x00007ffd71ed0000 - 0x00007ffd71f6d000 	C:\WINDOWS\System32\msvcp_win.dll
0x00007ffd71dd0000 - 0x00007ffd71ed0000 	C:\WINDOWS\System32\ucrtbase.dll
0x00007ffd66630000 - 0x00007ffd668ca000 	C:\WINDOWS\WinSxS\amd64_microsoft.windows.common-controls_6595b64144ccf1df_6.0.19041.1110_none_60b5254171f9507e\COMCTL32.dll
0x00007ffd73a40000 - 0x00007ffd73a70000 	C:\WINDOWS\System32\IMM32.DLL
0x0000000065bd0000 - 0x0000000065ca2000 	C:\Program Files\Android\Android Studio\jre\jre\bin\msvcr100.dll
0x0000000065d90000 - 0x00000000665db000 	C:\Program Files\Android\Android Studio\jre\jre\bin\server\jvm.dll
0x00007ffd73fe0000 - 0x00007ffd73fe8000 	C:\WINDOWS\System32\PSAPI.DLL
0x00007ffd57ed0000 - 0x00007ffd57ef7000 	C:\WINDOWS\SYSTEM32\WINMM.dll
0x00007ffd6a020000 - 0x00007ffd6a02a000 	C:\WINDOWS\SYSTEM32\VERSION.dll
0x00007ffd59ab0000 - 0x00007ffd59ab9000 	C:\WINDOWS\SYSTEM32\WSOCK32.dll
0x00007ffd73dd0000 - 0x00007ffd73e3b000 	C:\WINDOWS\System32\WS2_32.dll
0x00007ffd6bc10000 - 0x00007ffd6bc1f000 	C:\Program Files\Android\Android Studio\jre\jre\bin\verify.dll
0x00007ffd5bab0000 - 0x00007ffd5bad9000 	C:\Program Files\Android\Android Studio\jre\jre\bin\java.dll
0x00007ffd5bb50000 - 0x00007ffd5bb66000 	C:\Program Files\Android\Android Studio\jre\jre\bin\zip.dll
0x00007ffd730f0000 - 0x00007ffd7382f000 	C:\WINDOWS\System32\SHELL32.dll
0x00007ffd6f610000 - 0x00007ffd6fda0000 	C:\WINDOWS\SYSTEM32\windows.storage.dll
0x00007ffd72360000 - 0x00007ffd726b5000 	C:\WINDOWS\System32\combase.dll
0x00007ffd71360000 - 0x00007ffd7138c000 	C:\WINDOWS\SYSTEM32\Wldp.dll
0x00007ffd73d20000 - 0x00007ffd73dcd000 	C:\WINDOWS\System32\SHCORE.dll
0x00007ffd72b50000 - 0x00007ffd72ba5000 	C:\WINDOWS\System32\shlwapi.dll
0x00007ffd71850000 - 0x00007ffd7186f000 	C:\WINDOWS\SYSTEM32\profapi.dll
0x00007ffd5b090000 - 0x00007ffd5b0aa000 	C:\Program Files\Android\Android Studio\jre\jre\bin\net.dll
0x00007ffd710c0000 - 0x00007ffd7112a000 	C:\WINDOWS\system32\mswsock.dll
0x00007ffd5b000000 - 0x00007ffd5b013000 	C:\Program Files\Android\Android Studio\jre\jre\bin\nio.dll
0x00007ffd50480000 - 0x00007ffd504a7000 	C:\Users\e30\.gradle\native\f6784746aeab05261644944871eae4fe03e0ef1612fff0a4a95f87b438bc6780\windows-amd64\native-platform.dll
0x00007ffd673c0000 - 0x00007ffd673cd000 	C:\Program Files\Android\Android Studio\jre\jre\bin\management.dll
0x00007ffd712b0000 - 0x00007ffd712c8000 	C:\WINDOWS\SYSTEM32\CRYPTSP.dll
0x00007ffd70970000 - 0x00007ffd709a4000 	C:\WINDOWS\system32\rsaenh.dll
0x00007ffd71fa0000 - 0x00007ffd71fc7000 	C:\WINDOWS\System32\bcrypt.dll
0x00007ffd71810000 - 0x00007ffd7183e000 	C:\WINDOWS\SYSTEM32\USERENV.dll
0x00007ffd71910000 - 0x00007ffd71993000 	C:\WINDOWS\System32\bcryptprimitives.dll
0x00007ffd712d0000 - 0x00007ffd712dc000 	C:\WINDOWS\SYSTEM32\CRYPTBASE.dll
0x00007ffd70d60000 - 0x00007ffd70d9b000 	C:\WINDOWS\SYSTEM32\IPHLPAPI.DLL
0x00007ffd73b30000 - 0x00007ffd73b38000 	C:\WINDOWS\System32\NSI.dll
0x00007ffd67f90000 - 0x00007ffd67fa7000 	C:\WINDOWS\SYSTEM32\dhcpcsvc6.DLL
0x00007ffd682d0000 - 0x00007ffd682ed000 	C:\WINDOWS\SYSTEM32\dhcpcsvc.DLL
0x00007ffd70da0000 - 0x00007ffd70e6c000 	C:\WINDOWS\SYSTEM32\DNSAPI.dll
0x00007ffd68470000 - 0x00007ffd6847b000 	C:\WINDOWS\SYSTEM32\WINNSI.DLL
0x00007ffd36e80000 - 0x00007ffd3701c000 	C:\Program Files\Android\Android Studio\jre\jre\bin\awt.dll
0x00007ffd74020000 - 0x00007ffd740ed000 	C:\WINDOWS\System32\OLEAUT32.dll
0x00007ffd68480000 - 0x00007ffd68a40000 	C:\WINDOWS\SYSTEM32\d2d1.dll
0x00007ffd6bf00000 - 0x00007ffd6bf2f000 	C:\WINDOWS\SYSTEM32\dwmapi.dll
0x00007ffd6b950000 - 0x00007ffd6b9e0000 	C:\WINDOWS\SYSTEM32\apphelp.dll
0x00007ffd6bce0000 - 0x00007ffd6bd7e000 	C:\WINDOWS\system32\uxtheme.dll
0x00007ffd59a80000 - 0x00007ffd59aa4000 	C:\Program Files\Android\Android Studio\jre\jre\bin\sunec.dll
0x00007ffd65e20000 - 0x00007ffd65e2a000 	C:\Windows\System32\rasadhlp.dll
0x00007ffd65960000 - 0x00007ffd659df000 	C:\WINDOWS\System32\fwpuclnt.dll
0x00007ffd6af60000 - 0x00007ffd6af6b000 	C:\Program Files\Android\Android Studio\jre\jre\bin\sunmscapi.dll
0x00007ffd71c70000 - 0x00007ffd71dc6000 	C:\WINDOWS\System32\CRYPT32.dll

VM Arguments:
jvm_args: -Xmx2048m -Dfile.encoding=UTF-8 -Duser.country=BR -Duser.language=pt -Duser.variant 
java_command: org.gradle.launcher.daemon.bootstrap.GradleDaemon 6.5
java_class_path (initial): C:\Users\e30\.gradle\wrapper\dists\gradle-6.5-all\2oz4ud9k3tuxjg84bbf55q0tn\gradle-6.5\lib\gradle-launcher-6.5.jar
Launcher Type: SUN_STANDARD

Environment Variables:
JAVA_HOME=C:\Program Files\Java\jdk1.8.0_281
PATH=C:\Program Files (x86)\Common Files\Oracle\Java\javapath;"C:\Program Files (x86)\Common Files\Oracle\Java\javapath;C:\Program Files\Java\jdk1.8.0_281\bin";C:\Program Files (x86)\Intel\Intel(R) Management Engine Components\iCLS\;C:\Program Files\Intel\Intel(R) Management Engine Components\iCLS\;C:\WINDOWS\system32;C:\WINDOWS;C:\WINDOWS\System32\Wbem;C:\WINDOWS\System32\WindowsPowerShell\v1.0\;C:\WINDOWS\System32\OpenSSH\;C:\Program Files (x86)\Intel\Intel(R) Management Engine Components\DAL;C:\Program Files\Intel\Intel(R) Management Engine Components\DAL;C:\Users\e30\AppData\Local\Programs\Python\Python38-32\Scripts;C:\Program Files\Git\cmd;C:\Users\e30\AppData\Local\Programs\Python\Python38-32\Scripts\;C:\Users\e30\AppData\Local\Programs\Python\Python38-32\;C:\Users\e30\AppData\Local\Microsoft\WindowsApps;C:\Users\e30\AppData\Local\Programs\Microsoft VS Code\bin;"C:\Users\e30\AppData\Local\Programs\;C:\Program Files\Java\jdk1.8.0_281\bin";
USERNAME=e30
OS=Windows_NT
PROCESSOR_IDENTIFIER=Intel64 Family 6 Model 142 Stepping 9, GenuineIntel



---------------  S Y S T E M  ---------------

OS: Windows 10.0 , 64 bit Build 19041 (10.0.19041.1202)

CPU:total 4 (initial active 4) (2 cores per cpu, 2 threads per core) family 6 model 142 stepping 9, cmov, cx8, fxsr, mmx, sse, sse2, sse3, ssse3, sse4.1, sse4.2, popcnt, avx, avx2, aes, clmul, erms, 3dnowpref, lzcnt, ht, tsc, tscinvbit, bmi1, bmi2, adx

Memory: 4k page, physical 4107072k(467272k free), swap 8203072k(4564k free)

vm_info: OpenJDK 64-Bit Server VM (25.242-b01) for windows-amd64 JRE (1.8.0_242-release-1644-b01), built by "builder" with MS VC++ 10.0 (VS2010)

time: Mon Nov 08 02:09:50 2021
timezone: Hora oficial do Brasil
elapsed time: 13385 seconds (0d 3h 43m 5s)

