#
# There is insufficient memory for the Java Runtime Environment to continue.
# Native memory allocation (malloc) failed to allocate 185136 bytes for Chunk::new
# Possible reasons:
#   The system is out of physical RAM or swap space
#   The process is running with CompressedOops enabled, and the Java Heap may be blocking the growth of the native heap
# Possible solutions:
#   Reduce memory load on the system
#   Increase physical memory or swap space
#   Check if swap backing store is full
#   Decrease Java heap size (-Xmx/-Xms)
#   Decrease number of Java threads
#   Decrease Java thread stack sizes (-Xss)
#   Set larger code cache with -XX:ReservedCodeCacheSize=
#   JVM is running with Unscaled Compressed Oops mode in which the Java heap is
#     placed in the first 4GB address space. The Java Heap base address is the
#     maximum limit for the native heap growth. Please use -XX:HeapBaseMinAddress
#     to set the Java Heap base and to place the Java Heap above 4GB virtual address.
# This output file may be truncated or incomplete.
#
#  Out of Memory Error (allocation.cpp:389), pid=10132, tid=0x0000000000001828
#
# JRE version: OpenJDK Runtime Environment (8.0_242-b01) (build 1.8.0_242-release-1644-b01)
# Java VM: OpenJDK 64-Bit Server VM (25.242-b01 mixed mode windows-amd64 compressed oops)
# Failed to write core dump. Minidumps are not enabled by default on client versions of Windows
#

---------------  T H R E A D  ---------------

Current thread (0x0000000016fe7000):  JavaThread "C2 CompilerThread0" daemon [_thread_in_native, id=6184, stack(0x0000000018660000,0x0000000018760000)]

Stack: [0x0000000018660000,0x0000000018760000]
[error occurred during error reporting (printing stack bounds), id 0xc0000005]

Native frames: (J=compiled Java code, j=interpreted, Vv=VM code, C=native code)


Current CompileTask:
C2:   3240 1342       4       java.util.HashMap::putVal (300 bytes)


---------------  P R O C E S S  ---------------

Java Threads: ( => current thread )
  0x000000001aafc800 JavaThread "Thread-9" [_thread_blocked, id=9836, stack(0x000000001caa0000,0x000000001cba0000)]
  0x000000001aab5000 JavaThread "Stdin handler" [_thread_blocked, id=13124, stack(0x000000001c9a0000,0x000000001caa0000)]
  0x000000001aaca800 JavaThread "Asynchronous log dispatcher for DefaultDaemonConnection: socket connection from /127.0.0.1:62882 to /127.0.0.1:62883" [_thread_blocked, id=7040, stack(0x000000001c8a0000,0x000000001c9a0000)]
  0x000000001aac9800 JavaThread "Daemon worker" [_thread_in_native, id=3980, stack(0x000000001c7a0000,0x000000001c8a0000)]
  0x000000001aac8800 JavaThread "Cancel handler" [_thread_blocked, id=11720, stack(0x000000001c6a0000,0x000000001c7a0000)]
  0x000000001aa9b000 JavaThread "Handler for socket connection from /127.0.0.1:62882 to /127.0.0.1:62883" [_thread_in_native, id=8352, stack(0x000000001c5a0000,0x000000001c6a0000)]
  0x000000001aa99800 JavaThread "Daemon" [_thread_blocked, id=2788, stack(0x000000001c4a0000,0x000000001c5a0000)]
  0x000000001a9f9000 JavaThread "Daemon periodic checks" [_thread_blocked, id=7108, stack(0x000000001c1a0000,0x000000001c2a0000)]
  0x000000001a9c4000 JavaThread "Incoming local TCP Connector on port 62882" [_thread_in_native, id=4676, stack(0x000000001bf40000,0x000000001c040000)]
  0x000000001a8e5000 JavaThread "Daemon health stats" [_thread_blocked, id=10760, stack(0x000000001b900000,0x000000001ba00000)]
  0x000000001703e800 JavaThread "Service Thread" daemon [_thread_blocked, id=7812, stack(0x0000000018d60000,0x0000000018e60000)]
  0x0000000016ff3800 JavaThread "C1 CompilerThread2" daemon [_thread_blocked, id=11072, stack(0x0000000018860000,0x0000000018960000)]
  0x0000000016feb800 JavaThread "C2 CompilerThread1" daemon [_thread_blocked, id=1584, stack(0x0000000018760000,0x0000000018860000)]
=>0x0000000016fe7000 JavaThread "C2 CompilerThread0" daemon [_thread_in_native, id=6184, stack(0x0000000018660000,0x0000000018760000)]
  0x0000000016fe5800 JavaThread "Attach Listener" daemon [_thread_blocked, id=5684, stack(0x0000000018560000,0x0000000018660000)]
  0x0000000016fe4800 JavaThread "Signal Dispatcher" daemon [_thread_blocked, id=6976, stack(0x0000000018460000,0x0000000018560000)]
  0x00000000023bc800 JavaThread "Finalizer" daemon [_thread_blocked, id=11820, stack(0x0000000018240000,0x0000000018340000)]
  0x00000000023b1000 JavaThread "Reference Handler" daemon [_thread_blocked, id=5940, stack(0x0000000018140000,0x0000000018240000)]
  0x00000000022c2800 JavaThread "main" [_thread_blocked, id=9144, stack(0x00000000021c0000,0x00000000022c0000)]

Other Threads:
  0x0000000016fa7000 VMThread [stack: 0x0000000018040000,0x0000000018140000] [id=7192]
  0x0000000018983000 WatcherThread [stack: 0x0000000018e60000,0x0000000018f60000] [id=4216]

VM state:not at safepoint (normal execution)

VM Mutex/Monitor currently owned by a thread: None

heap address: 0x0000000080000000, size: 2048 MB, Compressed Oops mode: 32-bit
Narrow klass base: 0x0000000000000000, Narrow klass shift: 3
Compressed class space size: 1073741824 Address: 0x0000000100000000

Heap:
 PSYoungGen      total 35328K, used 5542K [0x00000000d5580000, 0x00000000d7a80000, 0x0000000100000000)
  eden space 32768K, 9% used [0x00000000d5580000,0x00000000d586d870,0x00000000d7580000)
  from space 2560K, 99% used [0x00000000d7580000,0x00000000d77fc010,0x00000000d7800000)
  to   space 2560K, 0% used [0x00000000d7800000,0x00000000d7800000,0x00000000d7a80000)
 ParOldGen       total 44032K, used 4998K [0x0000000080000000, 0x0000000082b00000, 0x00000000d5580000)
  object space 44032K, 11% used [0x0000000080000000,0x00000000804e1b88,0x0000000082b00000)
 Metaspace       used 12348K, capacity 12744K, committed 12800K, reserved 1060864K
  class space    used 1648K, capacity 1762K, committed 1792K, reserved 1048576K

Card table byte_map: [0x0000000011780000,0x0000000011b90000] byte_map_base: 0x0000000011380000

Marking Bits: (ParMarkBitMap*) 0x000000006be0f030
 Begin Bits: [0x0000000012240000, 0x0000000014240000)
 End Bits:   [0x0000000014240000, 0x0000000016240000)

Polling page: 0x0000000002110000

CodeCache: size=245760Kb used=4871Kb max_used=4887Kb free=240888Kb
 bounds [0x00000000023c0000, 0x0000000002890000, 0x00000000113c0000]
 total_blobs=1722 nmethods=1347 adapters=288
 compilation: enabled

Compilation events (10 events):
Event: 3.207 Thread 0x0000000016ff3800 nmethod 1343 0x000000000287afd0 code [0x000000000287b160, 0x000000000287b570]
Event: 3.209 Thread 0x0000000016ff3800 1344       3       java.util.ArrayList$Itr::next (66 bytes)
Event: 3.209 Thread 0x0000000016ff3800 nmethod 1344 0x000000000287a6d0 code [0x000000000287a880, 0x000000000287ad68]
Event: 3.209 Thread 0x0000000016ff3800 1345       3       java.util.regex.Pattern$GroupHead::match (47 bytes)
Event: 3.210 Thread 0x0000000016ff3800 nmethod 1345 0x000000000287a0d0 code [0x000000000287a240, 0x000000000287a4e8]
Event: 3.210 Thread 0x0000000016ff3800 1346       3       java.util.regex.Matcher::group (112 bytes)
Event: 3.211 Thread 0x0000000016ff3800 nmethod 1346 0x000000000287ba90 code [0x000000000287bcc0, 0x000000000287ca28]
Event: 3.214 Thread 0x0000000016ff3800 1347       3       sun.misc.ProxyGenerator$ConstantPool$ValueEntry::write (190 bytes)
Event: 3.216 Thread 0x0000000016ff3800 nmethod 1347 0x000000000287cfd0 code [0x000000000287d3c0, 0x000000000287fe68]
Event: 3.216 Thread 0x0000000016ff3800 1348       3       sun.misc.ProxyGenerator$ConstantPool$IndirectEntry::write (61 bytes)

GC Heap History (10 events):
Event: 0.833 GC heap before
{Heap before GC invocations=1 (full 0):
 PSYoungGen      total 18944K, used 16384K [0x00000000d5580000, 0x00000000d6a80000, 0x0000000100000000)
  eden space 16384K, 100% used [0x00000000d5580000,0x00000000d6580000,0x00000000d6580000)
  from space 2560K, 0% used [0x00000000d6800000,0x00000000d6800000,0x00000000d6a80000)
  to   space 2560K, 0% used [0x00000000d6580000,0x00000000d6580000,0x00000000d6800000)
 ParOldGen       total 44032K, used 0K [0x0000000080000000, 0x0000000082b00000, 0x00000000d5580000)
  object space 44032K, 0% used [0x0000000080000000,0x0000000080000000,0x0000000082b00000)
 Metaspace       used 5612K, capacity 5874K, committed 6144K, reserved 1056768K
  class space    used 657K, capacity 744K, committed 768K, reserved 1048576K
Event: 0.839 GC heap after
Heap after GC invocations=1 (full 0):
 PSYoungGen      total 18944K, used 2259K [0x00000000d5580000, 0x00000000d6a80000, 0x0000000100000000)
  eden space 16384K, 0% used [0x00000000d5580000,0x00000000d5580000,0x00000000d6580000)
  from space 2560K, 88% used [0x00000000d6580000,0x00000000d67b4e20,0x00000000d6800000)
  to   space 2560K, 0% used [0x00000000d6800000,0x00000000d6800000,0x00000000d6a80000)
 ParOldGen       total 44032K, used 8K [0x0000000080000000, 0x0000000082b00000, 0x00000000d5580000)
  object space 44032K, 0% used [0x0000000080000000,0x0000000080002000,0x0000000082b00000)
 Metaspace       used 5612K, capacity 5874K, committed 6144K, reserved 1056768K
  class space    used 657K, capacity 744K, committed 768K, reserved 1048576K
}
Event: 1.334 GC heap before
{Heap before GC invocations=2 (full 0):
 PSYoungGen      total 18944K, used 18643K [0x00000000d5580000, 0x00000000d6a80000, 0x0000000100000000)
  eden space 16384K, 100% used [0x00000000d5580000,0x00000000d6580000,0x00000000d6580000)
  from space 2560K, 88% used [0x00000000d6580000,0x00000000d67b4e20,0x00000000d6800000)
  to   space 2560K, 0% used [0x00000000d6800000,0x00000000d6800000,0x00000000d6a80000)
 ParOldGen       total 44032K, used 8K [0x0000000080000000, 0x0000000082b00000, 0x00000000d5580000)
  object space 44032K, 0% used [0x0000000080000000,0x0000000080002000,0x0000000082b00000)
 Metaspace       used 7567K, capacity 7914K, committed 8064K, reserved 1056768K
  class space    used 931K, capacity 1041K, committed 1152K, reserved 1048576K
Event: 1.347 GC heap after
Heap after GC invocations=2 (full 0):
 PSYoungGen      total 18944K, used 2545K [0x00000000d5580000, 0x00000000d7a80000, 0x0000000100000000)
  eden space 16384K, 0% used [0x00000000d5580000,0x00000000d5580000,0x00000000d6580000)
  from space 2560K, 99% used [0x00000000d6800000,0x00000000d6a7c428,0x00000000d6a80000)
  to   space 2560K, 0% used [0x00000000d6580000,0x00000000d6580000,0x00000000d6800000)
 ParOldGen       total 44032K, used 1013K [0x0000000080000000, 0x0000000082b00000, 0x00000000d5580000)
  object space 44032K, 2% used [0x0000000080000000,0x00000000800fd6d8,0x0000000082b00000)
 Metaspace       used 7567K, capacity 7914K, committed 8064K, reserved 1056768K
  class space    used 931K, capacity 1041K, committed 1152K, reserved 1048576K
}
Event: 1.577 GC heap before
{Heap before GC invocations=3 (full 0):
 PSYoungGen      total 18944K, used 18929K [0x00000000d5580000, 0x00000000d7a80000, 0x0000000100000000)
  eden space 16384K, 100% used [0x00000000d5580000,0x00000000d6580000,0x00000000d6580000)
  from space 2560K, 99% used [0x00000000d6800000,0x00000000d6a7c428,0x00000000d6a80000)
  to   space 2560K, 0% used [0x00000000d6580000,0x00000000d6580000,0x00000000d6800000)
 ParOldGen       total 44032K, used 1013K [0x0000000080000000, 0x0000000082b00000, 0x00000000d5580000)
  object space 44032K, 2% used [0x0000000080000000,0x00000000800fd6d8,0x0000000082b00000)
 Metaspace       used 7603K, capacity 7914K, committed 8064K, reserved 1056768K
  class space    used 931K, capacity 1041K, committed 1152K, reserved 1048576K
Event: 1.581 GC heap after
Heap after GC invocations=3 (full 0):
 PSYoungGen      total 18944K, used 2256K [0x00000000d5580000, 0x00000000d7a80000, 0x0000000100000000)
  eden space 16384K, 0% used [0x00000000d5580000,0x00000000d5580000,0x00000000d6580000)
  from space 2560K, 88% used [0x00000000d6580000,0x00000000d67b4010,0x00000000d6800000)
  to   space 2560K, 0% used [0x00000000d7800000,0x00000000d7800000,0x00000000d7a80000)
 ParOldGen       total 44032K, used 1021K [0x0000000080000000, 0x0000000082b00000, 0x00000000d5580000)
  object space 44032K, 2% used [0x0000000080000000,0x00000000800ff6d8,0x0000000082b00000)
 Metaspace       used 7603K, capacity 7914K, committed 8064K, reserved 1056768K
  class space    used 931K, capacity 1041K, committed 1152K, reserved 1048576K
}
Event: 1.826 GC heap before
{Heap before GC invocations=4 (full 0):
 PSYoungGen      total 18944K, used 18640K [0x00000000d5580000, 0x00000000d7a80000, 0x0000000100000000)
  eden space 16384K, 100% used [0x00000000d5580000,0x00000000d6580000,0x00000000d6580000)
  from space 2560K, 88% used [0x00000000d6580000,0x00000000d67b4010,0x00000000d6800000)
  to   space 2560K, 0% used [0x00000000d7800000,0x00000000d7800000,0x00000000d7a80000)
 ParOldGen       total 44032K, used 1021K [0x0000000080000000, 0x0000000082b00000, 0x00000000d5580000)
  object space 44032K, 2% used [0x0000000080000000,0x00000000800ff6d8,0x0000000082b00000)
 Metaspace       used 7805K, capacity 8162K, committed 8320K, reserved 1056768K
  class space    used 957K, capacity 1081K, committed 1152K, reserved 1048576K
Event: 1.833 GC heap after
Heap after GC invocations=4 (full 0):
 PSYoungGen      total 35328K, used 2528K [0x00000000d5580000, 0x00000000d7a80000, 0x0000000100000000)
  eden space 32768K, 0% used [0x00000000d5580000,0x00000000d5580000,0x00000000d7580000)
  from space 2560K, 98% used [0x00000000d7800000,0x00000000d7a78020,0x00000000d7a80000)
  to   space 2560K, 0% used [0x00000000d7580000,0x00000000d7580000,0x00000000d7800000)
 ParOldGen       total 44032K, used 1694K [0x0000000080000000, 0x0000000082b00000, 0x00000000d5580000)
  object space 44032K, 3% used [0x0000000080000000,0x00000000801a7858,0x0000000082b00000)
 Metaspace       used 7805K, capacity 8162K, committed 8320K, reserved 1056768K
  class space    used 957K, capacity 1081K, committed 1152K, reserved 1048576K
}
Event: 3.164 GC heap before
{Heap before GC invocations=5 (full 0):
 PSYoungGen      total 35328K, used 35296K [0x00000000d5580000, 0x00000000d7a80000, 0x0000000100000000)
  eden space 32768K, 100% used [0x00000000d5580000,0x00000000d7580000,0x00000000d7580000)
  from space 2560K, 98% used [0x00000000d7800000,0x00000000d7a78020,0x00000000d7a80000)
  to   space 2560K, 0% used [0x00000000d7580000,0x00000000d7580000,0x00000000d7800000)
 ParOldGen       total 44032K, used 1694K [0x0000000080000000, 0x0000000082b00000, 0x00000000d5580000)
  object space 44032K, 3% used [0x0000000080000000,0x00000000801a7858,0x0000000082b00000)
 Metaspace       used 12085K, capacity 12520K, committed 12800K, reserved 1060864K
  class space    used 1602K, capacity 1730K, committed 1792K, reserved 1048576K
Event: 3.172 GC heap after
Heap after GC invocations=5 (full 0):
 PSYoungGen      total 35328K, used 2544K [0x00000000d5580000, 0x00000000d7a80000, 0x0000000100000000)
  eden space 32768K, 0% used [0x00000000d5580000,0x00000000d5580000,0x00000000d7580000)
  from space 2560K, 99% used [0x00000000d7580000,0x00000000d77fc010,0x00000000d7800000)
  to   space 2560K, 0% used [0x00000000d7800000,0x00000000d7800000,0x00000000d7a80000)
 ParOldGen       total 44032K, used 4998K [0x0000000080000000, 0x0000000082b00000, 0x00000000d5580000)
  object space 44032K, 11% used [0x0000000080000000,0x00000000804e1b88,0x0000000082b00000)
 Metaspace       used 12085K, capacity 12520K, committed 12800K, reserved 1060864K
  class space    used 1602K, capacity 1730K, committed 1792K, reserved 1048576K
}

Deoptimization events (10 events):
Event: 0.930 Thread 0x00000000022c2800 Uncommon trap: reason=unstable_if action=reinterpret pc=0x00000000025e2e1c method=java.lang.String.indexOf([CII[CIII)I @ 3
Event: 1.488 Thread 0x00000000022c2800 Uncommon trap: reason=unstable_if action=reinterpret pc=0x000000000260e974 method=java.lang.String.lastIndexOf([CII[CIII)I @ 66
Event: 1.947 Thread 0x00000000022c2800 Uncommon trap: reason=class_check action=maybe_recompile pc=0x00000000026fc718 method=java.util.regex.Matcher.match(II)Z @ 86
Event: 2.438 Thread 0x00000000022c2800 Uncommon trap: reason=unstable_if action=reinterpret pc=0x00000000026eef74 method=java.io.WinNTFileSystem.normalize(Ljava/lang/String;)Ljava/lang/String; @ 128
Event: 3.125 Thread 0x000000001aa9b000 Uncommon trap: reason=unstable_if action=reinterpret pc=0x00000000027ca4e4 method=java.util.concurrent.ConcurrentHashMap.putVal(Ljava/lang/Object;Ljava/lang/Object;Z)Ljava/lang/Object; @ 206
Event: 3.194 Thread 0x000000001aac9800 Uncommon trap: reason=bimorphic action=maybe_recompile pc=0x000000000267a350 method=java.util.HashMap.putVal(ILjava/lang/Object;Ljava/lang/Object;ZZ)Ljava/lang/Object; @ 253
Event: 3.194 Thread 0x000000001aac9800 Uncommon trap: reason=bimorphic action=maybe_recompile pc=0x000000000267a350 method=java.util.HashMap.putVal(ILjava/lang/Object;Ljava/lang/Object;ZZ)Ljava/lang/Object; @ 253
Event: 3.194 Thread 0x000000001aac9800 Uncommon trap: reason=bimorphic action=maybe_recompile pc=0x000000000267a350 method=java.util.HashMap.putVal(ILjava/lang/Object;Ljava/lang/Object;ZZ)Ljava/lang/Object; @ 253
Event: 3.194 Thread 0x000000001aac9800 Uncommon trap: reason=bimorphic action=maybe_recompile pc=0x000000000267a350 method=java.util.HashMap.putVal(ILjava/lang/Object;Ljava/lang/Object;ZZ)Ljava/lang/Object; @ 253
Event: 3.195 Thread 0x000000001aac9800 Uncommon trap: reason=bimorphic action=maybe_recompile pc=0x000000000268dd7c method=java.util.HashMap.putVal(ILjava/lang/Object;Ljava/lang/Object;ZZ)Ljava/lang/Object; @ 253

Classes redefined (0 events):
No events

Internal exceptions (10 events):
Event: 1.001 Thread 0x00000000022c2800 Exception <a 'java/lang/ArrayIndexOutOfBoundsException'> (0x00000000d5b912d0) thrown at [C:\src\AOSP-openjdk-git\hotspot\src\share\vm\runtime\sharedRuntime.cpp, line 605]
Event: 1.001 Thread 0x00000000022c2800 Exception <a 'java/lang/ArrayIndexOutOfBoundsException'> (0x00000000d5b945e8) thrown at [C:\src\AOSP-openjdk-git\hotspot\src\share\vm\runtime\sharedRuntime.cpp, line 605]
Event: 3.085 Thread 0x00000000022c2800 Exception <a 'java/io/IOException'> (0x00000000d720cc20) thrown at [C:\src\AOSP-openjdk-git\hotspot\src\share\vm\prims\jni.cpp, line 710]
Event: 3.126 Thread 0x000000001aa9b000 Exception <a 'java/lang/NoSuchMethodError': <clinit>> (0x00000000d7446a58) thrown at [C:\src\AOSP-openjdk-git\hotspot\src\share\vm\prims\jni.cpp, line 1615]
Event: 3.127 Thread 0x000000001aa9b000 Exception <a 'java/lang/NoSuchMethodError': <clinit>> (0x00000000d7450160) thrown at [C:\src\AOSP-openjdk-git\hotspot\src\share\vm\prims\jni.cpp, line 1615]
Event: 3.129 Thread 0x000000001aa9b000 Exception <a 'java/lang/NoSuchMethodError': <clinit>> (0x00000000d7464718) thrown at [C:\src\AOSP-openjdk-git\hotspot\src\share\vm\prims\jni.cpp, line 1615]
Event: 3.140 Thread 0x000000001aa9b000 Exception <a 'java/lang/NoSuchMethodError': <clinit>> (0x00000000d74d1618) thrown at [C:\src\AOSP-openjdk-git\hotspot\src\share\vm\prims\jni.cpp, line 1615]
Event: 3.147 Thread 0x000000001aa9b000 Exception <a 'java/lang/NoSuchMethodError': <clinit>> (0x00000000d750bae0) thrown at [C:\src\AOSP-openjdk-git\hotspot\src\share\vm\prims\jni.cpp, line 1615]
Event: 3.158 Thread 0x000000001aa9b000 Exception <a 'java/lang/NoSuchMethodError': <clinit>> (0x00000000d75416d8) thrown at [C:\src\AOSP-openjdk-git\hotspot\src\share\vm\prims\jni.cpp, line 1615]
Event: 3.160 Thread 0x000000001aa9b000 Exception <a 'java/lang/NoSuchMethodError': <clinit>> (0x00000000d754dc08) thrown at [C:\src\AOSP-openjdk-git\hotspot\src\share\vm\prims\jni.cpp, line 1615]

Events (10 events):
Event: 3.211 loading class org/gradle/initialization/DefaultBuildRequestMetaData
Event: 3.211 loading class org/gradle/initialization/DefaultBuildRequestMetaData done
Event: 3.212 loading class org/gradle/launcher/daemon/server/exec/ExecuteBuild$1
Event: 3.212 loading class org/gradle/launcher/daemon/server/exec/ExecuteBuild$1 done
Event: 3.215 loading class org/gradle/internal/logging/console/BuildLogLevelFilterRenderer
Event: 3.215 loading class org/gradle/internal/logging/console/BuildLogLevelFilterRenderer done
Event: 3.216 loading class org/gradle/internal/logging/sink/ProgressLogEventGenerator
Event: 3.216 loading class org/gradle/internal/logging/sink/ProgressLogEventGenerator done
Event: 3.217 loading class org/gradle/internal/logging/sink/OutputEventRenderer$3
Event: 3.217 loading class org/gradle/internal/logging/sink/OutputEventRenderer$3 done


Dynamic libraries:
0x00007ff6ec000000 - 0x00007ff6ec031000 	C:\Program Files\Android\Android Studio\jre\bin\java.exe
0x00007ffa5ed90000 - 0x00007ffa5ef85000 	C:\WINDOWS\SYSTEM32\ntdll.dll
0x00007ffa5e050000 - 0x00007ffa5e10d000 	C:\WINDOWS\System32\KERNEL32.DLL
0x00007ffa5c630000 - 0x00007ffa5c8fd000 	C:\WINDOWS\System32\KERNELBASE.dll
0x00007ffa5e240000 - 0x00007ffa5e2ee000 	C:\WINDOWS\System32\ADVAPI32.dll
0x00007ffa5da30000 - 0x00007ffa5dace000 	C:\WINDOWS\System32\msvcrt.dll
0x00007ffa5e1a0000 - 0x00007ffa5e23c000 	C:\WINDOWS\System32\sechost.dll
0x00007ffa5d7e0000 - 0x00007ffa5d905000 	C:\WINDOWS\System32\RPCRT4.dll
0x00007ffa5ce50000 - 0x00007ffa5cff0000 	C:\WINDOWS\System32\USER32.dll
0x00007ffa5ca40000 - 0x00007ffa5ca62000 	C:\WINDOWS\System32\win32u.dll
0x00007ffa5d580000 - 0x00007ffa5d5aa000 	C:\WINDOWS\System32\GDI32.dll
0x00007ffa5c900000 - 0x00007ffa5ca0b000 	C:\WINDOWS\System32\gdi32full.dll
0x00007ffa5ca70000 - 0x00007ffa5cb0d000 	C:\WINDOWS\System32\msvcp_win.dll
0x00007ffa5cb80000 - 0x00007ffa5cc80000 	C:\WINDOWS\System32\ucrtbase.dll
0x00007ffa4d9c0000 - 0x00007ffa4dc5a000 	C:\WINDOWS\WinSxS\amd64_microsoft.windows.common-controls_6595b64144ccf1df_6.0.19041.1110_none_60b5254171f9507e\COMCTL32.dll
0x00007ffa5e020000 - 0x00007ffa5e050000 	C:\WINDOWS\System32\IMM32.DLL
0x000000006af60000 - 0x000000006b032000 	C:\Program Files\Android\Android Studio\jre\jre\bin\msvcr100.dll
0x000000006b640000 - 0x000000006be8b000 	C:\Program Files\Android\Android Studio\jre\jre\bin\server\jvm.dll
0x00007ffa5e5f0000 - 0x00007ffa5e5f8000 	C:\WINDOWS\System32\PSAPI.DLL
0x00007ffa429b0000 - 0x00007ffa429d7000 	C:\WINDOWS\SYSTEM32\WINMM.dll
0x00007ffa52900000 - 0x00007ffa5290a000 	C:\WINDOWS\SYSTEM32\VERSION.dll
0x00007ffa59990000 - 0x00007ffa59999000 	C:\WINDOWS\SYSTEM32\WSOCK32.dll
0x00007ffa5d770000 - 0x00007ffa5d7db000 	C:\WINDOWS\System32\WS2_32.dll
0x00007ffa59970000 - 0x00007ffa5997f000 	C:\Program Files\Android\Android Studio\jre\jre\bin\verify.dll
0x00007ffa4d470000 - 0x00007ffa4d499000 	C:\Program Files\Android\Android Studio\jre\jre\bin\java.dll
0x00007ffa4d450000 - 0x00007ffa4d466000 	C:\Program Files\Android\Android Studio\jre\jre\bin\zip.dll
0x00007ffa5e600000 - 0x00007ffa5ed44000 	C:\WINDOWS\System32\SHELL32.dll
0x00007ffa5a1a0000 - 0x00007ffa5a934000 	C:\WINDOWS\SYSTEM32\windows.storage.dll
0x00007ffa5d220000 - 0x00007ffa5d574000 	C:\WINDOWS\System32\combase.dll
0x00007ffa5be30000 - 0x00007ffa5be5c000 	C:\WINDOWS\SYSTEM32\Wldp.dll
0x00007ffa5d5b0000 - 0x00007ffa5d65d000 	C:\WINDOWS\System32\SHCORE.dll
0x00007ffa5e2f0000 - 0x00007ffa5e345000 	C:\WINDOWS\System32\shlwapi.dll
0x00007ffa5c3e0000 - 0x00007ffa5c3ff000 	C:\WINDOWS\SYSTEM32\profapi.dll
0x00007ffa4d430000 - 0x00007ffa4d44a000 	C:\Program Files\Android\Android Studio\jre\jre\bin\net.dll
0x00007ffa5bb90000 - 0x00007ffa5bbfa000 	C:\WINDOWS\system32\mswsock.dll
0x00007ffa4ce80000 - 0x00007ffa4ce93000 	C:\Program Files\Android\Android Studio\jre\jre\bin\nio.dll
0x00007ffa4c7c0000 - 0x00007ffa4c7e7000 	C:\Users\e30\.gradle\native\f6784746aeab05261644944871eae4fe03e0ef1612fff0a4a95f87b438bc6780\windows-amd64\native-platform.dll
0x00007ffa54550000 - 0x00007ffa5455d000 	C:\Program Files\Android\Android Studio\jre\jre\bin\management.dll
0x00007ffa5bd80000 - 0x00007ffa5bd98000 	C:\WINDOWS\SYSTEM32\CRYPTSP.dll
0x00007ffa5b510000 - 0x00007ffa5b544000 	C:\WINDOWS\system32\rsaenh.dll
0x00007ffa5ca10000 - 0x00007ffa5ca37000 	C:\WINDOWS\System32\bcrypt.dll
0x00007ffa5c360000 - 0x00007ffa5c38e000 	C:\WINDOWS\SYSTEM32\USERENV.dll
0x00007ffa5c5a0000 - 0x00007ffa5c622000 	C:\WINDOWS\System32\bcryptprimitives.dll
0x00007ffa5bda0000 - 0x00007ffa5bdac000 	C:\WINDOWS\SYSTEM32\CRYPTBASE.dll
0x00007ffa5b880000 - 0x00007ffa5b8bb000 	C:\WINDOWS\SYSTEM32\IPHLPAPI.DLL
0x00007ffa5cde0000 - 0x00007ffa5cde8000 	C:\WINDOWS\System32\NSI.dll
0x00007ffa53a60000 - 0x00007ffa53a77000 	C:\WINDOWS\SYSTEM32\dhcpcsvc6.DLL
0x00007ffa53ad0000 - 0x00007ffa53aed000 	C:\WINDOWS\SYSTEM32\dhcpcsvc.DLL
0x00007ffa5b8c0000 - 0x00007ffa5b98b000 	C:\WINDOWS\SYSTEM32\DNSAPI.dll
0x00007ffa54c00000 - 0x00007ffa54c0b000 	C:\WINDOWS\SYSTEM32\WINNSI.DLL

VM Arguments:
jvm_args: -Xmx2048m -Dfile.encoding=UTF-8 -Duser.country=BR -Duser.language=pt -Duser.variant 
java_command: org.gradle.launcher.daemon.bootstrap.GradleDaemon 6.5
java_class_path (initial): C:\Users\e30\.gradle\wrapper\dists\gradle-6.5-all\2oz4ud9k3tuxjg84bbf55q0tn\gradle-6.5\lib\gradle-launcher-6.5.jar
Launcher Type: SUN_STANDARD

Environment Variables:
JAVA_HOME=C:\Program Files\Java\jdk1.8.0_281
PATH=C:\Program Files (x86)\Common Files\Oracle\Java\javapath;"C:\Program Files (x86)\Common Files\Oracle\Java\javapath;C:\Program Files\Java\jdk1.8.0_281\bin";C:\Program Files (x86)\Intel\Intel(R) Management Engine Components\iCLS\;C:\Program Files\Intel\Intel(R) Management Engine Components\iCLS\;C:\WINDOWS\system32;C:\WINDOWS;C:\WINDOWS\System32\Wbem;C:\WINDOWS\System32\WindowsPowerShell\v1.0\;C:\WINDOWS\System32\OpenSSH\;C:\Program Files (x86)\Intel\Intel(R) Management Engine Components\DAL;C:\Program Files\Intel\Intel(R) Management Engine Components\DAL;C:\Users\e30\AppData\Local\Programs\Python\Python38-32\Scripts;C:\Program Files\Git\cmd;C:\Users\e30\AppData\Local\Programs\Python\Python38-32\Scripts\;C:\Users\e30\AppData\Local\Programs\Python\Python38-32\;C:\Users\e30\AppData\Local\Microsoft\WindowsApps;C:\Users\e30\AppData\Local\Programs\Microsoft VS Code\bin;"C:\Users\e30\AppData\Local\Programs\;C:\Program Files\Java\jdk1.8.0_281\bin";C:\Users\e30\AppData\Local\GitHubDesktop\bin
USERNAME=e30
OS=Windows_NT
PROCESSOR_IDENTIFIER=Intel64 Family 6 Model 142 Stepping 9, GenuineIntel



---------------  S Y S T E M  ---------------

OS: Windows 10.0 , 64 bit Build 19041 (10.0.19041.1706)

CPU:total 4 (initial active 4) (2 cores per cpu, 2 threads per core) family 6 model 142 stepping 9, cmov, cx8, fxsr, mmx, sse, sse2, sse3, ssse3, sse4.1, sse4.2, popcnt, avx, avx2, aes, clmul, erms, 3dnowpref, lzcnt, ht, tsc, tscinvbit, bmi1, bmi2, adx

Memory: 4k page, physical 4107300k(354524k free), swap 8203300k(4344k free)

vm_info: OpenJDK 64-Bit Server VM (25.242-b01) for windows-amd64 JRE (1.8.0_242-release-1644-b01), built by "builder" with MS VC++ 10.0 (VS2010)

time: Tue May 24 23:08:36 2022
timezone: Hora oficial do Brasil
elapsed time: 3 seconds (0d 0h 0m 3s)

