#
# There is insufficient memory for the Java Runtime Environment to continue.
# Native memory allocation (malloc) failed to allocate 753136 bytes for Chunk::new
# Possible reasons:
#   The system is out of physical RAM or swap space
#   The process is running with CompressedOops enabled, and the Java Heap may be blocking the growth of the native heap
# Possible solutions:
#   Reduce memory load on the system
#   Increase physical memory or swap space
#   Check if swap backing store is full
#   Decrease Java heap size (-Xmx/-Xms)
#   Decrease number of Java threads
#   Decrease Java thread stack sizes (-Xss)
#   Set larger code cache with -XX:ReservedCodeCacheSize=
#   JVM is running with Unscaled Compressed Oops mode in which the Java heap is
#     placed in the first 4GB address space. The Java Heap base address is the
#     maximum limit for the native heap growth. Please use -XX:HeapBaseMinAddress
#     to set the Java Heap base and to place the Java Heap above 4GB virtual address.
# This output file may be truncated or incomplete.
#
#  Out of Memory Error (allocation.cpp:389), pid=12216, tid=0x0000000000001868
#
# JRE version: OpenJDK Runtime Environment (8.0_242-b01) (build 1.8.0_242-release-1644-b01)
# Java VM: OpenJDK 64-Bit Server VM (25.242-b01 mixed mode windows-amd64 compressed oops)
# Failed to write core dump. Minidumps are not enabled by default on client versions of Windows
#

---------------  T H R E A D  ---------------

Current thread (0x0000000017d8e000):  JavaThread "C2 CompilerThread1" daemon [_thread_in_native, id=6248, stack(0x00000000194f0000,0x00000000195f0000)]

Stack: [0x00000000194f0000,0x00000000195f0000]
[error occurred during error reporting (printing stack bounds), id 0xc0000005]

Native frames: (J=compiled Java code, j=interpreted, Vv=VM code, C=native code)


Current CompileTask:
C2:   3578 1551   !   4       java.net.URLClassLoader$1::run (63 bytes)


---------------  P R O C E S S  ---------------

Java Threads: ( => current thread )
  0x0000000017da2800 JavaThread "Cache worker for file hash cache (C:\Users\e30\.gradle\caches\6.5\fileHashes)" [_thread_blocked, id=5748, stack(0x000000001de30000,0x000000001df30000)]
  0x000000001b88e000 JavaThread "File lock request listener" [_thread_in_native, id=808, stack(0x000000001dd30000,0x000000001de30000)]
  0x000000001b80a000 JavaThread "Cache worker for journal cache (C:\Users\e30\.gradle\caches\journal-1)" [_thread_blocked, id=11824, stack(0x000000001db30000,0x000000001dc30000)]
  0x000000001b77e800 JavaThread "Thread-9" [_thread_blocked, id=7844, stack(0x000000001d830000,0x000000001d930000)]
  0x000000001b77a000 JavaThread "Stdin handler" [_thread_blocked, id=6008, stack(0x000000001d730000,0x000000001d830000)]
  0x000000001b76c800 JavaThread "Asynchronous log dispatcher for DefaultDaemonConnection: socket connection from /127.0.0.1:62844 to /127.0.0.1:62845" [_thread_blocked, id=11636, stack(0x000000001d630000,0x000000001d730000)]
  0x000000001b769800 JavaThread "Daemon worker" [_thread_in_vm, id=13268, stack(0x000000001d530000,0x000000001d630000)]
  0x000000001b769000 JavaThread "Cancel handler" [_thread_blocked, id=12616, stack(0x000000001d430000,0x000000001d530000)]
  0x000000001b749800 JavaThread "Handler for socket connection from /127.0.0.1:62844 to /127.0.0.1:62845" [_thread_in_native, id=5000, stack(0x000000001d330000,0x000000001d430000)]
  0x000000001b742000 JavaThread "Daemon" [_thread_blocked, id=11156, stack(0x000000001d230000,0x000000001d330000)]
  0x000000001b740800 JavaThread "Daemon periodic checks" [_thread_blocked, id=4080, stack(0x000000001cf30000,0x000000001d030000)]
  0x000000001b6c7000 JavaThread "Incoming local TCP Connector on port 62844" [_thread_in_native, id=32, stack(0x000000001ccd0000,0x000000001cdd0000)]
  0x000000001b5e9800 JavaThread "Daemon health stats" [_thread_blocked, id=5444, stack(0x000000001c690000,0x000000001c790000)]
  0x0000000019738800 JavaThread "Service Thread" daemon [_thread_blocked, id=7944, stack(0x0000000019af0000,0x0000000019bf0000)]
  0x0000000017d9d800 JavaThread "C1 CompilerThread2" daemon [_thread_blocked, id=10952, stack(0x00000000195f0000,0x00000000196f0000)]
=>0x0000000017d8e000 JavaThread "C2 CompilerThread1" daemon [_thread_in_native, id=6248, stack(0x00000000194f0000,0x00000000195f0000)]
  0x0000000017d87000 JavaThread "C2 CompilerThread0" daemon [_thread_in_native, id=6744, stack(0x00000000193f0000,0x00000000194f0000)]
  0x0000000017d85800 JavaThread "Attach Listener" daemon [_thread_blocked, id=4252, stack(0x00000000192f0000,0x00000000193f0000)]
  0x0000000017d84800 JavaThread "Signal Dispatcher" daemon [_thread_blocked, id=1100, stack(0x00000000191f0000,0x00000000192f0000)]
  0x000000000315c800 JavaThread "Finalizer" daemon [_thread_blocked, id=5216, stack(0x0000000018fd0000,0x00000000190d0000)]
  0x0000000017d69000 JavaThread "Reference Handler" daemon [_thread_blocked, id=11756, stack(0x0000000018ed0000,0x0000000018fd0000)]
  0x0000000003062800 JavaThread "main" [_thread_blocked, id=1864, stack(0x0000000002f60000,0x0000000003060000)]

Other Threads:
  0x0000000017d46800 VMThread [stack: 0x0000000018dd0000,0x0000000018ed0000] [id=4076]
  0x0000000019739800 WatcherThread [stack: 0x0000000019bf0000,0x0000000019cf0000] [id=1920]

VM state:not at safepoint (normal execution)

VM Mutex/Monitor currently owned by a thread: None

heap address: 0x0000000080000000, size: 2048 MB, Compressed Oops mode: 32-bit
Narrow klass base: 0x0000000000000000, Narrow klass shift: 3
Compressed class space size: 1073741824 Address: 0x0000000100000000

Heap:
 PSYoungGen      total 68096K, used 56605K [0x00000000d5580000, 0x00000000d9a80000, 0x0000000100000000)
  eden space 65536K, 82% used [0x00000000d5580000,0x00000000d8a4f738,0x00000000d9580000)
  from space 2560K, 98% used [0x00000000d9800000,0x00000000d9a78020,0x00000000d9a80000)
  to   space 2560K, 0% used [0x00000000d9580000,0x00000000d9580000,0x00000000d9800000)
 ParOldGen       total 44032K, used 5229K [0x0000000080000000, 0x0000000082b00000, 0x00000000d5580000)
  object space 44032K, 11% used [0x0000000080000000,0x000000008051b718,0x0000000082b00000)
 Metaspace       used 16794K, capacity 17416K, committed 17664K, reserved 1064960K
  class space    used 2251K, capacity 2436K, committed 2560K, reserved 1048576K

Card table byte_map: [0x0000000012520000,0x0000000012930000] byte_map_base: 0x0000000012120000

Marking Bits: (ParMarkBitMap*) 0x000000006be0f030
 Begin Bits: [0x0000000012fe0000, 0x0000000014fe0000)
 End Bits:   [0x0000000014fe0000, 0x0000000016fe0000)

Polling page: 0x00000000016c0000

CodeCache: size=245760Kb used=5492Kb max_used=5492Kb free=240267Kb
 bounds [0x0000000003160000, 0x00000000036c0000, 0x0000000012160000]
 total_blobs=1963 nmethods=1564 adapters=312
 compilation: enabled

Compilation events (10 events):
Event: 3.556 Thread 0x0000000017d9d800 1565       3       org.gradle.internal.service.DefaultServiceRegistry$FactoryMethodService::<init> (22 bytes)
Event: 3.557 Thread 0x0000000017d9d800 nmethod 1565 0x00000000036b7f90 code [0x00000000036b8160, 0x00000000036b8988]
Event: 3.563 Thread 0x0000000017d9d800 1566       3       java.lang.Enum::<init> (15 bytes)
Event: 3.563 Thread 0x0000000017d9d800 nmethod 1566 0x00000000036b9010 code [0x00000000036b9160, 0x00000000036b9330]
Event: 3.565 Thread 0x0000000017d9d800 1568       3       sun.reflect.generics.parser.SignatureParser::parsePackageNameAndSimpleClassTypeSignature (139 bytes)
Event: 3.567 Thread 0x0000000017d9d800 nmethod 1568 0x00000000036b93d0 code [0x00000000036b9720, 0x00000000036bb0e8]
Event: 3.567 Thread 0x0000000017d9d800 1567       3       sun.reflect.generics.parser.SignatureParser::parseClassTypeSignature (118 bytes)
Event: 3.570 Thread 0x0000000017d9d800 nmethod 1567 0x00000000036bbf10 code [0x00000000036bc2c0, 0x00000000036bdd88]
Event: 3.570 Thread 0x0000000017d9d800 1569       3       sun.reflect.generics.tree.ClassTypeSignature::make (9 bytes)
Event: 3.570 Thread 0x0000000017d9d800 nmethod 1569 0x00000000036bed90 code [0x00000000036bef00, 0x00000000036bf150]

GC Heap History (8 events):
Event: 0.681 GC heap before
{Heap before GC invocations=1 (full 0):
 PSYoungGen      total 18944K, used 16384K [0x00000000d5580000, 0x00000000d6a80000, 0x0000000100000000)
  eden space 16384K, 100% used [0x00000000d5580000,0x00000000d6580000,0x00000000d6580000)
  from space 2560K, 0% used [0x00000000d6800000,0x00000000d6800000,0x00000000d6a80000)
  to   space 2560K, 0% used [0x00000000d6580000,0x00000000d6580000,0x00000000d6800000)
 ParOldGen       total 44032K, used 0K [0x0000000080000000, 0x0000000082b00000, 0x00000000d5580000)
  object space 44032K, 0% used [0x0000000080000000,0x0000000080000000,0x0000000082b00000)
 Metaspace       used 5612K, capacity 5874K, committed 6144K, reserved 1056768K
  class space    used 657K, capacity 744K, committed 768K, reserved 1048576K
Event: 0.693 GC heap after
Heap after GC invocations=1 (full 0):
 PSYoungGen      total 18944K, used 2258K [0x00000000d5580000, 0x00000000d7a80000, 0x0000000100000000)
  eden space 16384K, 0% used [0x00000000d5580000,0x00000000d5580000,0x00000000d6580000)
  from space 2560K, 88% used [0x00000000d6580000,0x00000000d67b4888,0x00000000d6800000)
  to   space 2560K, 0% used [0x00000000d7800000,0x00000000d7800000,0x00000000d7a80000)
 ParOldGen       total 44032K, used 8K [0x0000000080000000, 0x0000000082b00000, 0x00000000d5580000)
  object space 44032K, 0% used [0x0000000080000000,0x0000000080002000,0x0000000082b00000)
 Metaspace       used 5612K, capacity 5874K, committed 6144K, reserved 1056768K
  class space    used 657K, capacity 744K, committed 768K, reserved 1048576K
}
Event: 1.161 GC heap before
{Heap before GC invocations=2 (full 0):
 PSYoungGen      total 18944K, used 18642K [0x00000000d5580000, 0x00000000d7a80000, 0x0000000100000000)
  eden space 16384K, 100% used [0x00000000d5580000,0x00000000d6580000,0x00000000d6580000)
  from space 2560K, 88% used [0x00000000d6580000,0x00000000d67b4888,0x00000000d6800000)
  to   space 2560K, 0% used [0x00000000d7800000,0x00000000d7800000,0x00000000d7a80000)
 ParOldGen       total 44032K, used 8K [0x0000000080000000, 0x0000000082b00000, 0x00000000d5580000)
  object space 44032K, 0% used [0x0000000080000000,0x0000000080002000,0x0000000082b00000)
 Metaspace       used 7569K, capacity 7914K, committed 8064K, reserved 1056768K
  class space    used 931K, capacity 1041K, committed 1152K, reserved 1048576K
Event: 1.167 GC heap after
Heap after GC invocations=2 (full 0):
 PSYoungGen      total 35328K, used 2533K [0x00000000d5580000, 0x00000000d7a80000, 0x0000000100000000)
  eden space 32768K, 0% used [0x00000000d5580000,0x00000000d5580000,0x00000000d7580000)
  from space 2560K, 98% used [0x00000000d7800000,0x00000000d7a79678,0x00000000d7a80000)
  to   space 2560K, 0% used [0x00000000d7580000,0x00000000d7580000,0x00000000d7800000)
 ParOldGen       total 44032K, used 1082K [0x0000000080000000, 0x0000000082b00000, 0x00000000d5580000)
  object space 44032K, 2% used [0x0000000080000000,0x000000008010e8b0,0x0000000082b00000)
 Metaspace       used 7569K, capacity 7914K, committed 8064K, reserved 1056768K
  class space    used 931K, capacity 1041K, committed 1152K, reserved 1048576K
}
Event: 1.554 GC heap before
{Heap before GC invocations=3 (full 0):
 PSYoungGen      total 35328K, used 35301K [0x00000000d5580000, 0x00000000d7a80000, 0x0000000100000000)
  eden space 32768K, 100% used [0x00000000d5580000,0x00000000d7580000,0x00000000d7580000)
  from space 2560K, 98% used [0x00000000d7800000,0x00000000d7a79678,0x00000000d7a80000)
  to   space 2560K, 0% used [0x00000000d7580000,0x00000000d7580000,0x00000000d7800000)
 ParOldGen       total 44032K, used 1082K [0x0000000080000000, 0x0000000082b00000, 0x00000000d5580000)
  object space 44032K, 2% used [0x0000000080000000,0x000000008010e8b0,0x0000000082b00000)
 Metaspace       used 7806K, capacity 8162K, committed 8320K, reserved 1056768K
  class space    used 957K, capacity 1081K, committed 1152K, reserved 1048576K
Event: 1.559 GC heap after
Heap after GC invocations=3 (full 0):
 PSYoungGen      total 35328K, used 2528K [0x00000000d5580000, 0x00000000d9a80000, 0x0000000100000000)
  eden space 32768K, 0% used [0x00000000d5580000,0x00000000d5580000,0x00000000d7580000)
  from space 2560K, 98% used [0x00000000d7580000,0x00000000d77f8040,0x00000000d7800000)
  to   space 2560K, 0% used [0x00000000d9800000,0x00000000d9800000,0x00000000d9a80000)
 ParOldGen       total 44032K, used 1834K [0x0000000080000000, 0x0000000082b00000, 0x00000000d5580000)
  object space 44032K, 4% used [0x0000000080000000,0x00000000801caaf0,0x0000000082b00000)
 Metaspace       used 7806K, capacity 8162K, committed 8320K, reserved 1056768K
  class space    used 957K, capacity 1081K, committed 1152K, reserved 1048576K
}
Event: 2.844 GC heap before
{Heap before GC invocations=4 (full 0):
 PSYoungGen      total 35328K, used 35296K [0x00000000d5580000, 0x00000000d9a80000, 0x0000000100000000)
  eden space 32768K, 100% used [0x00000000d5580000,0x00000000d7580000,0x00000000d7580000)
  from space 2560K, 98% used [0x00000000d7580000,0x00000000d77f8040,0x00000000d7800000)
  to   space 2560K, 0% used [0x00000000d9800000,0x00000000d9800000,0x00000000d9a80000)
 ParOldGen       total 44032K, used 1834K [0x0000000080000000, 0x0000000082b00000, 0x00000000d5580000)
  object space 44032K, 4% used [0x0000000080000000,0x00000000801caaf0,0x0000000082b00000)
 Metaspace       used 12093K, capacity 12520K, committed 12800K, reserved 1060864K
  class space    used 1603K, capacity 1730K, committed 1792K, reserved 1048576K
Event: 2.852 GC heap after
Heap after GC invocations=4 (full 0):
 PSYoungGen      total 68096K, used 2528K [0x00000000d5580000, 0x00000000d9a80000, 0x0000000100000000)
  eden space 65536K, 0% used [0x00000000d5580000,0x00000000d5580000,0x00000000d9580000)
  from space 2560K, 98% used [0x00000000d9800000,0x00000000d9a78020,0x00000000d9a80000)
  to   space 2560K, 0% used [0x00000000d9580000,0x00000000d9580000,0x00000000d9800000)
 ParOldGen       total 44032K, used 5229K [0x0000000080000000, 0x0000000082b00000, 0x00000000d5580000)
  object space 44032K, 11% used [0x0000000080000000,0x000000008051b718,0x0000000082b00000)
 Metaspace       used 12093K, capacity 12520K, committed 12800K, reserved 1060864K
  class space    used 1603K, capacity 1730K, committed 1792K, reserved 1048576K
}

Deoptimization events (10 events):
Event: 3.164 Thread 0x000000001b769800 Uncommon trap: reason=class_check action=maybe_recompile pc=0x00000000034994d8 method=java.util.regex.Matcher.match(II)Z @ 86
Event: 3.165 Thread 0x000000001b769800 Uncommon trap: reason=class_check action=maybe_recompile pc=0x00000000034994d8 method=java.util.regex.Matcher.match(II)Z @ 86
Event: 3.165 Thread 0x000000001b769800 Uncommon trap: reason=class_check action=maybe_recompile pc=0x00000000034994d8 method=java.util.regex.Matcher.match(II)Z @ 86
Event: 3.165 Thread 0x000000001b769800 Uncommon trap: reason=class_check action=maybe_recompile pc=0x000000000332808c method=java.util.regex.Matcher.match(II)Z @ 86
Event: 3.213 Thread 0x000000001b769800 Uncommon trap: reason=bimorphic action=maybe_recompile pc=0x0000000003677f74 method=java.util.regex.Matcher.match(II)Z @ 86
Event: 3.214 Thread 0x000000001b769800 Uncommon trap: reason=bimorphic action=maybe_recompile pc=0x0000000003677f74 method=java.util.regex.Matcher.match(II)Z @ 86
Event: 3.226 Thread 0x000000001b769800 Uncommon trap: reason=bimorphic action=maybe_recompile pc=0x0000000003677f74 method=java.util.regex.Matcher.match(II)Z @ 86
Event: 3.257 Thread 0x000000001b769800 Uncommon trap: reason=bimorphic action=maybe_recompile pc=0x0000000003677f74 method=java.util.regex.Matcher.match(II)Z @ 86
Event: 3.315 Thread 0x000000001b769800 Uncommon trap: reason=unstable_if action=reinterpret pc=0x000000000348711c method=java.io.File.getName()Ljava/lang/String; @ 16
Event: 3.315 Thread 0x000000001b769800 Uncommon trap: reason=unstable_if action=reinterpret pc=0x0000000003481c14 method=java.lang.String.substring(I)Ljava/lang/String; @ 35

Classes redefined (0 events):
No events

Internal exceptions (10 events):
Event: 2.798 Thread 0x000000001b749800 Exception <a 'java/lang/NoSuchMethodError': <clinit>> (0x00000000d743d1f8) thrown at [C:\src\AOSP-openjdk-git\hotspot\src\share\vm\prims\jni.cpp, line 1615]
Event: 2.799 Thread 0x000000001b749800 Exception <a 'java/lang/NoSuchMethodError': <clinit>> (0x00000000d7446900) thrown at [C:\src\AOSP-openjdk-git\hotspot\src\share\vm\prims\jni.cpp, line 1615]
Event: 2.803 Thread 0x000000001b749800 Exception <a 'java/lang/NoSuchMethodError': <clinit>> (0x00000000d745aeb8) thrown at [C:\src\AOSP-openjdk-git\hotspot\src\share\vm\prims\jni.cpp, line 1615]
Event: 2.819 Thread 0x000000001b749800 Exception <a 'java/lang/NoSuchMethodError': <clinit>> (0x00000000d74c7da0) thrown at [C:\src\AOSP-openjdk-git\hotspot\src\share\vm\prims\jni.cpp, line 1615]
Event: 2.826 Thread 0x000000001b749800 Exception <a 'java/lang/NoSuchMethodError': <clinit>> (0x00000000d7502268) thrown at [C:\src\AOSP-openjdk-git\hotspot\src\share\vm\prims\jni.cpp, line 1615]
Event: 2.837 Thread 0x000000001b749800 Exception <a 'java/lang/NoSuchMethodError': <clinit>> (0x00000000d75379e0) thrown at [C:\src\AOSP-openjdk-git\hotspot\src\share\vm\prims\jni.cpp, line 1615]
Event: 2.839 Thread 0x000000001b749800 Exception <a 'java/lang/NoSuchMethodError': <clinit>> (0x00000000d7543f10) thrown at [C:\src\AOSP-openjdk-git\hotspot\src\share\vm\prims\jni.cpp, line 1615]
Event: 3.398 Thread 0x000000001b769800 Exception <a 'java/lang/NoSuchMethodError': java.lang.Object.lambda$and$0(Ljava/util/function/Predicate;Ljava/lang/Object;)Z> (0x00000000d7b07278) thrown at [C:\src\AOSP-openjdk-git\hotspot\src\share\vm\interpreter\linkResolver.cpp, line 620]
Event: 3.405 Thread 0x000000001b769800 Exception <a 'java/lang/IncompatibleClassChangeError': Found class java.lang.Object, but interface was expected> (0x00000000d7b17570) thrown at [C:\src\AOSP-openjdk-git\hotspot\src\share\vm\interpreter\linkResolver.cpp, line 653]
Event: 3.408 Thread 0x000000001b769800 Exception <a 'java/lang/NoSuchMethodError': java.lang.Object.lambda$or$2(Ljava/util/function/Predicate;Ljava/lang/Object;)Z> (0x00000000d7b1c0c0) thrown at [C:\src\AOSP-openjdk-git\hotspot\src\share\vm\interpreter\linkResolver.cpp, line 620]

Events (10 events):
Event: 3.570 loading class org/gradle/jvm/toolchain/internal/DefaultJavaInstallationRegistry
Event: 3.570 loading class org/gradle/jvm/toolchain/internal/DefaultJavaInstallationRegistry done
Event: 3.571 loading class org/gradle/jvm/toolchain/JavaInstallationRegistry
Event: 3.571 loading class org/gradle/jvm/toolchain/JavaInstallationRegistry done
Event: 3.572 loading class org/gradle/jvm/internal/services/PlatformJvmServices$BuildScopeServices
Event: 3.572 loading class org/gradle/jvm/internal/services/PlatformJvmServices$BuildScopeServices done
Event: 3.573 loading class org/gradle/jvm/internal/services/PlatformJvmServices$LocalLibraryDependencyResolverFactory
Event: 3.573 loading class org/gradle/jvm/internal/services/PlatformJvmServices$LocalLibraryDependencyResolverFactory done
Event: 3.574 loading class org/gradle/api/internal/artifacts/ivyservice/projectmodule/DefaultProjectDependencyPublicationResolver
Event: 3.574 loading class org/gradle/api/internal/artifacts/ivyservice/projectmodule/DefaultProjectDependencyPublicationResolver done


Dynamic libraries:
0x00007ff6ec000000 - 0x00007ff6ec031000 	C:\Program Files\Android\Android Studio\jre\bin\java.exe
0x00007ffa5ed90000 - 0x00007ffa5ef85000 	C:\WINDOWS\SYSTEM32\ntdll.dll
0x00007ffa5e050000 - 0x00007ffa5e10d000 	C:\WINDOWS\System32\KERNEL32.DLL
0x00007ffa5c630000 - 0x00007ffa5c8fd000 	C:\WINDOWS\System32\KERNELBASE.dll
0x00007ffa5e240000 - 0x00007ffa5e2ee000 	C:\WINDOWS\System32\ADVAPI32.dll
0x00007ffa5da30000 - 0x00007ffa5dace000 	C:\WINDOWS\System32\msvcrt.dll
0x00007ffa5e1a0000 - 0x00007ffa5e23c000 	C:\WINDOWS\System32\sechost.dll
0x00007ffa5d7e0000 - 0x00007ffa5d905000 	C:\WINDOWS\System32\RPCRT4.dll
0x00007ffa5ce50000 - 0x00007ffa5cff0000 	C:\WINDOWS\System32\USER32.dll
0x00007ffa5ca40000 - 0x00007ffa5ca62000 	C:\WINDOWS\System32\win32u.dll
0x00007ffa5d580000 - 0x00007ffa5d5aa000 	C:\WINDOWS\System32\GDI32.dll
0x00007ffa5c900000 - 0x00007ffa5ca0b000 	C:\WINDOWS\System32\gdi32full.dll
0x00007ffa5ca70000 - 0x00007ffa5cb0d000 	C:\WINDOWS\System32\msvcp_win.dll
0x00007ffa5cb80000 - 0x00007ffa5cc80000 	C:\WINDOWS\System32\ucrtbase.dll
0x00007ffa4d9c0000 - 0x00007ffa4dc5a000 	C:\WINDOWS\WinSxS\amd64_microsoft.windows.common-controls_6595b64144ccf1df_6.0.19041.1110_none_60b5254171f9507e\COMCTL32.dll
0x00007ffa5e020000 - 0x00007ffa5e050000 	C:\WINDOWS\System32\IMM32.DLL
0x000000006af60000 - 0x000000006b032000 	C:\Program Files\Android\Android Studio\jre\jre\bin\msvcr100.dll
0x000000006b640000 - 0x000000006be8b000 	C:\Program Files\Android\Android Studio\jre\jre\bin\server\jvm.dll
0x00007ffa5e5f0000 - 0x00007ffa5e5f8000 	C:\WINDOWS\System32\PSAPI.DLL
0x00007ffa429b0000 - 0x00007ffa429d7000 	C:\WINDOWS\SYSTEM32\WINMM.dll
0x00007ffa52900000 - 0x00007ffa5290a000 	C:\WINDOWS\SYSTEM32\VERSION.dll
0x00007ffa59990000 - 0x00007ffa59999000 	C:\WINDOWS\SYSTEM32\WSOCK32.dll
0x00007ffa5d770000 - 0x00007ffa5d7db000 	C:\WINDOWS\System32\WS2_32.dll
0x00007ffa59970000 - 0x00007ffa5997f000 	C:\Program Files\Android\Android Studio\jre\jre\bin\verify.dll
0x00007ffa4d470000 - 0x00007ffa4d499000 	C:\Program Files\Android\Android Studio\jre\jre\bin\java.dll
0x00007ffa4d450000 - 0x00007ffa4d466000 	C:\Program Files\Android\Android Studio\jre\jre\bin\zip.dll
0x00007ffa5e600000 - 0x00007ffa5ed44000 	C:\WINDOWS\System32\SHELL32.dll
0x00007ffa5a1a0000 - 0x00007ffa5a934000 	C:\WINDOWS\SYSTEM32\windows.storage.dll
0x00007ffa5d220000 - 0x00007ffa5d574000 	C:\WINDOWS\System32\combase.dll
0x00007ffa5be30000 - 0x00007ffa5be5c000 	C:\WINDOWS\SYSTEM32\Wldp.dll
0x00007ffa5d5b0000 - 0x00007ffa5d65d000 	C:\WINDOWS\System32\SHCORE.dll
0x00007ffa5e2f0000 - 0x00007ffa5e345000 	C:\WINDOWS\System32\shlwapi.dll
0x00007ffa5c3e0000 - 0x00007ffa5c3ff000 	C:\WINDOWS\SYSTEM32\profapi.dll
0x00007ffa4d430000 - 0x00007ffa4d44a000 	C:\Program Files\Android\Android Studio\jre\jre\bin\net.dll
0x00007ffa5bb90000 - 0x00007ffa5bbfa000 	C:\WINDOWS\system32\mswsock.dll
0x00007ffa4ce80000 - 0x00007ffa4ce93000 	C:\Program Files\Android\Android Studio\jre\jre\bin\nio.dll
0x00007ffa4c7c0000 - 0x00007ffa4c7e7000 	C:\Users\e30\.gradle\native\f6784746aeab05261644944871eae4fe03e0ef1612fff0a4a95f87b438bc6780\windows-amd64\native-platform.dll
0x00007ffa54550000 - 0x00007ffa5455d000 	C:\Program Files\Android\Android Studio\jre\jre\bin\management.dll
0x00007ffa5bd80000 - 0x00007ffa5bd98000 	C:\WINDOWS\SYSTEM32\CRYPTSP.dll
0x00007ffa5b510000 - 0x00007ffa5b544000 	C:\WINDOWS\system32\rsaenh.dll
0x00007ffa5ca10000 - 0x00007ffa5ca37000 	C:\WINDOWS\System32\bcrypt.dll
0x00007ffa5c360000 - 0x00007ffa5c38e000 	C:\WINDOWS\SYSTEM32\USERENV.dll
0x00007ffa5c5a0000 - 0x00007ffa5c622000 	C:\WINDOWS\System32\bcryptprimitives.dll
0x00007ffa5bda0000 - 0x00007ffa5bdac000 	C:\WINDOWS\SYSTEM32\CRYPTBASE.dll
0x00007ffa5b880000 - 0x00007ffa5b8bb000 	C:\WINDOWS\SYSTEM32\IPHLPAPI.DLL
0x00007ffa5cde0000 - 0x00007ffa5cde8000 	C:\WINDOWS\System32\NSI.dll
0x00007ffa53a60000 - 0x00007ffa53a77000 	C:\WINDOWS\SYSTEM32\dhcpcsvc6.DLL
0x00007ffa53ad0000 - 0x00007ffa53aed000 	C:\WINDOWS\SYSTEM32\dhcpcsvc.DLL
0x00007ffa5b8c0000 - 0x00007ffa5b98b000 	C:\WINDOWS\SYSTEM32\DNSAPI.dll
0x00007ffa54c00000 - 0x00007ffa54c0b000 	C:\WINDOWS\SYSTEM32\WINNSI.DLL

VM Arguments:
jvm_args: -Xmx2048m -Dfile.encoding=UTF-8 -Duser.country=BR -Duser.language=pt -Duser.variant 
java_command: org.gradle.launcher.daemon.bootstrap.GradleDaemon 6.5
java_class_path (initial): C:\Users\e30\.gradle\wrapper\dists\gradle-6.5-all\2oz4ud9k3tuxjg84bbf55q0tn\gradle-6.5\lib\gradle-launcher-6.5.jar
Launcher Type: SUN_STANDARD

Environment Variables:
JAVA_HOME=C:\Program Files\Java\jdk1.8.0_281
PATH=C:\Program Files (x86)\Common Files\Oracle\Java\javapath;"C:\Program Files (x86)\Common Files\Oracle\Java\javapath;C:\Program Files\Java\jdk1.8.0_281\bin";C:\Program Files (x86)\Intel\Intel(R) Management Engine Components\iCLS\;C:\Program Files\Intel\Intel(R) Management Engine Components\iCLS\;C:\WINDOWS\system32;C:\WINDOWS;C:\WINDOWS\System32\Wbem;C:\WINDOWS\System32\WindowsPowerShell\v1.0\;C:\WINDOWS\System32\OpenSSH\;C:\Program Files (x86)\Intel\Intel(R) Management Engine Components\DAL;C:\Program Files\Intel\Intel(R) Management Engine Components\DAL;C:\Users\e30\AppData\Local\Programs\Python\Python38-32\Scripts;C:\Program Files\Git\cmd;C:\Users\e30\AppData\Local\Programs\Python\Python38-32\Scripts\;C:\Users\e30\AppData\Local\Programs\Python\Python38-32\;C:\Users\e30\AppData\Local\Microsoft\WindowsApps;C:\Users\e30\AppData\Local\Programs\Microsoft VS Code\bin;"C:\Users\e30\AppData\Local\Programs\;C:\Program Files\Java\jdk1.8.0_281\bin";C:\Users\e30\AppData\Local\GitHubDesktop\bin
USERNAME=e30
OS=Windows_NT
PROCESSOR_IDENTIFIER=Intel64 Family 6 Model 142 Stepping 9, GenuineIntel



---------------  S Y S T E M  ---------------

OS: Windows 10.0 , 64 bit Build 19041 (10.0.19041.1706)

CPU:total 4 (initial active 4) (2 cores per cpu, 2 threads per core) family 6 model 142 stepping 9, cmov, cx8, fxsr, mmx, sse, sse2, sse3, ssse3, sse4.1, sse4.2, popcnt, avx, avx2, aes, clmul, erms, 3dnowpref, lzcnt, ht, tsc, tscinvbit, bmi1, bmi2, adx

Memory: 4k page, physical 4107300k(326588k free), swap 8203300k(5280k free)

vm_info: OpenJDK 64-Bit Server VM (25.242-b01) for windows-amd64 JRE (1.8.0_242-release-1644-b01), built by "builder" with MS VC++ 10.0 (VS2010)

time: Tue May 24 23:04:51 2022
timezone: Hora oficial do Brasil
elapsed time: 3 seconds (0d 0h 0m 3s)

