#
# There is insufficient memory for the Java Runtime Environment to continue.
# Native memory allocation (malloc) failed to allocate 32744 bytes for ChunkPool::allocate
# Possible reasons:
#   The system is out of physical RAM or swap space
#   The process is running with CompressedOops enabled, and the Java Heap may be blocking the growth of the native heap
# Possible solutions:
#   Reduce memory load on the system
#   Increase physical memory or swap space
#   Check if swap backing store is full
#   Decrease Java heap size (-Xmx/-Xms)
#   Decrease number of Java threads
#   Decrease Java thread stack sizes (-Xss)
#   Set larger code cache with -XX:ReservedCodeCacheSize=
#   JVM is running with Unscaled Compressed Oops mode in which the Java heap is
#     placed in the first 4GB address space. The Java Heap base address is the
#     maximum limit for the native heap growth. Please use -XX:HeapBaseMinAddress
#     to set the Java Heap base and to place the Java Heap above 4GB virtual address.
# This output file may be truncated or incomplete.
#
#  Out of Memory Error (allocation.cpp:272), pid=13040, tid=0x0000000000000b5c
#
# JRE version: OpenJDK Runtime Environment (8.0_242-b01) (build 1.8.0_242-release-1644-b01)
# Java VM: OpenJDK 64-Bit Server VM (25.242-b01 mixed mode windows-amd64 compressed oops)
# Failed to write core dump. Minidumps are not enabled by default on client versions of Windows
#

---------------  T H R E A D  ---------------

Current thread (0x000000001785c000):  JavaThread "C2 CompilerThread1" daemon [_thread_in_native, id=2908, stack(0x0000000018fd0000,0x00000000190d0000)]

Stack: [0x0000000018fd0000,0x00000000190d0000]
[error occurred during error reporting (printing stack bounds), id 0xc0000005]

Native frames: (J=compiled Java code, j=interpreted, Vv=VM code, C=native code)


Current CompileTask:
C2: 144615 4034       4       org.gradle.internal.service.DefaultServiceRegistry$OwnServices::getService (309 bytes)


---------------  P R O C E S S  ---------------

Java Threads: ( => current thread )
  0x000000001a269000 JavaThread "Cache worker for cache directory md-rule (C:\Users\e30\.gradle\caches\6.5\md-rule)" [_thread_blocked, id=11724, stack(0x000000001d210000,0x000000001d310000)]
  0x000000001a26e000 JavaThread "Cache worker for cache directory md-supplier (C:\Users\e30\.gradle\caches\6.5\md-supplier)" [_thread_blocked, id=10980, stack(0x000000001d110000,0x000000001d210000)]
  0x000000001a26f800 JavaThread "Cache worker for checksums cache (C:\Users\e30\Desktop\LibrasKids\.gradle\checksums)" [_thread_blocked, id=12024, stack(0x000000001d010000,0x000000001d110000)]
  0x000000001a26c000 JavaThread "Cache worker for file hash cache (C:\Users\e30\Desktop\LibrasKids\.gradle\6.5\fileHashes)" [_thread_blocked, id=11812, stack(0x000000001cf10000,0x000000001d010000)]
  0x000000001a26a800 JavaThread "Thread-122" [_thread_blocked, id=1052, stack(0x000000001ce10000,0x000000001cf10000)]
  0x000000001a26b000 JavaThread "Stdin handler" [_thread_blocked, id=6212, stack(0x000000001cd10000,0x000000001ce10000)]
  0x000000001a268000 JavaThread "Asynchronous log dispatcher for DefaultDaemonConnection: socket connection from /127.0.0.1:62776 to /127.0.0.1:62803" [_thread_blocked, id=11240, stack(0x000000001c6b0000,0x000000001c7b0000)]
  0x000000001a26d800 JavaThread "Daemon worker Thread 2" [_thread_in_Java, id=10408, stack(0x000000001c5b0000,0x000000001c6b0000)]
  0x000000001a269800 JavaThread "Cancel handler" [_thread_blocked, id=5976, stack(0x0000000000fe0000,0x00000000010e0000)]
  0x000000001a26c800 JavaThread "Handler for socket connection from /127.0.0.1:62776 to /127.0.0.1:62803" [_thread_in_native, id=5356, stack(0x0000000000ee0000,0x0000000000fe0000)]
  0x000000001a26f000 JavaThread "Daemon Thread 2" [_thread_blocked, id=13068, stack(0x0000000000cd0000,0x0000000000dd0000)]
  0x000000001b3aa000 JavaThread "Cache worker for file content cache (C:\Users\e30\.gradle\caches\6.5\fileContent)" [_thread_blocked, id=5836, stack(0x0000000021c00000,0x0000000021d00000)]
  0x000000001b3a7000 JavaThread "Cache worker for execution history cache (C:\Users\e30\.gradle\caches\6.5\executionHistory)" [_thread_blocked, id=1896, stack(0x0000000021400000,0x0000000021500000)]
  0x000000001b3ad800 JavaThread "Cache worker for file hash cache (C:\Users\e30\.gradle\caches\6.5\fileHashes)" [_thread_blocked, id=1148, stack(0x000000001d910000,0x000000001da10000)]
  0x000000001b3a8800 JavaThread "File lock request listener" [_thread_in_native, id=1400, stack(0x000000001d810000,0x000000001d910000)]
  0x000000001b325800 JavaThread "Cache worker for journal cache (C:\Users\e30\.gradle\caches\journal-1)" [_thread_blocked, id=5664, stack(0x000000001d610000,0x000000001d710000)]
  0x000000001b185800 JavaThread "Daemon periodic checks" [_thread_blocked, id=10792, stack(0x000000001ca10000,0x000000001cb10000)]
  0x000000001b137000 JavaThread "Incoming local TCP Connector on port 62776" [_thread_in_native, id=10728, stack(0x000000001c7b0000,0x000000001c8b0000)]
  0x000000001b05f000 JavaThread "Daemon health stats" [_thread_blocked, id=11448, stack(0x000000001c170000,0x000000001c270000)]
  0x0000000019202800 JavaThread "Service Thread" daemon [_thread_blocked, id=10560, stack(0x00000000195d0000,0x00000000196d0000)]
  0x0000000017864000 JavaThread "C1 CompilerThread2" daemon [_thread_in_native, id=4728, stack(0x00000000190d0000,0x00000000191d0000)]
=>0x000000001785c000 JavaThread "C2 CompilerThread1" daemon [_thread_in_native, id=2908, stack(0x0000000018fd0000,0x00000000190d0000)]
  0x0000000017858000 JavaThread "C2 CompilerThread0" daemon [_thread_blocked, id=11420, stack(0x0000000018ed0000,0x0000000018fd0000)]
  0x0000000017857000 JavaThread "Attach Listener" daemon [_thread_blocked, id=1444, stack(0x0000000018dd0000,0x0000000018ed0000)]
  0x0000000017855800 JavaThread "Signal Dispatcher" daemon [_thread_blocked, id=10164, stack(0x0000000018cd0000,0x0000000018dd0000)]
  0x0000000002c2e000 JavaThread "Finalizer" daemon [_thread_blocked, id=4540, stack(0x0000000018ab0000,0x0000000018bb0000)]
  0x0000000017839000 JavaThread "Reference Handler" daemon [_thread_blocked, id=2080, stack(0x00000000189b0000,0x0000000018ab0000)]
  0x0000000002b32800 JavaThread "main" [_thread_blocked, id=8232, stack(0x0000000002a30000,0x0000000002b30000)]

Other Threads:
  0x0000000017817000 VMThread [stack: 0x00000000188b0000,0x00000000189b0000] [id=8600]
  0x0000000019203000 WatcherThread [stack: 0x00000000196d0000,0x00000000197d0000] [id=1928]

VM state:not at safepoint (normal execution)

VM Mutex/Monitor currently owned by a thread: None

heap address: 0x0000000080000000, size: 2048 MB, Compressed Oops mode: 32-bit
Narrow klass base: 0x0000000000000000, Narrow klass shift: 3
Compressed class space size: 1073741824 Address: 0x0000000100000000

Heap:
 PSYoungGen      total 176128K, used 137682K [0x00000000d5580000, 0x00000000e0f80000, 0x0000000100000000)
  eden space 164864K, 83% used [0x00000000d5580000,0x00000000ddbf4970,0x00000000df680000)
  from space 11264K, 0% used [0x00000000e0480000,0x00000000e0480000,0x00000000e0f80000)
  to   space 12800K, 0% used [0x00000000df680000,0x00000000df680000,0x00000000e0300000)
 ParOldGen       total 55296K, used 14572K [0x0000000080000000, 0x0000000083600000, 0x00000000d5580000)
  object space 55296K, 26% used [0x0000000080000000,0x0000000080e3b258,0x0000000083600000)
 Metaspace       used 37610K, capacity 39278K, committed 39512K, reserved 1083392K
  class space    used 5157K, capacity 5492K, committed 5504K, reserved 1048576K

Card table byte_map: [0x0000000011ff0000,0x0000000012400000] byte_map_base: 0x0000000011bf0000

Marking Bits: (ParMarkBitMap*) 0x000000006be0f030
 Begin Bits: [0x0000000012ab0000, 0x0000000014ab0000)
 End Bits:   [0x0000000014ab0000, 0x0000000016ab0000)

Polling page: 0x0000000001180000

CodeCache: size=245760Kb used=12038Kb max_used=12256Kb free=233721Kb
 bounds [0x0000000002c30000, 0x0000000003840000, 0x0000000011c30000]
 total_blobs=4318 nmethods=3614 adapters=616
 compilation: enabled

Compilation events (10 events):
Event: 144.553 Thread 0x0000000017864000 4032       3       org.gradle.internal.service.DefaultServiceRegistry$CompositeServiceProvider::getAll (43 bytes)
Event: 144.553 Thread 0x000000001785c000 4034       4       org.gradle.internal.service.DefaultServiceRegistry$OwnServices::getService (309 bytes)
Event: 144.553 Thread 0x0000000017864000 nmethod 4032 0x0000000002ff0a50 code [0x0000000002ff0bc0, 0x0000000002ff0ec8]
Event: 144.554 Thread 0x0000000017864000 4033       3       org.gradle.internal.service.DefaultServiceRegistry$ParentServices::getAll (12 bytes)
Event: 144.554 Thread 0x0000000017864000 nmethod 4033 0x0000000002e95a90 code [0x0000000002e95c00, 0x0000000002e95e28]
Event: 144.554 Thread 0x0000000017858000 4035       4       org.gradle.internal.service.DefaultServiceRegistry$CompositeServiceProvider::getService (49 bytes)
Event: 144.557 Thread 0x0000000017858000 nmethod 4035 0x0000000002f0ce50 code [0x0000000002f0cfa0, 0x0000000002f0d0b8]
Event: 144.584 Thread 0x0000000017864000 4036       3       com.google.common.cache.LocalCache::get (21 bytes)
Event: 144.585 Thread 0x0000000017864000 nmethod 4036 0x00000000033aad10 code [0x00000000033aaee0, 0x00000000033ab518]
Event: 144.585 Thread 0x0000000017864000 4037   !   3       com.google.common.cache.LocalCache$Segment::get (210 bytes)

GC Heap History (10 events):
Event: 5.476 GC heap before
{Heap before GC invocations=8 (full 0):
 PSYoungGen      total 71680K, used 10036K [0x00000000d5580000, 0x00000000de680000, 0x0000000100000000)
  eden space 64512K, 4% used [0x00000000d5580000,0x00000000d584ef08,0x00000000d9480000)
  from space 7168K, 99% used [0x00000000d9480000,0x00000000d9b7e340,0x00000000d9b80000)
  to   space 9728K, 0% used [0x00000000ddd00000,0x00000000ddd00000,0x00000000de680000)
 ParOldGen       total 44032K, used 8257K [0x0000000080000000, 0x0000000082b00000, 0x00000000d5580000)
  object space 44032K, 18% used [0x0000000080000000,0x0000000080810678,0x0000000082b00000)
 Metaspace       used 20514K, capacity 21204K, committed 21248K, reserved 1067008K
  class space    used 2858K, capacity 3048K, committed 3072K, reserved 1048576K
Event: 5.483 GC heap after
Heap after GC invocations=8 (full 0):
 PSYoungGen      total 138752K, used 3632K [0x00000000d5580000, 0x00000000de680000, 0x0000000100000000)
  eden space 129024K, 0% used [0x00000000d5580000,0x00000000d5580000,0x00000000dd380000)
  from space 9728K, 37% used [0x00000000ddd00000,0x00000000de08c040,0x00000000de680000)
  to   space 9728K, 0% used [0x00000000dd380000,0x00000000dd380000,0x00000000ddd00000)
 ParOldGen       total 44032K, used 8689K [0x0000000080000000, 0x0000000082b00000, 0x00000000d5580000)
  object space 44032K, 19% used [0x0000000080000000,0x000000008087c678,0x0000000082b00000)
 Metaspace       used 20514K, capacity 21204K, committed 21248K, reserved 1067008K
  class space    used 2858K, capacity 3048K, committed 3072K, reserved 1048576K
}
Event: 5.483 GC heap before
{Heap before GC invocations=9 (full 1):
 PSYoungGen      total 138752K, used 3632K [0x00000000d5580000, 0x00000000de680000, 0x0000000100000000)
  eden space 129024K, 0% used [0x00000000d5580000,0x00000000d5580000,0x00000000dd380000)
  from space 9728K, 37% used [0x00000000ddd00000,0x00000000de08c040,0x00000000de680000)
  to   space 9728K, 0% used [0x00000000dd380000,0x00000000dd380000,0x00000000ddd00000)
 ParOldGen       total 44032K, used 8689K [0x0000000080000000, 0x0000000082b00000, 0x00000000d5580000)
  object space 44032K, 19% used [0x0000000080000000,0x000000008087c678,0x0000000082b00000)
 Metaspace       used 20514K, capacity 21204K, committed 21248K, reserved 1067008K
  class space    used 2858K, capacity 3048K, committed 3072K, reserved 1048576K
Event: 5.607 GC heap after
Heap after GC invocations=9 (full 1):
 PSYoungGen      total 138752K, used 0K [0x00000000d5580000, 0x00000000de680000, 0x0000000100000000)
  eden space 129024K, 0% used [0x00000000d5580000,0x00000000d5580000,0x00000000dd380000)
  from space 9728K, 0% used [0x00000000ddd00000,0x00000000ddd00000,0x00000000de680000)
  to   space 9728K, 0% used [0x00000000dd380000,0x00000000dd380000,0x00000000ddd00000)
 ParOldGen       total 34816K, used 6691K [0x0000000080000000, 0x0000000082200000, 0x00000000d5580000)
  object space 34816K, 19% used [0x0000000080000000,0x0000000080688c28,0x0000000082200000)
 Metaspace       used 20514K, capacity 21204K, committed 21248K, reserved 1067008K
  class space    used 2858K, capacity 3048K, committed 3072K, reserved 1048576K
}
Event: 14.458 GC heap before
{Heap before GC invocations=10 (full 1):
 PSYoungGen      total 138752K, used 129024K [0x00000000d5580000, 0x00000000de680000, 0x0000000100000000)
  eden space 129024K, 100% used [0x00000000d5580000,0x00000000dd380000,0x00000000dd380000)
  from space 9728K, 0% used [0x00000000ddd00000,0x00000000ddd00000,0x00000000de680000)
  to   space 9728K, 0% used [0x00000000dd380000,0x00000000dd380000,0x00000000ddd00000)
 ParOldGen       total 34816K, used 6691K [0x0000000080000000, 0x0000000082200000, 0x00000000d5580000)
  object space 34816K, 19% used [0x0000000080000000,0x0000000080688c28,0x0000000082200000)
 Metaspace       used 32690K, capacity 33680K, committed 33920K, reserved 1079296K
  class space    used 4446K, capacity 4690K, committed 4736K, reserved 1048576K
Event: 14.483 GC heap after
Heap after GC invocations=10 (full 1):
 PSYoungGen      total 138752K, used 9724K [0x00000000d5580000, 0x00000000e1100000, 0x0000000100000000)
  eden space 129024K, 0% used [0x00000000d5580000,0x00000000d5580000,0x00000000dd380000)
  from space 9728K, 99% used [0x00000000dd380000,0x00000000ddcff380,0x00000000ddd00000)
  to   space 12800K, 0% used [0x00000000e0480000,0x00000000e0480000,0x00000000e1100000)
 ParOldGen       total 34816K, used 10797K [0x0000000080000000, 0x0000000082200000, 0x00000000d5580000)
  object space 34816K, 31% used [0x0000000080000000,0x0000000080a8b728,0x0000000082200000)
 Metaspace       used 32690K, capacity 33680K, committed 33920K, reserved 1079296K
  class space    used 4446K, capacity 4690K, committed 4736K, reserved 1048576K
}
Event: 16.299 GC heap before
{Heap before GC invocations=11 (full 1):
 PSYoungGen      total 138752K, used 43519K [0x00000000d5580000, 0x00000000e1100000, 0x0000000100000000)
  eden space 129024K, 26% used [0x00000000d5580000,0x00000000d7680ab0,0x00000000dd380000)
  from space 9728K, 99% used [0x00000000dd380000,0x00000000ddcff380,0x00000000ddd00000)
  to   space 12800K, 0% used [0x00000000e0480000,0x00000000e0480000,0x00000000e1100000)
 ParOldGen       total 34816K, used 10797K [0x0000000080000000, 0x0000000082200000, 0x00000000d5580000)
  object space 34816K, 31% used [0x0000000080000000,0x0000000080a8b728,0x0000000082200000)
 Metaspace       used 34220K, capacity 35392K, committed 35416K, reserved 1079296K
  class space    used 4702K, capacity 4973K, committed 4992K, reserved 1048576K
Event: 16.326 GC heap after
Heap after GC invocations=11 (full 1):
 PSYoungGen      total 176128K, used 8187K [0x00000000d5580000, 0x00000000e0f80000, 0x0000000100000000)
  eden space 164864K, 0% used [0x00000000d5580000,0x00000000d5580000,0x00000000df680000)
  from space 11264K, 72% used [0x00000000e0480000,0x00000000e0c7ed38,0x00000000e0f80000)
  to   space 12800K, 0% used [0x00000000df680000,0x00000000df680000,0x00000000e0300000)
 ParOldGen       total 34816K, used 10805K [0x0000000080000000, 0x0000000082200000, 0x00000000d5580000)
  object space 34816K, 31% used [0x0000000080000000,0x0000000080a8d728,0x0000000082200000)
 Metaspace       used 34220K, capacity 35392K, committed 35416K, reserved 1079296K
  class space    used 4702K, capacity 4973K, committed 4992K, reserved 1048576K
}
Event: 16.326 GC heap before
{Heap before GC invocations=12 (full 2):
 PSYoungGen      total 176128K, used 8187K [0x00000000d5580000, 0x00000000e0f80000, 0x0000000100000000)
  eden space 164864K, 0% used [0x00000000d5580000,0x00000000d5580000,0x00000000df680000)
  from space 11264K, 72% used [0x00000000e0480000,0x00000000e0c7ed38,0x00000000e0f80000)
  to   space 12800K, 0% used [0x00000000df680000,0x00000000df680000,0x00000000e0300000)
 ParOldGen       total 34816K, used 10805K [0x0000000080000000, 0x0000000082200000, 0x00000000d5580000)
  object space 34816K, 31% used [0x0000000080000000,0x0000000080a8d728,0x0000000082200000)
 Metaspace       used 34220K, capacity 35392K, committed 35416K, reserved 1079296K
  class space    used 4702K, capacity 4973K, committed 4992K, reserved 1048576K
Event: 16.451 GC heap after
Heap after GC invocations=12 (full 2):
 PSYoungGen      total 176128K, used 0K [0x00000000d5580000, 0x00000000e0f80000, 0x0000000100000000)
  eden space 164864K, 0% used [0x00000000d5580000,0x00000000d5580000,0x00000000df680000)
  from space 11264K, 0% used [0x00000000e0480000,0x00000000e0480000,0x00000000e0f80000)
  to   space 12800K, 0% used [0x00000000df680000,0x00000000df680000,0x00000000e0300000)
 ParOldGen       total 55296K, used 14572K [0x0000000080000000, 0x0000000083600000, 0x00000000d5580000)
  object space 55296K, 26% used [0x0000000080000000,0x0000000080e3b258,0x0000000083600000)
 Metaspace       used 34220K, capacity 35392K, committed 35416K, reserved 1079296K
  class space    used 4702K, capacity 4973K, committed 4992K, reserved 1048576K
}

Deoptimization events (10 events):
Event: 29.579 Thread 0x0000000019a93800 Uncommon trap: reason=class_check action=maybe_recompile pc=0x00000000030a8350 method=org.gradle.internal.logging.text.AbstractLineChoppingStyledTextOutput$StateContext.flushLineText()V @ 110
Event: 29.579 Thread 0x0000000019a93800 Uncommon trap: reason=class_check action=maybe_recompile pc=0x00000000030a8350 method=org.gradle.internal.logging.text.AbstractLineChoppingStyledTextOutput$StateContext.flushLineText()V @ 110
Event: 29.650 Thread 0x0000000019a93800 Uncommon trap: reason=class_check action=maybe_recompile pc=0x0000000002d9ba54 method=java.lang.String.equals(Ljava/lang/Object;)Z @ 8
Event: 29.650 Thread 0x0000000019a93800 Uncommon trap: reason=class_check action=maybe_recompile pc=0x0000000002d9ba54 method=java.lang.String.equals(Ljava/lang/Object;)Z @ 8
Event: 29.650 Thread 0x0000000019a93800 Uncommon trap: reason=class_check action=maybe_recompile pc=0x0000000002d9ba54 method=java.lang.String.equals(Ljava/lang/Object;)Z @ 8
Event: 29.650 Thread 0x0000000019a93800 Uncommon trap: reason=class_check action=maybe_recompile pc=0x0000000002d9ba54 method=java.lang.String.equals(Ljava/lang/Object;)Z @ 8
Event: 29.816 Thread 0x000000001b1a2000 Uncommon trap: reason=class_check action=maybe_recompile pc=0x000000000326a340 method=java.lang.Throwable.<init>(Ljava/lang/String;Ljava/lang/Throwable;)V @ 24
Event: 29.822 Thread 0x000000001b1a2000 Uncommon trap: reason=unstable_if action=reinterpret pc=0x00000000030a5130 method=sun.nio.cs.UTF_8$Encoder.encodeArrayLoop(Ljava/nio/CharBuffer;Ljava/nio/ByteBuffer;)Ljava/nio/charset/CoderResult; @ 87
Event: 144.465 Thread 0x000000001a26d800 Uncommon trap: reason=bimorphic action=maybe_recompile pc=0x000000000363e184 method=java.util.Objects.equals(Ljava/lang/Object;Ljava/lang/Object;)Z @ 11
Event: 144.466 Thread 0x000000001a26d800 Uncommon trap: reason=bimorphic action=maybe_recompile pc=0x000000000363e184 method=java.util.Objects.equals(Ljava/lang/Object;Ljava/lang/Object;)Z @ 11

Classes redefined (0 events):
No events

Internal exceptions (10 events):
Event: 29.800 Thread 0x000000001b1a2000 Exception <a 'java/lang/NoSuchMethodError': <clinit>> (0x00000000dc19e1d0) thrown at [C:\src\AOSP-openjdk-git\hotspot\src\share\vm\prims\jni.cpp, line 1615]
Event: 29.815 Thread 0x000000001b1a2000 Exception <a 'java/io/IOException'> (0x00000000dc1a9178) thrown at [C:\src\AOSP-openjdk-git\hotspot\src\share\vm\prims\jni.cpp, line 710]
Event: 29.815 Thread 0x000000001b1a2000 Exception <a 'java/lang/reflect/InvocationTargetException'> (0x00000000dc1a9f78) thrown at [C:\src\AOSP-openjdk-git\hotspot\src\share\vm\runtime\reflection.cpp, line 1092]
Event: 29.815 Thread 0x000000001b1a2000 Exception <a 'java/io/IOException'> (0x00000000dc1aa608) thrown at [C:\src\AOSP-openjdk-git\hotspot\src\share\vm\prims\jni.cpp, line 710]
Event: 29.815 Thread 0x000000001b1a2000 Exception <a 'java/lang/reflect/InvocationTargetException'> (0x00000000dc1ab408) thrown at [C:\src\AOSP-openjdk-git\hotspot\src\share\vm\runtime\reflection.cpp, line 1092]
Event: 29.816 Thread 0x000000001b1a2000 Exception <a 'java/io/IOException'> (0x00000000dc1ab8b0) thrown at [C:\src\AOSP-openjdk-git\hotspot\src\share\vm\prims\jni.cpp, line 710]
Event: 29.816 Thread 0x000000001b1a2000 Exception <a 'java/lang/reflect/InvocationTargetException'> (0x00000000dc1ac2e0) thrown at [C:\src\AOSP-openjdk-git\hotspot\src\share\vm\runtime\reflection.cpp, line 1092]
Event: 29.816 Thread 0x000000001b1a2000 Exception <a 'java/io/IOException'> (0x00000000dc1ac788) thrown at [C:\src\AOSP-openjdk-git\hotspot\src\share\vm\prims\jni.cpp, line 710]
Event: 29.824 Thread 0x000000001b1a2000 Exception <a 'java/io/IOException'> (0x00000000dc1d3128) thrown at [C:\src\AOSP-openjdk-git\hotspot\src\share\vm\prims\jni.cpp, line 710]
Event: 29.825 Thread 0x000000001b1a2000 Exception <a 'java/io/IOException'> (0x00000000dd3a8a48) thrown at [C:\src\AOSP-openjdk-git\hotspot\src\share\vm\prims\jni.cpp, line 710]

Events (10 events):
Event: 144.466 Thread 0x000000001a26d800 DEOPT PACKING pc=0x000000000363e184 sp=0x000000001c6aacd0
Event: 144.466 Thread 0x000000001a26d800 DEOPT UNPACKING pc=0x0000000002c7557b sp=0x000000001c6aac70 mode 2
Event: 144.531 Executing VM operation: RevokeBias
Event: 144.532 Executing VM operation: RevokeBias done
Event: 144.532 Executing VM operation: RevokeBias
Event: 144.533 Executing VM operation: RevokeBias done
Event: 144.539 Executing VM operation: RevokeBias
Event: 144.539 Executing VM operation: RevokeBias done
Event: 144.543 Executing VM operation: RevokeBias
Event: 144.543 Executing VM operation: RevokeBias done


Dynamic libraries:
0x00007ff6acea0000 - 0x00007ff6aced1000 	C:\Program Files\Android\Android Studio\jre\bin\java.exe
0x00007ffa5ed90000 - 0x00007ffa5ef85000 	C:\WINDOWS\SYSTEM32\ntdll.dll
0x00007ffa5e050000 - 0x00007ffa5e10d000 	C:\WINDOWS\System32\KERNEL32.DLL
0x00007ffa5c630000 - 0x00007ffa5c8fd000 	C:\WINDOWS\System32\KERNELBASE.dll
0x00007ffa5e240000 - 0x00007ffa5e2ee000 	C:\WINDOWS\System32\ADVAPI32.dll
0x00007ffa5da30000 - 0x00007ffa5dace000 	C:\WINDOWS\System32\msvcrt.dll
0x00007ffa5e1a0000 - 0x00007ffa5e23c000 	C:\WINDOWS\System32\sechost.dll
0x00007ffa5d7e0000 - 0x00007ffa5d905000 	C:\WINDOWS\System32\RPCRT4.dll
0x00007ffa5ce50000 - 0x00007ffa5cff0000 	C:\WINDOWS\System32\USER32.dll
0x00007ffa5ca40000 - 0x00007ffa5ca62000 	C:\WINDOWS\System32\win32u.dll
0x00007ffa5d580000 - 0x00007ffa5d5aa000 	C:\WINDOWS\System32\GDI32.dll
0x00007ffa5c900000 - 0x00007ffa5ca0b000 	C:\WINDOWS\System32\gdi32full.dll
0x00007ffa5ca70000 - 0x00007ffa5cb0d000 	C:\WINDOWS\System32\msvcp_win.dll
0x00007ffa5cb80000 - 0x00007ffa5cc80000 	C:\WINDOWS\System32\ucrtbase.dll
0x00007ffa4d9c0000 - 0x00007ffa4dc5a000 	C:\WINDOWS\WinSxS\amd64_microsoft.windows.common-controls_6595b64144ccf1df_6.0.19041.1110_none_60b5254171f9507e\COMCTL32.dll
0x00007ffa5e020000 - 0x00007ffa5e050000 	C:\WINDOWS\System32\IMM32.DLL
0x000000006b040000 - 0x000000006b112000 	C:\Program Files\Android\Android Studio\jre\jre\bin\msvcr100.dll
0x000000006b640000 - 0x000000006be8b000 	C:\Program Files\Android\Android Studio\jre\jre\bin\server\jvm.dll
0x00007ffa5e5f0000 - 0x00007ffa5e5f8000 	C:\WINDOWS\System32\PSAPI.DLL
0x00007ffa429b0000 - 0x00007ffa429d7000 	C:\WINDOWS\SYSTEM32\WINMM.dll
0x00007ffa59990000 - 0x00007ffa59999000 	C:\WINDOWS\SYSTEM32\WSOCK32.dll
0x00007ffa5d770000 - 0x00007ffa5d7db000 	C:\WINDOWS\System32\WS2_32.dll
0x00007ffa52900000 - 0x00007ffa5290a000 	C:\WINDOWS\SYSTEM32\VERSION.dll
0x00007ffa59970000 - 0x00007ffa5997f000 	C:\Program Files\Android\Android Studio\jre\jre\bin\verify.dll
0x00007ffa4d470000 - 0x00007ffa4d499000 	C:\Program Files\Android\Android Studio\jre\jre\bin\java.dll
0x00007ffa4d450000 - 0x00007ffa4d466000 	C:\Program Files\Android\Android Studio\jre\jre\bin\zip.dll
0x00007ffa5e600000 - 0x00007ffa5ed44000 	C:\WINDOWS\System32\SHELL32.dll
0x00007ffa5a1a0000 - 0x00007ffa5a934000 	C:\WINDOWS\SYSTEM32\windows.storage.dll
0x00007ffa5d220000 - 0x00007ffa5d574000 	C:\WINDOWS\System32\combase.dll
0x00007ffa5be30000 - 0x00007ffa5be5c000 	C:\WINDOWS\SYSTEM32\Wldp.dll
0x00007ffa5d5b0000 - 0x00007ffa5d65d000 	C:\WINDOWS\System32\SHCORE.dll
0x00007ffa5e2f0000 - 0x00007ffa5e345000 	C:\WINDOWS\System32\shlwapi.dll
0x00007ffa5c3e0000 - 0x00007ffa5c3ff000 	C:\WINDOWS\SYSTEM32\profapi.dll
0x00007ffa4d430000 - 0x00007ffa4d44a000 	C:\Program Files\Android\Android Studio\jre\jre\bin\net.dll
0x00007ffa5bb90000 - 0x00007ffa5bbfa000 	C:\WINDOWS\system32\mswsock.dll
0x00007ffa4ce80000 - 0x00007ffa4ce93000 	C:\Program Files\Android\Android Studio\jre\jre\bin\nio.dll
0x00007ffa4c770000 - 0x00007ffa4c797000 	C:\Users\e30\.gradle\native\f6784746aeab05261644944871eae4fe03e0ef1612fff0a4a95f87b438bc6780\windows-amd64\native-platform.dll
0x00007ffa54550000 - 0x00007ffa5455d000 	C:\Program Files\Android\Android Studio\jre\jre\bin\management.dll
0x00007ffa5bd80000 - 0x00007ffa5bd98000 	C:\WINDOWS\SYSTEM32\CRYPTSP.dll
0x00007ffa5b510000 - 0x00007ffa5b544000 	C:\WINDOWS\system32\rsaenh.dll
0x00007ffa5ca10000 - 0x00007ffa5ca37000 	C:\WINDOWS\System32\bcrypt.dll
0x00007ffa5c360000 - 0x00007ffa5c38e000 	C:\WINDOWS\SYSTEM32\USERENV.dll
0x00007ffa5c5a0000 - 0x00007ffa5c622000 	C:\WINDOWS\System32\bcryptprimitives.dll
0x00007ffa5bda0000 - 0x00007ffa5bdac000 	C:\WINDOWS\SYSTEM32\CRYPTBASE.dll
0x00007ffa5b880000 - 0x00007ffa5b8bb000 	C:\WINDOWS\SYSTEM32\IPHLPAPI.DLL
0x00007ffa5cde0000 - 0x00007ffa5cde8000 	C:\WINDOWS\System32\NSI.dll
0x00007ffa53a60000 - 0x00007ffa53a77000 	C:\WINDOWS\SYSTEM32\dhcpcsvc6.DLL
0x00007ffa53ad0000 - 0x00007ffa53aed000 	C:\WINDOWS\SYSTEM32\dhcpcsvc.DLL
0x00007ffa5b8c0000 - 0x00007ffa5b98b000 	C:\WINDOWS\SYSTEM32\DNSAPI.dll
0x00007ffa54c00000 - 0x00007ffa54c0b000 	C:\WINDOWS\SYSTEM32\WINNSI.DLL

VM Arguments:
jvm_args: -Xmx2048m -Dfile.encoding=UTF-8 -Duser.country=BR -Duser.language=pt -Duser.variant 
java_command: org.gradle.launcher.daemon.bootstrap.GradleDaemon 6.5
java_class_path (initial): C:\Users\e30\.gradle\wrapper\dists\gradle-6.5-all\2oz4ud9k3tuxjg84bbf55q0tn\gradle-6.5\lib\gradle-launcher-6.5.jar
Launcher Type: SUN_STANDARD

Environment Variables:
JAVA_HOME=C:\Program Files\Java\jdk1.8.0_281
PATH=C:\Program Files (x86)\Common Files\Oracle\Java\javapath;"C:\Program Files (x86)\Common Files\Oracle\Java\javapath;C:\Program Files\Java\jdk1.8.0_281\bin";C:\Program Files (x86)\Intel\Intel(R) Management Engine Components\iCLS\;C:\Program Files\Intel\Intel(R) Management Engine Components\iCLS\;C:\WINDOWS\system32;C:\WINDOWS;C:\WINDOWS\System32\Wbem;C:\WINDOWS\System32\WindowsPowerShell\v1.0\;C:\WINDOWS\System32\OpenSSH\;C:\Program Files (x86)\Intel\Intel(R) Management Engine Components\DAL;C:\Program Files\Intel\Intel(R) Management Engine Components\DAL;C:\Users\e30\AppData\Local\Programs\Python\Python38-32\Scripts;C:\Program Files\Git\cmd;C:\Users\e30\AppData\Local\Programs\Python\Python38-32\Scripts\;C:\Users\e30\AppData\Local\Programs\Python\Python38-32\;C:\Users\e30\AppData\Local\Microsoft\WindowsApps;C:\Users\e30\AppData\Local\Programs\Microsoft VS Code\bin;"C:\Users\e30\AppData\Local\Programs\;C:\Users\e30\AppData\Local\GitHubDesktop\bin
USERNAME=e30
OS=Windows_NT
PROCESSOR_IDENTIFIER=Intel64 Family 6 Model 142 Stepping 9, GenuineIntel



---------------  S Y S T E M  ---------------

OS: Windows 10.0 , 64 bit Build 19041 (10.0.19041.1706)

CPU:total 4 (initial active 4) (2 cores per cpu, 2 threads per core) family 6 model 142 stepping 9, cmov, cx8, fxsr, mmx, sse, sse2, sse3, ssse3, sse4.1, sse4.2, popcnt, avx, avx2, aes, clmul, erms, 3dnowpref, lzcnt, ht, tsc, tscinvbit, bmi1, bmi2, adx

Memory: 4k page, physical 4107300k(359052k free), swap 8203300k(6956k free)

vm_info: OpenJDK 64-Bit Server VM (25.242-b01) for windows-amd64 JRE (1.8.0_242-release-1644-b01), built by "builder" with MS VC++ 10.0 (VS2010)

time: Tue May 24 23:00:15 2022
timezone: Hora oficial do Brasil
elapsed time: 144 seconds (0d 0h 2m 24s)

