#
# There is insufficient memory for the Java Runtime Environment to continue.
# Native memory allocation (malloc) failed to allocate 1319216 bytes for Chunk::new
# Possible reasons:
#   The system is out of physical RAM or swap space
#   The process is running with CompressedOops enabled, and the Java Heap may be blocking the growth of the native heap
# Possible solutions:
#   Reduce memory load on the system
#   Increase physical memory or swap space
#   Check if swap backing store is full
#   Decrease Java heap size (-Xmx/-Xms)
#   Decrease number of Java threads
#   Decrease Java thread stack sizes (-Xss)
#   Set larger code cache with -XX:ReservedCodeCacheSize=
#   JVM is running with Unscaled Compressed Oops mode in which the Java heap is
#     placed in the first 4GB address space. The Java Heap base address is the
#     maximum limit for the native heap growth. Please use -XX:HeapBaseMinAddress
#     to set the Java Heap base and to place the Java Heap above 4GB virtual address.
# This output file may be truncated or incomplete.
#
#  Out of Memory Error (allocation.cpp:389), pid=2788, tid=0x00000000000006e8
#
# JRE version: OpenJDK Runtime Environment (8.0_242-b01) (build 1.8.0_242-release-1644-b01)
# Java VM: OpenJDK 64-Bit Server VM (25.242-b01 mixed mode windows-amd64 compressed oops)
# Failed to write core dump. Minidumps are not enabled by default on client versions of Windows
#

---------------  T H R E A D  ---------------

Current thread (0x000000001741b800):  JavaThread "C2 CompilerThread1" daemon [_thread_in_native, id=1768, stack(0x0000000018b80000,0x0000000018c80000)]

Stack: [0x0000000018b80000,0x0000000018c80000]
[error occurred during error reporting (printing stack bounds), id 0xc0000005]

Native frames: (J=compiled Java code, j=interpreted, Vv=VM code, C=native code)


Current CompileTask:
C2:   3669 1526   !   4       java.net.URLClassLoader$1::run (63 bytes)


---------------  P R O C E S S  ---------------

Java Threads: ( => current thread )
  0x000000001b1ed800 JavaThread "Cache worker for file hash cache (C:\Users\e30\.gradle\caches\6.5\fileHashes)" [_thread_blocked, id=1936, stack(0x000000001d4c0000,0x000000001d5c0000)]
  0x000000001b1f1000 JavaThread "File lock request listener" [_thread_in_native, id=3672, stack(0x000000001d3c0000,0x000000001d4c0000)]
  0x000000001afd4000 JavaThread "Cache worker for journal cache (C:\Users\e30\.gradle\caches\journal-1)" [_thread_blocked, id=4724, stack(0x000000001d1c0000,0x000000001d2c0000)]
  0x000000001aec5000 JavaThread "Thread-9" [_thread_blocked, id=5656, stack(0x000000001cec0000,0x000000001cfc0000)]
  0x000000001ae90800 JavaThread "Stdin handler" [_thread_blocked, id=13120, stack(0x000000001cdc0000,0x000000001cec0000)]
  0x000000001ae83000 JavaThread "Asynchronous log dispatcher for DefaultDaemonConnection: socket connection from /127.0.0.1:62855 to /127.0.0.1:62856" [_thread_blocked, id=7860, stack(0x000000001ccc0000,0x000000001cdc0000)]
  0x000000001ae7f000 JavaThread "Daemon worker" [_thread_in_vm, id=2008, stack(0x000000001cbc0000,0x000000001ccc0000)]
  0x000000001ae7e000 JavaThread "Cancel handler" [_thread_blocked, id=12648, stack(0x000000001cac0000,0x000000001cbc0000)]
  0x000000001ae6a800 JavaThread "Handler for socket connection from /127.0.0.1:62855 to /127.0.0.1:62856" [_thread_in_native, id=8724, stack(0x000000001c9c0000,0x000000001cac0000)]
  0x000000001ae60800 JavaThread "Daemon" [_thread_blocked, id=11888, stack(0x000000001c8c0000,0x000000001c9c0000)]
  0x000000001adfb800 JavaThread "Daemon periodic checks" [_thread_blocked, id=8196, stack(0x000000001c5c0000,0x000000001c6c0000)]
  0x000000001adcd800 JavaThread "Incoming local TCP Connector on port 62855" [_thread_in_native, id=9404, stack(0x000000001c360000,0x000000001c460000)]
  0x000000001ad09800 JavaThread "Daemon health stats" [_thread_blocked, id=9988, stack(0x000000001bd20000,0x000000001be20000)]
  0x0000000018db8800 JavaThread "Service Thread" daemon [_thread_blocked, id=13028, stack(0x0000000019180000,0x0000000019280000)]
  0x0000000017425800 JavaThread "C1 CompilerThread2" daemon [_thread_blocked, id=2016, stack(0x0000000018c80000,0x0000000018d80000)]
=>0x000000001741b800 JavaThread "C2 CompilerThread1" daemon [_thread_in_native, id=1768, stack(0x0000000018b80000,0x0000000018c80000)]
  0x0000000017417000 JavaThread "C2 CompilerThread0" daemon [_thread_in_native, id=4216, stack(0x0000000018a80000,0x0000000018b80000)]
  0x0000000017415800 JavaThread "Attach Listener" daemon [_thread_blocked, id=7812, stack(0x0000000018980000,0x0000000018a80000)]
  0x0000000017414800 JavaThread "Signal Dispatcher" daemon [_thread_blocked, id=11072, stack(0x0000000018880000,0x0000000018980000)]
  0x00000000027ec800 JavaThread "Finalizer" daemon [_thread_blocked, id=1584, stack(0x0000000018660000,0x0000000018760000)]
  0x00000000027e1000 JavaThread "Reference Handler" daemon [_thread_blocked, id=6184, stack(0x0000000018560000,0x0000000018660000)]
  0x00000000026f2800 JavaThread "main" [_thread_blocked, id=5316, stack(0x00000000025f0000,0x00000000026f0000)]

Other Threads:
  0x00000000173d7000 VMThread [stack: 0x0000000018460000,0x0000000018560000] [id=5684]
  0x000000001746a800 WatcherThread [stack: 0x0000000019280000,0x0000000019380000] [id=7452]

VM state:not at safepoint (normal execution)

VM Mutex/Monitor currently owned by a thread:  ([mutex/lock_event])
[0x0000000000e3ce80] Safepoint_lock - owner thread: 0x00000000173d7000
[0x0000000000e3cf00] Threads_lock - owner thread: 0x00000000173d7000
[0x0000000000e3d680] Heap_lock - owner thread: 0x000000001ae7f000

heap address: 0x0000000080000000, size: 2048 MB, Compressed Oops mode: 32-bit
Narrow klass base: 0x0000000000000000, Narrow klass shift: 3
Compressed class space size: 1073741824 Address: 0x0000000100000000

Heap:
 PSYoungGen      total 35328K, used 35296K [0x00000000d5580000, 0x00000000d7a80000, 0x0000000100000000)
  eden space 32768K, 100% used [0x00000000d5580000,0x00000000d7580000,0x00000000d7580000)
  from space 2560K, 98% used [0x00000000d7800000,0x00000000d7a78040,0x00000000d7a80000)
  to   space 2560K, 0% used [0x00000000d7580000,0x00000000d7580000,0x00000000d7800000)
 ParOldGen       total 44032K, used 8779K [0x0000000080000000, 0x0000000082b00000, 0x00000000d5580000)
  object space 44032K, 19% used [0x0000000080000000,0x0000000080892f60,0x0000000082b00000)
 Metaspace       used 17623K, capacity 18288K, committed 18560K, reserved 1064960K
  class space    used 2409K, capacity 2600K, committed 2688K, reserved 1048576K

Card table byte_map: [0x0000000011bb0000,0x0000000011fc0000] byte_map_base: 0x00000000117b0000

Marking Bits: (ParMarkBitMap*) 0x000000006be0f030
 Begin Bits: [0x0000000012670000, 0x0000000014670000)
 End Bits:   [0x0000000014670000, 0x0000000016670000)

Polling page: 0x0000000000d80000

CodeCache: size=245760Kb used=5626Kb max_used=5626Kb free=240133Kb
 bounds [0x00000000027f0000, 0x0000000002d80000, 0x00000000117f0000]
 total_blobs=2021 nmethods=1618 adapters=316
 compilation: enabled

Compilation events (10 events):
Event: 3.651 Thread 0x0000000017425800 1618       3       com.google.common.base.Splitter$SplittingIterator::<init> (39 bytes)
Event: 3.651 Thread 0x0000000017425800 nmethod 1618 0x0000000002d6cfd0 code [0x0000000002d6d140, 0x0000000002d6d3f0]
Event: 3.651 Thread 0x0000000017425800 1621 %     3       com.google.common.io.LineBuffer::add @ 47 (204 bytes)
Event: 3.652 Thread 0x0000000017425800 nmethod 1621% 0x0000000002d6d510 code [0x0000000002d6d720, 0x0000000002d6e1f8]
Event: 3.653 Thread 0x0000000017425800 1622       3       com.google.common.collect.Hashing::smear (19 bytes)
Event: 3.653 Thread 0x0000000017425800 nmethod 1622 0x0000000002d6e710 code [0x0000000002d6e860, 0x0000000002d6ea30]
Event: 3.653 Thread 0x0000000017425800 1623       3       java.lang.Integer::rotateLeft (9 bytes)
Event: 3.653 Thread 0x0000000017425800 nmethod 1623 0x0000000002d6ead0 code [0x0000000002d6ec20, 0x0000000002d6ed70]
Event: 3.653 Thread 0x0000000017425800 1619       3       com.google.common.base.AbstractIterator::<init> (12 bytes)
Event: 3.653 Thread 0x0000000017425800 nmethod 1619 0x0000000002d6edd0 code [0x0000000002d6ef40, 0x0000000002d6f110]

GC Heap History (10 events):
Event: 1.233 GC heap before
{Heap before GC invocations=2 (full 0):
 PSYoungGen      total 18944K, used 18681K [0x00000000d5580000, 0x00000000d6a80000, 0x0000000100000000)
  eden space 16384K, 100% used [0x00000000d5580000,0x00000000d6580000,0x00000000d6580000)
  from space 2560K, 89% used [0x00000000d6580000,0x00000000d67be538,0x00000000d6800000)
  to   space 2560K, 0% used [0x00000000d6800000,0x00000000d6800000,0x00000000d6a80000)
 ParOldGen       total 44032K, used 8K [0x0000000080000000, 0x0000000082b00000, 0x00000000d5580000)
  object space 44032K, 0% used [0x0000000080000000,0x0000000080002000,0x0000000082b00000)
 Metaspace       used 7556K, capacity 7850K, committed 8064K, reserved 1056768K
  class space    used 931K, capacity 1041K, committed 1152K, reserved 1048576K
Event: 1.237 GC heap after
Heap after GC invocations=2 (full 0):
 PSYoungGen      total 18944K, used 2540K [0x00000000d5580000, 0x00000000d6a80000, 0x0000000100000000)
  eden space 16384K, 0% used [0x00000000d5580000,0x00000000d5580000,0x00000000d6580000)
  from space 2560K, 99% used [0x00000000d6800000,0x00000000d6a7b3d0,0x00000000d6a80000)
  to   space 2560K, 0% used [0x00000000d6580000,0x00000000d6580000,0x00000000d6800000)
 ParOldGen       total 44032K, used 1070K [0x0000000080000000, 0x0000000082b00000, 0x00000000d5580000)
  object space 44032K, 2% used [0x0000000080000000,0x000000008010bb10,0x0000000082b00000)
 Metaspace       used 7556K, capacity 7850K, committed 8064K, reserved 1056768K
  class space    used 931K, capacity 1041K, committed 1152K, reserved 1048576K
}
Event: 1.421 GC heap before
{Heap before GC invocations=3 (full 0):
 PSYoungGen      total 18944K, used 18924K [0x00000000d5580000, 0x00000000d6a80000, 0x0000000100000000)
  eden space 16384K, 100% used [0x00000000d5580000,0x00000000d6580000,0x00000000d6580000)
  from space 2560K, 99% used [0x00000000d6800000,0x00000000d6a7b3d0,0x00000000d6a80000)
  to   space 2560K, 0% used [0x00000000d6580000,0x00000000d6580000,0x00000000d6800000)
 ParOldGen       total 44032K, used 1070K [0x0000000080000000, 0x0000000082b00000, 0x00000000d5580000)
  object space 44032K, 2% used [0x0000000080000000,0x000000008010bb10,0x0000000082b00000)
 Metaspace       used 7594K, capacity 7914K, committed 8064K, reserved 1056768K
  class space    used 931K, capacity 1041K, committed 1152K, reserved 1048576K
Event: 1.425 GC heap after
Heap after GC invocations=3 (full 0):
 PSYoungGen      total 18944K, used 2272K [0x00000000d5580000, 0x00000000d7a80000, 0x0000000100000000)
  eden space 16384K, 0% used [0x00000000d5580000,0x00000000d5580000,0x00000000d6580000)
  from space 2560K, 88% used [0x00000000d6580000,0x00000000d67b8020,0x00000000d6800000)
  to   space 2560K, 0% used [0x00000000d7800000,0x00000000d7800000,0x00000000d7a80000)
 ParOldGen       total 44032K, used 1078K [0x0000000080000000, 0x0000000082b00000, 0x00000000d5580000)
  object space 44032K, 2% used [0x0000000080000000,0x000000008010db10,0x0000000082b00000)
 Metaspace       used 7594K, capacity 7914K, committed 8064K, reserved 1056768K
  class space    used 931K, capacity 1041K, committed 1152K, reserved 1048576K
}
Event: 1.595 GC heap before
{Heap before GC invocations=4 (full 0):
 PSYoungGen      total 18944K, used 18656K [0x00000000d5580000, 0x00000000d7a80000, 0x0000000100000000)
  eden space 16384K, 100% used [0x00000000d5580000,0x00000000d6580000,0x00000000d6580000)
  from space 2560K, 88% used [0x00000000d6580000,0x00000000d67b8020,0x00000000d6800000)
  to   space 2560K, 0% used [0x00000000d7800000,0x00000000d7800000,0x00000000d7a80000)
 ParOldGen       total 44032K, used 1078K [0x0000000080000000, 0x0000000082b00000, 0x00000000d5580000)
  object space 44032K, 2% used [0x0000000080000000,0x000000008010db10,0x0000000082b00000)
 Metaspace       used 7793K, capacity 8162K, committed 8320K, reserved 1056768K
  class space    used 957K, capacity 1081K, committed 1152K, reserved 1048576K
Event: 1.600 GC heap after
Heap after GC invocations=4 (full 0):
 PSYoungGen      total 35328K, used 2544K [0x00000000d5580000, 0x00000000d7a80000, 0x0000000100000000)
  eden space 32768K, 0% used [0x00000000d5580000,0x00000000d5580000,0x00000000d7580000)
  from space 2560K, 99% used [0x00000000d7800000,0x00000000d7a7c010,0x00000000d7a80000)
  to   space 2560K, 0% used [0x00000000d7580000,0x00000000d7580000,0x00000000d7800000)
 ParOldGen       total 44032K, used 1711K [0x0000000080000000, 0x0000000082b00000, 0x00000000d5580000)
  object space 44032K, 3% used [0x0000000080000000,0x00000000801abc90,0x0000000082b00000)
 Metaspace       used 7793K, capacity 8162K, committed 8320K, reserved 1056768K
  class space    used 957K, capacity 1081K, committed 1152K, reserved 1048576K
}
Event: 2.799 GC heap before
{Heap before GC invocations=5 (full 0):
 PSYoungGen      total 35328K, used 35312K [0x00000000d5580000, 0x00000000d7a80000, 0x0000000100000000)
  eden space 32768K, 100% used [0x00000000d5580000,0x00000000d7580000,0x00000000d7580000)
  from space 2560K, 99% used [0x00000000d7800000,0x00000000d7a7c010,0x00000000d7a80000)
  to   space 2560K, 0% used [0x00000000d7580000,0x00000000d7580000,0x00000000d7800000)
 ParOldGen       total 44032K, used 1711K [0x0000000080000000, 0x0000000082b00000, 0x00000000d5580000)
  object space 44032K, 3% used [0x0000000080000000,0x00000000801abc90,0x0000000082b00000)
 Metaspace       used 12121K, capacity 12520K, committed 12800K, reserved 1060864K
  class space    used 1609K, capacity 1730K, committed 1792K, reserved 1048576K
Event: 2.809 GC heap after
Heap after GC invocations=5 (full 0):
 PSYoungGen      total 35328K, used 2544K [0x00000000d5580000, 0x00000000d7a80000, 0x0000000100000000)
  eden space 32768K, 0% used [0x00000000d5580000,0x00000000d5580000,0x00000000d7580000)
  from space 2560K, 99% used [0x00000000d7580000,0x00000000d77fc010,0x00000000d7800000)
  to   space 2560K, 0% used [0x00000000d7800000,0x00000000d7800000,0x00000000d7a80000)
 ParOldGen       total 44032K, used 5132K [0x0000000080000000, 0x0000000082b00000, 0x00000000d5580000)
  object space 44032K, 11% used [0x0000000080000000,0x0000000080503360,0x0000000082b00000)
 Metaspace       used 12121K, capacity 12520K, committed 12800K, reserved 1060864K
  class space    used 1609K, capacity 1730K, committed 1792K, reserved 1048576K
}
Event: 3.203 GC heap before
{Heap before GC invocations=6 (full 0):
 PSYoungGen      total 35328K, used 35202K [0x00000000d5580000, 0x00000000d7a80000, 0x0000000100000000)
  eden space 32768K, 99% used [0x00000000d5580000,0x00000000d75648d8,0x00000000d7580000)
  from space 2560K, 99% used [0x00000000d7580000,0x00000000d77fc010,0x00000000d7800000)
  to   space 2560K, 0% used [0x00000000d7800000,0x00000000d7800000,0x00000000d7a80000)
 ParOldGen       total 44032K, used 5132K [0x0000000080000000, 0x0000000082b00000, 0x00000000d5580000)
  object space 44032K, 11% used [0x0000000080000000,0x0000000080503360,0x0000000082b00000)
 Metaspace       used 14671K, capacity 15202K, committed 15488K, reserved 1062912K
  class space    used 1997K, capacity 2125K, committed 2176K, reserved 1048576K
Event: 3.211 GC heap after
Heap after GC invocations=6 (full 0):
 PSYoungGen      total 35328K, used 2528K [0x00000000d5580000, 0x00000000d7a80000, 0x0000000100000000)
  eden space 32768K, 0% used [0x00000000d5580000,0x00000000d5580000,0x00000000d7580000)
  from space 2560K, 98% used [0x00000000d7800000,0x00000000d7a78040,0x00000000d7a80000)
  to   space 2560K, 0% used [0x00000000d7580000,0x00000000d7580000,0x00000000d7800000)
 ParOldGen       total 44032K, used 8779K [0x0000000080000000, 0x0000000082b00000, 0x00000000d5580000)
  object space 44032K, 19% used [0x0000000080000000,0x0000000080892f60,0x0000000082b00000)
 Metaspace       used 14671K, capacity 15202K, committed 15488K, reserved 1062912K
  class space    used 1997K, capacity 2125K, committed 2176K, reserved 1048576K
}

Deoptimization events (10 events):
Event: 3.124 Thread 0x000000001ae7f000 Uncommon trap: reason=class_check action=maybe_recompile pc=0x0000000002b23718 method=java.util.regex.Matcher.match(II)Z @ 86
Event: 3.125 Thread 0x000000001ae7f000 Uncommon trap: reason=class_check action=maybe_recompile pc=0x0000000002b23718 method=java.util.regex.Matcher.match(II)Z @ 86
Event: 3.125 Thread 0x000000001ae7f000 Uncommon trap: reason=class_check action=maybe_recompile pc=0x00000000029a90cc method=java.util.regex.Matcher.match(II)Z @ 86
Event: 3.258 Thread 0x000000001ae7f000 Uncommon trap: reason=unstable_if action=reinterpret pc=0x0000000002b1d74c method=java.io.File.getName()Ljava/lang/String; @ 16
Event: 3.258 Thread 0x000000001ae7f000 Uncommon trap: reason=unstable_if action=reinterpret pc=0x0000000002b15adc method=java.lang.String.substring(I)Ljava/lang/String; @ 35
Event: 3.535 Thread 0x000000001ae7f000 Uncommon trap: reason=unstable_if action=reinterpret pc=0x0000000002b1df30 method=java.util.LinkedHashMap.afterNodeInsertion(Z)V @ 1
Event: 3.536 Thread 0x000000001ae7f000 Uncommon trap: reason=unstable_if action=reinterpret pc=0x0000000002a5ec3c method=java.util.HashMap.getNode(ILjava/lang/Object;)Ljava/util/HashMap$Node; @ 129
Event: 3.536 Thread 0x000000001ae7f000 Uncommon trap: reason=bimorphic action=maybe_recompile pc=0x0000000002cc31b4 method=java.util.HashMap.putVal(ILjava/lang/Object;Ljava/lang/Object;ZZ)Ljava/lang/Object; @ 203
Event: 3.541 Thread 0x000000001ae7f000 Uncommon trap: reason=unstable_if action=reinterpret pc=0x0000000002a4ae10 method=java.util.HashMap.getNode(ILjava/lang/Object;)Ljava/util/HashMap$Node; @ 129
Event: 3.541 Thread 0x000000001ae7f000 Uncommon trap: reason=bimorphic action=maybe_recompile pc=0x0000000002cc31b4 method=java.util.HashMap.putVal(ILjava/lang/Object;Ljava/lang/Object;ZZ)Ljava/lang/Object; @ 203

Classes redefined (0 events):
No events

Internal exceptions (10 events):
Event: 2.759 Thread 0x000000001ae6a800 Exception <a 'java/lang/NoSuchMethodError': <clinit>> (0x00000000d74299d0) thrown at [C:\src\AOSP-openjdk-git\hotspot\src\share\vm\prims\jni.cpp, line 1615]
Event: 2.760 Thread 0x000000001ae6a800 Exception <a 'java/lang/NoSuchMethodError': <clinit>> (0x00000000d743df88) thrown at [C:\src\AOSP-openjdk-git\hotspot\src\share\vm\prims\jni.cpp, line 1615]
Event: 2.770 Thread 0x000000001ae6a800 Exception <a 'java/lang/NoSuchMethodError': <clinit>> (0x00000000d74aae80) thrown at [C:\src\AOSP-openjdk-git\hotspot\src\share\vm\prims\jni.cpp, line 1615]
Event: 2.779 Thread 0x000000001ae6a800 Exception <a 'java/lang/NoSuchMethodError': <clinit>> (0x00000000d74e5348) thrown at [C:\src\AOSP-openjdk-git\hotspot\src\share\vm\prims\jni.cpp, line 1615]
Event: 2.787 Thread 0x000000001ae6a800 Exception <a 'java/lang/NoSuchMethodError': <clinit>> (0x00000000d751aa70) thrown at [C:\src\AOSP-openjdk-git\hotspot\src\share\vm\prims\jni.cpp, line 1615]
Event: 2.790 Thread 0x000000001ae6a800 Exception <a 'java/lang/NoSuchMethodError': <clinit>> (0x00000000d7527040) thrown at [C:\src\AOSP-openjdk-git\hotspot\src\share\vm\prims\jni.cpp, line 1615]
Event: 3.305 Thread 0x000000001ae7f000 Exception <a 'java/lang/NoSuchMethodError': java.lang.Object.lambda$and$0(Ljava/util/function/Predicate;Ljava/lang/Object;)Z> (0x00000000d5969d98) thrown at [C:\src\AOSP-openjdk-git\hotspot\src\share\vm\interpreter\linkResolver.cpp, line 620]
Event: 3.312 Thread 0x000000001ae7f000 Exception <a 'java/lang/IncompatibleClassChangeError': Found class java.lang.Object, but interface was expected> (0x00000000d597a090) thrown at [C:\src\AOSP-openjdk-git\hotspot\src\share\vm\interpreter\linkResolver.cpp, line 653]
Event: 3.314 Thread 0x000000001ae7f000 Exception <a 'java/lang/NoSuchMethodError': java.lang.Object.lambda$or$2(Ljava/util/function/Predicate;Ljava/lang/Object;)Z> (0x00000000d597ebe0) thrown at [C:\src\AOSP-openjdk-git\hotspot\src\share\vm\interpreter\linkResolver.cpp, line 620]
Event: 3.599 Thread 0x000000001ae7f000 Exception <a 'java/lang/NoSuchMethodError': java.lang.Object.lambda$static$0(Lorg/gradle/internal/state/ModelObject;)Ljava/lang/String;> (0x00000000d7156798) thrown at [C:\src\AOSP-openjdk-git\hotspot\src\share\vm\interpreter\linkResolver.cpp, line 620]

Events (10 events):
Event: 3.653 loading class groovy/lang/GroovyRuntimeException
Event: 3.653 loading class groovy/lang/GroovyRuntimeException done
Event: 3.655 loading class org/gradle/groovy/scripts/ScriptCompilationException
Event: 3.655 loading class org/gradle/groovy/scripts/ScriptCompilationException done
Event: 3.656 loading class org/gradle/api/GradleScriptException
Event: 3.656 loading class org/gradle/api/GradleScriptException done
Event: 3.656 loading class org/gradle/groovy/scripts/internal/CompiledScript
Event: 3.656 loading class org/gradle/groovy/scripts/internal/CompiledScript done
Event: 3.656 loading class groovy/lang/GroovyResourceLoader
Event: 3.656 loading class groovy/lang/GroovyResourceLoader done


Dynamic libraries:
0x00007ff6ec000000 - 0x00007ff6ec031000 	C:\Program Files\Android\Android Studio\jre\bin\java.exe
0x00007ffa5ed90000 - 0x00007ffa5ef85000 	C:\WINDOWS\SYSTEM32\ntdll.dll
0x00007ffa5e050000 - 0x00007ffa5e10d000 	C:\WINDOWS\System32\KERNEL32.DLL
0x00007ffa5c630000 - 0x00007ffa5c8fd000 	C:\WINDOWS\System32\KERNELBASE.dll
0x00007ffa5e240000 - 0x00007ffa5e2ee000 	C:\WINDOWS\System32\ADVAPI32.dll
0x00007ffa5da30000 - 0x00007ffa5dace000 	C:\WINDOWS\System32\msvcrt.dll
0x00007ffa5e1a0000 - 0x00007ffa5e23c000 	C:\WINDOWS\System32\sechost.dll
0x00007ffa5d7e0000 - 0x00007ffa5d905000 	C:\WINDOWS\System32\RPCRT4.dll
0x00007ffa5ce50000 - 0x00007ffa5cff0000 	C:\WINDOWS\System32\USER32.dll
0x00007ffa5ca40000 - 0x00007ffa5ca62000 	C:\WINDOWS\System32\win32u.dll
0x00007ffa5d580000 - 0x00007ffa5d5aa000 	C:\WINDOWS\System32\GDI32.dll
0x00007ffa5c900000 - 0x00007ffa5ca0b000 	C:\WINDOWS\System32\gdi32full.dll
0x00007ffa5ca70000 - 0x00007ffa5cb0d000 	C:\WINDOWS\System32\msvcp_win.dll
0x00007ffa5cb80000 - 0x00007ffa5cc80000 	C:\WINDOWS\System32\ucrtbase.dll
0x00007ffa4d9c0000 - 0x00007ffa4dc5a000 	C:\WINDOWS\WinSxS\amd64_microsoft.windows.common-controls_6595b64144ccf1df_6.0.19041.1110_none_60b5254171f9507e\COMCTL32.dll
0x00007ffa5e020000 - 0x00007ffa5e050000 	C:\WINDOWS\System32\IMM32.DLL
0x000000006af60000 - 0x000000006b032000 	C:\Program Files\Android\Android Studio\jre\jre\bin\msvcr100.dll
0x000000006b640000 - 0x000000006be8b000 	C:\Program Files\Android\Android Studio\jre\jre\bin\server\jvm.dll
0x00007ffa5e5f0000 - 0x00007ffa5e5f8000 	C:\WINDOWS\System32\PSAPI.DLL
0x00007ffa52900000 - 0x00007ffa5290a000 	C:\WINDOWS\SYSTEM32\VERSION.dll
0x00007ffa429b0000 - 0x00007ffa429d7000 	C:\WINDOWS\SYSTEM32\WINMM.dll
0x00007ffa59990000 - 0x00007ffa59999000 	C:\WINDOWS\SYSTEM32\WSOCK32.dll
0x00007ffa5d770000 - 0x00007ffa5d7db000 	C:\WINDOWS\System32\WS2_32.dll
0x00007ffa59970000 - 0x00007ffa5997f000 	C:\Program Files\Android\Android Studio\jre\jre\bin\verify.dll
0x00007ffa4d470000 - 0x00007ffa4d499000 	C:\Program Files\Android\Android Studio\jre\jre\bin\java.dll
0x00007ffa4d450000 - 0x00007ffa4d466000 	C:\Program Files\Android\Android Studio\jre\jre\bin\zip.dll
0x00007ffa5e600000 - 0x00007ffa5ed44000 	C:\WINDOWS\System32\SHELL32.dll
0x00007ffa5a1a0000 - 0x00007ffa5a934000 	C:\WINDOWS\SYSTEM32\windows.storage.dll
0x00007ffa5d220000 - 0x00007ffa5d574000 	C:\WINDOWS\System32\combase.dll
0x00007ffa5be30000 - 0x00007ffa5be5c000 	C:\WINDOWS\SYSTEM32\Wldp.dll
0x00007ffa5d5b0000 - 0x00007ffa5d65d000 	C:\WINDOWS\System32\SHCORE.dll
0x00007ffa5e2f0000 - 0x00007ffa5e345000 	C:\WINDOWS\System32\shlwapi.dll
0x00007ffa5c3e0000 - 0x00007ffa5c3ff000 	C:\WINDOWS\SYSTEM32\profapi.dll
0x00007ffa4d430000 - 0x00007ffa4d44a000 	C:\Program Files\Android\Android Studio\jre\jre\bin\net.dll
0x00007ffa5bb90000 - 0x00007ffa5bbfa000 	C:\WINDOWS\system32\mswsock.dll
0x00007ffa4ce80000 - 0x00007ffa4ce93000 	C:\Program Files\Android\Android Studio\jre\jre\bin\nio.dll
0x00007ffa4c7c0000 - 0x00007ffa4c7e7000 	C:\Users\e30\.gradle\native\f6784746aeab05261644944871eae4fe03e0ef1612fff0a4a95f87b438bc6780\windows-amd64\native-platform.dll
0x00007ffa54550000 - 0x00007ffa5455d000 	C:\Program Files\Android\Android Studio\jre\jre\bin\management.dll
0x00007ffa5bd80000 - 0x00007ffa5bd98000 	C:\WINDOWS\SYSTEM32\CRYPTSP.dll
0x00007ffa5b510000 - 0x00007ffa5b544000 	C:\WINDOWS\system32\rsaenh.dll
0x00007ffa5ca10000 - 0x00007ffa5ca37000 	C:\WINDOWS\System32\bcrypt.dll
0x00007ffa5c360000 - 0x00007ffa5c38e000 	C:\WINDOWS\SYSTEM32\USERENV.dll
0x00007ffa5c5a0000 - 0x00007ffa5c622000 	C:\WINDOWS\System32\bcryptprimitives.dll
0x00007ffa5bda0000 - 0x00007ffa5bdac000 	C:\WINDOWS\SYSTEM32\CRYPTBASE.dll
0x00007ffa5b880000 - 0x00007ffa5b8bb000 	C:\WINDOWS\SYSTEM32\IPHLPAPI.DLL
0x00007ffa5cde0000 - 0x00007ffa5cde8000 	C:\WINDOWS\System32\NSI.dll
0x00007ffa53a60000 - 0x00007ffa53a77000 	C:\WINDOWS\SYSTEM32\dhcpcsvc6.DLL
0x00007ffa53ad0000 - 0x00007ffa53aed000 	C:\WINDOWS\SYSTEM32\dhcpcsvc.DLL
0x00007ffa5b8c0000 - 0x00007ffa5b98b000 	C:\WINDOWS\SYSTEM32\DNSAPI.dll
0x00007ffa54c00000 - 0x00007ffa54c0b000 	C:\WINDOWS\SYSTEM32\WINNSI.DLL

VM Arguments:
jvm_args: -Xmx2048m -Dfile.encoding=UTF-8 -Duser.country=BR -Duser.language=pt -Duser.variant 
java_command: org.gradle.launcher.daemon.bootstrap.GradleDaemon 6.5
java_class_path (initial): C:\Users\e30\.gradle\wrapper\dists\gradle-6.5-all\2oz4ud9k3tuxjg84bbf55q0tn\gradle-6.5\lib\gradle-launcher-6.5.jar
Launcher Type: SUN_STANDARD

Environment Variables:
JAVA_HOME=C:\Program Files\Java\jdk1.8.0_281
PATH=C:\Program Files (x86)\Common Files\Oracle\Java\javapath;"C:\Program Files (x86)\Common Files\Oracle\Java\javapath;C:\Program Files\Java\jdk1.8.0_281\bin";C:\Program Files (x86)\Intel\Intel(R) Management Engine Components\iCLS\;C:\Program Files\Intel\Intel(R) Management Engine Components\iCLS\;C:\WINDOWS\system32;C:\WINDOWS;C:\WINDOWS\System32\Wbem;C:\WINDOWS\System32\WindowsPowerShell\v1.0\;C:\WINDOWS\System32\OpenSSH\;C:\Program Files (x86)\Intel\Intel(R) Management Engine Components\DAL;C:\Program Files\Intel\Intel(R) Management Engine Components\DAL;C:\Users\e30\AppData\Local\Programs\Python\Python38-32\Scripts;C:\Program Files\Git\cmd;C:\Users\e30\AppData\Local\Programs\Python\Python38-32\Scripts\;C:\Users\e30\AppData\Local\Programs\Python\Python38-32\;C:\Users\e30\AppData\Local\Microsoft\WindowsApps;C:\Users\e30\AppData\Local\Programs\Microsoft VS Code\bin;"C:\Users\e30\AppData\Local\Programs\;C:\Program Files\Java\jdk1.8.0_281\bin";C:\Users\e30\AppData\Local\GitHubDesktop\bin
USERNAME=e30
OS=Windows_NT
PROCESSOR_IDENTIFIER=Intel64 Family 6 Model 142 Stepping 9, GenuineIntel



---------------  S Y S T E M  ---------------

OS: Windows 10.0 , 64 bit Build 19041 (10.0.19041.1706)

CPU:total 4 (initial active 4) (2 cores per cpu, 2 threads per core) family 6 model 142 stepping 9, cmov, cx8, fxsr, mmx, sse, sse2, sse3, ssse3, sse4.1, sse4.2, popcnt, avx, avx2, aes, clmul, erms, 3dnowpref, lzcnt, ht, tsc, tscinvbit, bmi1, bmi2, adx

Memory: 4k page, physical 4107300k(323344k free), swap 8203300k(5420k free)

vm_info: OpenJDK 64-Bit Server VM (25.242-b01) for windows-amd64 JRE (1.8.0_242-release-1644-b01), built by "builder" with MS VC++ 10.0 (VS2010)

time: Tue May 24 23:05:24 2022
timezone: Hora oficial do Brasil
elapsed time: 3 seconds (0d 0h 0m 3s)

