#
# There is insufficient memory for the Java Runtime Environment to continue.
# Native memory allocation (malloc) failed to allocate 1342256 bytes for Chunk::new
# Possible reasons:
#   The system is out of physical RAM or swap space
#   The process is running with CompressedOops enabled, and the Java Heap may be blocking the growth of the native heap
# Possible solutions:
#   Reduce memory load on the system
#   Increase physical memory or swap space
#   Check if swap backing store is full
#   Decrease Java heap size (-Xmx/-Xms)
#   Decrease number of Java threads
#   Decrease Java thread stack sizes (-Xss)
#   Set larger code cache with -XX:ReservedCodeCacheSize=
#   JVM is running with Unscaled Compressed Oops mode in which the Java heap is
#     placed in the first 4GB address space. The Java Heap base address is the
#     maximum limit for the native heap growth. Please use -XX:HeapBaseMinAddress
#     to set the Java Heap base and to place the Java Heap above 4GB virtual address.
# This output file may be truncated or incomplete.
#
#  Out of Memory Error (allocation.cpp:389), pid=12868, tid=0x0000000000000d14
#
# JRE version: OpenJDK Runtime Environment (8.0_242-b01) (build 1.8.0_242-release-1644-b01)
# Java VM: OpenJDK 64-Bit Server VM (25.242-b01 mixed mode windows-amd64 compressed oops)
# Failed to write core dump. Minidumps are not enabled by default on client versions of Windows
#

---------------  T H R E A D  ---------------

Current thread (0x0000000017147800):  JavaThread "C2 CompilerThread0" daemon [_thread_in_native, id=3348, stack(0x0000000018880000,0x0000000018980000)]

Stack: [0x0000000018880000,0x0000000018980000]
[error occurred during error reporting (printing stack bounds), id 0xc0000005]

Native frames: (J=compiled Java code, j=interpreted, Vv=VM code, C=native code)


Current CompileTask:
C2:   4300 1513       4       java.net.URLClassLoader$1::run (5 bytes)


---------------  P R O C E S S  ---------------

Java Threads: ( => current thread )
  0x000000001af38800 JavaThread "Cache worker for file hash cache (C:\Users\e30\.gradle\caches\6.5\fileHashes)" [_thread_blocked, id=6844, stack(0x000000001d1c0000,0x000000001d2c0000)]
  0x000000001af39800 JavaThread "File lock request listener" [_thread_in_native, id=12784, stack(0x000000001d0c0000,0x000000001d1c0000)]
  0x000000001ad17000 JavaThread "Cache worker for journal cache (C:\Users\e30\.gradle\caches\journal-1)" [_thread_blocked, id=7276, stack(0x000000001cfc0000,0x000000001d0c0000)]
  0x0000000018f57800 JavaThread "Thread-9" [_thread_blocked, id=9072, stack(0x000000001ccc0000,0x000000001cdc0000)]
  0x00000000193ef000 JavaThread "Stdin handler" [_thread_blocked, id=9560, stack(0x000000001cbc0000,0x000000001ccc0000)]
  0x00000000193e9800 JavaThread "Asynchronous log dispatcher for DefaultDaemonConnection: socket connection from /127.0.0.1:53683 to /127.0.0.1:53684" [_thread_blocked, id=10356, stack(0x000000001cac0000,0x000000001cbc0000)]
  0x000000001ac7a800 JavaThread "Daemon worker" [_thread_in_native, id=10892, stack(0x000000001c9c0000,0x000000001cac0000)]
  0x000000001ac7a000 JavaThread "Cancel handler" [_thread_blocked, id=8380, stack(0x000000001c8c0000,0x000000001c9c0000)]
  0x000000001ac6d800 JavaThread "Handler for socket connection from /127.0.0.1:53683 to /127.0.0.1:53684" [_thread_in_native, id=10204, stack(0x000000001c7c0000,0x000000001c8c0000)]
  0x000000001ac6d000 JavaThread "Daemon" [_thread_blocked, id=2088, stack(0x000000001c6c0000,0x000000001c7c0000)]
  0x000000001ac47800 JavaThread "Daemon periodic checks" [_thread_blocked, id=1156, stack(0x000000001c3c0000,0x000000001c4c0000)]
  0x000000001abf7000 JavaThread "Incoming local TCP Connector on port 53683" [_thread_in_native, id=5400, stack(0x000000001c160000,0x000000001c260000)]
  0x000000001aae4000 JavaThread "Daemon health stats" [_thread_blocked, id=2784, stack(0x000000001bb20000,0x000000001bc20000)]
  0x000000001719e000 JavaThread "Service Thread" daemon [_thread_blocked, id=10392, stack(0x0000000018f80000,0x0000000019080000)]
  0x000000001715a800 JavaThread "C1 CompilerThread2" daemon [_thread_blocked, id=3040, stack(0x0000000018a80000,0x0000000018b80000)]
  0x000000001714c000 JavaThread "C2 CompilerThread1" daemon [_thread_blocked, id=9904, stack(0x0000000018980000,0x0000000018a80000)]
=>0x0000000017147800 JavaThread "C2 CompilerThread0" daemon [_thread_in_native, id=3348, stack(0x0000000018880000,0x0000000018980000)]
  0x0000000017146800 JavaThread "Attach Listener" daemon [_thread_blocked, id=11944, stack(0x0000000018780000,0x0000000018880000)]
  0x0000000017145800 JavaThread "Signal Dispatcher" daemon [_thread_blocked, id=12276, stack(0x0000000018680000,0x0000000018780000)]
  0x000000000251d800 JavaThread "Finalizer" daemon [_thread_blocked, id=9656, stack(0x00000000183b0000,0x00000000184b0000)]
  0x0000000017129000 JavaThread "Reference Handler" daemon [_thread_blocked, id=7596, stack(0x00000000182b0000,0x00000000183b0000)]
  0x0000000002423000 JavaThread "main" [_thread_blocked, id=7692, stack(0x00000000022c0000,0x00000000023c0000)]

Other Threads:
  0x0000000017106800 VMThread [stack: 0x00000000181b0000,0x00000000182b0000] [id=7608]
  0x0000000018bb7000 WatcherThread [stack: 0x0000000019080000,0x0000000019180000] [id=10324]

VM state:not at safepoint (normal execution)

VM Mutex/Monitor currently owned by a thread: None

heap address: 0x0000000080000000, size: 2048 MB, Compressed Oops mode: 32-bit
Narrow klass base: 0x0000000000000000, Narrow klass shift: 3
Compressed class space size: 1073741824 Address: 0x0000000100000000

Heap:
 PSYoungGen      total 35328K, used 7169K [0x00000000d5580000, 0x00000000d7a80000, 0x0000000100000000)
  eden space 32768K, 14% used [0x00000000d5580000,0x00000000d5a08548,0x00000000d7580000)
  from space 2560K, 98% used [0x00000000d7800000,0x00000000d7a78020,0x00000000d7a80000)
  to   space 2560K, 0% used [0x00000000d7580000,0x00000000d7580000,0x00000000d7800000)
 ParOldGen       total 44032K, used 8552K [0x0000000080000000, 0x0000000082b00000, 0x00000000d5580000)
  object space 44032K, 19% used [0x0000000080000000,0x000000008085a198,0x0000000082b00000)
 Metaspace       used 15857K, capacity 16518K, committed 16640K, reserved 1062912K
  class space    used 2075K, capacity 2267K, committed 2304K, reserved 1048576K

Card table byte_map: [0x00000000118e0000,0x0000000011cf0000] byte_map_base: 0x00000000114e0000

Marking Bits: (ParMarkBitMap*) 0x0000000059cff030
 Begin Bits: [0x00000000123a0000, 0x00000000143a0000)
 End Bits:   [0x00000000143a0000, 0x00000000163a0000)

Polling page: 0x0000000000a40000

CodeCache: size=245760Kb used=5436Kb max_used=5453Kb free=240323Kb
 bounds [0x0000000002520000, 0x0000000002a80000, 0x0000000011520000]
 total_blobs=1931 nmethods=1534 adapters=310
 compilation: enabled

Compilation events (10 events):
Event: 4.276 Thread 0x000000001715a800 nmethod 1533 0x0000000002a68550 code [0x0000000002a686c0, 0x0000000002a68908]
Event: 4.276 Thread 0x000000001715a800 1534       3       jdk.internal.org.objectweb.asm.MethodVisitor::<init> (7 bytes)
Event: 4.276 Thread 0x000000001715a800 nmethod 1534 0x0000000002a67ed0 code [0x0000000002a68060, 0x0000000002a683c8]
Event: 4.276 Thread 0x000000001715a800 1535       3       jdk.internal.org.objectweb.asm.MethodWriter::visitMaxs (1159 bytes)
Event: 4.282 Thread 0x000000001715a800 nmethod 1535 0x0000000002a6a810 code [0x0000000002a6acc0, 0x0000000002a6d2f8]
Event: 4.282 Thread 0x000000001715a800 1536       3       jdk.internal.org.objectweb.asm.MethodWriter::visitEnd (1 bytes)
Event: 4.282 Thread 0x000000001715a800 nmethod 1536 0x0000000002a67bd0 code [0x0000000002a67d20, 0x0000000002a67e70]
Event: 4.282 Thread 0x000000001715a800 1537       3       java.lang.invoke.MethodType::basicType (8 bytes)
Event: 4.282 Thread 0x000000001715a800 nmethod 1537 0x0000000002a677d0 code [0x0000000002a67920, 0x0000000002a67b10]
Event: 4.291 Thread 0x000000001714c000 nmethod 1531 0x0000000002a73fd0 code [0x0000000002a741a0, 0x0000000002a75788]

GC Heap History (10 events):
Event: 1.287 GC heap before
{Heap before GC invocations=2 (full 0):
 PSYoungGen      total 18944K, used 18649K [0x00000000d5580000, 0x00000000d6a80000, 0x0000000100000000)
  eden space 16384K, 100% used [0x00000000d5580000,0x00000000d6580000,0x00000000d6580000)
  from space 2560K, 88% used [0x00000000d6580000,0x00000000d67b6538,0x00000000d6800000)
  to   space 2560K, 0% used [0x00000000d6800000,0x00000000d6800000,0x00000000d6a80000)
 ParOldGen       total 44032K, used 8K [0x0000000080000000, 0x0000000082b00000, 0x00000000d5580000)
  object space 44032K, 0% used [0x0000000080000000,0x0000000080002000,0x0000000082b00000)
 Metaspace       used 7579K, capacity 7914K, committed 8064K, reserved 1056768K
  class space    used 931K, capacity 1041K, committed 1152K, reserved 1048576K
Event: 1.319 GC heap after
Heap after GC invocations=2 (full 0):
 PSYoungGen      total 18944K, used 2533K [0x00000000d5580000, 0x00000000d7a80000, 0x0000000100000000)
  eden space 16384K, 0% used [0x00000000d5580000,0x00000000d5580000,0x00000000d6580000)
  from space 2560K, 98% used [0x00000000d6800000,0x00000000d6a79678,0x00000000d6a80000)
  to   space 2560K, 0% used [0x00000000d6580000,0x00000000d6580000,0x00000000d6800000)
 ParOldGen       total 44032K, used 1110K [0x0000000080000000, 0x0000000082b00000, 0x00000000d5580000)
  object space 44032K, 2% used [0x0000000080000000,0x0000000080115a10,0x0000000082b00000)
 Metaspace       used 7579K, capacity 7914K, committed 8064K, reserved 1056768K
  class space    used 931K, capacity 1041K, committed 1152K, reserved 1048576K
}
Event: 1.514 GC heap before
{Heap before GC invocations=3 (full 0):
 PSYoungGen      total 18944K, used 18917K [0x00000000d5580000, 0x00000000d7a80000, 0x0000000100000000)
  eden space 16384K, 100% used [0x00000000d5580000,0x00000000d6580000,0x00000000d6580000)
  from space 2560K, 98% used [0x00000000d6800000,0x00000000d6a79678,0x00000000d6a80000)
  to   space 2560K, 0% used [0x00000000d6580000,0x00000000d6580000,0x00000000d6800000)
 ParOldGen       total 44032K, used 1110K [0x0000000080000000, 0x0000000082b00000, 0x00000000d5580000)
  object space 44032K, 2% used [0x0000000080000000,0x0000000080115a10,0x0000000082b00000)
 Metaspace       used 7615K, capacity 7914K, committed 8064K, reserved 1056768K
  class space    used 931K, capacity 1041K, committed 1152K, reserved 1048576K
Event: 1.517 GC heap after
Heap after GC invocations=3 (full 0):
 PSYoungGen      total 18944K, used 2304K [0x00000000d5580000, 0x00000000d7a80000, 0x0000000100000000)
  eden space 16384K, 0% used [0x00000000d5580000,0x00000000d5580000,0x00000000d6580000)
  from space 2560K, 90% used [0x00000000d6580000,0x00000000d67c0020,0x00000000d6800000)
  to   space 2560K, 0% used [0x00000000d7800000,0x00000000d7800000,0x00000000d7a80000)
 ParOldGen       total 44032K, used 1118K [0x0000000080000000, 0x0000000082b00000, 0x00000000d5580000)
  object space 44032K, 2% used [0x0000000080000000,0x0000000080117a10,0x0000000082b00000)
 Metaspace       used 7615K, capacity 7914K, committed 8064K, reserved 1056768K
  class space    used 931K, capacity 1041K, committed 1152K, reserved 1048576K
}
Event: 1.690 GC heap before
{Heap before GC invocations=4 (full 0):
 PSYoungGen      total 18944K, used 18688K [0x00000000d5580000, 0x00000000d7a80000, 0x0000000100000000)
  eden space 16384K, 100% used [0x00000000d5580000,0x00000000d6580000,0x00000000d6580000)
  from space 2560K, 90% used [0x00000000d6580000,0x00000000d67c0020,0x00000000d6800000)
  to   space 2560K, 0% used [0x00000000d7800000,0x00000000d7800000,0x00000000d7a80000)
 ParOldGen       total 44032K, used 1118K [0x0000000080000000, 0x0000000082b00000, 0x00000000d5580000)
  object space 44032K, 2% used [0x0000000080000000,0x0000000080117a10,0x0000000082b00000)
 Metaspace       used 7813K, capacity 8162K, committed 8320K, reserved 1056768K
  class space    used 957K, capacity 1081K, committed 1152K, reserved 1048576K
Event: 1.696 GC heap after
Heap after GC invocations=4 (full 0):
 PSYoungGen      total 35328K, used 2544K [0x00000000d5580000, 0x00000000d7a80000, 0x0000000100000000)
  eden space 32768K, 0% used [0x00000000d5580000,0x00000000d5580000,0x00000000d7580000)
  from space 2560K, 99% used [0x00000000d7800000,0x00000000d7a7c030,0x00000000d7a80000)
  to   space 2560K, 0% used [0x00000000d7580000,0x00000000d7580000,0x00000000d7800000)
 ParOldGen       total 44032K, used 1768K [0x0000000080000000, 0x0000000082b00000, 0x00000000d5580000)
  object space 44032K, 4% used [0x0000000080000000,0x00000000801ba1b0,0x0000000082b00000)
 Metaspace       used 7813K, capacity 8162K, committed 8320K, reserved 1056768K
  class space    used 957K, capacity 1081K, committed 1152K, reserved 1048576K
}
Event: 3.723 GC heap before
{Heap before GC invocations=5 (full 0):
 PSYoungGen      total 35328K, used 35312K [0x00000000d5580000, 0x00000000d7a80000, 0x0000000100000000)
  eden space 32768K, 100% used [0x00000000d5580000,0x00000000d7580000,0x00000000d7580000)
  from space 2560K, 99% used [0x00000000d7800000,0x00000000d7a7c030,0x00000000d7a80000)
  to   space 2560K, 0% used [0x00000000d7580000,0x00000000d7580000,0x00000000d7800000)
 ParOldGen       total 44032K, used 1768K [0x0000000080000000, 0x0000000082b00000, 0x00000000d5580000)
  object space 44032K, 4% used [0x0000000080000000,0x00000000801ba1b0,0x0000000082b00000)
 Metaspace       used 12093K, capacity 12520K, committed 12800K, reserved 1060864K
  class space    used 1603K, capacity 1730K, committed 1792K, reserved 1048576K
Event: 3.734 GC heap after
Heap after GC invocations=5 (full 0):
 PSYoungGen      total 35328K, used 2544K [0x00000000d5580000, 0x00000000d7a80000, 0x0000000100000000)
  eden space 32768K, 0% used [0x00000000d5580000,0x00000000d5580000,0x00000000d7580000)
  from space 2560K, 99% used [0x00000000d7580000,0x00000000d77fc010,0x00000000d7800000)
  to   space 2560K, 0% used [0x00000000d7800000,0x00000000d7800000,0x00000000d7a80000)
 ParOldGen       total 44032K, used 5142K [0x0000000080000000, 0x0000000082b00000, 0x00000000d5580000)
  object space 44032K, 11% used [0x0000000080000000,0x0000000080505a30,0x0000000082b00000)
 Metaspace       used 12093K, capacity 12520K, committed 12800K, reserved 1060864K
  class space    used 1603K, capacity 1730K, committed 1792K, reserved 1048576K
}
Event: 4.145 GC heap before
{Heap before GC invocations=6 (full 0):
 PSYoungGen      total 35328K, used 34876K [0x00000000d5580000, 0x00000000d7a80000, 0x0000000100000000)
  eden space 32768K, 98% used [0x00000000d5580000,0x00000000d75130a0,0x00000000d7580000)
  from space 2560K, 99% used [0x00000000d7580000,0x00000000d77fc010,0x00000000d7800000)
  to   space 2560K, 0% used [0x00000000d7800000,0x00000000d7800000,0x00000000d7a80000)
 ParOldGen       total 44032K, used 5142K [0x0000000080000000, 0x0000000082b00000, 0x00000000d5580000)
  object space 44032K, 11% used [0x0000000080000000,0x0000000080505a30,0x0000000082b00000)
 Metaspace       used 14674K, capacity 15138K, committed 15232K, reserved 1062912K
  class space    used 1996K, capacity 2125K, committed 2176K, reserved 1048576K
Event: 4.153 GC heap after
Heap after GC invocations=6 (full 0):
 PSYoungGen      total 35328K, used 2528K [0x00000000d5580000, 0x00000000d7a80000, 0x0000000100000000)
  eden space 32768K, 0% used [0x00000000d5580000,0x00000000d5580000,0x00000000d7580000)
  from space 2560K, 98% used [0x00000000d7800000,0x00000000d7a78020,0x00000000d7a80000)
  to   space 2560K, 0% used [0x00000000d7580000,0x00000000d7580000,0x00000000d7800000)
 ParOldGen       total 44032K, used 8552K [0x0000000080000000, 0x0000000082b00000, 0x00000000d5580000)
  object space 44032K, 19% used [0x0000000080000000,0x000000008085a198,0x0000000082b00000)
 Metaspace       used 14674K, capacity 15138K, committed 15232K, reserved 1062912K
  class space    used 1996K, capacity 2125K, committed 2176K, reserved 1048576K
}

Deoptimization events (10 events):
Event: 3.767 Thread 0x000000001ac7a800 Uncommon trap: reason=bimorphic action=maybe_recompile pc=0x00000000027e8bd4 method=java.util.HashMap.putVal(ILjava/lang/Object;Ljava/lang/Object;ZZ)Ljava/lang/Object; @ 253
Event: 3.768 Thread 0x000000001ac7a800 Uncommon trap: reason=bimorphic action=maybe_recompile pc=0x00000000027e8bd4 method=java.util.HashMap.putVal(ILjava/lang/Object;Ljava/lang/Object;ZZ)Ljava/lang/Object; @ 253
Event: 3.768 Thread 0x000000001ac7a800 Uncommon trap: reason=bimorphic action=maybe_recompile pc=0x00000000027e8bd4 method=java.util.HashMap.putVal(ILjava/lang/Object;Ljava/lang/Object;ZZ)Ljava/lang/Object; @ 253
Event: 3.768 Thread 0x000000001ac7a800 Uncommon trap: reason=bimorphic action=maybe_recompile pc=0x00000000027e5968 method=java.util.HashMap.putVal(ILjava/lang/Object;Ljava/lang/Object;ZZ)Ljava/lang/Object; @ 253
Event: 4.051 Thread 0x000000001ac7a800 Uncommon trap: reason=class_check action=maybe_recompile pc=0x0000000002869798 method=java.util.regex.Matcher.match(II)Z @ 86
Event: 4.052 Thread 0x000000001ac7a800 Uncommon trap: reason=class_check action=maybe_recompile pc=0x0000000002869798 method=java.util.regex.Matcher.match(II)Z @ 86
Event: 4.052 Thread 0x000000001ac7a800 Uncommon trap: reason=class_check action=maybe_recompile pc=0x0000000002869798 method=java.util.regex.Matcher.match(II)Z @ 86
Event: 4.052 Thread 0x000000001ac7a800 Uncommon trap: reason=class_check action=maybe_recompile pc=0x00000000026ec50c method=java.util.regex.Matcher.match(II)Z @ 86
Event: 4.225 Thread 0x000000001ac7a800 Uncommon trap: reason=unstable_if action=reinterpret pc=0x000000000285e49c method=java.io.File.getName()Ljava/lang/String; @ 16
Event: 4.225 Thread 0x000000001ac7a800 Uncommon trap: reason=unstable_if action=reinterpret pc=0x000000000285fa14 method=java.lang.String.substring(I)Ljava/lang/String; @ 35

Classes redefined (0 events):
No events

Internal exceptions (10 events):
Event: 0.881 Thread 0x0000000002423000 Exception <a 'java/lang/ArrayIndexOutOfBoundsException'> (0x00000000d5b500b8) thrown at [C:\src\AOSP-openjdk-git\hotspot\src\share\vm\runtime\sharedRuntime.cpp, line 605]
Event: 3.634 Thread 0x0000000002423000 Exception <a 'java/io/IOException'> (0x00000000d7218460) thrown at [C:\src\AOSP-openjdk-git\hotspot\src\share\vm\prims\jni.cpp, line 710]
Event: 3.686 Thread 0x000000001ac6d800 Exception <a 'java/lang/NoSuchMethodError': <clinit>> (0x00000000d7436d18) thrown at [C:\src\AOSP-openjdk-git\hotspot\src\share\vm\prims\jni.cpp, line 1615]
Event: 3.687 Thread 0x000000001ac6d800 Exception <a 'java/lang/NoSuchMethodError': <clinit>> (0x00000000d7440420) thrown at [C:\src\AOSP-openjdk-git\hotspot\src\share\vm\prims\jni.cpp, line 1615]
Event: 3.689 Thread 0x000000001ac6d800 Exception <a 'java/lang/NoSuchMethodError': <clinit>> (0x00000000d74549d8) thrown at [C:\src\AOSP-openjdk-git\hotspot\src\share\vm\prims\jni.cpp, line 1615]
Event: 3.700 Thread 0x000000001ac6d800 Exception <a 'java/lang/NoSuchMethodError': <clinit>> (0x00000000d74c18c8) thrown at [C:\src\AOSP-openjdk-git\hotspot\src\share\vm\prims\jni.cpp, line 1615]
Event: 3.708 Thread 0x000000001ac6d800 Exception <a 'java/lang/NoSuchMethodError': <clinit>> (0x00000000d74fbd90) thrown at [C:\src\AOSP-openjdk-git\hotspot\src\share\vm\prims\jni.cpp, line 1615]
Event: 3.716 Thread 0x000000001ac6d800 Exception <a 'java/lang/NoSuchMethodError': <clinit>> (0x00000000d7531980) thrown at [C:\src\AOSP-openjdk-git\hotspot\src\share\vm\prims\jni.cpp, line 1615]
Event: 3.718 Thread 0x000000001ac6d800 Exception <a 'java/lang/NoSuchMethodError': <clinit>> (0x00000000d753deb0) thrown at [C:\src\AOSP-openjdk-git\hotspot\src\share\vm\prims\jni.cpp, line 1615]
Event: 4.275 Thread 0x000000001ac7a800 Exception <a 'java/lang/NoSuchMethodError': java.lang.Object.lambda$and$0(Ljava/util/function/Predicate;Ljava/lang/Object;)Z> (0x00000000d59ea408) thrown at [C:\src\AOSP-openjdk-git\hotspot\src\share\vm\interpreter\linkResolver.cpp, line 620]

Events (10 events):
Event: 4.273 loading class org/gradle/internal/snapshot/impl/DirectorySnapshotter$DefaultExcludes$StartMatcher done
Event: 4.273 loading class org/gradle/internal/snapshot/impl/DirectorySnapshotter$DefaultExcludes$EndMatcher
Event: 4.273 loading class org/gradle/internal/snapshot/impl/DirectorySnapshotter$DefaultExcludes$EndMatcher done
Event: 4.278 loading class java/util/ArrayList$ArrayListSpliterator
Event: 4.278 loading class java/util/ArrayList$ArrayListSpliterator done
Event: 4.278 loading class java/util/stream/StreamSupport
Event: 4.278 loading class java/util/stream/StreamSupport done
Event: 4.278 loading class java/util/stream/ReferencePipeline$Head
Event: 4.278 loading class java/util/stream/ReferencePipeline
Event: 4.295 loading class java/util/stream/Stream


Dynamic libraries:
0x00007ff68cc40000 - 0x00007ff68cc71000 	C:\Program Files\Android\Android Studio\jre\bin\java.exe
0x00007ffde3510000 - 0x00007ffde3705000 	C:\WINDOWS\SYSTEM32\ntdll.dll
0x00007ffde1b00000 - 0x00007ffde1bbe000 	C:\WINDOWS\System32\KERNEL32.DLL
0x00007ffde0f00000 - 0x00007ffde11c8000 	C:\WINDOWS\System32\KERNELBASE.dll
0x00007ffde2d60000 - 0x00007ffde2e0e000 	C:\WINDOWS\System32\ADVAPI32.dll
0x00007ffde1570000 - 0x00007ffde160e000 	C:\WINDOWS\System32\msvcrt.dll
0x00007ffde2f30000 - 0x00007ffde2fcc000 	C:\WINDOWS\System32\sechost.dll
0x00007ffde1970000 - 0x00007ffde1a95000 	C:\WINDOWS\System32\RPCRT4.dll
0x00007ffde2bc0000 - 0x00007ffde2d60000 	C:\WINDOWS\System32\USER32.dll
0x00007ffde0cb0000 - 0x00007ffde0cd2000 	C:\WINDOWS\System32\win32u.dll
0x00007ffde2500000 - 0x00007ffde252b000 	C:\WINDOWS\System32\GDI32.dll
0x00007ffde1330000 - 0x00007ffde143b000 	C:\WINDOWS\System32\gdi32full.dll
0x00007ffde14d0000 - 0x00007ffde156d000 	C:\WINDOWS\System32\msvcp_win.dll
0x00007ffde0ce0000 - 0x00007ffde0de0000 	C:\WINDOWS\System32\ucrtbase.dll
0x00007ffdd2420000 - 0x00007ffdd26ba000 	C:\WINDOWS\WinSxS\amd64_microsoft.windows.common-controls_6595b64144ccf1df_6.0.19041.1110_none_60b5254171f9507e\COMCTL32.dll
0x00007ffde32f0000 - 0x00007ffde3320000 	C:\WINDOWS\System32\IMM32.DLL
0x00007ffdc9bc0000 - 0x00007ffdc9cd5000 	C:\Program Files\Topaz OFD\Warsaw\wslbscr64.dll
0x00007ffde1da0000 - 0x00007ffde24e4000 	C:\WINDOWS\System32\SHELL32.dll
0x00007ffddf910000 - 0x00007ffddf943000 	C:\WINDOWS\SYSTEM32\ntmarta.dll
0x00007ffdac860000 - 0x00007ffdac953000 	C:\Program Files\Topaz OFD\Warsaw\wslbscrwh64.dll
0x00000000592c0000 - 0x0000000059392000 	C:\Program Files\Android\Android Studio\jre\jre\bin\msvcr100.dll
0x0000000059530000 - 0x0000000059d7b000 	C:\Program Files\Android\Android Studio\jre\jre\bin\server\jvm.dll
0x00007ffde24f0000 - 0x00007ffde24f8000 	C:\WINDOWS\System32\PSAPI.DLL
0x00007ffdc6360000 - 0x00007ffdc6369000 	C:\WINDOWS\SYSTEM32\WSOCK32.dll
0x00007ffde26d0000 - 0x00007ffde273b000 	C:\WINDOWS\System32\WS2_32.dll
0x00007ffdc6330000 - 0x00007ffdc6357000 	C:\WINDOWS\SYSTEM32\WINMM.dll
0x00007ffdd26c0000 - 0x00007ffdd26ca000 	C:\WINDOWS\SYSTEM32\VERSION.dll
0x00007ffddaab0000 - 0x00007ffddaabf000 	C:\Program Files\Android\Android Studio\jre\jre\bin\verify.dll
0x00007ffdda900000 - 0x00007ffdda929000 	C:\Program Files\Android\Android Studio\jre\jre\bin\java.dll
0x00007ffdd9710000 - 0x00007ffdd9726000 	C:\Program Files\Android\Android Studio\jre\jre\bin\zip.dll
0x00007ffdde940000 - 0x00007ffddf0d4000 	C:\WINDOWS\SYSTEM32\windows.storage.dll
0x00007ffde1610000 - 0x00007ffde1964000 	C:\WINDOWS\System32\combase.dll
0x00007ffde0690000 - 0x00007ffde06bc000 	C:\WINDOWS\SYSTEM32\Wldp.dll
0x00000000185d0000 - 0x000000001867d000 	C:\WINDOWS\System32\SHCORE.dll
0x00007ffde1aa0000 - 0x00007ffde1af5000 	C:\WINDOWS\System32\shlwapi.dll
0x00007ffde0b70000 - 0x00007ffde0b8f000 	C:\WINDOWS\SYSTEM32\profapi.dll
0x00007ffdd8d80000 - 0x00007ffdd8d9a000 	C:\Program Files\Android\Android Studio\jre\jre\bin\net.dll
0x00007ffde03f0000 - 0x00007ffde045a000 	C:\WINDOWS\system32\mswsock.dll
0x00007ffdd8b50000 - 0x00007ffdd8b63000 	C:\Program Files\Android\Android Studio\jre\jre\bin\nio.dll
0x00007ffdd6420000 - 0x00007ffdd6447000 	C:\Users\e30\.gradle\native\f6784746aeab05261644944871eae4fe03e0ef1612fff0a4a95f87b438bc6780\windows-amd64\native-platform.dll
0x00007ffddaa50000 - 0x00007ffddaa5d000 	C:\Program Files\Android\Android Studio\jre\jre\bin\management.dll
0x00007ffde05e0000 - 0x00007ffde05f8000 	C:\WINDOWS\SYSTEM32\CRYPTSP.dll
0x00007ffddfd00000 - 0x00007ffddfd34000 	C:\WINDOWS\system32\rsaenh.dll
0x00007ffde0c80000 - 0x00007ffde0ca7000 	C:\WINDOWS\System32\bcrypt.dll
0x00007ffde0b30000 - 0x00007ffde0b5e000 	C:\WINDOWS\SYSTEM32\USERENV.dll
0x00007ffde1440000 - 0x00007ffde14c2000 	C:\WINDOWS\System32\bcryptprimitives.dll
0x00007ffde0600000 - 0x00007ffde060c000 	C:\WINDOWS\SYSTEM32\CRYPTBASE.dll
0x00007ffde0090000 - 0x00007ffde00cb000 	C:\WINDOWS\SYSTEM32\IPHLPAPI.DLL
0x00007ffde26a0000 - 0x00007ffde26a8000 	C:\WINDOWS\System32\NSI.dll
0x00007ffdd30f0000 - 0x00007ffdd3107000 	C:\WINDOWS\SYSTEM32\dhcpcsvc6.DLL
0x00007ffdd3490000 - 0x00007ffdd34ad000 	C:\WINDOWS\SYSTEM32\dhcpcsvc.DLL
0x00007ffde00d0000 - 0x00007ffde019a000 	C:\WINDOWS\SYSTEM32\DNSAPI.dll
0x00007ffdd3520000 - 0x00007ffdd352b000 	C:\WINDOWS\SYSTEM32\WINNSI.DLL

VM Arguments:
jvm_args: -XX:MaxPermSize=512m -XX:+HeapDumpOnOutOfMemoryError -Xmx2048m -Dfile.encoding=UTF-8 -Duser.country=BR -Duser.language=pt -Duser.variant 
java_command: org.gradle.launcher.daemon.bootstrap.GradleDaemon 6.5
java_class_path (initial): C:\Users\e30\.gradle\wrapper\dists\gradle-6.5-all\2oz4ud9k3tuxjg84bbf55q0tn\gradle-6.5\lib\gradle-launcher-6.5.jar
Launcher Type: SUN_STANDARD

Environment Variables:
JAVA_HOME=C:\Program Files\Java\jdk1.8.0_281
PATH=C:\Program Files (x86)\Common Files\Oracle\Java\javapath;"C:\Program Files (x86)\Common Files\Oracle\Java\javapath;C:\Program Files\Java\jdk1.8.0_281\bin";C:\Program Files (x86)\Intel\Intel(R) Management Engine Components\iCLS\;C:\Program Files\Intel\Intel(R) Management Engine Components\iCLS\;C:\WINDOWS\system32;C:\WINDOWS;C:\WINDOWS\System32\Wbem;C:\WINDOWS\System32\WindowsPowerShell\v1.0\;C:\WINDOWS\System32\OpenSSH\;C:\Program Files (x86)\Intel\Intel(R) Management Engine Components\DAL;C:\Program Files\Intel\Intel(R) Management Engine Components\DAL;C:\Users\e30\AppData\Local\Programs\Python\Python38-32\Scripts;C:\Program Files\Git\cmd;C:\Users\e30\AppData\Local\Programs\Python\Python38-32\Scripts\;C:\Users\e30\AppData\Local\Programs\Python\Python38-32\;C:\Users\e30\AppData\Local\Microsoft\WindowsApps;C:\Users\e30\AppData\Local\Programs\Microsoft VS Code\bin;"C:\Users\e30\AppData\Local\Programs\;C:\Program Files\Java\jdk1.8.0_281\bin";
USERNAME=e30
OS=Windows_NT
PROCESSOR_IDENTIFIER=Intel64 Family 6 Model 142 Stepping 9, GenuineIntel



---------------  S Y S T E M  ---------------

OS: Windows 10.0 , 64 bit Build 19041 (10.0.19041.1566)

CPU:total 4 (initial active 4) (2 cores per cpu, 2 threads per core) family 6 model 142 stepping 9, cmov, cx8, fxsr, mmx, sse, sse2, sse3, ssse3, sse4.1, sse4.2, popcnt, avx, avx2, aes, clmul, erms, 3dnowpref, lzcnt, ht, tsc, tscinvbit, bmi1, bmi2, adx

Memory: 4k page, physical 4107072k(294864k free), swap 8203072k(5568k free)

vm_info: OpenJDK 64-Bit Server VM (25.242-b01) for windows-amd64 JRE (1.8.0_242-release-1644-b01), built by "builder" with MS VC++ 10.0 (VS2010)

time: Fri Mar 25 00:26:46 2022
timezone: Hora oficial do Brasil
elapsed time: 4 seconds (0d 0h 0m 4s)

