#
# There is insufficient memory for the Java Runtime Environment to continue.
# Native memory allocation (malloc) failed to allocate 1064896 bytes for Chunk::new
# Possible reasons:
#   The system is out of physical RAM or swap space
#   The process is running with CompressedOops enabled, and the Java Heap may be blocking the growth of the native heap
# Possible solutions:
#   Reduce memory load on the system
#   Increase physical memory or swap space
#   Check if swap backing store is full
#   Decrease Java heap size (-Xmx/-Xms)
#   Decrease number of Java threads
#   Decrease Java thread stack sizes (-Xss)
#   Set larger code cache with -XX:ReservedCodeCacheSize=
#   JVM is running with Unscaled Compressed Oops mode in which the Java heap is
#     placed in the first 4GB address space. The Java Heap base address is the
#     maximum limit for the native heap growth. Please use -XX:HeapBaseMinAddress
#     to set the Java Heap base and to place the Java Heap above 4GB virtual address.
# This output file may be truncated or incomplete.
#
#  Out of Memory Error (allocation.cpp:389), pid=12012, tid=0x00000000000037a0
#
# JRE version: OpenJDK Runtime Environment (8.0_242-b01) (build 1.8.0_242-release-1644-b01)
# Java VM: OpenJDK 64-Bit Server VM (25.242-b01 mixed mode windows-amd64 compressed oops)
# Failed to write core dump. Minidumps are not enabled by default on client versions of Windows
#

---------------  T H R E A D  ---------------

Current thread (0x000000001763b800):  JavaThread "C2 CompilerThread1" daemon [_thread_in_native, id=14240, stack(0x0000000018da0000,0x0000000018ea0000)]

Stack: [0x0000000018da0000,0x0000000018ea0000]
[error occurred during error reporting (printing stack bounds), id 0xc0000005]

Native frames: (J=compiled Java code, j=interpreted, Vv=VM code, C=native code)


Current CompileTask:
C2:3468102 18259 %     4       com.android.tools.r8.z.a.a.f::a @ 2577 (3630 bytes)


---------------  P R O C E S S  ---------------

Java Threads: ( => current thread )
  0x0000000019f7c800 JavaThread "WorkerExecutor Queue Thread 5" [_thread_in_Java, id=11392, stack(0x0000000027590000,0x0000000027690000)]
  0x0000000019f7b800 JavaThread "WorkerExecutor Queue Thread 4" [_thread_in_Java, id=13776, stack(0x0000000027490000,0x0000000027590000)]
  0x0000000019f79800 JavaThread "ForkJoinPool.commonPool-worker-0" daemon [_thread_blocked, id=10280, stack(0x0000000027190000,0x0000000027290000)]
  0x0000000019f72000 JavaThread "ForkJoinPool.commonPool-worker-3" daemon [_thread_blocked, id=9380, stack(0x0000000024c90000,0x0000000024d90000)]
  0x0000000019f78800 JavaThread "Cache worker for Java compile cache (C:\Users\e30\AndroidStudioProjects\LibrasKids\.gradle\6.5\javaCompile)" [_thread_blocked, id=1160, stack(0x0000000023b80000,0x0000000023c80000)]
  0x0000000019f71000 JavaThread "WorkerExecutor Queue Thread 2" [_thread_in_Java, id=6680, stack(0x0000000023a80000,0x0000000023b80000)]
  0x0000000019f6e000 JavaThread "stdout" [_thread_in_native, id=12096, stack(0x0000000023780000,0x0000000023880000)]
  0x0000000019f72800 JavaThread "stderr" [_thread_in_native, id=13816, stack(0x0000000022a80000,0x0000000022b80000)]
  0x0000000019f6f800 JavaThread "pool-4-thread-1" [_thread_blocked, id=14792, stack(0x0000000022980000,0x0000000022a80000)]
  0x0000000019f70800 JavaThread "WorkerExecutor Queue" [_thread_blocked, id=13416, stack(0x000000001cfe0000,0x000000001d0e0000)]
  0x000000001f33a800 JavaThread "Cache worker for execution history cache (C:\Users\e30\AndroidStudioProjects\LibrasKids\.gradle\6.5\executionHistory)" [_thread_blocked, id=1260, stack(0x0000000023680000,0x0000000023780000)]
  0x000000001f340000 JavaThread "Execution worker for ':' Thread 3" [_thread_blocked, id=15300, stack(0x0000000023580000,0x0000000023680000)]
  0x000000001f340800 JavaThread "Execution worker for ':' Thread 2" [_thread_blocked, id=14728, stack(0x0000000023480000,0x0000000023580000)]
  0x000000001f33a000 JavaThread "Execution worker for ':'" [_thread_blocked, id=8572, stack(0x0000000023380000,0x0000000023480000)]
  0x000000001f339000 JavaThread "Cache worker for file content cache (C:\Users\e30\AndroidStudioProjects\LibrasKids\.gradle\6.5\fileContent)" [_thread_blocked, id=3124, stack(0x000000002ea60000,0x000000002eb60000)]
  0x000000001f331800 JavaThread "Cache worker for Build Output Cleanup Cache (C:\Users\e30\AndroidStudioProjects\LibrasKids\.gradle\buildOutputCleanup)" [_thread_blocked, id=4052, stack(0x000000002e560000,0x000000002e660000)]
  0x0000000019f73800 JavaThread "Build operations Thread 4" [_thread_blocked, id=13420, stack(0x0000000022880000,0x0000000022980000)]
  0x000000001e09f800 JavaThread "Build operations Thread 3" [_thread_blocked, id=5012, stack(0x0000000022380000,0x0000000022480000)]
  0x000000001e09c000 JavaThread "Build operations Thread 2" [_thread_blocked, id=8828, stack(0x0000000022280000,0x0000000022380000)]
  0x000000001e09a800 JavaThread "Build operations" [_thread_blocked, id=15060, stack(0x0000000022180000,0x0000000022280000)]
  0x000000001e0a1000 JavaThread "Cache worker for cache directory md-rule (C:\Users\e30\.gradle\caches\6.5\md-rule)" [_thread_blocked, id=10808, stack(0x0000000022080000,0x0000000022180000)]
  0x000000001e09e000 JavaThread "Cache worker for cache directory md-supplier (C:\Users\e30\.gradle\caches\6.5\md-supplier)" [_thread_blocked, id=12064, stack(0x0000000021880000,0x0000000021980000)]
  0x000000001e09c800 JavaThread "Cache worker for checksums cache (C:\Users\e30\AndroidStudioProjects\LibrasKids\.gradle\checksums)" [_thread_blocked, id=13404, stack(0x0000000020080000,0x0000000020180000)]
  0x000000001e0a0800 JavaThread "Cache worker for file hash cache (C:\Users\e30\AndroidStudioProjects\LibrasKids\.gradle\6.5\fileHashes)" [_thread_blocked, id=2508, stack(0x000000001fb80000,0x000000001fc80000)]
  0x000000001e093000 JavaThread "Thread-146" [_thread_blocked, id=12492, stack(0x000000001d0e0000,0x000000001d1e0000)]
  0x000000001e097800 JavaThread "Asynchronous log dispatcher for DefaultDaemonConnection: socket connection from /127.0.0.1:52455 to /127.0.0.1:52917" [_thread_blocked, id=10336, stack(0x000000001cee0000,0x000000001cfe0000)]
  0x000000001e096800 JavaThread "Daemon worker Thread 3" [_thread_blocked, id=6708, stack(0x000000001cde0000,0x000000001cee0000)]
  0x000000001e098000 JavaThread "Cancel handler" [_thread_blocked, id=6540, stack(0x000000001cae0000,0x000000001cbe0000)]
  0x000000001e095000 JavaThread "Handler for socket connection from /127.0.0.1:52455 to /127.0.0.1:52917" [_thread_in_native, id=14632, stack(0x000000001c480000,0x000000001c580000)]
  0x000000001e099800 JavaThread "Daemon Thread 3" [_thread_blocked, id=13756, stack(0x000000001c380000,0x000000001c480000)]
  0x000000001e092000 JavaThread "Cache worker for Java compile cache (C:\Users\e30\.gradle\caches\6.5\javaCompile)" [_thread_blocked, id=9616, stack(0x0000000000cd0000,0x0000000000dd0000)]
  0x0000000019f75800 JavaThread "Memory manager" [_thread_blocked, id=8052, stack(0x0000000028a80000,0x0000000028b80000)]
  0x000000001af21000 JavaThread "Cache worker for file content cache (C:\Users\e30\.gradle\caches\6.5\fileContent)" [_thread_blocked, id=8004, stack(0x0000000021980000,0x0000000021a80000)]
  0x000000001af21800 JavaThread "Cache worker for execution history cache (C:\Users\e30\.gradle\caches\6.5\executionHistory)" [_thread_blocked, id=14560, stack(0x0000000020180000,0x0000000020280000)]
  0x000000001af24000 JavaThread "Cache worker for file hash cache (C:\Users\e30\.gradle\caches\6.5\fileHashes)" [_thread_blocked, id=8688, stack(0x000000001d6e0000,0x000000001d7e0000)]
  0x000000001af25800 JavaThread "File lock request listener" [_thread_in_native, id=15144, stack(0x000000001d5e0000,0x000000001d6e0000)]
  0x000000001af22800 JavaThread "Cache worker for journal cache (C:\Users\e30\.gradle\caches\journal-1)" [_thread_blocked, id=12444, stack(0x000000001d3e0000,0x000000001d4e0000)]
  0x000000001af52000 JavaThread "Daemon periodic checks" [_thread_blocked, id=14712, stack(0x000000001c7e0000,0x000000001c8e0000)]
  0x000000001af50800 JavaThread "Incoming local TCP Connector on port 52455" [_thread_in_native, id=9408, stack(0x000000001c580000,0x000000001c680000)]
  0x000000001ae66000 JavaThread "Daemon health stats" [_thread_blocked, id=11012, stack(0x000000001bf40000,0x000000001c040000)]
  0x0000000018fd5000 JavaThread "Service Thread" daemon [_thread_blocked, id=15284, stack(0x00000000193a0000,0x00000000194a0000)]
  0x0000000017643000 JavaThread "C1 CompilerThread2" daemon [_thread_in_native, id=15212, stack(0x0000000018ea0000,0x0000000018fa0000)]
=>0x000000001763b800 JavaThread "C2 CompilerThread1" daemon [_thread_in_native, id=14240, stack(0x0000000018da0000,0x0000000018ea0000)]
  0x0000000017637800 JavaThread "C2 CompilerThread0" daemon [_thread_in_vm, id=14208, stack(0x0000000018ca0000,0x0000000018da0000)]
  0x0000000017636000 JavaThread "Attach Listener" daemon [_thread_blocked, id=10168, stack(0x0000000018ba0000,0x0000000018ca0000)]
  0x0000000017633000 JavaThread "Signal Dispatcher" daemon [_thread_blocked, id=11328, stack(0x0000000018aa0000,0x0000000018ba0000)]
  0x000000000290b000 JavaThread "Finalizer" daemon [_thread_blocked, id=9396, stack(0x0000000018890000,0x0000000018990000)]
  0x0000000017619000 JavaThread "Reference Handler" daemon [_thread_blocked, id=5024, stack(0x0000000018790000,0x0000000018890000)]
  0x0000000002a0e800 JavaThread "main" [_thread_blocked, id=14212, stack(0x0000000002630000,0x0000000002730000)]

Other Threads:
  0x00000000175f6800 VMThread [stack: 0x0000000018690000,0x0000000018790000] [id=13232]
  0x000000001768e800 WatcherThread [stack: 0x00000000194a0000,0x00000000195a0000] [id=15048]

VM state:not at safepoint (normal execution)

VM Mutex/Monitor currently owned by a thread: None

heap address: 0x0000000080000000, size: 2048 MB, Compressed Oops mode: 32-bit
Narrow klass base: 0x0000000000000000, Narrow klass shift: 3
Compressed class space size: 1073741824 Address: 0x0000000100000000

Heap:
 PSYoungGen      total 530944K, used 417933K [0x00000000d5580000, 0x00000000fec00000, 0x0000000100000000)
  eden space 447488K, 88% used [0x00000000d5580000,0x00000000eda2cd98,0x00000000f0a80000)
  from space 83456K, 23% used [0x00000000f0a80000,0x00000000f1df6710,0x00000000f5c00000)
  to   space 79360K, 0% used [0x00000000f9e80000,0x00000000f9e80000,0x00000000fec00000)
 ParOldGen       total 198656K, used 88955K [0x0000000080000000, 0x000000008c200000, 0x00000000d5580000)
  object space 198656K, 44% used [0x0000000080000000,0x00000000856def48,0x000000008c200000)
 Metaspace       used 118008K, capacity 124016K, committed 124120K, reserved 1157120K
  class space    used 15919K, capacity 17088K, committed 17152K, reserved 1048576K

Card table byte_map: [0x0000000011dd0000,0x00000000121e0000] byte_map_base: 0x00000000119d0000

Marking Bits: (ParMarkBitMap*) 0x00000000665af030
 Begin Bits: [0x0000000012890000, 0x0000000014890000)
 End Bits:   [0x0000000014890000, 0x0000000016890000)

Polling page: 0x0000000000e20000

CodeCache: size=245760Kb used=51609Kb max_used=52014Kb free=194150Kb
 bounds [0x0000000002a10000, 0x0000000005d20000, 0x0000000011a10000]
 total_blobs=16274 nmethods=15402 adapters=783
 compilation: enabled

Compilation events (10 events):
Event: 3467.979 Thread 0x0000000017643000 nmethod 19132 0x0000000002de5450 code [0x0000000002de5620, 0x0000000002de5cc8]
Event: 3467.979 Thread 0x0000000017643000 19134       3       com.android.tools.r8.graph.C::y (34 bytes)
Event: 3467.979 Thread 0x0000000017643000 nmethod 19134 0x00000000042fd510 code [0x00000000042fd680, 0x00000000042fd828]
Event: 3467.979 Thread 0x0000000017643000 19151       3       com.android.tools.r8.ir.optimize.l::b (455 bytes)
Event: 3467.986 Thread 0x0000000017643000 nmethod 19151 0x00000000058cac50 code [0x00000000058cb300, 0x00000000058cfb68]
Event: 3467.986 Thread 0x0000000017643000 19155       3       com.android.tools.r8.z.a.a.f::a (6058 bytes)
Event: 3467.990 Thread 0x0000000017637800 nmethod 19147 0x00000000058c5f50 code [0x00000000058c6100, 0x00000000058c67c8]
Event: 3467.990 Thread 0x0000000017637800 19099       4       com.android.tools.r8.ir.conversion.N::a (303 bytes)
Event: 3468.016 Thread 0x0000000017637800 nmethod 19099 0x000000000590a690 code [0x000000000590a860, 0x000000000590b0e8]
Event: 3468.016 Thread 0x0000000017637800 19164       4       com.android.tools.r8.ir.conversion.N::a (866 bytes)

GC Heap History (10 events):
Event: 115.485 GC heap before
{Heap before GC invocations=20 (full 4):
 PSYoungGen      total 420864K, used 37863K [0x00000000d5580000, 0x00000000f4e80000, 0x0000000100000000)
  eden space 382976K, 0% used [0x00000000d5580000,0x00000000d5580000,0x00000000ecb80000)
  from space 37888K, 99% used [0x00000000f0500000,0x00000000f29f9db0,0x00000000f2a00000)
  to   space 58880K, 0% used [0x00000000ecb80000,0x00000000ecb80000,0x00000000f0500000)
 ParOldGen       total 94720K, used 94292K [0x0000000080000000, 0x0000000085c80000, 0x00000000d5580000)
  object space 94720K, 99% used [0x0000000080000000,0x0000000085c15018,0x0000000085c80000)
 Metaspace       used 80297K, capacity 84688K, committed 84952K, reserved 1122304K
  class space    used 11130K, capacity 11942K, committed 12032K, reserved 1048576K
Event: 116.625 GC heap after
Heap after GC invocations=20 (full 4):
 PSYoungGen      total 420864K, used 34084K [0x00000000d5580000, 0x00000000f4e80000, 0x0000000100000000)
  eden space 382976K, 0% used [0x00000000d5580000,0x00000000d5580000,0x00000000ecb80000)
  from space 37888K, 89% used [0x00000000f0500000,0x00000000f2649068,0x00000000f2a00000)
  to   space 58880K, 0% used [0x00000000ecb80000,0x00000000ecb80000,0x00000000f0500000)
 ParOldGen       total 165376K, used 88110K [0x0000000080000000, 0x000000008a180000, 0x00000000d5580000)
  object space 165376K, 53% used [0x0000000080000000,0x000000008560b800,0x000000008a180000)
 Metaspace       used 80187K, capacity 84376K, committed 84952K, reserved 1122304K
  class space    used 11095K, capacity 11880K, committed 12032K, reserved 1048576K
}
Event: 121.449 GC heap before
{Heap before GC invocations=21 (full 4):
 PSYoungGen      total 420864K, used 417060K [0x00000000d5580000, 0x00000000f4e80000, 0x0000000100000000)
  eden space 382976K, 100% used [0x00000000d5580000,0x00000000ecb80000,0x00000000ecb80000)
  from space 37888K, 89% used [0x00000000f0500000,0x00000000f2649068,0x00000000f2a00000)
  to   space 58880K, 0% used [0x00000000ecb80000,0x00000000ecb80000,0x00000000f0500000)
 ParOldGen       total 165376K, used 88110K [0x0000000080000000, 0x000000008a180000, 0x00000000d5580000)
  object space 165376K, 53% used [0x0000000080000000,0x000000008560b800,0x000000008a180000)
 Metaspace       used 84124K, capacity 88416K, committed 88792K, reserved 1126400K
  class space    used 11598K, capacity 12412K, committed 12544K, reserved 1048576K
Event: 121.595 GC heap after
Heap after GC invocations=21 (full 4):
 PSYoungGen      total 441856K, used 58873K [0x00000000d5580000, 0x00000000fb500000, 0x0000000100000000)
  eden space 382976K, 0% used [0x00000000d5580000,0x00000000d5580000,0x00000000ecb80000)
  from space 58880K, 99% used [0x00000000ecb80000,0x00000000f04fe588,0x00000000f0500000)
  to   space 82432K, 0% used [0x00000000f6480000,0x00000000f6480000,0x00000000fb500000)
 ParOldGen       total 165376K, used 122486K [0x0000000080000000, 0x000000008a180000, 0x00000000d5580000)
  object space 165376K, 74% used [0x0000000080000000,0x000000008779dad0,0x000000008a180000)
 Metaspace       used 84124K, capacity 88416K, committed 88792K, reserved 1126400K
  class space    used 11598K, capacity 12412K, committed 12544K, reserved 1048576K
}
Event: 3364.904 GC heap before
{Heap before GC invocations=22 (full 4):
 PSYoungGen      total 441856K, used 441849K [0x00000000d5580000, 0x00000000fb500000, 0x0000000100000000)
  eden space 382976K, 100% used [0x00000000d5580000,0x00000000ecb80000,0x00000000ecb80000)
  from space 58880K, 99% used [0x00000000ecb80000,0x00000000f04fe588,0x00000000f0500000)
  to   space 82432K, 0% used [0x00000000f6480000,0x00000000f6480000,0x00000000fb500000)
 ParOldGen       total 165376K, used 122486K [0x0000000080000000, 0x000000008a180000, 0x00000000d5580000)
  object space 165376K, 74% used [0x0000000080000000,0x000000008779dad0,0x000000008a180000)
 Metaspace       used 104971K, capacity 110026K, committed 110168K, reserved 1144832K
  class space    used 14252K, capacity 15227K, committed 15232K, reserved 1048576K
Event: 3368.754 GC heap after
Heap after GC invocations=22 (full 4):
 PSYoungGen      total 522240K, used 43860K [0x00000000d5580000, 0x00000000fad80000, 0x0000000100000000)
  eden space 447488K, 0% used [0x00000000d5580000,0x00000000d5580000,0x00000000f0a80000)
  from space 74752K, 58% used [0x00000000f6480000,0x00000000f8f550f8,0x00000000fad80000)
  to   space 83456K, 0% used [0x00000000f0a80000,0x00000000f0a80000,0x00000000f5c00000)
 ParOldGen       total 178688K, used 178536K [0x0000000080000000, 0x000000008ae80000, 0x00000000d5580000)
  object space 178688K, 99% used [0x0000000080000000,0x000000008ae5a218,0x000000008ae80000)
 Metaspace       used 104971K, capacity 110026K, committed 110168K, reserved 1144832K
  class space    used 14252K, capacity 15227K, committed 15232K, reserved 1048576K
}
Event: 3368.937 GC heap before
{Heap before GC invocations=23 (full 5):
 PSYoungGen      total 522240K, used 43860K [0x00000000d5580000, 0x00000000fad80000, 0x0000000100000000)
  eden space 447488K, 0% used [0x00000000d5580000,0x00000000d5580000,0x00000000f0a80000)
  from space 74752K, 58% used [0x00000000f6480000,0x00000000f8f550f8,0x00000000fad80000)
  to   space 83456K, 0% used [0x00000000f0a80000,0x00000000f0a80000,0x00000000f5c00000)
 ParOldGen       total 178688K, used 178536K [0x0000000080000000, 0x000000008ae80000, 0x00000000d5580000)
  object space 178688K, 99% used [0x0000000080000000,0x000000008ae5a218,0x000000008ae80000)
 Metaspace       used 104971K, capacity 110026K, committed 110168K, reserved 1144832K
  class space    used 14252K, capacity 15227K, committed 15232K, reserved 1048576K
Event: 3386.343 GC heap after
Heap after GC invocations=23 (full 5):
 PSYoungGen      total 522240K, used 0K [0x00000000d5580000, 0x00000000fad80000, 0x0000000100000000)
  eden space 447488K, 0% used [0x00000000d5580000,0x00000000d5580000,0x00000000f0a80000)
  from space 74752K, 0% used [0x00000000f6480000,0x00000000f6480000,0x00000000fad80000)
  to   space 83456K, 0% used [0x00000000f0a80000,0x00000000f0a80000,0x00000000f5c00000)
 ParOldGen       total 198656K, used 88947K [0x0000000080000000, 0x000000008c200000, 0x00000000d5580000)
  object space 198656K, 44% used [0x0000000080000000,0x00000000856dcf48,0x000000008c200000)
 Metaspace       used 104126K, capacity 108488K, committed 110168K, reserved 1144832K
  class space    used 14076K, capacity 14902K, committed 15232K, reserved 1048576K
}
Event: 3461.766 GC heap before
{Heap before GC invocations=24 (full 5):
 PSYoungGen      total 522240K, used 447488K [0x00000000d5580000, 0x00000000fad80000, 0x0000000100000000)
  eden space 447488K, 100% used [0x00000000d5580000,0x00000000f0a80000,0x00000000f0a80000)
  from space 74752K, 0% used [0x00000000f6480000,0x00000000f6480000,0x00000000fad80000)
  to   space 83456K, 0% used [0x00000000f0a80000,0x00000000f0a80000,0x00000000f5c00000)
 ParOldGen       total 198656K, used 88947K [0x0000000080000000, 0x000000008c200000, 0x00000000d5580000)
  object space 198656K, 44% used [0x0000000080000000,0x00000000856dcf48,0x000000008c200000)
 Metaspace       used 108580K, capacity 113148K, committed 114136K, reserved 1148928K
  class space    used 14496K, capacity 15384K, committed 15616K, reserved 1048576K
Event: 3461.871 GC heap after
Heap after GC invocations=24 (full 5):
 PSYoungGen      total 530944K, used 19929K [0x00000000d5580000, 0x00000000fec00000, 0x0000000100000000)
  eden space 447488K, 0% used [0x00000000d5580000,0x00000000d5580000,0x00000000f0a80000)
  from space 83456K, 23% used [0x00000000f0a80000,0x00000000f1df6710,0x00000000f5c00000)
  to   space 79360K, 0% used [0x00000000f9e80000,0x00000000f9e80000,0x00000000fec00000)
 ParOldGen       total 198656K, used 88955K [0x0000000080000000, 0x000000008c200000, 0x00000000d5580000)
  object space 198656K, 44% used [0x0000000080000000,0x00000000856def48,0x000000008c200000)
 Metaspace       used 108580K, capacity 113148K, committed 114136K, reserved 1148928K
  class space    used 14496K, capacity 15384K, committed 15616K, reserved 1048576K
}

Deoptimization events (10 events):
Event: 3467.574 Thread 0x0000000019f70800 Uncommon trap: reason=bimorphic action=maybe_recompile pc=0x0000000005c57868 method=com.android.tools.r8.ir.conversion.q.<init>(Lcom/android/tools/r8/ir/conversion/x;)V @ 5
Event: 3467.588 Thread 0x0000000019f70800 Uncommon trap: reason=bimorphic action=maybe_recompile pc=0x0000000005c57868 method=com.android.tools.r8.ir.conversion.q.<init>(Lcom/android/tools/r8/ir/conversion/x;)V @ 5
Event: 3467.588 Thread 0x0000000019f70800 Uncommon trap: reason=bimorphic action=maybe_recompile pc=0x0000000005c57868 method=com.android.tools.r8.ir.conversion.q.<init>(Lcom/android/tools/r8/ir/conversion/x;)V @ 5
Event: 3467.687 Thread 0x0000000019f70800 Uncommon trap: reason=bimorphic action=maybe_recompile pc=0x0000000005c57868 method=com.android.tools.r8.ir.conversion.q.<init>(Lcom/android/tools/r8/ir/conversion/x;)V @ 5
Event: 3467.715 Thread 0x0000000019f70800 Uncommon trap: reason=unstable_if action=reinterpret pc=0x0000000005cf6a48 method=com.android.tools.r8.q.a.a.b.u0.b(I[Ljava/lang/Object;)Lcom/android/tools/r8/q/a/a/b/u0; @ 193
Event: 3467.827 Thread 0x0000000019f70800 Uncommon trap: reason=class_check action=maybe_recompile pc=0x0000000005c570fc method=com.android.tools.r8.ir.conversion.N.g(I)V @ 9
Event: 3467.827 Thread 0x0000000019f70800 Uncommon trap: reason=class_check action=maybe_recompile pc=0x0000000005c570fc method=com.android.tools.r8.ir.conversion.N.g(I)V @ 9
Event: 3467.828 Thread 0x0000000019f70800 Uncommon trap: reason=class_check action=maybe_recompile pc=0x0000000005c570fc method=com.android.tools.r8.ir.conversion.N.g(I)V @ 9
Event: 3467.977 Thread 0x0000000019f70800 Uncommon trap: reason=class_check action=maybe_recompile pc=0x0000000005c570fc method=com.android.tools.r8.ir.conversion.N.g(I)V @ 9
Event: 3468.020 Thread 0x0000000019f70800 Uncommon trap: reason=unstable_if action=reinterpret pc=0x0000000004186000 method=com.android.tools.r8.q.a.a.b.J0.k()Ljava/lang/Object; @ 32

Classes redefined (0 events):
No events

Internal exceptions (10 events):
Event: 3453.595 Thread 0x000000001f33a000 Exception <a 'sun/nio/fs/WindowsException'> (0x00000000eb6c4bb8) thrown at [C:\src\AOSP-openjdk-git\hotspot\src\share\vm\prims\jni.cpp, line 710]
Event: 3461.050 Thread 0x000000001e093000 Exception <a 'java/lang/NoSuchMethodError': <clinit>> (0x00000000e3803030) thrown at [C:\src\AOSP-openjdk-git\hotspot\src\share\vm\prims\jni.cpp, line 1615]
Event: 3462.148 Thread 0x0000000019f79800 Exception <a 'sun/nio/fs/WindowsException'> (0x00000000d5b6bba0) thrown at [C:\src\AOSP-openjdk-git\hotspot\src\share\vm\prims\jni.cpp, line 710]
Event: 3462.157 Thread 0x0000000019f72000 Exception <a 'java/lang/NoSuchMethodError': java.lang.Object.lambda$static$0(Ljava/lang/String;)Z> (0x00000000d5b45e98) thrown at [C:\src\AOSP-openjdk-git\hotspot\src\share\vm\interpreter\linkResolver.cpp, line 620]
Event: 3463.047 Thread 0x0000000019f79800 Implicit null exception at 0x0000000005988c24 to 0x000000000598da15
Event: 3465.442 Thread 0x000000001f33a000 Exception <a 'sun/nio/fs/WindowsException'> (0x00000000e66c2020) thrown at [C:\src\AOSP-openjdk-git\hotspot\src\share\vm\prims\jni.cpp, line 710]
Event: 3465.597 Thread 0x000000001f33a000 Exception <a 'java/lang/NoSuchMethodError': <clinit>> (0x00000000e6743fe0) thrown at [C:\src\AOSP-openjdk-git\hotspot\src\share\vm\prims\jni.cpp, line 1615]
Event: 3465.764 Thread 0x0000000019f71000 Exception <a 'sun/nio/fs/WindowsException'> (0x00000000e70f2958) thrown at [C:\src\AOSP-openjdk-git\hotspot\src\share\vm\prims\jni.cpp, line 710]
Event: 3465.764 Thread 0x0000000019f70800 Exception <a 'sun/nio/fs/WindowsException'> (0x00000000e68fee38) thrown at [C:\src\AOSP-openjdk-git\hotspot\src\share\vm\prims\jni.cpp, line 710]
Event: 3466.987 Thread 0x0000000019f71000 Exception <a 'java/lang/NoSuchMethodError': java.lang.Object.b(Lcom/android/tools/r8/graph/p1$b;)Lcom/android/tools/r8/graph/p1$b;> (0x00000000eae6ffc8) thrown at [C:\src\AOSP-openjdk-git\hotspot\src\share\vm\interpreter\linkResolver.cpp, line 620]

Events (10 events):
Event: 3468.030 loading class com/android/tools/r8/t/a/a/a/h/Y$f
Event: 3468.030 loading class com/android/tools/r8/t/a/a/a/h/Y$f done
Event: 3468.031 loading class com/android/tools/r8/t/a/a/a/h/Y$d
Event: 3468.031 loading class com/android/tools/r8/t/a/a/a/h/Y$d done
Event: 3468.032 loading class com/android/tools/r8/dex/b$b
Event: 3468.032 loading class com/android/tools/r8/dex/b$b done
Event: 3468.032 loading class com/android/tools/r8/graph/f0
Event: 3468.032 loading class com/android/tools/r8/graph/f0 done
Event: 3468.032 loading class com/android/tools/r8/dex/b$b
Event: 3468.032 loading class com/android/tools/r8/dex/b$b done


Dynamic libraries:
0x00007ff70fe00000 - 0x00007ff70fe31000 	C:\Program Files\Android\Android Studio\jre\bin\java.exe
0x00007ffa97dd0000 - 0x00007ffa97fc5000 	C:\WINDOWS\SYSTEM32\ntdll.dll
0x00007ffa976e0000 - 0x00007ffa9779e000 	C:\WINDOWS\System32\KERNEL32.DLL
0x00007ffa95550000 - 0x00007ffa95818000 	C:\WINDOWS\System32\KERNELBASE.dll
0x00007ffa965b0000 - 0x00007ffa9665c000 	C:\WINDOWS\System32\ADVAPI32.dll
0x00007ffa967d0000 - 0x00007ffa9686e000 	C:\WINDOWS\System32\msvcrt.dll
0x00007ffa95e20000 - 0x00007ffa95ebb000 	C:\WINDOWS\System32\sechost.dll
0x00007ffa96470000 - 0x00007ffa9659a000 	C:\WINDOWS\System32\RPCRT4.dll
0x00007ffa96070000 - 0x00007ffa96211000 	C:\WINDOWS\System32\USER32.dll
0x00007ffa95df0000 - 0x00007ffa95e12000 	C:\WINDOWS\System32\win32u.dll
0x00007ffa96670000 - 0x00007ffa9669b000 	C:\WINDOWS\System32\GDI32.dll
0x00007ffa95950000 - 0x00007ffa95a5b000 	C:\WINDOWS\System32\gdi32full.dll
0x00007ffa95c10000 - 0x00007ffa95cad000 	C:\WINDOWS\System32\msvcp_win.dll
0x00007ffa95850000 - 0x00007ffa95950000 	C:\WINDOWS\System32\ucrtbase.dll
0x00007ffa846c0000 - 0x00007ffa8495a000 	C:\WINDOWS\WinSxS\amd64_microsoft.windows.common-controls_6595b64144ccf1df_6.0.19041.1110_none_60b5254171f9507e\COMCTL32.dll
0x00007ffa97140000 - 0x00007ffa97170000 	C:\WINDOWS\System32\IMM32.DLL
0x0000000065c20000 - 0x0000000065cf2000 	C:\Program Files\Android\Android Studio\jre\jre\bin\msvcr100.dll
0x0000000065de0000 - 0x000000006662b000 	C:\Program Files\Android\Android Studio\jre\jre\bin\server\jvm.dll
0x00007ffa96350000 - 0x00007ffa96358000 	C:\WINDOWS\System32\PSAPI.DLL
0x00007ffa851b0000 - 0x00007ffa851b9000 	C:\WINDOWS\SYSTEM32\WSOCK32.dll
0x00007ffa7a7b0000 - 0x00007ffa7a7d7000 	C:\WINDOWS\SYSTEM32\WINMM.dll
0x00007ffa8a700000 - 0x00007ffa8a70a000 	C:\WINDOWS\SYSTEM32\VERSION.dll
0x00007ffa96870000 - 0x00007ffa968db000 	C:\WINDOWS\System32\WS2_32.dll
0x00007ffa89fc0000 - 0x00007ffa89fcf000 	C:\Program Files\Android\Android Studio\jre\jre\bin\verify.dll
0x00007ffa89f90000 - 0x00007ffa89fb9000 	C:\Program Files\Android\Android Studio\jre\jre\bin\java.dll
0x00007ffa89f70000 - 0x00007ffa89f86000 	C:\Program Files\Android\Android Studio\jre\jre\bin\zip.dll
0x00007ffa968e0000 - 0x00007ffa9701f000 	C:\WINDOWS\System32\SHELL32.dll
0x00007ffa931f0000 - 0x00007ffa93980000 	C:\WINDOWS\SYSTEM32\windows.storage.dll
0x00007ffa97170000 - 0x00007ffa974c5000 	C:\WINDOWS\System32\combase.dll
0x00007ffa94f40000 - 0x00007ffa94f6e000 	C:\WINDOWS\SYSTEM32\Wldp.dll
0x00007ffa963c0000 - 0x00007ffa9646d000 	C:\WINDOWS\System32\SHCORE.dll
0x00007ffa977a0000 - 0x00007ffa977f5000 	C:\WINDOWS\System32\shlwapi.dll
0x00007ffa95430000 - 0x00007ffa9544f000 	C:\WINDOWS\SYSTEM32\profapi.dll
0x00007ffa88d70000 - 0x00007ffa88d8a000 	C:\Program Files\Android\Android Studio\jre\jre\bin\net.dll
0x00007ffa94ca0000 - 0x00007ffa94d0a000 	C:\WINDOWS\system32\mswsock.dll
0x00007ffa88b40000 - 0x00007ffa88b53000 	C:\Program Files\Android\Android Studio\jre\jre\bin\nio.dll
0x00007ffa88fb0000 - 0x00007ffa88fd7000 	C:\Users\e30\.gradle\native\f6784746aeab05261644944871eae4fe03e0ef1612fff0a4a95f87b438bc6780\windows-amd64\native-platform.dll
0x00007ffa88fa0000 - 0x00007ffa88fad000 	C:\Program Files\Android\Android Studio\jre\jre\bin\management.dll
0x00007ffa94e90000 - 0x00007ffa94ea8000 	C:\WINDOWS\SYSTEM32\CRYPTSP.dll
0x00007ffa945b0000 - 0x00007ffa945e4000 	C:\WINDOWS\system32\rsaenh.dll
0x00007ffa95820000 - 0x00007ffa95847000 	C:\WINDOWS\System32\bcrypt.dll
0x00007ffa953b0000 - 0x00007ffa953de000 	C:\WINDOWS\SYSTEM32\USERENV.dll
0x00007ffa95cb0000 - 0x00007ffa95d33000 	C:\WINDOWS\System32\bcryptprimitives.dll
0x00007ffa94eb0000 - 0x00007ffa94ebc000 	C:\WINDOWS\SYSTEM32\CRYPTBASE.dll
0x00007ffa94940000 - 0x00007ffa9497b000 	C:\WINDOWS\SYSTEM32\IPHLPAPI.DLL
0x00007ffa965a0000 - 0x00007ffa965a8000 	C:\WINDOWS\System32\NSI.dll
0x00007ffa89920000 - 0x00007ffa89937000 	C:\WINDOWS\SYSTEM32\dhcpcsvc6.DLL
0x00007ffa89a80000 - 0x00007ffa89a9d000 	C:\WINDOWS\SYSTEM32\dhcpcsvc.DLL
0x00007ffa94980000 - 0x00007ffa94a4b000 	C:\WINDOWS\SYSTEM32\DNSAPI.dll
0x00007ffa8aa80000 - 0x00007ffa8aa8b000 	C:\WINDOWS\SYSTEM32\WINNSI.DLL

VM Arguments:
jvm_args: -Xmx2048m -Dfile.encoding=UTF-8 -Duser.country=BR -Duser.language=pt -Duser.variant 
java_command: org.gradle.launcher.daemon.bootstrap.GradleDaemon 6.5
java_class_path (initial): C:\Users\e30\.gradle\wrapper\dists\gradle-6.5-all\2oz4ud9k3tuxjg84bbf55q0tn\gradle-6.5\lib\gradle-launcher-6.5.jar
Launcher Type: SUN_STANDARD

Environment Variables:
JAVA_HOME=C:\Program Files\Java\jdk1.8.0_281
PATH=C:\Program Files (x86)\Common Files\Oracle\Java\javapath;"C:\Program Files (x86)\Common Files\Oracle\Java\javapath;C:\Program Files\Java\jdk1.8.0_281\bin";C:\Program Files (x86)\Intel\Intel(R) Management Engine Components\iCLS\;C:\Program Files\Intel\Intel(R) Management Engine Components\iCLS\;C:\WINDOWS\system32;C:\WINDOWS;C:\WINDOWS\System32\Wbem;C:\WINDOWS\System32\WindowsPowerShell\v1.0\;C:\WINDOWS\System32\OpenSSH\;C:\Program Files (x86)\Intel\Intel(R) Management Engine Components\DAL;C:\Program Files\Intel\Intel(R) Management Engine Components\DAL;C:\Users\e30\AppData\Local\Programs\Python\Python38-32\Scripts;C:\Program Files\Git\cmd;C:\Users\e30\AppData\Local\Programs\Python\Python38-32\Scripts\;C:\Users\e30\AppData\Local\Programs\Python\Python38-32\;C:\Users\e30\AppData\Local\Microsoft\WindowsApps;C:\Users\e30\AppData\Local\Programs\Microsoft VS Code\bin;"C:\Users\e30\AppData\Local\Programs\;C:\Program Files\Java\jdk1.8.0_281\bin";
USERNAME=e30
OS=Windows_NT
PROCESSOR_IDENTIFIER=Intel64 Family 6 Model 142 Stepping 9, GenuineIntel



---------------  S Y S T E M  ---------------

OS: Windows 10.0 , 64 bit Build 19041 (10.0.19041.1348)

CPU:total 4 (initial active 4) (2 cores per cpu, 2 threads per core) family 6 model 142 stepping 9, cmov, cx8, fxsr, mmx, sse, sse2, sse3, ssse3, sse4.1, sse4.2, popcnt, avx, avx2, aes, clmul, erms, 3dnowpref, lzcnt, ht, tsc, tscinvbit, bmi1, bmi2, adx

Memory: 4k page, physical 4107072k(222104k free), swap 8203072k(548k free)

vm_info: OpenJDK 64-Bit Server VM (25.242-b01) for windows-amd64 JRE (1.8.0_242-release-1644-b01), built by "builder" with MS VC++ 10.0 (VS2010)

time: Thu Dec 09 21:17:18 2021
timezone: Hora oficial do Brasil
elapsed time: 3468 seconds (0d 0h 57m 48s)

