#
# There is insufficient memory for the Java Runtime Environment to continue.
# Native memory allocation (malloc) failed to allocate 1567376 bytes for Chunk::new
# Possible reasons:
#   The system is out of physical RAM or swap space
#   The process is running with CompressedOops enabled, and the Java Heap may be blocking the growth of the native heap
# Possible solutions:
#   Reduce memory load on the system
#   Increase physical memory or swap space
#   Check if swap backing store is full
#   Decrease Java heap size (-Xmx/-Xms)
#   Decrease number of Java threads
#   Decrease Java thread stack sizes (-Xss)
#   Set larger code cache with -XX:ReservedCodeCacheSize=
#   JVM is running with Unscaled Compressed Oops mode in which the Java heap is
#     placed in the first 4GB address space. The Java Heap base address is the
#     maximum limit for the native heap growth. Please use -XX:HeapBaseMinAddress
#     to set the Java Heap base and to place the Java Heap above 4GB virtual address.
# This output file may be truncated or incomplete.
#
#  Out of Memory Error (allocation.cpp:389), pid=12760, tid=0x0000000000000cf0
#
# JRE version: OpenJDK Runtime Environment (8.0_242-b01) (build 1.8.0_242-release-1644-b01)
# Java VM: OpenJDK 64-Bit Server VM (25.242-b01 mixed mode windows-amd64 compressed oops)
# Failed to write core dump. Minidumps are not enabled by default on client versions of Windows
#

---------------  T H R E A D  ---------------

Current thread (0x0000000017629800):  JavaThread "C2 CompilerThread0" daemon [_thread_in_native, id=3312, stack(0x0000000018c90000,0x0000000018d90000)]

Stack: [0x0000000018c90000,0x0000000018d90000]
[error occurred during error reporting (printing stack bounds), id 0xc0000005]

Native frames: (J=compiled Java code, j=interpreted, Vv=VM code, C=native code)


Current CompileTask:
C2:  20834 2644       4       groovy.lang.MetaClassImpl$1MOPIter::methodNameAction (325 bytes)


---------------  P R O C E S S  ---------------

Java Threads: ( => current thread )
  0x000000001aed6000 JavaThread "Cache worker for file content cache (C:\Users\e30\.gradle\caches\6.5\fileContent)" [_thread_blocked, id=3656, stack(0x00000000209f0000,0x0000000020af0000)]
  0x000000001aed4800 JavaThread "jar transforms" [_thread_blocked, id=10728, stack(0x00000000208f0000,0x00000000209f0000)]
  0x000000001aed4000 JavaThread "Cache worker for execution history cache (C:\Users\e30\.gradle\caches\6.5\executionHistory)" [_thread_blocked, id=11732, stack(0x00000000201f0000,0x00000000202f0000)]
  0x000000001aed3000 JavaThread "Cache worker for cache directory md-rule (C:\Users\e30\.gradle\caches\6.5\md-rule)" [_thread_blocked, id=3928, stack(0x00000000200f0000,0x00000000201f0000)]
  0x000000001aed1000 JavaThread "Cache worker for cache directory md-supplier (C:\Users\e30\.gradle\caches\6.5\md-supplier)" [_thread_blocked, id=7704, stack(0x000000001fff0000,0x00000000200f0000)]
  0x000000001aed0000 JavaThread "Cache worker for checksums cache (C:\Users\e30\AndroidStudioProjects\LibrasKids\.gradle\checksums)" [_thread_blocked, id=11740, stack(0x000000001eca0000,0x000000001eda0000)]
  0x000000001aecf800 JavaThread "Cache worker for file hash cache (C:\Users\e30\AndroidStudioProjects\LibrasKids\.gradle\6.5\fileHashes)" [_thread_blocked, id=1524, stack(0x000000001e9a0000,0x000000001eaa0000)]
  0x000000001aed1800 JavaThread "Cache worker for file hash cache (C:\Users\e30\.gradle\caches\6.5\fileHashes)" [_thread_blocked, id=8380, stack(0x000000001d6d0000,0x000000001d7d0000)]
  0x000000001aed2800 JavaThread "File lock request listener" [_thread_in_native, id=7948, stack(0x000000001d5d0000,0x000000001d6d0000)]
  0x000000001aed5800 JavaThread "Cache worker for journal cache (C:\Users\e30\.gradle\caches\journal-1)" [_thread_blocked, id=9336, stack(0x000000001d3d0000,0x000000001d4d0000)]
  0x000000001a128800 JavaThread "Thread-9" [_thread_blocked, id=8724, stack(0x000000001d0d0000,0x000000001d1d0000)]
  0x000000001a123800 JavaThread "Stdin handler" [_thread_blocked, id=11752, stack(0x000000001cfd0000,0x000000001d0d0000)]
  0x0000000019bce000 JavaThread "Asynchronous log dispatcher for DefaultDaemonConnection: socket connection from /127.0.0.1:55832 to /127.0.0.1:55833" [_thread_blocked, id=7584, stack(0x000000001ced0000,0x000000001cfd0000)]
  0x0000000019bcb800 JavaThread "Daemon worker" [_thread_in_native, id=13576, stack(0x000000001cdd0000,0x000000001ced0000)]
  0x000000001a12e800 JavaThread "Cancel handler" [_thread_blocked, id=14036, stack(0x000000001ccd0000,0x000000001cdd0000)]
  0x0000000019285000 JavaThread "Handler for socket connection from /127.0.0.1:55832 to /127.0.0.1:55833" [_thread_in_native, id=11608, stack(0x000000001cbd0000,0x000000001ccd0000)]
  0x0000000019284800 JavaThread "Daemon" [_thread_blocked, id=7688, stack(0x000000001cad0000,0x000000001cbd0000)]
  0x0000000019cb6000 JavaThread "Daemon periodic checks" [_thread_blocked, id=10064, stack(0x000000001c7d0000,0x000000001c8d0000)]
  0x000000001a132800 JavaThread "Incoming local TCP Connector on port 55832" [_thread_in_native, id=9332, stack(0x000000001c570000,0x000000001c670000)]
  0x000000001aa98800 JavaThread "Daemon health stats" [_thread_blocked, id=3288, stack(0x000000001bf30000,0x000000001c030000)]
  0x000000001767e800 JavaThread "Service Thread" daemon [_thread_blocked, id=2240, stack(0x0000000019390000,0x0000000019490000)]
  0x000000001763b800 JavaThread "C1 CompilerThread2" daemon [_thread_blocked, id=11848, stack(0x0000000018e90000,0x0000000018f90000)]
  0x000000001762d800 JavaThread "C2 CompilerThread1" daemon [_thread_blocked, id=8988, stack(0x0000000018d90000,0x0000000018e90000)]
=>0x0000000017629800 JavaThread "C2 CompilerThread0" daemon [_thread_in_native, id=3312, stack(0x0000000018c90000,0x0000000018d90000)]
  0x0000000017628800 JavaThread "Attach Listener" daemon [_thread_blocked, id=5404, stack(0x0000000018b90000,0x0000000018c90000)]
  0x0000000017627000 JavaThread "Signal Dispatcher" daemon [_thread_blocked, id=5176, stack(0x0000000018a90000,0x0000000018b90000)]
  0x000000000296d800 JavaThread "Finalizer" daemon [_thread_blocked, id=10740, stack(0x0000000018880000,0x0000000018980000)]
  0x0000000017609000 JavaThread "Reference Handler" daemon [_thread_blocked, id=14004, stack(0x0000000018780000,0x0000000018880000)]
  0x00000000029fe800 JavaThread "main" [_thread_blocked, id=10088, stack(0x0000000000fc0000,0x00000000010c0000)]

Other Threads:
  0x00000000175e6800 VMThread [stack: 0x0000000018680000,0x0000000018780000] [id=7488]
  0x0000000018fbd800 WatcherThread [stack: 0x0000000019490000,0x0000000019590000] [id=5672]

VM state:not at safepoint (normal execution)

VM Mutex/Monitor currently owned by a thread: None

heap address: 0x0000000080000000, size: 2048 MB, Compressed Oops mode: 32-bit
Narrow klass base: 0x0000000000000000, Narrow klass shift: 3
Compressed class space size: 1073741824 Address: 0x0000000100000000

Heap:
 PSYoungGen      total 98304K, used 18301K [0x00000000d5580000, 0x00000000dc080000, 0x0000000100000000)
  eden space 87040K, 21% used [0x00000000d5580000,0x00000000d675f680,0x00000000daa80000)
  from space 11264K, 0% used [0x00000000daa80000,0x00000000daa80000,0x00000000db580000)
  to   space 10240K, 0% used [0x00000000db680000,0x00000000db680000,0x00000000dc080000)
 ParOldGen       total 50688K, used 14492K [0x0000000080000000, 0x0000000083180000, 0x00000000d5580000)
  object space 50688K, 28% used [0x0000000080000000,0x0000000080e27048,0x0000000083180000)
 Metaspace       used 35074K, capacity 36290K, committed 36568K, reserved 1081344K
  class space    used 4827K, capacity 5098K, committed 5120K, reserved 1048576K

Card table byte_map: [0x0000000011dc0000,0x00000000121d0000] byte_map_base: 0x00000000119c0000

Marking Bits: (ParMarkBitMap*) 0x00000000669ef030
 Begin Bits: [0x0000000012880000, 0x0000000014880000)
 End Bits:   [0x0000000014880000, 0x0000000016880000)

Polling page: 0x0000000000b90000

CodeCache: size=245760Kb used=10035Kb max_used=10059Kb free=235724Kb
 bounds [0x0000000002a00000, 0x00000000033e0000, 0x0000000011a00000]
 total_blobs=3330 nmethods=2637 adapters=606
 compilation: enabled

Compilation events (10 events):
Event: 20.782 Thread 0x000000001763b800 2805       3       jdk.internal.org.objectweb.asm.FieldWriter::<init> (97 bytes)
Event: 20.782 Thread 0x000000001763b800 nmethod 2805 0x00000000033bfdd0 code [0x00000000033bff80, 0x00000000033c0468]
Event: 20.784 Thread 0x000000001763b800 2809       3       java.lang.Long::valueOf (36 bytes)
Event: 20.784 Thread 0x000000001763b800 nmethod 2809 0x00000000033c06d0 code [0x00000000033c0840, 0x00000000033c0bb0]
Event: 20.789 Thread 0x000000001763b800 2810       1       java.util.regex.Pattern::flags (5 bytes)
Event: 20.789 Thread 0x000000001763b800 nmethod 2810 0x00000000033c0d90 code [0x00000000033c0ee0, 0x00000000033c0ff0]
Event: 20.789 Thread 0x000000001763b800 2811       3       java.util.regex.Pattern::range (279 bytes)
Event: 20.793 Thread 0x000000001763b800 nmethod 2811 0x00000000033c1050 code [0x00000000033c1500, 0x00000000033c3da8]
Event: 20.803 Thread 0x000000001763b800 2812       3       java.lang.invoke.ConstantCallSite::getTarget (20 bytes)
Event: 20.803 Thread 0x000000001763b800 nmethod 2812 0x00000000033c5590 code [0x00000000033c5700, 0x00000000033c5968]

GC Heap History (10 events):
Event: 13.573 GC heap before
{Heap before GC invocations=9 (full 1):
 PSYoungGen      total 70656K, used 3616K [0x00000000d5580000, 0x00000000da380000, 0x0000000100000000)
  eden space 64512K, 0% used [0x00000000d5580000,0x00000000d5580000,0x00000000d9480000)
  from space 6144K, 58% used [0x00000000d9b80000,0x00000000d9f08030,0x00000000da180000)
  to   space 7168K, 0% used [0x00000000d9480000,0x00000000d9480000,0x00000000d9b80000)
 ParOldGen       total 44032K, used 8407K [0x0000000080000000, 0x0000000082b00000, 0x00000000d5580000)
  object space 44032K, 19% used [0x0000000080000000,0x0000000080835f50,0x0000000082b00000)
 Metaspace       used 20491K, capacity 21204K, committed 21248K, reserved 1067008K
  class space    used 2858K, capacity 3048K, committed 3072K, reserved 1048576K
Event: 13.773 GC heap after
Heap after GC invocations=9 (full 1):
 PSYoungGen      total 70656K, used 0K [0x00000000d5580000, 0x00000000da380000, 0x0000000100000000)
  eden space 64512K, 0% used [0x00000000d5580000,0x00000000d5580000,0x00000000d9480000)
  from space 6144K, 0% used [0x00000000d9b80000,0x00000000d9b80000,0x00000000da180000)
  to   space 7168K, 0% used [0x00000000d9480000,0x00000000d9480000,0x00000000d9b80000)
 ParOldGen       total 32256K, used 6711K [0x0000000080000000, 0x0000000081f80000, 0x00000000d5580000)
  object space 32256K, 20% used [0x0000000080000000,0x000000008068dd90,0x0000000081f80000)
 Metaspace       used 20491K, capacity 21204K, committed 21248K, reserved 1067008K
  class space    used 2858K, capacity 3048K, committed 3072K, reserved 1048576K
}
Event: 17.001 GC heap before
{Heap before GC invocations=10 (full 1):
 PSYoungGen      total 70656K, used 64512K [0x00000000d5580000, 0x00000000da380000, 0x0000000100000000)
  eden space 64512K, 100% used [0x00000000d5580000,0x00000000d9480000,0x00000000d9480000)
  from space 6144K, 0% used [0x00000000d9b80000,0x00000000d9b80000,0x00000000da180000)
  to   space 7168K, 0% used [0x00000000d9480000,0x00000000d9480000,0x00000000d9b80000)
 ParOldGen       total 32256K, used 6711K [0x0000000080000000, 0x0000000081f80000, 0x00000000d5580000)
  object space 32256K, 20% used [0x0000000080000000,0x000000008068dd90,0x0000000081f80000)
 Metaspace       used 28360K, capacity 29236K, committed 29568K, reserved 1075200K
  class space    used 3907K, capacity 4142K, committed 4224K, reserved 1048576K
Event: 17.018 GC heap after
Heap after GC invocations=10 (full 1):
 PSYoungGen      total 71680K, used 7166K [0x00000000d5580000, 0x00000000dc080000, 0x0000000100000000)
  eden space 64512K, 0% used [0x00000000d5580000,0x00000000d5580000,0x00000000d9480000)
  from space 7168K, 99% used [0x00000000d9480000,0x00000000d9b7f890,0x00000000d9b80000)
  to   space 10240K, 0% used [0x00000000db680000,0x00000000db680000,0x00000000dc080000)
 ParOldGen       total 32256K, used 7574K [0x0000000080000000, 0x0000000081f80000, 0x00000000d5580000)
  object space 32256K, 23% used [0x0000000080000000,0x0000000080765980,0x0000000081f80000)
 Metaspace       used 28360K, capacity 29236K, committed 29568K, reserved 1075200K
  class space    used 3907K, capacity 4142K, committed 4224K, reserved 1048576K
}
Event: 19.958 GC heap before
{Heap before GC invocations=11 (full 1):
 PSYoungGen      total 71680K, used 71678K [0x00000000d5580000, 0x00000000dc080000, 0x0000000100000000)
  eden space 64512K, 100% used [0x00000000d5580000,0x00000000d9480000,0x00000000d9480000)
  from space 7168K, 99% used [0x00000000d9480000,0x00000000d9b7f890,0x00000000d9b80000)
  to   space 10240K, 0% used [0x00000000db680000,0x00000000db680000,0x00000000dc080000)
 ParOldGen       total 32256K, used 7574K [0x0000000080000000, 0x0000000081f80000, 0x00000000d5580000)
  object space 32256K, 23% used [0x0000000080000000,0x0000000080765980,0x0000000081f80000)
 Metaspace       used 32721K, capacity 33776K, committed 33920K, reserved 1079296K
  class space    used 4459K, capacity 4722K, committed 4736K, reserved 1048576K
Event: 19.975 GC heap after
Heap after GC invocations=11 (full 1):
 PSYoungGen      total 97280K, used 9311K [0x00000000d5580000, 0x00000000dc080000, 0x0000000100000000)
  eden space 87040K, 0% used [0x00000000d5580000,0x00000000d5580000,0x00000000daa80000)
  from space 10240K, 90% used [0x00000000db680000,0x00000000dbf97fd8,0x00000000dc080000)
  to   space 11264K, 0% used [0x00000000daa80000,0x00000000daa80000,0x00000000db580000)
 ParOldGen       total 32256K, used 7582K [0x0000000080000000, 0x0000000081f80000, 0x00000000d5580000)
  object space 32256K, 23% used [0x0000000080000000,0x0000000080767980,0x0000000081f80000)
 Metaspace       used 32721K, capacity 33776K, committed 33920K, reserved 1079296K
  class space    used 4459K, capacity 4722K, committed 4736K, reserved 1048576K
}
Event: 20.489 GC heap before
{Heap before GC invocations=12 (full 1):
 PSYoungGen      total 97280K, used 40055K [0x00000000d5580000, 0x00000000dc080000, 0x0000000100000000)
  eden space 87040K, 35% used [0x00000000d5580000,0x00000000d7385d10,0x00000000daa80000)
  from space 10240K, 90% used [0x00000000db680000,0x00000000dbf97fd8,0x00000000dc080000)
  to   space 11264K, 0% used [0x00000000daa80000,0x00000000daa80000,0x00000000db580000)
 ParOldGen       total 32256K, used 7582K [0x0000000080000000, 0x0000000081f80000, 0x00000000d5580000)
  object space 32256K, 23% used [0x0000000080000000,0x0000000080767980,0x0000000081f80000)
 Metaspace       used 34211K, capacity 35392K, committed 35416K, reserved 1079296K
  class space    used 4707K, capacity 4973K, committed 4992K, reserved 1048576K
Event: 20.504 GC heap after
Heap after GC invocations=12 (full 1):
 PSYoungGen      total 98304K, used 2059K [0x00000000d5580000, 0x00000000dc080000, 0x0000000100000000)
  eden space 87040K, 0% used [0x00000000d5580000,0x00000000d5580000,0x00000000daa80000)
  from space 11264K, 18% used [0x00000000daa80000,0x00000000dac82fe8,0x00000000db580000)
  to   space 10240K, 0% used [0x00000000db680000,0x00000000db680000,0x00000000dc080000)
 ParOldGen       total 32256K, used 13596K [0x0000000080000000, 0x0000000081f80000, 0x00000000d5580000)
  object space 32256K, 42% used [0x0000000080000000,0x0000000080d47300,0x0000000081f80000)
 Metaspace       used 34211K, capacity 35392K, committed 35416K, reserved 1079296K
  class space    used 4707K, capacity 4973K, committed 4992K, reserved 1048576K
}
Event: 20.504 GC heap before
{Heap before GC invocations=13 (full 2):
 PSYoungGen      total 98304K, used 2059K [0x00000000d5580000, 0x00000000dc080000, 0x0000000100000000)
  eden space 87040K, 0% used [0x00000000d5580000,0x00000000d5580000,0x00000000daa80000)
  from space 11264K, 18% used [0x00000000daa80000,0x00000000dac82fe8,0x00000000db580000)
  to   space 10240K, 0% used [0x00000000db680000,0x00000000db680000,0x00000000dc080000)
 ParOldGen       total 32256K, used 13596K [0x0000000080000000, 0x0000000081f80000, 0x00000000d5580000)
  object space 32256K, 42% used [0x0000000080000000,0x0000000080d47300,0x0000000081f80000)
 Metaspace       used 34211K, capacity 35392K, committed 35416K, reserved 1079296K
  class space    used 4707K, capacity 4973K, committed 4992K, reserved 1048576K
Event: 20.609 GC heap after
Heap after GC invocations=13 (full 2):
 PSYoungGen      total 98304K, used 0K [0x00000000d5580000, 0x00000000dc080000, 0x0000000100000000)
  eden space 87040K, 0% used [0x00000000d5580000,0x00000000d5580000,0x00000000daa80000)
  from space 11264K, 0% used [0x00000000daa80000,0x00000000daa80000,0x00000000db580000)
  to   space 10240K, 0% used [0x00000000db680000,0x00000000db680000,0x00000000dc080000)
 ParOldGen       total 50688K, used 14492K [0x0000000080000000, 0x0000000083180000, 0x00000000d5580000)
  object space 50688K, 28% used [0x0000000080000000,0x0000000080e27048,0x0000000083180000)
 Metaspace       used 34211K, capacity 35392K, committed 35416K, reserved 1079296K
  class space    used 4707K, capacity 4973K, committed 4992K, reserved 1048576K
}

Deoptimization events (10 events):
Event: 15.403 Thread 0x0000000019bcb800 Uncommon trap: reason=unstable_if action=reinterpret pc=0x0000000002fa8ed0 method=java.util.HashMap.putVal(ILjava/lang/Object;Ljava/lang/Object;ZZ)Ljava/lang/Object; @ 162
Event: 17.021 Thread 0x0000000017609000 Uncommon trap: reason=unstable_if action=reinterpret pc=0x0000000002f4d0fc method=java.lang.ref.Reference.tryHandlePending(Z)Z @ 104
Event: 17.569 Thread 0x0000000019bcb800 Uncommon trap: reason=unstable_if action=reinterpret pc=0x0000000002f8d2d4 method=java.net.URLClassLoader.defineClass(Ljava/lang/String;Lsun/misc/Resource;)Ljava/lang/Class; @ 21
Event: 17.572 Thread 0x0000000019bcb800 Uncommon trap: reason=unstable_if action=reinterpret pc=0x0000000002f147f4 method=java.lang.ClassLoader.getClassLoadingLock(Ljava/lang/String;)Ljava/lang/Object; @ 6
Event: 18.677 Thread 0x0000000019bcb800 Uncommon trap: reason=unstable_if action=reinterpret pc=0x0000000002ff72fc method=java.util.HashMap.getNode(ILjava/lang/Object;)Ljava/util/HashMap$Node; @ 53
Event: 19.033 Thread 0x0000000019bcb800 Uncommon trap: reason=unstable_if action=reinterpret pc=0x0000000002b19fc4 method=org.gradle.internal.reflect.PropertyAccessorType.isGetGetterName(Ljava/lang/String;)Z @ 14
Event: 19.165 Thread 0x0000000019bcb800 Uncommon trap: reason=unstable_if action=reinterpret pc=0x0000000003119cc0 method=org.objectweb.asm.ByteVector.putShort(I)Lorg/objectweb/asm/ByteVector; @ 13
Event: 19.576 Thread 0x0000000019bcb800 Uncommon trap: reason=unstable_if action=reinterpret pc=0x000000000301abe0 method=java.net.URLClassLoader.defineClass(Ljava/lang/String;Lsun/misc/Resource;)Ljava/lang/Class; @ 21
Event: 19.814 Thread 0x0000000019bcb800 Uncommon trap: reason=unstable_if action=reinterpret pc=0x0000000003342000 method=org.codehaus.groovy.runtime.metaclass.MetaMethodIndex.addMethodToList(Ljava/lang/Object;Lgroovy/lang/MetaMethod;)Ljava/lang/Object; @ 226
Event: 20.181 Thread 0x0000000019bcb800 Uncommon trap: reason=unstable_if action=reinterpret pc=0x0000000002f2018c method=java.util.WeakHashMap.expungeStaleEntries()V @ 66

Classes redefined (0 events):
No events

Internal exceptions (10 events):
Event: 19.925 Thread 0x0000000019bcb800 Exception <a 'java/lang/ClassNotFoundException': org/gradle/api/internal/artifacts/dsl/DefaultRepositoryHandlerCustomizer> (0x00000000d92901c8) thrown at [C:\src\AOSP-openjdk-git\hotspot\src\share\vm\classfile\systemDictionary.cpp, line 210]
Event: 19.931 Thread 0x0000000019bcb800 Exception <a 'java/lang/ClassNotFoundException': org/gradle/api/internal/artifacts/dsl/DefaultRepositoryHandler_DecoratedCustomizer> (0x00000000d93139a0) thrown at [C:\src\AOSP-openjdk-git\hotspot\src\share\vm\classfile\systemDictionary.cpp, line 210]
Event: 20.176 Thread 0x0000000019bcb800 Exception <a 'java/lang/ClassNotFoundException': org/gradle/api/internal/artifacts/dsl/dependencies/DefaultDependencyHandler_DecoratedBeanInfo> (0x00000000d62c1978) thrown at [C:\src\AOSP-openjdk-git\hotspot\src\share\vm\classfile\systemDictionary.cpp, li
Event: 20.179 Thread 0x0000000019bcb800 Exception <a 'java/lang/ClassNotFoundException': org/gradle/api/internal/artifacts/dsl/dependencies/DefaultDependencyHandlerBeanInfo> (0x00000000d631a2b8) thrown at [C:\src\AOSP-openjdk-git\hotspot\src\share\vm\classfile\systemDictionary.cpp, line 210]
Event: 20.180 Thread 0x0000000019bcb800 Exception <a 'java/lang/ClassNotFoundException': org/gradle/api/internal/artifacts/dsl/dependencies/DefaultDependencyHandlerCustomizer> (0x00000000d6373fa0) thrown at [C:\src\AOSP-openjdk-git\hotspot\src\share\vm\classfile\systemDictionary.cpp, line 210]
Event: 20.183 Thread 0x0000000019bcb800 Exception <a 'java/lang/ClassNotFoundException': org/gradle/api/internal/artifacts/dsl/dependencies/DefaultDependencyHandler_DecoratedCustomizer> (0x00000000d63fec58) thrown at [C:\src\AOSP-openjdk-git\hotspot\src\share\vm\classfile\systemDictionary.cpp, 
Event: 20.293 Thread 0x0000000019bcb800 Exception <a 'java/lang/NoSuchMethodError': java.lang.Object.lambda$static$0(Lorg/gradle/api/internal/artifacts/configurations/MutationValidator$MutationType;)V> (0x00000000d6ae3380) thrown at [C:\src\AOSP-openjdk-git\hotspot\src\share\vm\interpreter\link
Event: 20.677 Thread 0x0000000019bcb800 Exception <a 'java/lang/NoSuchMethodError': java.lang.Object.lambda$static$0(Lorg/gradle/internal/component/model/DependencyMetadata;)Lorg/gradle/api/internal/artifacts/ivyservice/dependencysubstitution/DependencySubstitutionApplicator$SubstitutionResult;
Event: 20.744 Thread 0x0000000019bcb800 Exception <a 'java/lang/IncompatibleClassChangeError': Found class java.lang.Object, but interface was expected> (0x00000000d612d120) thrown at [C:\src\AOSP-openjdk-git\hotspot\src\share\vm\interpreter\linkResolver.cpp, line 653]
Event: 20.746 Thread 0x0000000019bcb800 Exception <a 'java/lang/NoSuchMethodError': java.lang.Object.lambda$thenComparing$36697e65$1(Ljava/util/Comparator;Ljava/lang/Object;Ljava/lang/Object;)I> (0x00000000d6138bd0) thrown at [C:\src\AOSP-openjdk-git\hotspot\src\share\vm\interpreter\linkResolve

Events (10 events):
Event: 20.801 loading class org/gradle/api/internal/artifacts/ivyservice/WritableArtifactCacheLockingManager$CacheLockingPersistentCache
Event: 20.801 loading class org/gradle/api/internal/artifacts/ivyservice/WritableArtifactCacheLockingManager$CacheLockingPersistentCache done
Event: 20.802 loading class org/gradle/cache/PersistentIndexedCache
Event: 20.802 loading class org/gradle/cache/PersistentIndexedCache done
Event: 20.802 loading class org/gradle/api/internal/artifacts/ivyservice/modulecache/DefaultCachedMetadata
Event: 20.802 loading class org/gradle/api/internal/artifacts/ivyservice/modulecache/DefaultCachedMetadata done
Event: 20.802 loading class org/gradle/api/internal/artifacts/ivyservice/modulecache/DefaultCachedMetadata
Event: 20.802 loading class org/gradle/api/internal/artifacts/ivyservice/modulecache/DefaultCachedMetadata done
Event: 20.802 loading class org/gradle/api/internal/artifacts/ivyservice/modulecache/PersistentModuleMetadataCache
Event: 20.802 loading class org/gradle/api/internal/artifacts/ivyservice/modulecache/PersistentModuleMetadataCache done


Dynamic libraries:
0x00007ff7cbb50000 - 0x00007ff7cbb81000 	C:\Program Files\Android\Android Studio\jre\bin\java.exe
0x00007ffa97dd0000 - 0x00007ffa97fc5000 	C:\WINDOWS\SYSTEM32\ntdll.dll
0x00007ffa976e0000 - 0x00007ffa9779e000 	C:\WINDOWS\System32\KERNEL32.DLL
0x00007ffa95550000 - 0x00007ffa95818000 	C:\WINDOWS\System32\KERNELBASE.dll
0x00007ffa965b0000 - 0x00007ffa9665c000 	C:\WINDOWS\System32\ADVAPI32.dll
0x00007ffa967d0000 - 0x00007ffa9686e000 	C:\WINDOWS\System32\msvcrt.dll
0x00007ffa95e20000 - 0x00007ffa95ebb000 	C:\WINDOWS\System32\sechost.dll
0x00007ffa96470000 - 0x00007ffa9659a000 	C:\WINDOWS\System32\RPCRT4.dll
0x00007ffa96070000 - 0x00007ffa96211000 	C:\WINDOWS\System32\USER32.dll
0x00007ffa95df0000 - 0x00007ffa95e12000 	C:\WINDOWS\System32\win32u.dll
0x00007ffa96670000 - 0x00007ffa9669b000 	C:\WINDOWS\System32\GDI32.dll
0x00007ffa95950000 - 0x00007ffa95a5b000 	C:\WINDOWS\System32\gdi32full.dll
0x00007ffa95c10000 - 0x00007ffa95cad000 	C:\WINDOWS\System32\msvcp_win.dll
0x00007ffa95850000 - 0x00007ffa95950000 	C:\WINDOWS\System32\ucrtbase.dll
0x00007ffa846c0000 - 0x00007ffa8495a000 	C:\WINDOWS\WinSxS\amd64_microsoft.windows.common-controls_6595b64144ccf1df_6.0.19041.1110_none_60b5254171f9507e\COMCTL32.dll
0x00007ffa97140000 - 0x00007ffa97170000 	C:\WINDOWS\System32\IMM32.DLL
0x0000000066060000 - 0x0000000066132000 	C:\Program Files\Android\Android Studio\jre\jre\bin\msvcr100.dll
0x0000000066220000 - 0x0000000066a6b000 	C:\Program Files\Android\Android Studio\jre\jre\bin\server\jvm.dll
0x00007ffa96350000 - 0x00007ffa96358000 	C:\WINDOWS\System32\PSAPI.DLL
0x00007ffa8a700000 - 0x00007ffa8a70a000 	C:\WINDOWS\SYSTEM32\VERSION.dll
0x00007ffa7a7b0000 - 0x00007ffa7a7d7000 	C:\WINDOWS\SYSTEM32\WINMM.dll
0x00007ffa851b0000 - 0x00007ffa851b9000 	C:\WINDOWS\SYSTEM32\WSOCK32.dll
0x00007ffa96870000 - 0x00007ffa968db000 	C:\WINDOWS\System32\WS2_32.dll
0x00007ffa8ba20000 - 0x00007ffa8ba2f000 	C:\Program Files\Android\Android Studio\jre\jre\bin\verify.dll
0x00007ffa88d70000 - 0x00007ffa88d99000 	C:\Program Files\Android\Android Studio\jre\jre\bin\java.dll
0x00007ffa88d50000 - 0x00007ffa88d66000 	C:\Program Files\Android\Android Studio\jre\jre\bin\zip.dll
0x00007ffa968e0000 - 0x00007ffa9701f000 	C:\WINDOWS\System32\SHELL32.dll
0x00007ffa931f0000 - 0x00007ffa93980000 	C:\WINDOWS\SYSTEM32\windows.storage.dll
0x00007ffa97170000 - 0x00007ffa974c5000 	C:\WINDOWS\System32\combase.dll
0x00007ffa94f40000 - 0x00007ffa94f6e000 	C:\WINDOWS\SYSTEM32\Wldp.dll
0x00007ffa963c0000 - 0x00007ffa9646d000 	C:\WINDOWS\System32\SHCORE.dll
0x00007ffa977a0000 - 0x00007ffa977f5000 	C:\WINDOWS\System32\shlwapi.dll
0x00007ffa95430000 - 0x00007ffa9544f000 	C:\WINDOWS\SYSTEM32\profapi.dll
0x00007ffa88d30000 - 0x00007ffa88d4a000 	C:\Program Files\Android\Android Studio\jre\jre\bin\net.dll
0x00007ffa94ca0000 - 0x00007ffa94d0a000 	C:\WINDOWS\system32\mswsock.dll
0x00007ffa88d10000 - 0x00007ffa88d23000 	C:\Program Files\Android\Android Studio\jre\jre\bin\nio.dll
0x00007ffa88e20000 - 0x00007ffa88e47000 	C:\Users\e30\.gradle\native\f6784746aeab05261644944871eae4fe03e0ef1612fff0a4a95f87b438bc6780\windows-amd64\native-platform.dll
0x00007ffa8b9f0000 - 0x00007ffa8b9fd000 	C:\Program Files\Android\Android Studio\jre\jre\bin\management.dll
0x00007ffa94e90000 - 0x00007ffa94ea8000 	C:\WINDOWS\SYSTEM32\CRYPTSP.dll
0x00007ffa945b0000 - 0x00007ffa945e4000 	C:\WINDOWS\system32\rsaenh.dll
0x00007ffa95820000 - 0x00007ffa95847000 	C:\WINDOWS\System32\bcrypt.dll
0x00007ffa953b0000 - 0x00007ffa953de000 	C:\WINDOWS\SYSTEM32\USERENV.dll
0x00007ffa95cb0000 - 0x00007ffa95d33000 	C:\WINDOWS\System32\bcryptprimitives.dll
0x00007ffa94eb0000 - 0x00007ffa94ebc000 	C:\WINDOWS\SYSTEM32\CRYPTBASE.dll
0x00007ffa94940000 - 0x00007ffa9497b000 	C:\WINDOWS\SYSTEM32\IPHLPAPI.DLL
0x00007ffa965a0000 - 0x00007ffa965a8000 	C:\WINDOWS\System32\NSI.dll
0x00007ffa89920000 - 0x00007ffa89937000 	C:\WINDOWS\SYSTEM32\dhcpcsvc6.DLL
0x00007ffa89a80000 - 0x00007ffa89a9d000 	C:\WINDOWS\SYSTEM32\dhcpcsvc.DLL
0x00007ffa94980000 - 0x00007ffa94a4b000 	C:\WINDOWS\SYSTEM32\DNSAPI.dll
0x00007ffa8aa80000 - 0x00007ffa8aa8b000 	C:\WINDOWS\SYSTEM32\WINNSI.DLL

VM Arguments:
jvm_args: -Xmx2048m -Dfile.encoding=UTF-8 -Duser.country=BR -Duser.language=pt -Duser.variant 
java_command: org.gradle.launcher.daemon.bootstrap.GradleDaemon 6.5
java_class_path (initial): C:\Users\e30\.gradle\wrapper\dists\gradle-6.5-all\2oz4ud9k3tuxjg84bbf55q0tn\gradle-6.5\lib\gradle-launcher-6.5.jar
Launcher Type: SUN_STANDARD

Environment Variables:
JAVA_HOME=C:\Program Files\Java\jdk1.8.0_281
PATH=C:\Program Files (x86)\Common Files\Oracle\Java\javapath;"C:\Program Files (x86)\Common Files\Oracle\Java\javapath;C:\Program Files\Java\jdk1.8.0_281\bin";C:\Program Files (x86)\Intel\Intel(R) Management Engine Components\iCLS\;C:\Program Files\Intel\Intel(R) Management Engine Components\iCLS\;C:\WINDOWS\system32;C:\WINDOWS;C:\WINDOWS\System32\Wbem;C:\WINDOWS\System32\WindowsPowerShell\v1.0\;C:\WINDOWS\System32\OpenSSH\;C:\Program Files (x86)\Intel\Intel(R) Management Engine Components\DAL;C:\Program Files\Intel\Intel(R) Management Engine Components\DAL;C:\Users\e30\AppData\Local\Programs\Python\Python38-32\Scripts;C:\Program Files\Git\cmd;C:\Users\e30\AppData\Local\Programs\Python\Python38-32\Scripts\;C:\Users\e30\AppData\Local\Programs\Python\Python38-32\;C:\Users\e30\AppData\Local\Microsoft\WindowsApps;C:\Users\e30\AppData\Local\Programs\Microsoft VS Code\bin;"C:\Users\e30\AppData\Local\Programs\;C:\Program Files\Java\jdk1.8.0_281\bin";
USERNAME=e30
OS=Windows_NT
PROCESSOR_IDENTIFIER=Intel64 Family 6 Model 142 Stepping 9, GenuineIntel



---------------  S Y S T E M  ---------------

OS: Windows 10.0 , 64 bit Build 19041 (10.0.19041.1348)

CPU:total 4 (initial active 4) (2 cores per cpu, 2 threads per core) family 6 model 142 stepping 9, cmov, cx8, fxsr, mmx, sse, sse2, sse3, ssse3, sse4.1, sse4.2, popcnt, avx, avx2, aes, clmul, erms, 3dnowpref, lzcnt, ht, tsc, tscinvbit, bmi1, bmi2, adx

Memory: 4k page, physical 4107072k(330000k free), swap 8203072k(11628k free)

vm_info: OpenJDK 64-Bit Server VM (25.242-b01) for windows-amd64 JRE (1.8.0_242-release-1644-b01), built by "builder" with MS VC++ 10.0 (VS2010)

time: Wed Dec 08 00:36:52 2021
timezone: Hora oficial do Brasil
elapsed time: 20 seconds (0d 0h 0m 20s)

