#
# There is insufficient memory for the Java Runtime Environment to continue.
# Native memory allocation (malloc) failed to allocate 360544 bytes for Chunk::new
# Possible reasons:
#   The system is out of physical RAM or swap space
#   The process is running with CompressedOops enabled, and the Java Heap may be blocking the growth of the native heap
# Possible solutions:
#   Reduce memory load on the system
#   Increase physical memory or swap space
#   Check if swap backing store is full
#   Decrease Java heap size (-Xmx/-Xms)
#   Decrease number of Java threads
#   Decrease Java thread stack sizes (-Xss)
#   Set larger code cache with -XX:ReservedCodeCacheSize=
#   JVM is running with Unscaled Compressed Oops mode in which the Java heap is
#     placed in the first 4GB address space. The Java Heap base address is the
#     maximum limit for the native heap growth. Please use -XX:HeapBaseMinAddress
#     to set the Java Heap base and to place the Java Heap above 4GB virtual address.
# This output file may be truncated or incomplete.
#
#  Out of Memory Error (allocation.cpp:389), pid=4648, tid=0x0000000000000698
#
# JRE version: OpenJDK Runtime Environment (8.0_242-b01) (build 1.8.0_242-release-1644-b01)
# Java VM: OpenJDK 64-Bit Server VM (25.242-b01 mixed mode windows-amd64 compressed oops)
# Failed to write core dump. Minidumps are not enabled by default on client versions of Windows
#

---------------  T H R E A D  ---------------

Current thread (0x0000000017c3c800):  JavaThread "C2 CompilerThread1" daemon [_thread_in_native, id=1688, stack(0x00000000193a0000,0x00000000194a0000)]

Stack: [0x00000000193a0000,0x00000000194a0000]
[error occurred during error reporting (printing stack bounds), id 0xc0000005]

Native frames: (J=compiled Java code, j=interpreted, Vv=VM code, C=native code)


Current CompileTask:
C2:   3089 1426   !   4       java.lang.ClassLoader::loadClass (122 bytes)


---------------  P R O C E S S  ---------------

Java Threads: ( => current thread )
  0x0000000019ccd000 JavaThread "Thread-9" [_thread_blocked, id=644, stack(0x000000001d6e0000,0x000000001d7e0000)]
  0x0000000019cc8800 JavaThread "Stdin handler" [_thread_blocked, id=7632, stack(0x000000001d5e0000,0x000000001d6e0000)]
  0x0000000019cc7800 JavaThread "Asynchronous log dispatcher for DefaultDaemonConnection: socket connection from /127.0.0.1:62703 to /127.0.0.1:62704" [_thread_blocked, id=9140, stack(0x000000001d4e0000,0x000000001d5e0000)]
  0x000000001b6a1800 JavaThread "Daemon worker" [_thread_in_vm, id=12460, stack(0x000000001d3e0000,0x000000001d4e0000)]
  0x0000000019bf3000 JavaThread "Cancel handler" [_thread_blocked, id=2432, stack(0x000000001d2e0000,0x000000001d3e0000)]
  0x000000001b368000 JavaThread "Handler for socket connection from /127.0.0.1:62703 to /127.0.0.1:62704" [_thread_in_native, id=11456, stack(0x000000001d1e0000,0x000000001d2e0000)]
  0x000000001b367000 JavaThread "Daemon" [_thread_blocked, id=12436, stack(0x000000001d0e0000,0x000000001d1e0000)]
  0x000000001b659800 JavaThread "Daemon periodic checks" [_thread_blocked, id=11012, stack(0x000000001cde0000,0x000000001cee0000)]
  0x000000001b5f2000 JavaThread "Incoming local TCP Connector on port 62703" [_thread_in_native, id=984, stack(0x000000001cb80000,0x000000001cc80000)]
  0x000000001b505800 JavaThread "Daemon health stats" [_thread_blocked, id=6212, stack(0x000000001c540000,0x000000001c640000)]
  0x00000000195e2800 JavaThread "Service Thread" daemon [_thread_blocked, id=13068, stack(0x00000000199a0000,0x0000000019aa0000)]
  0x0000000017c50000 JavaThread "C1 CompilerThread2" daemon [_thread_blocked, id=8972, stack(0x00000000194a0000,0x00000000195a0000)]
=>0x0000000017c3c800 JavaThread "C2 CompilerThread1" daemon [_thread_in_native, id=1688, stack(0x00000000193a0000,0x00000000194a0000)]
  0x0000000017c37000 JavaThread "C2 CompilerThread0" daemon [_thread_in_native, id=3812, stack(0x00000000192a0000,0x00000000193a0000)]
  0x0000000017c35800 JavaThread "Attach Listener" daemon [_thread_blocked, id=3860, stack(0x00000000191a0000,0x00000000192a0000)]
  0x0000000017c34800 JavaThread "Signal Dispatcher" daemon [_thread_blocked, id=13216, stack(0x00000000190a0000,0x00000000191a0000)]
  0x0000000002fdc800 JavaThread "Finalizer" daemon [_thread_blocked, id=5892, stack(0x0000000018e80000,0x0000000018f80000)]
  0x0000000017c19000 JavaThread "Reference Handler" daemon [_thread_blocked, id=10540, stack(0x0000000018d80000,0x0000000018e80000)]
  0x0000000002ee2800 JavaThread "main" [_thread_blocked, id=1324, stack(0x0000000002de0000,0x0000000002ee0000)]

Other Threads:
  0x0000000017bf6800 VMThread [stack: 0x0000000018c80000,0x0000000018d80000] [id=8448]
  0x0000000017c8e800 WatcherThread [stack: 0x0000000019aa0000,0x0000000019ba0000] [id=12728]

VM state:not at safepoint (normal execution)

VM Mutex/Monitor currently owned by a thread: None

heap address: 0x0000000080000000, size: 2048 MB, Compressed Oops mode: 32-bit
Narrow klass base: 0x0000000000000000, Narrow klass shift: 3
Compressed class space size: 1073741824 Address: 0x0000000100000000

Heap:
 PSYoungGen      total 35328K, used 17838K [0x00000000d5580000, 0x00000000d7a80000, 0x0000000100000000)
  eden space 32768K, 46% used [0x00000000d5580000,0x00000000d646fa48,0x00000000d7580000)
  from space 2560K, 99% used [0x00000000d7580000,0x00000000d77fc010,0x00000000d7800000)
  to   space 2560K, 0% used [0x00000000d7800000,0x00000000d7800000,0x00000000d7a80000)
 ParOldGen       total 44032K, used 5106K [0x0000000080000000, 0x0000000082b00000, 0x00000000d5580000)
  object space 44032K, 11% used [0x0000000080000000,0x00000000804fcb68,0x0000000082b00000)
 Metaspace       used 13000K, capacity 13384K, committed 13440K, reserved 1060864K
  class space    used 1776K, capacity 1886K, committed 1920K, reserved 1048576K

Card table byte_map: [0x00000000123a0000,0x00000000127b0000] byte_map_base: 0x0000000011fa0000

Marking Bits: (ParMarkBitMap*) 0x000000006be0f030
 Begin Bits: [0x0000000012e60000, 0x0000000014e60000)
 End Bits:   [0x0000000014e60000, 0x0000000016e60000)

Polling page: 0x0000000002d80000

CodeCache: size=245760Kb used=5054Kb max_used=5056Kb free=240705Kb
 bounds [0x0000000002fe0000, 0x00000000034e0000, 0x0000000011fe0000]
 total_blobs=1818 nmethods=1441 adapters=290
 compilation: enabled

Compilation events (10 events):
Event: 3.036 Thread 0x0000000017c50000 nmethod 1440 0x00000000034d16d0 code [0x00000000034d1860, 0x00000000034d1bd8]
Event: 3.047 Thread 0x0000000017c50000 1441       3       java.util.LinkedList::listIterator (15 bytes)
Event: 3.048 Thread 0x0000000017c50000 nmethod 1441 0x00000000034d0ed0 code [0x00000000034d1080, 0x00000000034d1508]
Event: 3.048 Thread 0x0000000017c50000 1442       3       java.util.LinkedList$ListItr::<init> (47 bytes)
Event: 3.048 Thread 0x0000000017c50000 nmethod 1442 0x00000000034d0990 code [0x00000000034d0b00, 0x00000000034d0dc8]
Event: 3.057 Thread 0x0000000017c37000 1443   !   4       sun.misc.URLClassPath$JarLoader::getResource (353 bytes)
Event: 3.060 Thread 0x0000000017c50000 1445       3       java.util.AbstractSequentialList::iterator (5 bytes)
Event: 3.061 Thread 0x0000000017c50000 nmethod 1445 0x00000000034d0090 code [0x00000000034d0200, 0x00000000034d04e8]
Event: 3.068 Thread 0x0000000017c50000 1446       1       java.util.concurrent.locks.AbstractQueuedSynchronizer::getState (5 bytes)
Event: 3.068 Thread 0x0000000017c50000 nmethod 1446 0x00000000034cfdd0 code [0x00000000034cff20, 0x00000000034d0030]

GC Heap History (10 events):
Event: 0.630 GC heap before
{Heap before GC invocations=1 (full 0):
 PSYoungGen      total 18944K, used 16384K [0x00000000d5580000, 0x00000000d6a80000, 0x0000000100000000)
  eden space 16384K, 100% used [0x00000000d5580000,0x00000000d6580000,0x00000000d6580000)
  from space 2560K, 0% used [0x00000000d6800000,0x00000000d6800000,0x00000000d6a80000)
  to   space 2560K, 0% used [0x00000000d6580000,0x00000000d6580000,0x00000000d6800000)
 ParOldGen       total 44032K, used 0K [0x0000000080000000, 0x0000000082b00000, 0x00000000d5580000)
  object space 44032K, 0% used [0x0000000080000000,0x0000000080000000,0x0000000082b00000)
 Metaspace       used 5612K, capacity 5874K, committed 6144K, reserved 1056768K
  class space    used 657K, capacity 744K, committed 768K, reserved 1048576K
Event: 0.634 GC heap after
Heap after GC invocations=1 (full 0):
 PSYoungGen      total 18944K, used 2249K [0x00000000d5580000, 0x00000000d6a80000, 0x0000000100000000)
  eden space 16384K, 0% used [0x00000000d5580000,0x00000000d5580000,0x00000000d6580000)
  from space 2560K, 87% used [0x00000000d6580000,0x00000000d67b2528,0x00000000d6800000)
  to   space 2560K, 0% used [0x00000000d6800000,0x00000000d6800000,0x00000000d6a80000)
 ParOldGen       total 44032K, used 8K [0x0000000080000000, 0x0000000082b00000, 0x00000000d5580000)
  object space 44032K, 0% used [0x0000000080000000,0x0000000080002000,0x0000000082b00000)
 Metaspace       used 5612K, capacity 5874K, committed 6144K, reserved 1056768K
  class space    used 657K, capacity 744K, committed 768K, reserved 1048576K
}
Event: 1.162 GC heap before
{Heap before GC invocations=2 (full 0):
 PSYoungGen      total 18944K, used 18633K [0x00000000d5580000, 0x00000000d6a80000, 0x0000000100000000)
  eden space 16384K, 100% used [0x00000000d5580000,0x00000000d6580000,0x00000000d6580000)
  from space 2560K, 87% used [0x00000000d6580000,0x00000000d67b2528,0x00000000d6800000)
  to   space 2560K, 0% used [0x00000000d6800000,0x00000000d6800000,0x00000000d6a80000)
 ParOldGen       total 44032K, used 8K [0x0000000080000000, 0x0000000082b00000, 0x00000000d5580000)
  object space 44032K, 0% used [0x0000000080000000,0x0000000080002000,0x0000000082b00000)
 Metaspace       used 7571K, capacity 7914K, committed 8064K, reserved 1056768K
  class space    used 931K, capacity 1041K, committed 1152K, reserved 1048576K
Event: 1.170 GC heap after
Heap after GC invocations=2 (full 0):
 PSYoungGen      total 18944K, used 2544K [0x00000000d5580000, 0x00000000d6a80000, 0x0000000100000000)
  eden space 16384K, 0% used [0x00000000d5580000,0x00000000d5580000,0x00000000d6580000)
  from space 2560K, 99% used [0x00000000d6800000,0x00000000d6a7c030,0x00000000d6a80000)
  to   space 2560K, 0% used [0x00000000d6580000,0x00000000d6580000,0x00000000d6800000)
 ParOldGen       total 44032K, used 1085K [0x0000000080000000, 0x0000000082b00000, 0x00000000d5580000)
  object space 44032K, 2% used [0x0000000080000000,0x000000008010f540,0x0000000082b00000)
 Metaspace       used 7571K, capacity 7914K, committed 8064K, reserved 1056768K
  class space    used 931K, capacity 1041K, committed 1152K, reserved 1048576K
}
Event: 1.371 GC heap before
{Heap before GC invocations=3 (full 0):
 PSYoungGen      total 18944K, used 18928K [0x00000000d5580000, 0x00000000d6a80000, 0x0000000100000000)
  eden space 16384K, 100% used [0x00000000d5580000,0x00000000d6580000,0x00000000d6580000)
  from space 2560K, 99% used [0x00000000d6800000,0x00000000d6a7c030,0x00000000d6a80000)
  to   space 2560K, 0% used [0x00000000d6580000,0x00000000d6580000,0x00000000d6800000)
 ParOldGen       total 44032K, used 1085K [0x0000000080000000, 0x0000000082b00000, 0x00000000d5580000)
  object space 44032K, 2% used [0x0000000080000000,0x000000008010f540,0x0000000082b00000)
 Metaspace       used 7607K, capacity 7914K, committed 8064K, reserved 1056768K
  class space    used 931K, capacity 1041K, committed 1152K, reserved 1048576K
Event: 1.373 GC heap after
Heap after GC invocations=3 (full 0):
 PSYoungGen      total 18944K, used 2256K [0x00000000d5580000, 0x00000000d7a80000, 0x0000000100000000)
  eden space 16384K, 0% used [0x00000000d5580000,0x00000000d5580000,0x00000000d6580000)
  from space 2560K, 88% used [0x00000000d6580000,0x00000000d67b4030,0x00000000d6800000)
  to   space 2560K, 0% used [0x00000000d7800000,0x00000000d7800000,0x00000000d7a80000)
 ParOldGen       total 44032K, used 1093K [0x0000000080000000, 0x0000000082b00000, 0x00000000d5580000)
  object space 44032K, 2% used [0x0000000080000000,0x0000000080111540,0x0000000082b00000)
 Metaspace       used 7607K, capacity 7914K, committed 8064K, reserved 1056768K
  class space    used 931K, capacity 1041K, committed 1152K, reserved 1048576K
}
Event: 1.551 GC heap before
{Heap before GC invocations=4 (full 0):
 PSYoungGen      total 18944K, used 18640K [0x00000000d5580000, 0x00000000d7a80000, 0x0000000100000000)
  eden space 16384K, 100% used [0x00000000d5580000,0x00000000d6580000,0x00000000d6580000)
  from space 2560K, 88% used [0x00000000d6580000,0x00000000d67b4030,0x00000000d6800000)
  to   space 2560K, 0% used [0x00000000d7800000,0x00000000d7800000,0x00000000d7a80000)
 ParOldGen       total 44032K, used 1093K [0x0000000080000000, 0x0000000082b00000, 0x00000000d5580000)
  object space 44032K, 2% used [0x0000000080000000,0x0000000080111540,0x0000000082b00000)
 Metaspace       used 7806K, capacity 8162K, committed 8320K, reserved 1056768K
  class space    used 957K, capacity 1081K, committed 1152K, reserved 1048576K
Event: 1.556 GC heap after
Heap after GC invocations=4 (full 0):
 PSYoungGen      total 35328K, used 2544K [0x00000000d5580000, 0x00000000d7a80000, 0x0000000100000000)
  eden space 32768K, 0% used [0x00000000d5580000,0x00000000d5580000,0x00000000d7580000)
  from space 2560K, 99% used [0x00000000d7800000,0x00000000d7a7c010,0x00000000d7a80000)
  to   space 2560K, 0% used [0x00000000d7580000,0x00000000d7580000,0x00000000d7800000)
 ParOldGen       total 44032K, used 1727K [0x0000000080000000, 0x0000000082b00000, 0x00000000d5580000)
  object space 44032K, 3% used [0x0000000080000000,0x00000000801afce0,0x0000000082b00000)
 Metaspace       used 7806K, capacity 8162K, committed 8320K, reserved 1056768K
  class space    used 957K, capacity 1081K, committed 1152K, reserved 1048576K
}
Event: 2.829 GC heap before
{Heap before GC invocations=5 (full 0):
 PSYoungGen      total 35328K, used 35312K [0x00000000d5580000, 0x00000000d7a80000, 0x0000000100000000)
  eden space 32768K, 100% used [0x00000000d5580000,0x00000000d7580000,0x00000000d7580000)
  from space 2560K, 99% used [0x00000000d7800000,0x00000000d7a7c010,0x00000000d7a80000)
  to   space 2560K, 0% used [0x00000000d7580000,0x00000000d7580000,0x00000000d7800000)
 ParOldGen       total 44032K, used 1727K [0x0000000080000000, 0x0000000082b00000, 0x00000000d5580000)
  object space 44032K, 3% used [0x0000000080000000,0x00000000801afce0,0x0000000082b00000)
 Metaspace       used 12082K, capacity 12520K, committed 12800K, reserved 1060864K
  class space    used 1603K, capacity 1730K, committed 1792K, reserved 1048576K
Event: 2.839 GC heap after
Heap after GC invocations=5 (full 0):
 PSYoungGen      total 35328K, used 2544K [0x00000000d5580000, 0x00000000d7a80000, 0x0000000100000000)
  eden space 32768K, 0% used [0x00000000d5580000,0x00000000d5580000,0x00000000d7580000)
  from space 2560K, 99% used [0x00000000d7580000,0x00000000d77fc010,0x00000000d7800000)
  to   space 2560K, 0% used [0x00000000d7800000,0x00000000d7800000,0x00000000d7a80000)
 ParOldGen       total 44032K, used 5106K [0x0000000080000000, 0x0000000082b00000, 0x00000000d5580000)
  object space 44032K, 11% used [0x0000000080000000,0x00000000804fcb68,0x0000000082b00000)
 Metaspace       used 12082K, capacity 12520K, committed 12800K, reserved 1060864K
  class space    used 1603K, capacity 1730K, committed 1792K, reserved 1048576K
}

Deoptimization events (10 events):
Event: 0.646 Thread 0x0000000002ee2800 Uncommon trap: reason=unstable_if action=reinterpret pc=0x000000000318f200 method=java.util.regex.Matcher.reset()Ljava/util/regex/Matcher; @ 47
Event: 0.740 Thread 0x0000000002ee2800 Uncommon trap: reason=unstable_if action=reinterpret pc=0x00000000031fc25c method=java.lang.String.indexOf([CII[CIII)I @ 3
Event: 1.288 Thread 0x0000000002ee2800 Uncommon trap: reason=unstable_if action=reinterpret pc=0x0000000003224db4 method=java.lang.String.lastIndexOf([CII[CIII)I @ 66
Event: 1.664 Thread 0x0000000002ee2800 Uncommon trap: reason=class_check action=maybe_recompile pc=0x000000000331fd18 method=java.util.regex.Matcher.match(II)Z @ 86
Event: 2.139 Thread 0x0000000002ee2800 Uncommon trap: reason=unstable_if action=reinterpret pc=0x00000000033172f0 method=java.io.WinNTFileSystem.normalize(Ljava/lang/String;)Ljava/lang/String; @ 128
Event: 2.784 Thread 0x000000001b368000 Uncommon trap: reason=unstable_if action=reinterpret pc=0x00000000033df0e8 method=java.util.concurrent.ConcurrentHashMap.putVal(Ljava/lang/Object;Ljava/lang/Object;Z)Ljava/lang/Object; @ 206
Event: 2.862 Thread 0x000000001b6a1800 Uncommon trap: reason=bimorphic action=maybe_recompile pc=0x0000000003297b94 method=java.util.HashMap.putVal(ILjava/lang/Object;Ljava/lang/Object;ZZ)Ljava/lang/Object; @ 253
Event: 2.862 Thread 0x000000001b6a1800 Uncommon trap: reason=bimorphic action=maybe_recompile pc=0x0000000003297b94 method=java.util.HashMap.putVal(ILjava/lang/Object;Ljava/lang/Object;ZZ)Ljava/lang/Object; @ 253
Event: 2.862 Thread 0x000000001b6a1800 Uncommon trap: reason=bimorphic action=maybe_recompile pc=0x0000000003297b94 method=java.util.HashMap.putVal(ILjava/lang/Object;Ljava/lang/Object;ZZ)Ljava/lang/Object; @ 253
Event: 2.862 Thread 0x000000001b6a1800 Uncommon trap: reason=bimorphic action=maybe_recompile pc=0x0000000003297b94 method=java.util.HashMap.putVal(ILjava/lang/Object;Ljava/lang/Object;ZZ)Ljava/lang/Object; @ 253

Classes redefined (0 events):
No events

Internal exceptions (10 events):
Event: 0.844 Thread 0x0000000002ee2800 Exception <a 'java/lang/ArrayIndexOutOfBoundsException'> (0x00000000d5b5b7d8) thrown at [C:\src\AOSP-openjdk-git\hotspot\src\share\vm\runtime\sharedRuntime.cpp, line 605]
Event: 0.844 Thread 0x0000000002ee2800 Exception <a 'java/lang/ArrayIndexOutOfBoundsException'> (0x00000000d5b5e6d0) thrown at [C:\src\AOSP-openjdk-git\hotspot\src\share\vm\runtime\sharedRuntime.cpp, line 605]
Event: 2.744 Thread 0x0000000002ee2800 Exception <a 'java/io/IOException'> (0x00000000d71f72f0) thrown at [C:\src\AOSP-openjdk-git\hotspot\src\share\vm\prims\jni.cpp, line 710]
Event: 2.785 Thread 0x000000001b368000 Exception <a 'java/lang/NoSuchMethodError': <clinit>> (0x00000000d74379e8) thrown at [C:\src\AOSP-openjdk-git\hotspot\src\share\vm\prims\jni.cpp, line 1615]
Event: 2.786 Thread 0x000000001b368000 Exception <a 'java/lang/NoSuchMethodError': <clinit>> (0x00000000d74410f0) thrown at [C:\src\AOSP-openjdk-git\hotspot\src\share\vm\prims\jni.cpp, line 1615]
Event: 2.788 Thread 0x000000001b368000 Exception <a 'java/lang/NoSuchMethodError': <clinit>> (0x00000000d74556a8) thrown at [C:\src\AOSP-openjdk-git\hotspot\src\share\vm\prims\jni.cpp, line 1615]
Event: 2.797 Thread 0x000000001b368000 Exception <a 'java/lang/NoSuchMethodError': <clinit>> (0x00000000d74c25a8) thrown at [C:\src\AOSP-openjdk-git\hotspot\src\share\vm\prims\jni.cpp, line 1615]
Event: 2.807 Thread 0x000000001b368000 Exception <a 'java/lang/NoSuchMethodError': <clinit>> (0x00000000d74fca30) thrown at [C:\src\AOSP-openjdk-git\hotspot\src\share\vm\prims\jni.cpp, line 1615]
Event: 2.821 Thread 0x000000001b368000 Exception <a 'java/lang/NoSuchMethodError': <clinit>> (0x00000000d7532610) thrown at [C:\src\AOSP-openjdk-git\hotspot\src\share\vm\prims\jni.cpp, line 1615]
Event: 2.823 Thread 0x000000001b368000 Exception <a 'java/lang/NoSuchMethodError': <clinit>> (0x00000000d753eb40) thrown at [C:\src\AOSP-openjdk-git\hotspot\src\share\vm\prims\jni.cpp, line 1615]

Events (10 events):
Event: 3.085 loading class com/google/common/collect/MapDifference
Event: 3.085 loading class com/google/common/collect/MapDifference done
Event: 3.086 loading class com/google/common/collect/ImmutableEnumMap
Event: 3.086 loading class com/google/common/collect/ImmutableEnumMap done
Event: 3.086 loading class com/google/common/collect/BiMap
Event: 3.086 loading class com/google/common/collect/BiMap done
Event: 3.087 loading class com/google/common/base/Converter
Event: 3.087 loading class com/google/common/base/Converter done
Event: 3.087 loading class com/google/common/collect/Maps$BiMapConverter
Event: 3.087 loading class com/google/common/collect/Maps$BiMapConverter done


Dynamic libraries:
0x00007ff6acea0000 - 0x00007ff6aced1000 	C:\Program Files\Android\Android Studio\jre\bin\java.exe
0x00007ffa5ed90000 - 0x00007ffa5ef85000 	C:\WINDOWS\SYSTEM32\ntdll.dll
0x00007ffa5e050000 - 0x00007ffa5e10d000 	C:\WINDOWS\System32\KERNEL32.DLL
0x00007ffa5c630000 - 0x00007ffa5c8fd000 	C:\WINDOWS\System32\KERNELBASE.dll
0x00007ffa5e240000 - 0x00007ffa5e2ee000 	C:\WINDOWS\System32\ADVAPI32.dll
0x00007ffa5da30000 - 0x00007ffa5dace000 	C:\WINDOWS\System32\msvcrt.dll
0x00007ffa5e1a0000 - 0x00007ffa5e23c000 	C:\WINDOWS\System32\sechost.dll
0x00007ffa5d7e0000 - 0x00007ffa5d905000 	C:\WINDOWS\System32\RPCRT4.dll
0x00007ffa5ce50000 - 0x00007ffa5cff0000 	C:\WINDOWS\System32\USER32.dll
0x00007ffa5ca40000 - 0x00007ffa5ca62000 	C:\WINDOWS\System32\win32u.dll
0x00007ffa5d580000 - 0x00007ffa5d5aa000 	C:\WINDOWS\System32\GDI32.dll
0x00007ffa5c900000 - 0x00007ffa5ca0b000 	C:\WINDOWS\System32\gdi32full.dll
0x00007ffa5ca70000 - 0x00007ffa5cb0d000 	C:\WINDOWS\System32\msvcp_win.dll
0x00007ffa5cb80000 - 0x00007ffa5cc80000 	C:\WINDOWS\System32\ucrtbase.dll
0x00007ffa4d9c0000 - 0x00007ffa4dc5a000 	C:\WINDOWS\WinSxS\amd64_microsoft.windows.common-controls_6595b64144ccf1df_6.0.19041.1110_none_60b5254171f9507e\COMCTL32.dll
0x00007ffa5e020000 - 0x00007ffa5e050000 	C:\WINDOWS\System32\IMM32.DLL
0x000000006b040000 - 0x000000006b112000 	C:\Program Files\Android\Android Studio\jre\jre\bin\msvcr100.dll
0x000000006b640000 - 0x000000006be8b000 	C:\Program Files\Android\Android Studio\jre\jre\bin\server\jvm.dll
0x00007ffa5e5f0000 - 0x00007ffa5e5f8000 	C:\WINDOWS\System32\PSAPI.DLL
0x00007ffa429b0000 - 0x00007ffa429d7000 	C:\WINDOWS\SYSTEM32\WINMM.dll
0x00007ffa52900000 - 0x00007ffa5290a000 	C:\WINDOWS\SYSTEM32\VERSION.dll
0x00007ffa59990000 - 0x00007ffa59999000 	C:\WINDOWS\SYSTEM32\WSOCK32.dll
0x00007ffa5d770000 - 0x00007ffa5d7db000 	C:\WINDOWS\System32\WS2_32.dll
0x00007ffa51bf0000 - 0x00007ffa51bff000 	C:\Program Files\Android\Android Studio\jre\jre\bin\verify.dll
0x00007ffa4ce70000 - 0x00007ffa4ce99000 	C:\Program Files\Android\Android Studio\jre\jre\bin\java.dll
0x00007ffa4cab0000 - 0x00007ffa4cac6000 	C:\Program Files\Android\Android Studio\jre\jre\bin\zip.dll
0x00007ffa5e600000 - 0x00007ffa5ed44000 	C:\WINDOWS\System32\SHELL32.dll
0x00007ffa5a1a0000 - 0x00007ffa5a934000 	C:\WINDOWS\SYSTEM32\windows.storage.dll
0x00007ffa5d220000 - 0x00007ffa5d574000 	C:\WINDOWS\System32\combase.dll
0x00007ffa5be30000 - 0x00007ffa5be5c000 	C:\WINDOWS\SYSTEM32\Wldp.dll
0x00007ffa5d5b0000 - 0x00007ffa5d65d000 	C:\WINDOWS\System32\SHCORE.dll
0x00007ffa5e2f0000 - 0x00007ffa5e345000 	C:\WINDOWS\System32\shlwapi.dll
0x00007ffa5c3e0000 - 0x00007ffa5c3ff000 	C:\WINDOWS\SYSTEM32\profapi.dll
0x00007ffa4c940000 - 0x00007ffa4c95a000 	C:\Program Files\Android\Android Studio\jre\jre\bin\net.dll
0x00007ffa5bb90000 - 0x00007ffa5bbfa000 	C:\WINDOWS\system32\mswsock.dll
0x00007ffa4c7d0000 - 0x00007ffa4c7e3000 	C:\Program Files\Android\Android Studio\jre\jre\bin\nio.dll
0x00007ffa4ec40000 - 0x00007ffa4ec67000 	C:\Users\e30\.gradle\native\f6784746aeab05261644944871eae4fe03e0ef1612fff0a4a95f87b438bc6780\windows-amd64\native-platform.dll
0x00007ffa50200000 - 0x00007ffa5020d000 	C:\Program Files\Android\Android Studio\jre\jre\bin\management.dll
0x00007ffa5bd80000 - 0x00007ffa5bd98000 	C:\WINDOWS\SYSTEM32\CRYPTSP.dll
0x00007ffa5b510000 - 0x00007ffa5b544000 	C:\WINDOWS\system32\rsaenh.dll
0x00007ffa5ca10000 - 0x00007ffa5ca37000 	C:\WINDOWS\System32\bcrypt.dll
0x00007ffa5c360000 - 0x00007ffa5c38e000 	C:\WINDOWS\SYSTEM32\USERENV.dll
0x00007ffa5c5a0000 - 0x00007ffa5c622000 	C:\WINDOWS\System32\bcryptprimitives.dll
0x00007ffa5bda0000 - 0x00007ffa5bdac000 	C:\WINDOWS\SYSTEM32\CRYPTBASE.dll
0x00007ffa5b880000 - 0x00007ffa5b8bb000 	C:\WINDOWS\SYSTEM32\IPHLPAPI.DLL
0x00007ffa5cde0000 - 0x00007ffa5cde8000 	C:\WINDOWS\System32\NSI.dll
0x00007ffa53a60000 - 0x00007ffa53a77000 	C:\WINDOWS\SYSTEM32\dhcpcsvc6.DLL
0x00007ffa53ad0000 - 0x00007ffa53aed000 	C:\WINDOWS\SYSTEM32\dhcpcsvc.DLL
0x00007ffa5b8c0000 - 0x00007ffa5b98b000 	C:\WINDOWS\SYSTEM32\DNSAPI.dll
0x00007ffa54c00000 - 0x00007ffa54c0b000 	C:\WINDOWS\SYSTEM32\WINNSI.DLL

VM Arguments:
jvm_args: -Xmx2048m -Dfile.encoding=UTF-8 -Duser.country=BR -Duser.language=pt -Duser.variant 
java_command: org.gradle.launcher.daemon.bootstrap.GradleDaemon 6.5
java_class_path (initial): C:\Users\e30\.gradle\wrapper\dists\gradle-6.5-all\2oz4ud9k3tuxjg84bbf55q0tn\gradle-6.5\lib\gradle-launcher-6.5.jar
Launcher Type: SUN_STANDARD

Environment Variables:
JAVA_HOME=C:\Program Files\Java\jdk1.8.0_281
PATH=C:\Program Files (x86)\Common Files\Oracle\Java\javapath;"C:\Program Files (x86)\Common Files\Oracle\Java\javapath;C:\Program Files\Java\jdk1.8.0_281\bin";C:\Program Files (x86)\Intel\Intel(R) Management Engine Components\iCLS\;C:\Program Files\Intel\Intel(R) Management Engine Components\iCLS\;C:\WINDOWS\system32;C:\WINDOWS;C:\WINDOWS\System32\Wbem;C:\WINDOWS\System32\WindowsPowerShell\v1.0\;C:\WINDOWS\System32\OpenSSH\;C:\Program Files (x86)\Intel\Intel(R) Management Engine Components\DAL;C:\Program Files\Intel\Intel(R) Management Engine Components\DAL;C:\Users\e30\AppData\Local\Programs\Python\Python38-32\Scripts;C:\Program Files\Git\cmd;C:\Users\e30\AppData\Local\Programs\Python\Python38-32\Scripts\;C:\Users\e30\AppData\Local\Programs\Python\Python38-32\;C:\Users\e30\AppData\Local\Microsoft\WindowsApps;C:\Users\e30\AppData\Local\Programs\Microsoft VS Code\bin;"C:\Users\e30\AppData\Local\Programs\;C:\Program Files\Java\jdk1.8.0_281\bin";C:\Users\e30\AppData\Local\GitHubDesktop\bin
USERNAME=e30
OS=Windows_NT
PROCESSOR_IDENTIFIER=Intel64 Family 6 Model 142 Stepping 9, GenuineIntel



---------------  S Y S T E M  ---------------

OS: Windows 10.0 , 64 bit Build 19041 (10.0.19041.1706)

CPU:total 4 (initial active 4) (2 cores per cpu, 2 threads per core) family 6 model 142 stepping 9, cmov, cx8, fxsr, mmx, sse, sse2, sse3, ssse3, sse4.1, sse4.2, popcnt, avx, avx2, aes, clmul, erms, 3dnowpref, lzcnt, ht, tsc, tscinvbit, bmi1, bmi2, adx

Memory: 4k page, physical 4107300k(397740k free), swap 8203300k(3068k free)

vm_info: OpenJDK 64-Bit Server VM (25.242-b01) for windows-amd64 JRE (1.8.0_242-release-1644-b01), built by "builder" with MS VC++ 10.0 (VS2010)

time: Tue May 24 22:53:09 2022
timezone: Hora oficial do Brasil
elapsed time: 3 seconds (0d 0h 0m 3s)

