#
# There is insufficient memory for the Java Runtime Environment to continue.
# Native memory allocation (malloc) failed to allocate 167536 bytes for Chunk::new
# Possible reasons:
#   The system is out of physical RAM or swap space
#   The process is running with CompressedOops enabled, and the Java Heap may be blocking the growth of the native heap
# Possible solutions:
#   Reduce memory load on the system
#   Increase physical memory or swap space
#   Check if swap backing store is full
#   Decrease Java heap size (-Xmx/-Xms)
#   Decrease number of Java threads
#   Decrease Java thread stack sizes (-Xss)
#   Set larger code cache with -XX:ReservedCodeCacheSize=
#   JVM is running with Unscaled Compressed Oops mode in which the Java heap is
#     placed in the first 4GB address space. The Java Heap base address is the
#     maximum limit for the native heap growth. Please use -XX:HeapBaseMinAddress
#     to set the Java Heap base and to place the Java Heap above 4GB virtual address.
# This output file may be truncated or incomplete.
#
#  Out of Memory Error (allocation.cpp:389), pid=9448, tid=0x0000000000003b2c
#
# JRE version: OpenJDK Runtime Environment (8.0_242-b01) (build 1.8.0_242-release-1644-b01)
# Java VM: OpenJDK 64-Bit Server VM (25.242-b01 mixed mode windows-amd64 compressed oops)
# Failed to write core dump. Minidumps are not enabled by default on client versions of Windows
#

---------------  T H R E A D  ---------------

Current thread (0x0000000017ef9000):  JavaThread "C2 CompilerThread0" daemon [_thread_in_native, id=15148, stack(0x0000000019570000,0x0000000019670000)]

Stack: [0x0000000019570000,0x0000000019670000]
[error occurred during error reporting (printing stack bounds), id 0xc0000005]

Native frames: (J=compiled Java code, j=interpreted, Vv=VM code, C=native code)


Current CompileTask:
C2:  42395 3685       4       org.gradle.internal.logging.text.AbstractLineChoppingStyledTextOutput::doAppend (43 bytes)


---------------  P R O C E S S  ---------------

Java Threads: ( => current thread )
  0x0000000019ebc800 
[error occurred during error reporting (printing all threads), id 0xc0000005]

VM state:at safepoint (normal execution)

VM Mutex/Monitor currently owned by a thread:  ([mutex/lock_event])
[0x00000000018cd3b0] Threads_lock - owner thread: 0x0000000017eb7000
[0x00000000018cd130] Heap_lock - owner thread: 0x000000001a45f800

OutOfMemory and StackOverflow Exception counts:
OutOfMemoryError java_heap_errors=1

heap address: 0x0000000080000000, size: 2048 MB, Compressed Oops mode: 32-bit
Narrow klass base: 0x0000000000000000, Narrow klass shift: 3
Compressed class space size: 1073741824 Address: 0x0000000100000000

Heap:
 PSYoungGen      total 63488K, used 448K [0x00000000d5580000, 0x00000000d9b00000, 0x0000000100000000)
  eden space 56832K, 0% used [0x00000000d5580000,0x00000000d5580000,0x00000000d8d00000)
  from space 6656K, 6% used [0x00000000d8d00000,0x00000000d8d70000,0x00000000d9380000)
  to   space 6656K, 0% used [0x00000000d9380000,0x00000000d9380000,0x00000000d9a00000)
 ParOldGen       total 48640K, used 15977K [0x0000000080000000, 0x0000000082f80000, 0x00000000d5580000)
  object space 48640K, 32% used [0x0000000080000000,0x0000000080f9a5e8,0x0000000082f80000)
 Metaspace       used 36611K, capacity 38075K, committed 38104K, reserved 1087488K
  class space    used 5029K, capacity 5347K, committed 5376K, reserved 1048576K

Card table byte_map: [0x0000000012690000,0x0000000012aa0000] byte_map_base: 0x0000000012290000

Marking Bits: (ParMarkBitMap*) 0x000000005f9ef030
 Begin Bits: [0x0000000013150000, 0x0000000015150000)
 End Bits:   [0x0000000015150000, 0x0000000017150000)

Polling page: 0x00000000017e0000

CodeCache: size=245760Kb used=11367Kb max_used=11367Kb free=234392Kb
 bounds [0x00000000032d0000, 0x0000000003e00000, 0x00000000122d0000]
 total_blobs=4084 nmethods=3380 adapters=616
 compilation: enabled

Compilation events (10 events):
Event: 42.093 Thread 0x0000000017f00800 nmethod 3682 0x0000000003ded510 code [0x0000000003ded720, 0x0000000003dee7d8]
Event: 42.093 Thread 0x0000000017f00800 3683       3       java.util.ArrayList::clear (39 bytes)
Event: 42.094 Thread 0x0000000017f00800 nmethod 3683 0x0000000003de6750 code [0x0000000003de68c0, 0x0000000003de6c30]
Event: 42.119 Thread 0x0000000017efd000 3684       4       org.gradle.internal.logging.text.AbstractLineChoppingStyledTextOutput$StateContext::hasChar (22 bytes)
Event: 42.119 Thread 0x0000000017ef9000 3685       4       org.gradle.internal.logging.text.AbstractLineChoppingStyledTextOutput::doAppend (43 bytes)
Event: 42.120 Thread 0x0000000017efd000 nmethod 3684 0x0000000003de6550 code [0x0000000003de6680, 0x0000000003de66f8]
Event: 42.121 Thread 0x0000000017f00800 3686       3       org.gradle.internal.dispatch.ProxyDispatchAdapter$DispatchingInvocationHandler::invoke (184 bytes)
Event: 42.124 Thread 0x0000000017f00800 nmethod 3686 0x0000000003df1910 code [0x0000000003df1c80, 0x0000000003df3c28]
Event: 42.127 Thread 0x0000000017f00800 3687       3       java.io.ObjectStreamField::setOffset (6 bytes)
Event: 42.128 Thread 0x0000000017f00800 nmethod 3687 0x0000000003de6250 code [0x0000000003de63a0, 0x0000000003de64f0]

GC Heap History (10 events):
Event: 24.998 GC heap after
Heap after GC invocations=15 (full 1):
 PSYoungGen      total 63488K, used 3337K [0x00000000d5580000, 0x00000000d9b00000, 0x0000000100000000)
  eden space 56832K, 0% used [0x00000000d5580000,0x00000000d5580000,0x00000000d8d00000)
  from space 6656K, 50% used [0x00000000d9380000,0x00000000d96c26a0,0x00000000d9a00000)
  to   space 6656K, 0% used [0x00000000d8d00000,0x00000000d8d00000,0x00000000d9380000)
 ParOldGen       total 34816K, used 13629K [0x0000000080000000, 0x0000000082200000, 0x00000000d5580000)
  object space 34816K, 39% used [0x0000000080000000,0x0000000080d4f780,0x0000000082200000)
 Metaspace       used 34105K, capacity 35328K, committed 35416K, reserved 1079296K
  class space    used 4684K, capacity 4973K, committed 4992K, reserved 1048576K
}
Event: 25.111 GC heap before
{Heap before GC invocations=16 (full 1):
 PSYoungGen      total 63488K, used 5523K [0x00000000d5580000, 0x00000000d9b00000, 0x0000000100000000)
  eden space 56832K, 3% used [0x00000000d5580000,0x00000000d57a2908,0x00000000d8d00000)
  from space 6656K, 50% used [0x00000000d9380000,0x00000000d96c26a0,0x00000000d9a00000)
  to   space 6656K, 0% used [0x00000000d8d00000,0x00000000d8d00000,0x00000000d9380000)
 ParOldGen       total 34816K, used 13629K [0x0000000080000000, 0x0000000082200000, 0x00000000d5580000)
  object space 34816K, 39% used [0x0000000080000000,0x0000000080d4f780,0x0000000082200000)
 Metaspace       used 34215K, capacity 35392K, committed 35416K, reserved 1079296K
  class space    used 4706K, capacity 4973K, committed 4992K, reserved 1048576K
Event: 25.124 GC heap after
Heap after GC invocations=16 (full 1):
 PSYoungGen      total 63488K, used 208K [0x00000000d5580000, 0x00000000d9b00000, 0x0000000100000000)
  eden space 56832K, 0% used [0x00000000d5580000,0x00000000d5580000,0x00000000d8d00000)
  from space 6656K, 3% used [0x00000000d8d00000,0x00000000d8d342b0,0x00000000d9380000)
  to   space 6656K, 0% used [0x00000000d9380000,0x00000000d9380000,0x00000000d9a00000)
 ParOldGen       total 34816K, used 15357K [0x0000000080000000, 0x0000000082200000, 0x00000000d5580000)
  object space 34816K, 44% used [0x0000000080000000,0x0000000080eff7a0,0x0000000082200000)
 Metaspace       used 34215K, capacity 35392K, committed 35416K, reserved 1079296K
  class space    used 4706K, capacity 4973K, committed 4992K, reserved 1048576K
}
Event: 25.124 GC heap before
{Heap before GC invocations=17 (full 2):
 PSYoungGen      total 63488K, used 208K [0x00000000d5580000, 0x00000000d9b00000, 0x0000000100000000)
  eden space 56832K, 0% used [0x00000000d5580000,0x00000000d5580000,0x00000000d8d00000)
  from space 6656K, 3% used [0x00000000d8d00000,0x00000000d8d342b0,0x00000000d9380000)
  to   space 6656K, 0% used [0x00000000d9380000,0x00000000d9380000,0x00000000d9a00000)
 ParOldGen       total 34816K, used 15357K [0x0000000080000000, 0x0000000082200000, 0x00000000d5580000)
  object space 34816K, 44% used [0x0000000080000000,0x0000000080eff7a0,0x0000000082200000)
 Metaspace       used 34215K, capacity 35392K, committed 35416K, reserved 1079296K
  class space    used 4706K, capacity 4973K, committed 4992K, reserved 1048576K
Event: 25.309 GC heap after
Heap after GC invocations=17 (full 2):
 PSYoungGen      total 63488K, used 0K [0x00000000d5580000, 0x00000000d9b00000, 0x0000000100000000)
  eden space 56832K, 0% used [0x00000000d5580000,0x00000000d5580000,0x00000000d8d00000)
  from space 6656K, 0% used [0x00000000d8d00000,0x00000000d8d00000,0x00000000d9380000)
  to   space 6656K, 0% used [0x00000000d9380000,0x00000000d9380000,0x00000000d9a00000)
 ParOldGen       total 48640K, used 13355K [0x0000000080000000, 0x0000000082f80000, 0x00000000d5580000)
  object space 48640K, 27% used [0x0000000080000000,0x0000000080d0ad28,0x0000000082f80000)
 Metaspace       used 34215K, capacity 35392K, committed 35416K, reserved 1079296K
  class space    used 4706K, capacity 4973K, committed 4992K, reserved 1048576K
}
Event: 41.356 GC heap before
{Heap before GC invocations=18 (full 2):
 PSYoungGen      total 63488K, used 56832K [0x00000000d5580000, 0x00000000d9b00000, 0x0000000100000000)
  eden space 56832K, 100% used [0x00000000d5580000,0x00000000d8d00000,0x00000000d8d00000)
  from space 6656K, 0% used [0x00000000d8d00000,0x00000000d8d00000,0x00000000d9380000)
  to   space 6656K, 0% used [0x00000000d9380000,0x00000000d9380000,0x00000000d9a00000)
 ParOldGen       total 48640K, used 13355K [0x0000000080000000, 0x0000000082f80000, 0x00000000d5580000)
  object space 48640K, 27% used [0x0000000080000000,0x0000000080d0ad28,0x0000000082f80000)
 Metaspace       used 36375K, capacity 37840K, committed 38104K, reserved 1081344K
  class space    used 4991K, capacity 5323K, committed 5376K, reserved 1048576K
Event: 41.371 GC heap after
Heap after GC invocations=18 (full 2):
 PSYoungGen      total 63488K, used 4598K [0x00000000d5580000, 0x00000000d9b00000, 0x0000000100000000)
  eden space 56832K, 0% used [0x00000000d5580000,0x00000000d5580000,0x00000000d8d00000)
  from space 6656K, 69% used [0x00000000d9380000,0x00000000d97fd818,0x00000000d9a00000)
  to   space 6656K, 0% used [0x00000000d8d00000,0x00000000d8d00000,0x00000000d9380000)
 ParOldGen       total 48640K, used 13363K [0x0000000080000000, 0x0000000082f80000, 0x00000000d5580000)
  object space 48640K, 27% used [0x0000000080000000,0x0000000080d0cd28,0x0000000082f80000)
 Metaspace       used 36375K, capacity 37840K, committed 38104K, reserved 1081344K
  class space    used 4991K, capacity 5323K, committed 5376K, reserved 1048576K
}
Event: 42.128 GC heap before
{Heap before GC invocations=19 (full 2):
 PSYoungGen      total 63488K, used 8810K [0x00000000d5580000, 0x00000000d9b00000, 0x0000000100000000)
  eden space 56832K, 7% used [0x00000000d5580000,0x00000000d599d3e0,0x00000000d8d00000)
  from space 6656K, 69% used [0x00000000d9380000,0x00000000d97fd818,0x00000000d9a00000)
  to   space 6656K, 0% used [0x00000000d8d00000,0x00000000d8d00000,0x00000000d9380000)
 ParOldGen       total 48640K, used 13363K [0x0000000080000000, 0x0000000082f80000, 0x00000000d5580000)
  object space 48640K, 27% used [0x0000000080000000,0x0000000080d0cd28,0x0000000082f80000)
 Metaspace       used 36611K, capacity 38075K, committed 38104K, reserved 1087488K
  class space    used 5029K, capacity 5347K, committed 5376K, reserved 1048576K
Event: 42.138 GC heap after
Heap after GC invocations=19 (full 2):
 PSYoungGen      total 63488K, used 448K [0x00000000d5580000, 0x00000000d9b00000, 0x0000000100000000)
  eden space 56832K, 0% used [0x00000000d5580000,0x00000000d5580000,0x00000000d8d00000)
  from space 6656K, 6% used [0x00000000d8d00000,0x00000000d8d70000,0x00000000d9380000)
  to   space 6656K, 0% used [0x00000000d9380000,0x00000000d9380000,0x00000000d9a00000)
 ParOldGen       total 48640K, used 15977K [0x0000000080000000, 0x0000000082f80000, 0x00000000d5580000)
  object space 48640K, 32% used [0x0000000080000000,0x0000000080f9a5e8,0x0000000082f80000)
 Metaspace       used 36611K, capacity 38075K, committed 38104K, reserved 1087488K
  class space    used 5029K, capacity 5347K, committed 5376K, reserved 1048576K
}
Event: 42.138 GC heap before
{Heap before GC invocations=20 (full 3):
 PSYoungGen      total 63488K, used 448K [0x00000000d5580000, 0x00000000d9b00000, 0x0000000100000000)
  eden space 56832K, 0% used [0x00000000d5580000,0x00000000d5580000,0x00000000d8d00000)
  from space 6656K, 6% used [0x00000000d8d00000,0x00000000d8d70000,0x00000000d9380000)
  to   space 6656K, 0% used [0x00000000d9380000,0x00000000d9380000,0x00000000d9a00000)
 ParOldGen       total 48640K, used 15977K [0x0000000080000000, 0x0000000082f80000, 0x00000000d5580000)
  object space 48640K, 32% used [0x0000000080000000,0x0000000080f9a5e8,0x0000000082f80000)
 Metaspace       used 36611K, capacity 38075K, committed 38104K, reserved 1087488K
  class space    used 5029K, capacity 5347K, committed 5376K, reserved 1048576K

Deoptimization events (10 events):
Event: 23.593 Thread 0x000000001a45f800 Uncommon trap: reason=class_check action=maybe_recompile pc=0x0000000003bd439c method=org.codehaus.groovy.runtime.metaclass.MetaMethodIndex.addMethodToList(Ljava/lang/Object;Lgroovy/lang/MetaMethod;)Ljava/lang/Object; @ 240
Event: 23.593 Thread 0x000000001a45f800 Uncommon trap: reason=class_check action=maybe_recompile pc=0x0000000003bd439c method=org.codehaus.groovy.runtime.metaclass.MetaMethodIndex.addMethodToList(Ljava/lang/Object;Lgroovy/lang/MetaMethod;)Ljava/lang/Object; @ 240
Event: 23.813 Thread 0x000000001a45f800 Uncommon trap: reason=unstable_if action=reinterpret pc=0x0000000003bdd4f8 method=org.codehaus.groovy.runtime.metaclass.MetaMethodIndex.addMethodToList(Ljava/lang/Object;Lgroovy/lang/MetaMethod;)Ljava/lang/Object; @ 226
Event: 24.161 Thread 0x000000001a45f800 Uncommon trap: reason=range_check action=make_not_entrant pc=0x0000000003b6a254 method=java.lang.String.charAt(I)C @ 27
Event: 33.031 Thread 0x000000001a45f800 Uncommon trap: reason=unstable_if action=reinterpret pc=0x00000000036b2a74 method=java.lang.String.lastIndexOf([CII[CIII)I @ 118
Event: 33.188 Thread 0x000000001b957000 Uncommon trap: reason=unstable_if action=reinterpret pc=0x0000000003d3701c method=com.esotericsoftware.kryo.io.Input.readUtf8Length(I)I @ 9
Event: 42.091 Thread 0x000000001a45f800 Uncommon trap: reason=class_check action=maybe_recompile pc=0x000000000375db10 method=org.gradle.internal.logging.text.AbstractLineChoppingStyledTextOutput$StateContext.flushLineText()V @ 110
Event: 42.091 Thread 0x000000001a45f800 Uncommon trap: reason=class_check action=maybe_recompile pc=0x000000000375db10 method=org.gradle.internal.logging.text.AbstractLineChoppingStyledTextOutput$StateContext.flushLineText()V @ 110
Event: 42.091 Thread 0x000000001a45f800 Uncommon trap: reason=class_check action=maybe_recompile pc=0x000000000375db10 method=org.gradle.internal.logging.text.AbstractLineChoppingStyledTextOutput$StateContext.flushLineText()V @ 110
Event: 42.091 Thread 0x000000001a45f800 Uncommon trap: reason=class_check action=maybe_recompile pc=0x000000000375db10 method=org.gradle.internal.logging.text.AbstractLineChoppingStyledTextOutput$StateContext.flushLineText()V @ 110

Classes redefined (0 events):
No events

Internal exceptions (10 events):
Event: 41.412 Thread 0x000000001a45f800 Exception <a 'java/lang/OutOfMemoryError': unable to create new native thread> (0x00000000d55ce2d8) thrown at [C:\src\AOSP-openjdk-git\hotspot\src\share\vm\prims\jvm.cpp, line 3141]
Event: 41.601 Thread 0x000000001a4b3000 Exception <a 'java/lang/NoSuchMethodError': <clinit>> (0x00000000d5814a78) thrown at [C:\src\AOSP-openjdk-git\hotspot\src\share\vm\prims\jni.cpp, line 1615]
Event: 41.605 Thread 0x000000001a4b3000 Exception <a 'java/lang/NoSuchMethodError': <clinit>> (0x00000000d5832fb8) thrown at [C:\src\AOSP-openjdk-git\hotspot\src\share\vm\prims\jni.cpp, line 1615]
Event: 41.606 Thread 0x000000001a4b3000 Exception <a 'java/lang/NoSuchMethodError': <clinit>> (0x00000000d58349d8) thrown at [C:\src\AOSP-openjdk-git\hotspot\src\share\vm\prims\jni.cpp, line 1615]
Event: 41.606 Thread 0x000000001a4b3000 Exception <a 'java/lang/NoSuchMethodError': <clinit>> (0x00000000d58362d0) thrown at [C:\src\AOSP-openjdk-git\hotspot\src\share\vm\prims\jni.cpp, line 1615]
Event: 41.606 Thread 0x000000001a4b3000 Exception <a 'java/lang/NoSuchMethodError': <clinit>> (0x00000000d5837808) thrown at [C:\src\AOSP-openjdk-git\hotspot\src\share\vm\prims\jni.cpp, line 1615]
Event: 41.607 Thread 0x000000001a4b3000 Exception <a 'java/lang/NoSuchMethodError': <clinit>> (0x00000000d5841d50) thrown at [C:\src\AOSP-openjdk-git\hotspot\src\share\vm\prims\jni.cpp, line 1615]
Event: 41.609 Thread 0x000000001a4b3000 Exception <a 'java/lang/NoSuchMethodError': <clinit>> (0x00000000d584cd98) thrown at [C:\src\AOSP-openjdk-git\hotspot\src\share\vm\prims\jni.cpp, line 1615]
Event: 41.612 Thread 0x000000001a4b3000 Exception <a 'java/lang/NoSuchMethodError': <clinit>> (0x00000000d5860250) thrown at [C:\src\AOSP-openjdk-git\hotspot\src\share\vm\prims\jni.cpp, line 1615]
Event: 41.616 Thread 0x000000001a4b3000 Exception <a 'java/lang/NoSuchMethodError': <clinit>> (0x00000000d587ccb8) thrown at [C:\src\AOSP-openjdk-git\hotspot\src\share\vm\prims\jni.cpp, line 1615]

Events (10 events):
Event: 42.121 loading class org/gradle/internal/buildevents/TaskExecutionStatisticsReporter done
Event: 42.122 loading class org/gradle/api/internal/tasks/execution/statistics/TaskExecutionStatistics
Event: 42.122 loading class org/gradle/api/internal/tasks/execution/statistics/TaskExecutionStatistics done
Event: 42.123 loading class org/gradle/tooling/internal/provider/serialization/DefaultPayloadClassLoaderRegistry$1
Event: 42.123 loading class org/gradle/tooling/internal/provider/serialization/DefaultPayloadClassLoaderRegistry$1 done
Event: 42.124 loading class org/gradle/tooling/internal/provider/serialization/WellKnownClassLoaderRegistry$1
Event: 42.124 loading class org/gradle/tooling/internal/provider/serialization/WellKnownClassLoaderRegistry$1 done
Event: 42.125 loading class org/gradle/internal/serialize/ExceptionReplacingObjectOutputStream$1
Event: 42.125 loading class org/gradle/internal/serialize/ExceptionReplacingObjectOutputStream$1 done
Event: 42.128 Executing VM operation: CollectForMetadataAllocation


Dynamic libraries:
0x00007ff679de0000 - 0x00007ff679e11000 	C:\Program Files\Android\Android Studio\jre\bin\java.exe
0x00007ffb61c90000 - 0x00007ffb61e85000 	C:\WINDOWS\SYSTEM32\ntdll.dll
0x00007ffb618c0000 - 0x00007ffb6197e000 	C:\WINDOWS\System32\KERNEL32.DLL
0x00007ffb5f8b0000 - 0x00007ffb5fb78000 	C:\WINDOWS\System32\KERNELBASE.dll
0x00007ffb61660000 - 0x00007ffb6170e000 	C:\WINDOWS\System32\ADVAPI32.dll
0x00007ffb61300000 - 0x00007ffb6139e000 	C:\WINDOWS\System32\msvcrt.dll
0x00007ffb61560000 - 0x00007ffb615fc000 	C:\WINDOWS\System32\sechost.dll
0x00007ffb60660000 - 0x00007ffb60785000 	C:\WINDOWS\System32\RPCRT4.dll
0x00007ffb61aa0000 - 0x00007ffb61c41000 	C:\WINDOWS\System32\USER32.dll
0x00007ffb5f4d0000 - 0x00007ffb5f4f2000 	C:\WINDOWS\System32\win32u.dll
0x00007ffb604e0000 - 0x00007ffb6050b000 	C:\WINDOWS\System32\GDI32.dll
0x00007ffb5f5e0000 - 0x00007ffb5f6ed000 	C:\WINDOWS\System32\gdi32full.dll
0x00007ffb5fb80000 - 0x00007ffb5fc1d000 	C:\WINDOWS\System32\msvcp_win.dll
0x00007ffb5f3a0000 - 0x00007ffb5f4a0000 	C:\WINDOWS\System32\ucrtbase.dll
0x00007ffb532f0000 - 0x00007ffb5358a000 	C:\WINDOWS\WinSxS\amd64_microsoft.windows.common-controls_6595b64144ccf1df_6.0.19041.1110_none_60b5254171f9507e\COMCTL32.dll
0x00007ffb5fcd0000 - 0x00007ffb5fd00000 	C:\WINDOWS\System32\IMM32.DLL
0x000000005f060000 - 0x000000005f132000 	C:\Program Files\Android\Android Studio\jre\jre\bin\msvcr100.dll
0x000000005f220000 - 0x000000005fa6b000 	C:\Program Files\Android\Android Studio\jre\jre\bin\server\jvm.dll
0x00007ffb61a90000 - 0x00007ffb61a98000 	C:\WINDOWS\System32\PSAPI.DLL
0x00007ffb4af40000 - 0x00007ffb4af49000 	C:\WINDOWS\SYSTEM32\WSOCK32.dll
0x00007ffb614f0000 - 0x00007ffb6155b000 	C:\WINDOWS\System32\WS2_32.dll
0x00007ffb4a120000 - 0x00007ffb4a147000 	C:\WINDOWS\SYSTEM32\WINMM.dll
0x00007ffb54ab0000 - 0x00007ffb54aba000 	C:\WINDOWS\SYSTEM32\VERSION.dll
0x00007ffb58ba0000 - 0x00007ffb58baf000 	C:\Program Files\Android\Android Studio\jre\jre\bin\verify.dll
0x00007ffb58960000 - 0x00007ffb58989000 	C:\Program Files\Android\Android Studio\jre\jre\bin\java.dll
0x00007ffb58b80000 - 0x00007ffb58b96000 	C:\Program Files\Android\Android Studio\jre\jre\bin\zip.dll
0x00007ffb5fd00000 - 0x00007ffb60444000 	C:\WINDOWS\System32\SHELL32.dll
0x00007ffb5d090000 - 0x00007ffb5d825000 	C:\WINDOWS\SYSTEM32\windows.storage.dll
0x00007ffb60d30000 - 0x00007ffb61085000 	C:\WINDOWS\System32\combase.dll
0x00007ffb5edf0000 - 0x00007ffb5ee1e000 	C:\WINDOWS\SYSTEM32\Wldp.dll
0x00007ffb619e0000 - 0x00007ffb61a8d000 	C:\WINDOWS\System32\SHCORE.dll
0x00007ffb61850000 - 0x00007ffb618a5000 	C:\WINDOWS\System32\shlwapi.dll
0x00007ffb5f2e0000 - 0x00007ffb5f2ff000 	C:\WINDOWS\SYSTEM32\profapi.dll
0x00007ffb58a30000 - 0x00007ffb58a4a000 	C:\Program Files\Android\Android Studio\jre\jre\bin\net.dll
0x00007ffb5eb50000 - 0x00007ffb5ebba000 	C:\WINDOWS\system32\mswsock.dll
0x00007ffb56e00000 - 0x00007ffb56e13000 	C:\Program Files\Android\Android Studio\jre\jre\bin\nio.dll
0x00007ffb4c910000 - 0x00007ffb4c937000 	C:\Users\e30\.gradle\native\f6784746aeab05261644944871eae4fe03e0ef1612fff0a4a95f87b438bc6780\windows-amd64\native-platform.dll
0x00007ffb57c90000 - 0x00007ffb57c9d000 	C:\Program Files\Android\Android Studio\jre\jre\bin\management.dll
0x00007ffb5ed40000 - 0x00007ffb5ed58000 	C:\WINDOWS\SYSTEM32\CRYPTSP.dll
0x00007ffb5e460000 - 0x00007ffb5e494000 	C:\WINDOWS\system32\rsaenh.dll
0x00007ffb5f4a0000 - 0x00007ffb5f4c7000 	C:\WINDOWS\System32\bcrypt.dll
0x00007ffb5f2a0000 - 0x00007ffb5f2ce000 	C:\WINDOWS\SYSTEM32\USERENV.dll
0x00007ffb5f550000 - 0x00007ffb5f5d2000 	C:\WINDOWS\System32\bcryptprimitives.dll
0x00007ffb5ed60000 - 0x00007ffb5ed6c000 	C:\WINDOWS\SYSTEM32\CRYPTBASE.dll
0x00007ffb5e7f0000 - 0x00007ffb5e82b000 	C:\WINDOWS\SYSTEM32\IPHLPAPI.DLL
0x00007ffb618b0000 - 0x00007ffb618b8000 	C:\WINDOWS\System32\NSI.dll
0x00007ffb55ac0000 - 0x00007ffb55ad7000 	C:\WINDOWS\SYSTEM32\dhcpcsvc6.DLL
0x00007ffb55bd0000 - 0x00007ffb55bed000 	C:\WINDOWS\SYSTEM32\dhcpcsvc.DLL
0x00007ffb5e880000 - 0x00007ffb5e94b000 	C:\WINDOWS\SYSTEM32\DNSAPI.dll
0x00007ffb55c60000 - 0x00007ffb55c6b000 	C:\WINDOWS\SYSTEM32\WINNSI.DLL

VM Arguments:
jvm_args: -Xmx2048m -Dfile.encoding=UTF-8 -Duser.country=BR -Duser.language=pt -Duser.variant 
java_command: org.gradle.launcher.daemon.bootstrap.GradleDaemon 6.5
java_class_path (initial): C:\Users\e30\.gradle\wrapper\dists\gradle-6.5-all\2oz4ud9k3tuxjg84bbf55q0tn\gradle-6.5\lib\gradle-launcher-6.5.jar
Launcher Type: SUN_STANDARD

Environment Variables:
JAVA_HOME=C:\Program Files\Java\jdk1.8.0_281
PATH=C:\Program Files (x86)\Common Files\Oracle\Java\javapath;"C:\Program Files (x86)\Common Files\Oracle\Java\javapath;C:\Program Files\Java\jdk1.8.0_281\bin";C:\Program Files (x86)\Intel\Intel(R) Management Engine Components\iCLS\;C:\Program Files\Intel\Intel(R) Management Engine Components\iCLS\;C:\WINDOWS\system32;C:\WINDOWS;C:\WINDOWS\System32\Wbem;C:\WINDOWS\System32\WindowsPowerShell\v1.0\;C:\WINDOWS\System32\OpenSSH\;C:\Program Files (x86)\Intel\Intel(R) Management Engine Components\DAL;C:\Program Files\Intel\Intel(R) Management Engine Components\DAL;C:\Users\e30\AppData\Local\Programs\Python\Python38-32\Scripts;C:\Program Files\Git\cmd;C:\Users\e30\AppData\Local\Programs\Python\Python38-32\Scripts\;C:\Users\e30\AppData\Local\Programs\Python\Python38-32\;C:\Users\e30\AppData\Local\Microsoft\WindowsApps;C:\Users\e30\AppData\Local\Programs\Microsoft VS Code\bin;"C:\Users\e30\AppData\Local\Programs\;C:\Program Files\Java\jdk1.8.0_281\bin";
USERNAME=e30
OS=Windows_NT
PROCESSOR_IDENTIFIER=Intel64 Family 6 Model 142 Stepping 9, GenuineIntel



---------------  S Y S T E M  ---------------

OS: Windows 10.0 , 64 bit Build 19041 (10.0.19041.1466)

CPU:total 4 (initial active 4) (2 cores per cpu, 2 threads per core) family 6 model 142 stepping 9, cmov, cx8, fxsr, mmx, sse, sse2, sse3, ssse3, sse4.1, sse4.2, popcnt, avx, avx2, aes, clmul, erms, 3dnowpref, lzcnt, ht, tsc, tscinvbit, bmi1, bmi2, adx

Memory: 4k page, physical 4107072k(305704k free), swap 8203072k(0k free)

vm_info: OpenJDK 64-Bit Server VM (25.242-b01) for windows-amd64 JRE (1.8.0_242-release-1644-b01), built by "builder" with MS VC++ 10.0 (VS2010)

time: Mon Feb 07 12:32:42 2022
timezone: Hora oficial do Brasil
elapsed time: 42 seconds (0d 0h 0m 42s)

