#
# There is insufficient memory for the Java Runtime Environment to continue.
# Native memory allocation (malloc) failed to allocate 32744 bytes for ChunkPool::allocate
# Possible reasons:
#   The system is out of physical RAM or swap space
#   The process is running with CompressedOops enabled, and the Java Heap may be blocking the growth of the native heap
# Possible solutions:
#   Reduce memory load on the system
#   Increase physical memory or swap space
#   Check if swap backing store is full
#   Decrease Java heap size (-Xmx/-Xms)
#   Decrease number of Java threads
#   Decrease Java thread stack sizes (-Xss)
#   Set larger code cache with -XX:ReservedCodeCacheSize=
#   JVM is running with Unscaled Compressed Oops mode in which the Java heap is
#     placed in the first 4GB address space. The Java Heap base address is the
#     maximum limit for the native heap growth. Please use -XX:HeapBaseMinAddress
#     to set the Java Heap base and to place the Java Heap above 4GB virtual address.
# This output file may be truncated or incomplete.
#
#  Out of Memory Error (allocation.cpp:272), pid=8452, tid=0x000000000000050c
#
# JRE version: OpenJDK Runtime Environment (8.0_242-b01) (build 1.8.0_242-release-1644-b01)
# Java VM: OpenJDK 64-Bit Server VM (25.242-b01 mixed mode windows-amd64 compressed oops)
# Failed to write core dump. Minidumps are not enabled by default on client versions of Windows
#

---------------  T H R E A D  ---------------

Current thread (0x000000001b59b000):  JavaThread "Daemon worker" [_thread_in_vm, id=1292, stack(0x000000001d3c0000,0x000000001d4c0000)]

Stack: [0x000000001d3c0000,0x000000001d4c0000]
[error occurred during error reporting (printing stack bounds), id 0xc0000005]

Native frames: (J=compiled Java code, j=interpreted, Vv=VM code, C=native code)

Java frames: (J=compiled Java code, j=interpreted, Vv=VM code)
J 768  java.lang.ClassLoader.defineClass1(Ljava/lang/String;[BIILjava/security/ProtectionDomain;Ljava/lang/String;)Ljava/lang/Class; (0 bytes) @ 0x00000000032ed51f [0x00000000032ed480+0x9f]
J 669 C1 java.lang.ClassLoader.defineClass(Ljava/lang/String;[BIILjava/security/ProtectionDomain;)Ljava/lang/Class; (43 bytes) @ 0x0000000003298024 [0x0000000003297a40+0x5e4]
J 612 C1 java.net.URLClassLoader.defineClass(Ljava/lang/String;Lsun/misc/Resource;)Ljava/lang/Class; (142 bytes) @ 0x000000000326fc24 [0x000000000326e0c0+0x1b64]
J 518 C1 java.net.URLClassLoader$1.run()Ljava/lang/Class; (63 bytes) @ 0x00000000032134ec [0x0000000003213220+0x2cc]
J 517 C1 java.net.URLClassLoader$1.run()Ljava/lang/Object; (5 bytes) @ 0x0000000003212e8c [0x0000000003212e00+0x8c]
v  ~StubRoutines::call_stub
J 435  java.security.AccessController.doPrivileged(Ljava/security/PrivilegedExceptionAction;Ljava/security/AccessControlContext;)Ljava/lang/Object; (0 bytes) @ 0x00000000031e41e6 [0x00000000031e4180+0x66]
J 1472 C2 java.net.URLClassLoader.findClass(Ljava/lang/String;)Ljava/lang/Class; (47 bytes) @ 0x0000000003515770 [0x00000000035156e0+0x90]
J 1436 C2 java.lang.ClassLoader.loadClass(Ljava/lang/String;Z)Ljava/lang/Class; (122 bytes) @ 0x00000000034f88d4 [0x00000000034f7b80+0xd54]
J 464 C1 java.lang.ClassLoader.loadClass(Ljava/lang/String;)Ljava/lang/Class; (7 bytes) @ 0x00000000031f2c0c [0x00000000031f2b00+0x10c]
v  ~StubRoutines::call_stub
j  org.gradle.internal.service.scopes.VirtualFileSystemServices$GradleUserHomeServices.createVirtualFileSystem(Lorg/gradle/internal/vfs/AdditiveCacheLocations;Lorg/gradle/internal/hash/FileHasher;Lorg/gradle/internal/nativeintegration/filesystem/FileSystem;Lorg/gradle/internal/file/Stat;Lorg/gradle/api/internal/cache/StringInterner;Lorg/gradle/internal/event/ListenerManager;)Lorg/gradle/internal/watch/vfs/WatchingAwareVirtualFileSystem;+48
v  ~StubRoutines::call_stub
j  sun.reflect.NativeMethodAccessorImpl.invoke0(Ljava/lang/reflect/Method;Ljava/lang/Object;[Ljava/lang/Object;)Ljava/lang/Object;+0
j  sun.reflect.NativeMethodAccessorImpl.invoke(Ljava/lang/Object;[Ljava/lang/Object;)Ljava/lang/Object;+100
J 1237 C1 sun.reflect.DelegatingMethodAccessorImpl.invoke(Ljava/lang/Object;[Ljava/lang/Object;)Ljava/lang/Object; (10 bytes) @ 0x000000000346cc04 [0x000000000346cb00+0x104]
J 1236 C1 java.lang.reflect.Method.invoke(Ljava/lang/Object;[Ljava/lang/Object;)Ljava/lang/Object; (62 bytes) @ 0x000000000346c62c [0x000000000346c240+0x3ec]
j  org.gradle.internal.reflect.JavaMethod.invoke(Ljava/lang/Object;[Ljava/lang/Object;)Ljava/lang/Object;+6
j  org.gradle.internal.service.ReflectionBasedServiceMethod.invoke(Ljava/lang/Object;[Ljava/lang/Object;)Ljava/lang/Object;+6
j  org.gradle.internal.service.DefaultServiceRegistry$FactoryMethodService.invokeMethod([Ljava/lang/Object;)Ljava/lang/Object;+9
j  org.gradle.internal.service.DefaultServiceRegistry$FactoryService.create()Ljava/lang/Object;+7
J 1464 C1 org.gradle.internal.service.DefaultServiceRegistry$ManagedObjectServiceProvider.getInstance()Ljava/lang/Object; (81 bytes) @ 0x00000000034f4e4c [0x00000000034f4c00+0x24c]
J 1463 C1 org.gradle.internal.service.DefaultServiceRegistry$SingletonService.get()Ljava/lang/Object; (5 bytes) @ 0x00000000034f53b4 [0x00000000034f52c0+0xf4]
j  org.gradle.internal.service.DefaultServiceRegistry$FactoryService.assembleParameters()[Ljava/lang/Object;+44
j  org.gradle.internal.service.DefaultServiceRegistry$FactoryService.create()Ljava/lang/Object;+1
J 1464 C1 org.gradle.internal.service.DefaultServiceRegistry$ManagedObjectServiceProvider.getInstance()Ljava/lang/Object; (81 bytes) @ 0x00000000034f4e4c [0x00000000034f4c00+0x24c]
J 1463 C1 org.gradle.internal.service.DefaultServiceRegistry$SingletonService.get()Ljava/lang/Object; (5 bytes) @ 0x00000000034f53b4 [0x00000000034f52c0+0xf4]
j  org.gradle.internal.service.DefaultServiceRegistry$FactoryService.assembleParameters()[Ljava/lang/Object;+44
j  org.gradle.internal.service.DefaultServiceRegistry$FactoryService.create()Ljava/lang/Object;+1
J 1464 C1 org.gradle.internal.service.DefaultServiceRegistry$ManagedObjectServiceProvider.getInstance()Ljava/lang/Object; (81 bytes) @ 0x00000000034f4e4c [0x00000000034f4c00+0x24c]
J 1463 C1 org.gradle.internal.service.DefaultServiceRegistry$SingletonService.get()Ljava/lang/Object; (5 bytes) @ 0x00000000034f53b4 [0x00000000034f52c0+0xf4]
j  org.gradle.internal.service.DefaultServiceRegistry$FactoryService.assembleParameters()[Ljava/lang/Object;+44
j  org.gradle.internal.service.DefaultServiceRegistry$FactoryService.create()Ljava/lang/Object;+1
J 1464 C1 org.gradle.internal.service.DefaultServiceRegistry$ManagedObjectServiceProvider.getInstance()Ljava/lang/Object; (81 bytes) @ 0x00000000034f4e4c [0x00000000034f4c00+0x24c]
J 1463 C1 org.gradle.internal.service.DefaultServiceRegistry$SingletonService.get()Ljava/lang/Object; (5 bytes) @ 0x00000000034f53b4 [0x00000000034f52c0+0xf4]
j  org.gradle.internal.service.DefaultServiceRegistry.find(Ljava/lang/reflect/Type;)Ljava/lang/Object;+22
j  org.gradle.internal.service.DefaultServiceRegistry.get(Ljava/lang/reflect/Type;)Ljava/lang/Object;+2
j  org.gradle.internal.service.DefaultServiceRegistry.get(Ljava/lang/Class;)Ljava/lang/Object;+3
j  org.gradle.launcher.exec.InProcessBuildActionExecuter.execute(Lorg/gradle/internal/invocation/BuildAction;Lorg/gradle/initialization/BuildRequestContext;Lorg/gradle/launcher/exec/BuildActionParameters;Lorg/gradle/internal/service/ServiceRegistry;)Lorg/gradle/launcher/exec/BuildActionResult;+18
j  org.gradle.launcher.exec.InProcessBuildActionExecuter.execute(Lorg/gradle/internal/invocation/BuildAction;Lorg/gradle/initialization/BuildRequestContext;Ljava/lang/Object;Lorg/gradle/internal/service/ServiceRegistry;)Lorg/gradle/launcher/exec/BuildActionResult;+9
j  org.gradle.launcher.exec.BuildTreeScopeBuildActionExecuter.execute(Lorg/gradle/internal/invocation/BuildAction;Lorg/gradle/initialization/BuildRequestContext;Lorg/gradle/launcher/exec/BuildActionParameters;Lorg/gradle/internal/service/ServiceRegistry;)Lorg/gradle/launcher/exec/BuildActionResult;+38
j  org.gradle.launcher.exec.BuildTreeScopeBuildActionExecuter.execute(Lorg/gradle/internal/invocation/BuildAction;Lorg/gradle/initialization/BuildRequestContext;Ljava/lang/Object;Lorg/gradle/internal/service/ServiceRegistry;)Lorg/gradle/launcher/exec/BuildActionResult;+9
j  org.gradle.tooling.internal.provider.ContinuousBuildActionExecuter.execute(Lorg/gradle/internal/invocation/BuildAction;Lorg/gradle/initialization/BuildRequestContext;Lorg/gradle/launcher/exec/BuildActionParameters;Lorg/gradle/internal/service/ServiceRegistry;)Lorg/gradle/launcher/exec/BuildActionResult;+58
j  org.gradle.tooling.internal.provider.ContinuousBuildActionExecuter.execute(Lorg/gradle/internal/invocation/BuildAction;Lorg/gradle/initialization/BuildRequestContext;Ljava/lang/Object;Lorg/gradle/internal/service/ServiceRegistry;)Lorg/gradle/launcher/exec/BuildActionResult;+9
j  org.gradle.tooling.internal.provider.SubscribableBuildActionExecuter.execute(Lorg/gradle/internal/invocation/BuildAction;Lorg/gradle/initialization/BuildRequestContext;Lorg/gradle/launcher/exec/BuildActionParameters;Lorg/gradle/internal/service/ServiceRegistry;)Lorg/gradle/launcher/exec/BuildActionResult;+41
j  org.gradle.tooling.internal.provider.SubscribableBuildActionExecuter.execute(Lorg/gradle/internal/invocation/BuildAction;Lorg/gradle/initialization/BuildRequestContext;Ljava/lang/Object;Lorg/gradle/internal/service/ServiceRegistry;)Lorg/gradle/launcher/exec/BuildActionResult;+9
j  org.gradle.tooling.internal.provider.SessionScopeBuildActionExecuter.execute(Lorg/gradle/internal/invocation/BuildAction;Lorg/gradle/initialization/BuildRequestContext;Lorg/gradle/launcher/exec/BuildActionParameters;Lorg/gradle/internal/service/ServiceRegistry;)Lorg/gradle/launcher/exec/BuildActionResult;+117
j  org.gradle.tooling.internal.provider.SessionScopeBuildActionExecuter.execute(Lorg/gradle/internal/invocation/BuildAction;Lorg/gradle/initialization/BuildRequestContext;Ljava/lang/Object;Lorg/gradle/internal/service/ServiceRegistry;)Lorg/gradle/launcher/exec/BuildActionResult;+9
j  org.gradle.tooling.internal.provider.GradleThreadBuildActionExecuter.execute(Lorg/gradle/internal/invocation/BuildAction;Lorg/gradle/initialization/BuildRequestContext;Lorg/gradle/launcher/exec/BuildActionParameters;Lorg/gradle/internal/service/ServiceRegistry;)Lorg/gradle/launcher/exec/BuildActionResult;+12
j  org.gradle.tooling.internal.provider.GradleThreadBuildActionExecuter.execute(Lorg/gradle/internal/invocation/BuildAction;Lorg/gradle/initialization/BuildRequestContext;Ljava/lang/Object;Lorg/gradle/internal/service/ServiceRegistry;)Lorg/gradle/launcher/exec/BuildActionResult;+9
j  org.gradle.tooling.internal.provider.StartParamsValidatingActionExecuter.execute(Lorg/gradle/internal/invocation/BuildAction;Lorg/gradle/initialization/BuildRequestContext;Lorg/gradle/launcher/exec/BuildActionParameters;Lorg/gradle/internal/service/ServiceRegistry;)Lorg/gradle/launcher/exec/BuildActionResult;+177
j  org.gradle.tooling.internal.provider.StartParamsValidatingActionExecuter.execute(Lorg/gradle/internal/invocation/BuildAction;Lorg/gradle/initialization/BuildRequestContext;Ljava/lang/Object;Lorg/gradle/internal/service/ServiceRegistry;)Lorg/gradle/launcher/exec/BuildActionResult;+9
j  org.gradle.tooling.internal.provider.SessionFailureReportingActionExecuter.execute(Lorg/gradle/internal/invocation/BuildAction;Lorg/gradle/initialization/BuildRequestContext;Lorg/gradle/launcher/exec/BuildActionParameters;Lorg/gradle/internal/service/ServiceRegistry;)Lorg/gradle/launcher/exec/BuildActionResult;+9
j  org.gradle.tooling.internal.provider.SessionFailureReportingActionExecuter.execute(Lorg/gradle/internal/invocation/BuildAction;Lorg/gradle/initialization/BuildRequestContext;Ljava/lang/Object;Lorg/gradle/internal/service/ServiceRegistry;)Lorg/gradle/launcher/exec/BuildActionResult;+9
j  org.gradle.tooling.internal.provider.SetupLoggingActionExecuter.execute(Lorg/gradle/internal/invocation/BuildAction;Lorg/gradle/initialization/BuildRequestContext;Lorg/gradle/launcher/exec/BuildActionParameters;Lorg/gradle/internal/service/ServiceRegistry;)Lorg/gradle/launcher/exec/BuildActionResult;+52
j  org.gradle.tooling.internal.provider.SetupLoggingActionExecuter.execute(Lorg/gradle/internal/invocation/BuildAction;Lorg/gradle/initialization/BuildRequestContext;Ljava/lang/Object;Lorg/gradle/internal/service/ServiceRegistry;)Lorg/gradle/launcher/exec/BuildActionResult;+9
j  org.gradle.launcher.daemon.server.exec.ExecuteBuild.doBuild(Lorg/gradle/launcher/daemon/server/api/DaemonCommandExecution;Lorg/gradle/launcher/daemon/protocol/Build;)V+118
j  org.gradle.launcher.daemon.server.exec.BuildCommandOnly.execute(Lorg/gradle/launcher/daemon/server/api/DaemonCommandExecution;)V+49
j  org.gradle.launcher.daemon.server.api.DaemonCommandExecution.proceed()Z+23
j  org.gradle.launcher.daemon.server.exec.WatchForDisconnection.execute(Lorg/gradle/launcher/daemon/server/api/DaemonCommandExecution;)V+19
j  org.gradle.launcher.daemon.server.api.DaemonCommandExecution.proceed()Z+23
j  org.gradle.launcher.daemon.server.exec.ResetDeprecationLogger.execute(Lorg/gradle/launcher/daemon/server/api/DaemonCommandExecution;)V+7
j  org.gradle.launcher.daemon.server.api.DaemonCommandExecution.proceed()Z+23
j  org.gradle.launcher.daemon.server.exec.RequestStopIfSingleUsedDaemon.execute(Lorg/gradle/launcher/daemon/server/api/DaemonCommandExecution;)V+33
j  org.gradle.launcher.daemon.server.api.DaemonCommandExecution.proceed()Z+23
j  org.gradle.launcher.daemon.server.exec.ForwardClientInput$2.create()Ljava/lang/Void;+4
j  org.gradle.launcher.daemon.server.exec.ForwardClientInput$2.create()Ljava/lang/Object;+1
j  org.gradle.util.Swapper.swap(Ljava/lang/Object;Lorg/gradle/internal/Factory;)Ljava/lang/Object;+21
j  org.gradle.launcher.daemon.server.exec.ForwardClientInput.execute(Lorg/gradle/launcher/daemon/server/api/DaemonCommandExecution;)V+63
j  org.gradle.launcher.daemon.server.api.DaemonCommandExecution.proceed()Z+23
j  org.gradle.launcher.daemon.server.exec.LogAndCheckHealth.execute(Lorg/gradle/launcher/daemon/server/api/DaemonCommandExecution;)V+28
j  org.gradle.launcher.daemon.server.api.DaemonCommandExecution.proceed()Z+23
j  org.gradle.launcher.daemon.server.exec.LogToClient.doBuild(Lorg/gradle/launcher/daemon/server/api/DaemonCommandExecution;Lorg/gradle/launcher/daemon/protocol/Build;)V+87
j  org.gradle.launcher.daemon.server.exec.BuildCommandOnly.execute(Lorg/gradle/launcher/daemon/server/api/DaemonCommandExecution;)V+49
j  org.gradle.launcher.daemon.server.api.DaemonCommandExecution.proceed()Z+23
j  org.gradle.launcher.daemon.server.exec.EstablishBuildEnvironment.doBuild(Lorg/gradle/launcher/daemon/server/api/DaemonCommandExecution;Lorg/gradle/launcher/daemon/protocol/Build;)V+351
j  org.gradle.launcher.daemon.server.exec.BuildCommandOnly.execute(Lorg/gradle/launcher/daemon/server/api/DaemonCommandExecution;)V+49
j  org.gradle.launcher.daemon.server.api.DaemonCommandExecution.proceed()Z+23
j  org.gradle.launcher.daemon.server.exec.StartBuildOrRespondWithBusy$1.run()V+44
j  org.gradle.launcher.daemon.server.DaemonStateCoordinator$1.run()V+4
j  org.gradle.internal.concurrent.ExecutorPolicy$CatchAndRecordFailures.onExecute(Ljava/lang/Runnable;)V+1
j  org.gradle.internal.concurrent.ManagedExecutorImpl$1.run()V+25
j  java.util.concurrent.ThreadPoolExecutor.runWorker(Ljava/util/concurrent/ThreadPoolExecutor$Worker;)V+95
j  java.util.concurrent.ThreadPoolExecutor$Worker.run()V+5
j  org.gradle.internal.concurrent.ThreadFactoryImpl$ManagedThreadRunnable.run()V+7
j  java.lang.Thread.run()V+11
v  ~StubRoutines::call_stub

---------------  P R O C E S S  ---------------

Java Threads: ( => current thread )
  0x000000001a025800 JavaThread "Cache worker for file hash cache (C:\Users\e30\.gradle\caches\6.5\fileHashes)" [_thread_blocked, id=13812, stack(0x000000001dbc0000,0x000000001dcc0000)]
  0x000000001a028800 JavaThread "File lock request listener" [_thread_in_native, id=8692, stack(0x000000001dac0000,0x000000001dbc0000)]
  0x000000001a027800 JavaThread "Cache worker for journal cache (C:\Users\e30\.gradle\caches\journal-1)" [_thread_blocked, id=13636, stack(0x000000001d9c0000,0x000000001dac0000)]
  0x000000001a026000 JavaThread "Thread-9" [_thread_blocked, id=13624, stack(0x000000001d6c0000,0x000000001d7c0000)]
  0x000000001b5ca000 JavaThread "Stdin handler" [_thread_blocked, id=5348, stack(0x000000001d5c0000,0x000000001d6c0000)]
  0x000000001b59d800 JavaThread "Asynchronous log dispatcher for DefaultDaemonConnection: socket connection from /127.0.0.1:53677 to /127.0.0.1:53678" [_thread_blocked, id=10896, stack(0x000000001d4c0000,0x000000001d5c0000)]
=>0x000000001b59b000 JavaThread "Daemon worker" [_thread_in_vm, id=1292, stack(0x000000001d3c0000,0x000000001d4c0000)]
  0x000000001b5ae000 JavaThread "Cancel handler" [_thread_blocked, id=8908, stack(0x000000001d2c0000,0x000000001d3c0000)]
  0x000000001b540000 JavaThread "Handler for socket connection from /127.0.0.1:53677 to /127.0.0.1:53678" [_thread_in_native, id=12032, stack(0x000000001d1c0000,0x000000001d2c0000)]
  0x000000001b53b000 JavaThread "Daemon" [_thread_blocked, id=7460, stack(0x000000001d0c0000,0x000000001d1c0000)]
  0x000000001b530800 JavaThread "Daemon periodic checks" [_thread_blocked, id=12556, stack(0x000000001cdc0000,0x000000001cec0000)]
  0x000000001b51b000 JavaThread "Incoming local TCP Connector on port 53677" [_thread_in_native, id=5176, stack(0x000000001cb60000,0x000000001cc60000)]
  0x000000001b4cb800 JavaThread "Daemon health stats" [_thread_blocked, id=3952, stack(0x000000001c520000,0x000000001c620000)]
  0x0000000017c6e800 JavaThread "Service Thread" daemon [_thread_blocked, id=9792, stack(0x0000000019980000,0x0000000019a80000)]
  0x0000000017c27000 JavaThread "C1 CompilerThread2" daemon [_thread_blocked, id=3772, stack(0x0000000019480000,0x0000000019580000)]
  0x0000000017c1d000 JavaThread "C2 CompilerThread1" daemon [_thread_in_native, id=13348, stack(0x0000000019380000,0x0000000019480000)]
  0x0000000017c18000 JavaThread "C2 CompilerThread0" daemon [_thread_blocked, id=2948, stack(0x0000000019280000,0x0000000019380000)]
  0x0000000017c16800 JavaThread "Attach Listener" daemon [_thread_blocked, id=9128, stack(0x0000000019180000,0x0000000019280000)]
  0x0000000017c15000 JavaThread "Signal Dispatcher" daemon [_thread_blocked, id=13916, stack(0x0000000019080000,0x0000000019180000)]
  0x0000000002fed800 JavaThread "Finalizer" daemon [_thread_blocked, id=8076, stack(0x0000000018e60000,0x0000000018f60000)]
  0x0000000002fe2000 JavaThread "Reference Handler" daemon [_thread_blocked, id=14148, stack(0x0000000018d60000,0x0000000018e60000)]
  0x0000000002ef3000 JavaThread "main" [_thread_blocked, id=7288, stack(0x0000000002d30000,0x0000000002e30000)]

Other Threads:
  0x0000000017bd7000 VMThread [stack: 0x0000000018c60000,0x0000000018d60000] [id=12844]
  0x00000000195b3000 WatcherThread [stack: 0x0000000019a80000,0x0000000019b80000] [id=9532]

VM state:not at safepoint (normal execution)

VM Mutex/Monitor currently owned by a thread: None

heap address: 0x0000000080000000, size: 2048 MB, Compressed Oops mode: 32-bit
Narrow klass base: 0x0000000000000000, Narrow klass shift: 3
Compressed class space size: 1073741824 Address: 0x0000000100000000

Heap:
 PSYoungGen      total 35328K, used 6424K [0x00000000d5580000, 0x00000000d7a80000, 0x0000000100000000)
  eden space 32768K, 11% used [0x00000000d5580000,0x00000000d5946250,0x00000000d7580000)
  from space 2560K, 100% used [0x00000000d7580000,0x00000000d7800000,0x00000000d7800000)
  to   space 2560K, 0% used [0x00000000d7800000,0x00000000d7800000,0x00000000d7a80000)
 ParOldGen       total 44032K, used 8601K [0x0000000080000000, 0x0000000082b00000, 0x00000000d5580000)
  object space 44032K, 19% used [0x0000000080000000,0x0000000080866720,0x0000000082b00000)
 Metaspace       used 15622K, capacity 16246K, committed 16384K, reserved 1062912K
  class space    used 2046K, capacity 2194K, committed 2304K, reserved 1048576K

Card table byte_map: [0x00000000123b0000,0x00000000127c0000] byte_map_base: 0x0000000011fb0000

Marking Bits: (ParMarkBitMap*) 0x0000000059cff030
 Begin Bits: [0x0000000012e70000, 0x0000000014e70000)
 End Bits:   [0x0000000014e70000, 0x0000000016e70000)

Polling page: 0x0000000002cb0000

CodeCache: size=245760Kb used=5387Kb max_used=5393Kb free=240372Kb
 bounds [0x0000000002ff0000, 0x0000000003540000, 0x0000000011ff0000]
 total_blobs=1914 nmethods=1523 adapters=304
 compilation: enabled

Compilation events (10 events):
Event: 6.243 Thread 0x0000000017c27000 1520       3       jdk.internal.org.objectweb.asm.MethodWriter::visitInsn (106 bytes)
Event: 6.243 Thread 0x0000000017c27000 nmethod 1520 0x0000000003531f50 code [0x0000000003532100, 0x00000000035325a8]
Event: 6.282 Thread 0x0000000017c27000 1521       3       sun.reflect.ClassFileAssembler::emitConstantPoolNameAndType (28 bytes)
Event: 6.283 Thread 0x0000000017c27000 nmethod 1521 0x0000000003532750 code [0x0000000003532940, 0x0000000003533008]
Event: 6.296 Thread 0x0000000017c18000 1522       4       java.util.jar.Attributes$Name::hashCode (24 bytes)
Event: 6.301 Thread 0x0000000017c18000 nmethod 1522 0x0000000003536450 code [0x00000000035365a0, 0x0000000003536878]
Event: 6.392 Thread 0x0000000017c18000 1523       4       java.util.jar.Attributes$Name::isValid (45 bytes)
Event: 6.397 Thread 0x0000000017c18000 nmethod 1523 0x0000000003534610 code [0x0000000003534760, 0x0000000003534a98]
Event: 6.408 Thread 0x0000000017c27000 1524       3       java.io.WinNTFileSystem::parentOrNull (171 bytes)
Event: 6.410 Thread 0x0000000017c27000 nmethod 1524 0x0000000003534d50 code [0x0000000003534f80, 0x0000000003535cf8]

GC Heap History (10 events):
Event: 0.829 GC heap before
{Heap before GC invocations=1 (full 0):
 PSYoungGen      total 18944K, used 16384K [0x00000000d5580000, 0x00000000d6a80000, 0x0000000100000000)
  eden space 16384K, 100% used [0x00000000d5580000,0x00000000d6580000,0x00000000d6580000)
  from space 2560K, 0% used [0x00000000d6800000,0x00000000d6800000,0x00000000d6a80000)
  to   space 2560K, 0% used [0x00000000d6580000,0x00000000d6580000,0x00000000d6800000)
 ParOldGen       total 44032K, used 0K [0x0000000080000000, 0x0000000082b00000, 0x00000000d5580000)
  object space 44032K, 0% used [0x0000000080000000,0x0000000080000000,0x0000000082b00000)
 Metaspace       used 5616K, capacity 5874K, committed 6144K, reserved 1056768K
  class space    used 657K, capacity 744K, committed 768K, reserved 1048576K
Event: 0.849 GC heap after
Heap after GC invocations=1 (full 0):
 PSYoungGen      total 18944K, used 2265K [0x00000000d5580000, 0x00000000d7a80000, 0x0000000100000000)
  eden space 16384K, 0% used [0x00000000d5580000,0x00000000d5580000,0x00000000d6580000)
  from space 2560K, 88% used [0x00000000d6580000,0x00000000d67b6538,0x00000000d6800000)
  to   space 2560K, 0% used [0x00000000d7800000,0x00000000d7800000,0x00000000d7a80000)
 ParOldGen       total 44032K, used 8K [0x0000000080000000, 0x0000000082b00000, 0x00000000d5580000)
  object space 44032K, 0% used [0x0000000080000000,0x0000000080002000,0x0000000082b00000)
 Metaspace       used 5616K, capacity 5874K, committed 6144K, reserved 1056768K
  class space    used 657K, capacity 744K, committed 768K, reserved 1048576K
}
Event: 1.857 GC heap before
{Heap before GC invocations=2 (full 0):
 PSYoungGen      total 18944K, used 18649K [0x00000000d5580000, 0x00000000d7a80000, 0x0000000100000000)
  eden space 16384K, 100% used [0x00000000d5580000,0x00000000d6580000,0x00000000d6580000)
  from space 2560K, 88% used [0x00000000d6580000,0x00000000d67b6538,0x00000000d6800000)
  to   space 2560K, 0% used [0x00000000d7800000,0x00000000d7800000,0x00000000d7a80000)
 ParOldGen       total 44032K, used 8K [0x0000000080000000, 0x0000000082b00000, 0x00000000d5580000)
  object space 44032K, 0% used [0x0000000080000000,0x0000000080002000,0x0000000082b00000)
 Metaspace       used 7572K, capacity 7914K, committed 8064K, reserved 1056768K
  class space    used 931K, capacity 1041K, committed 1152K, reserved 1048576K
Event: 1.863 GC heap after
Heap after GC invocations=2 (full 0):
 PSYoungGen      total 35328K, used 2531K [0x00000000d5580000, 0x00000000d7a80000, 0x0000000100000000)
  eden space 32768K, 0% used [0x00000000d5580000,0x00000000d5580000,0x00000000d7580000)
  from space 2560K, 98% used [0x00000000d7800000,0x00000000d7a78cc0,0x00000000d7a80000)
  to   space 2560K, 0% used [0x00000000d7580000,0x00000000d7580000,0x00000000d7800000)
 ParOldGen       total 44032K, used 1097K [0x0000000080000000, 0x0000000082b00000, 0x00000000d5580000)
  object space 44032K, 2% used [0x0000000080000000,0x00000000801125a8,0x0000000082b00000)
 Metaspace       used 7572K, capacity 7914K, committed 8064K, reserved 1056768K
  class space    used 931K, capacity 1041K, committed 1152K, reserved 1048576K
}
Event: 2.274 GC heap before
{Heap before GC invocations=3 (full 0):
 PSYoungGen      total 35328K, used 35299K [0x00000000d5580000, 0x00000000d7a80000, 0x0000000100000000)
  eden space 32768K, 100% used [0x00000000d5580000,0x00000000d7580000,0x00000000d7580000)
  from space 2560K, 98% used [0x00000000d7800000,0x00000000d7a78cc0,0x00000000d7a80000)
  to   space 2560K, 0% used [0x00000000d7580000,0x00000000d7580000,0x00000000d7800000)
 ParOldGen       total 44032K, used 1097K [0x0000000080000000, 0x0000000082b00000, 0x00000000d5580000)
  object space 44032K, 2% used [0x0000000080000000,0x00000000801125a8,0x0000000082b00000)
 Metaspace       used 7810K, capacity 8162K, committed 8320K, reserved 1056768K
  class space    used 957K, capacity 1081K, committed 1152K, reserved 1048576K
Event: 2.280 GC heap after
Heap after GC invocations=3 (full 0):
 PSYoungGen      total 35328K, used 2544K [0x00000000d5580000, 0x00000000d7a80000, 0x0000000100000000)
  eden space 32768K, 0% used [0x00000000d5580000,0x00000000d5580000,0x00000000d7580000)
  from space 2560K, 99% used [0x00000000d7580000,0x00000000d77fc030,0x00000000d7800000)
  to   space 2560K, 0% used [0x00000000d7800000,0x00000000d7800000,0x00000000d7a80000)
 ParOldGen       total 44032K, used 1822K [0x0000000080000000, 0x0000000082b00000, 0x00000000d5580000)
  object space 44032K, 4% used [0x0000000080000000,0x00000000801c7900,0x0000000082b00000)
 Metaspace       used 7810K, capacity 8162K, committed 8320K, reserved 1056768K
  class space    used 957K, capacity 1081K, committed 1152K, reserved 1048576K
}
Event: 5.026 GC heap before
{Heap before GC invocations=4 (full 0):
 PSYoungGen      total 35328K, used 35312K [0x00000000d5580000, 0x00000000d7a80000, 0x0000000100000000)
  eden space 32768K, 100% used [0x00000000d5580000,0x00000000d7580000,0x00000000d7580000)
  from space 2560K, 99% used [0x00000000d7580000,0x00000000d77fc030,0x00000000d7800000)
  to   space 2560K, 0% used [0x00000000d7800000,0x00000000d7800000,0x00000000d7a80000)
 ParOldGen       total 44032K, used 1822K [0x0000000080000000, 0x0000000082b00000, 0x00000000d5580000)
  object space 44032K, 4% used [0x0000000080000000,0x00000000801c7900,0x0000000082b00000)
 Metaspace       used 12086K, capacity 12520K, committed 12800K, reserved 1060864K
  class space    used 1602K, capacity 1730K, committed 1792K, reserved 1048576K
Event: 5.041 GC heap after
Heap after GC invocations=4 (full 0):
 PSYoungGen      total 35328K, used 2544K [0x00000000d5580000, 0x00000000d7a80000, 0x0000000100000000)
  eden space 32768K, 0% used [0x00000000d5580000,0x00000000d5580000,0x00000000d7580000)
  from space 2560K, 99% used [0x00000000d7800000,0x00000000d7a7c010,0x00000000d7a80000)
  to   space 2560K, 0% used [0x00000000d7580000,0x00000000d7580000,0x00000000d7800000)
 ParOldGen       total 44032K, used 5206K [0x0000000080000000, 0x0000000082b00000, 0x00000000d5580000)
  object space 44032K, 11% used [0x0000000080000000,0x0000000080515b10,0x0000000082b00000)
 Metaspace       used 12086K, capacity 12520K, committed 12800K, reserved 1060864K
  class space    used 1602K, capacity 1730K, committed 1792K, reserved 1048576K
}
Event: 6.042 GC heap before
{Heap before GC invocations=5 (full 0):
 PSYoungGen      total 35328K, used 34914K [0x00000000d5580000, 0x00000000d7a80000, 0x0000000100000000)
  eden space 32768K, 98% used [0x00000000d5580000,0x00000000d751c980,0x00000000d7580000)
  from space 2560K, 99% used [0x00000000d7800000,0x00000000d7a7c010,0x00000000d7a80000)
  to   space 2560K, 0% used [0x00000000d7580000,0x00000000d7580000,0x00000000d7800000)
 ParOldGen       total 44032K, used 5206K [0x0000000080000000, 0x0000000082b00000, 0x00000000d5580000)
  object space 44032K, 11% used [0x0000000080000000,0x0000000080515b10,0x0000000082b00000)
 Metaspace       used 14670K, capacity 15202K, committed 15488K, reserved 1062912K
  class space    used 1996K, capacity 2125K, committed 2176K, reserved 1048576K
Event: 6.051 GC heap after
Heap after GC invocations=5 (full 0):
 PSYoungGen      total 35328K, used 2560K [0x00000000d5580000, 0x00000000d7a80000, 0x0000000100000000)
  eden space 32768K, 0% used [0x00000000d5580000,0x00000000d5580000,0x00000000d7580000)
  from space 2560K, 100% used [0x00000000d7580000,0x00000000d7800000,0x00000000d7800000)
  to   space 2560K, 0% used [0x00000000d7800000,0x00000000d7800000,0x00000000d7a80000)
 ParOldGen       total 44032K, used 8601K [0x0000000080000000, 0x0000000082b00000, 0x00000000d5580000)
  object space 44032K, 19% used [0x0000000080000000,0x0000000080866720,0x0000000082b00000)
 Metaspace       used 14670K, capacity 15202K, committed 15488K, reserved 1062912K
  class space    used 1996K, capacity 2125K, committed 2176K, reserved 1048576K
}

Deoptimization events (10 events):
Event: 5.942 Thread 0x000000001b59b000 Uncommon trap: reason=class_check action=maybe_recompile pc=0x000000000333dbd8 method=java.util.regex.Matcher.match(II)Z @ 86
Event: 5.943 Thread 0x000000001b59b000 Uncommon trap: reason=class_check action=maybe_recompile pc=0x000000000333dbd8 method=java.util.regex.Matcher.match(II)Z @ 86
Event: 5.943 Thread 0x000000001b59b000 Uncommon trap: reason=class_check action=maybe_recompile pc=0x000000000333dbd8 method=java.util.regex.Matcher.match(II)Z @ 86
Event: 5.943 Thread 0x000000001b59b000 Uncommon trap: reason=class_check action=maybe_recompile pc=0x00000000031c424c method=java.util.regex.Matcher.match(II)Z @ 86
Event: 5.992 Thread 0x000000001b59b000 Uncommon trap: reason=bimorphic action=maybe_recompile pc=0x00000000035133b4 method=java.util.regex.Matcher.match(II)Z @ 86
Event: 5.992 Thread 0x000000001b59b000 Uncommon trap: reason=bimorphic action=maybe_recompile pc=0x00000000035133b4 method=java.util.regex.Matcher.match(II)Z @ 86
Event: 6.003 Thread 0x000000001b59b000 Uncommon trap: reason=bimorphic action=maybe_recompile pc=0x00000000035133b4 method=java.util.regex.Matcher.match(II)Z @ 86
Event: 6.031 Thread 0x000000001b59b000 Uncommon trap: reason=bimorphic action=maybe_recompile pc=0x00000000035133b4 method=java.util.regex.Matcher.match(II)Z @ 86
Event: 6.283 Thread 0x000000001b59b000 Uncommon trap: reason=unstable_if action=reinterpret pc=0x0000000003337a1c method=java.io.File.getName()Ljava/lang/String; @ 16
Event: 6.283 Thread 0x000000001b59b000 Uncommon trap: reason=unstable_if action=reinterpret pc=0x0000000003332094 method=java.lang.String.substring(I)Ljava/lang/String; @ 35

Classes redefined (0 events):
No events

Internal exceptions (10 events):
Event: 1.494 Thread 0x0000000002ef3000 Exception <a 'java/lang/ArrayIndexOutOfBoundsException'> (0x00000000d5b8f0d8) thrown at [C:\src\AOSP-openjdk-git\hotspot\src\share\vm\runtime\sharedRuntime.cpp, line 605]
Event: 1.494 Thread 0x0000000002ef3000 Exception <a 'java/lang/ArrayIndexOutOfBoundsException'> (0x00000000d5b92458) thrown at [C:\src\AOSP-openjdk-git\hotspot\src\share\vm\runtime\sharedRuntime.cpp, line 605]
Event: 4.711 Thread 0x0000000002ef3000 Exception <a 'java/io/IOException'> (0x00000000d722cde0) thrown at [C:\src\AOSP-openjdk-git\hotspot\src\share\vm\prims\jni.cpp, line 710]
Event: 4.919 Thread 0x000000001b540000 Exception <a 'java/lang/NoSuchMethodError': <clinit>> (0x00000000d7442488) thrown at [C:\src\AOSP-openjdk-git\hotspot\src\share\vm\prims\jni.cpp, line 1615]
Event: 4.924 Thread 0x000000001b540000 Exception <a 'java/lang/NoSuchMethodError': <clinit>> (0x00000000d744bb90) thrown at [C:\src\AOSP-openjdk-git\hotspot\src\share\vm\prims\jni.cpp, line 1615]
Event: 4.927 Thread 0x000000001b540000 Exception <a 'java/lang/NoSuchMethodError': <clinit>> (0x00000000d7460148) thrown at [C:\src\AOSP-openjdk-git\hotspot\src\share\vm\prims\jni.cpp, line 1615]
Event: 4.970 Thread 0x000000001b540000 Exception <a 'java/lang/NoSuchMethodError': <clinit>> (0x00000000d74ccf60) thrown at [C:\src\AOSP-openjdk-git\hotspot\src\share\vm\prims\jni.cpp, line 1615]
Event: 4.988 Thread 0x000000001b540000 Exception <a 'java/lang/NoSuchMethodError': <clinit>> (0x00000000d7507448) thrown at [C:\src\AOSP-openjdk-git\hotspot\src\share\vm\prims\jni.cpp, line 1615]
Event: 5.005 Thread 0x000000001b540000 Exception <a 'java/lang/NoSuchMethodError': <clinit>> (0x00000000d753cfb0) thrown at [C:\src\AOSP-openjdk-git\hotspot\src\share\vm\prims\jni.cpp, line 1615]
Event: 5.010 Thread 0x000000001b540000 Exception <a 'java/lang/NoSuchMethodError': <clinit>> (0x00000000d75494e0) thrown at [C:\src\AOSP-openjdk-git\hotspot\src\share\vm\prims\jni.cpp, line 1615]

Events (10 events):
Event: 6.319 loading class java/util/zip/CheckedInputStream
Event: 6.337 loading class java/util/zip/CheckedInputStream done
Event: 6.337 loading class org/apache/commons/io/output/NullOutputStream
Event: 6.337 loading class org/apache/commons/io/output/NullOutputStream done
Event: 6.348 loading class java/math/BigInteger
Event: 6.388 loading class java/math/BigInteger done
Event: 6.391 loading class org/gradle/internal/snapshot/CaseSensitivity
Event: 6.391 loading class org/gradle/internal/snapshot/CaseSensitivity done
Event: 6.392 loading class org/apache/tools/ant/DirectoryScanner
Event: 6.392 loading class org/apache/tools/ant/DirectoryScanner done


Dynamic libraries:
0x00007ff68cc40000 - 0x00007ff68cc71000 	C:\Program Files\Android\Android Studio\jre\bin\java.exe
0x00007ffde3510000 - 0x00007ffde3705000 	C:\WINDOWS\SYSTEM32\ntdll.dll
0x00007ffde1b00000 - 0x00007ffde1bbe000 	C:\WINDOWS\System32\KERNEL32.DLL
0x00007ffde0f00000 - 0x00007ffde11c8000 	C:\WINDOWS\System32\KERNELBASE.dll
0x00007ffde2d60000 - 0x00007ffde2e0e000 	C:\WINDOWS\System32\ADVAPI32.dll
0x00007ffde1570000 - 0x00007ffde160e000 	C:\WINDOWS\System32\msvcrt.dll
0x00007ffde2f30000 - 0x00007ffde2fcc000 	C:\WINDOWS\System32\sechost.dll
0x00007ffde1970000 - 0x00007ffde1a95000 	C:\WINDOWS\System32\RPCRT4.dll
0x00007ffde2bc0000 - 0x00007ffde2d60000 	C:\WINDOWS\System32\USER32.dll
0x00007ffde0cb0000 - 0x00007ffde0cd2000 	C:\WINDOWS\System32\win32u.dll
0x00007ffde2500000 - 0x00007ffde252b000 	C:\WINDOWS\System32\GDI32.dll
0x00007ffde1330000 - 0x00007ffde143b000 	C:\WINDOWS\System32\gdi32full.dll
0x00007ffde14d0000 - 0x00007ffde156d000 	C:\WINDOWS\System32\msvcp_win.dll
0x00007ffde0ce0000 - 0x00007ffde0de0000 	C:\WINDOWS\System32\ucrtbase.dll
0x00007ffdd2420000 - 0x00007ffdd26ba000 	C:\WINDOWS\WinSxS\amd64_microsoft.windows.common-controls_6595b64144ccf1df_6.0.19041.1110_none_60b5254171f9507e\COMCTL32.dll
0x00007ffde32f0000 - 0x00007ffde3320000 	C:\WINDOWS\System32\IMM32.DLL
0x00007ffdc9bc0000 - 0x00007ffdc9cd5000 	C:\Program Files\Topaz OFD\Warsaw\wslbscr64.dll
0x00007ffde1da0000 - 0x00007ffde24e4000 	C:\WINDOWS\System32\SHELL32.dll
0x00007ffddf910000 - 0x00007ffddf943000 	C:\WINDOWS\SYSTEM32\ntmarta.dll
0x00007ffdac860000 - 0x00007ffdac953000 	C:\Program Files\Topaz OFD\Warsaw\wslbscrwh64.dll
0x00000000592c0000 - 0x0000000059392000 	C:\Program Files\Android\Android Studio\jre\jre\bin\msvcr100.dll
0x0000000059530000 - 0x0000000059d7b000 	C:\Program Files\Android\Android Studio\jre\jre\bin\server\jvm.dll
0x00007ffde24f0000 - 0x00007ffde24f8000 	C:\WINDOWS\System32\PSAPI.DLL
0x00007ffdc6360000 - 0x00007ffdc6369000 	C:\WINDOWS\SYSTEM32\WSOCK32.dll
0x00007ffde26d0000 - 0x00007ffde273b000 	C:\WINDOWS\System32\WS2_32.dll
0x00007ffdc6330000 - 0x00007ffdc6357000 	C:\WINDOWS\SYSTEM32\WINMM.dll
0x00007ffdd26c0000 - 0x00007ffdd26ca000 	C:\WINDOWS\SYSTEM32\VERSION.dll
0x00007ffddaab0000 - 0x00007ffddaabf000 	C:\Program Files\Android\Android Studio\jre\jre\bin\verify.dll
0x00007ffdda900000 - 0x00007ffdda929000 	C:\Program Files\Android\Android Studio\jre\jre\bin\java.dll
0x00007ffdd9710000 - 0x00007ffdd9726000 	C:\Program Files\Android\Android Studio\jre\jre\bin\zip.dll
0x00007ffdde940000 - 0x00007ffddf0d4000 	C:\WINDOWS\SYSTEM32\windows.storage.dll
0x00007ffde1610000 - 0x00007ffde1964000 	C:\WINDOWS\System32\combase.dll
0x00007ffde0690000 - 0x00007ffde06bc000 	C:\WINDOWS\SYSTEM32\Wldp.dll
0x0000000002e30000 - 0x0000000002edd000 	C:\WINDOWS\System32\SHCORE.dll
0x00007ffde1aa0000 - 0x00007ffde1af5000 	C:\WINDOWS\System32\shlwapi.dll
0x00007ffde0b70000 - 0x00007ffde0b8f000 	C:\WINDOWS\SYSTEM32\profapi.dll
0x00007ffdd8d80000 - 0x00007ffdd8d9a000 	C:\Program Files\Android\Android Studio\jre\jre\bin\net.dll
0x00007ffde03f0000 - 0x00007ffde045a000 	C:\WINDOWS\system32\mswsock.dll
0x00007ffdd8b50000 - 0x00007ffdd8b63000 	C:\Program Files\Android\Android Studio\jre\jre\bin\nio.dll
0x00007ffdd6420000 - 0x00007ffdd6447000 	C:\Users\e30\.gradle\native\f6784746aeab05261644944871eae4fe03e0ef1612fff0a4a95f87b438bc6780\windows-amd64\native-platform.dll
0x00007ffddaa50000 - 0x00007ffddaa5d000 	C:\Program Files\Android\Android Studio\jre\jre\bin\management.dll
0x00007ffde05e0000 - 0x00007ffde05f8000 	C:\WINDOWS\SYSTEM32\CRYPTSP.dll
0x00007ffddfd00000 - 0x00007ffddfd34000 	C:\WINDOWS\system32\rsaenh.dll
0x00007ffde0c80000 - 0x00007ffde0ca7000 	C:\WINDOWS\System32\bcrypt.dll
0x00007ffde0b30000 - 0x00007ffde0b5e000 	C:\WINDOWS\SYSTEM32\USERENV.dll
0x00007ffde1440000 - 0x00007ffde14c2000 	C:\WINDOWS\System32\bcryptprimitives.dll
0x00007ffde0600000 - 0x00007ffde060c000 	C:\WINDOWS\SYSTEM32\CRYPTBASE.dll
0x00007ffde0090000 - 0x00007ffde00cb000 	C:\WINDOWS\SYSTEM32\IPHLPAPI.DLL
0x00007ffde26a0000 - 0x00007ffde26a8000 	C:\WINDOWS\System32\NSI.dll
0x00007ffdd30f0000 - 0x00007ffdd3107000 	C:\WINDOWS\SYSTEM32\dhcpcsvc6.DLL
0x00007ffdd3490000 - 0x00007ffdd34ad000 	C:\WINDOWS\SYSTEM32\dhcpcsvc.DLL
0x00007ffde00d0000 - 0x00007ffde019a000 	C:\WINDOWS\SYSTEM32\DNSAPI.dll
0x00007ffdd3520000 - 0x00007ffdd352b000 	C:\WINDOWS\SYSTEM32\WINNSI.DLL

VM Arguments:
jvm_args: -XX:MaxPermSize=512m -XX:+HeapDumpOnOutOfMemoryError -Xmx2048m -Dfile.encoding=UTF-8 -Duser.country=BR -Duser.language=pt -Duser.variant 
java_command: org.gradle.launcher.daemon.bootstrap.GradleDaemon 6.5
java_class_path (initial): C:\Users\e30\.gradle\wrapper\dists\gradle-6.5-all\2oz4ud9k3tuxjg84bbf55q0tn\gradle-6.5\lib\gradle-launcher-6.5.jar
Launcher Type: SUN_STANDARD

Environment Variables:
JAVA_HOME=C:\Program Files\Java\jdk1.8.0_281
PATH=C:\Program Files (x86)\Common Files\Oracle\Java\javapath;"C:\Program Files (x86)\Common Files\Oracle\Java\javapath;C:\Program Files\Java\jdk1.8.0_281\bin";C:\Program Files (x86)\Intel\Intel(R) Management Engine Components\iCLS\;C:\Program Files\Intel\Intel(R) Management Engine Components\iCLS\;C:\WINDOWS\system32;C:\WINDOWS;C:\WINDOWS\System32\Wbem;C:\WINDOWS\System32\WindowsPowerShell\v1.0\;C:\WINDOWS\System32\OpenSSH\;C:\Program Files (x86)\Intel\Intel(R) Management Engine Components\DAL;C:\Program Files\Intel\Intel(R) Management Engine Components\DAL;C:\Users\e30\AppData\Local\Programs\Python\Python38-32\Scripts;C:\Program Files\Git\cmd;C:\Users\e30\AppData\Local\Programs\Python\Python38-32\Scripts\;C:\Users\e30\AppData\Local\Programs\Python\Python38-32\;C:\Users\e30\AppData\Local\Microsoft\WindowsApps;C:\Users\e30\AppData\Local\Programs\Microsoft VS Code\bin;"C:\Users\e30\AppData\Local\Programs\;C:\Program Files\Java\jdk1.8.0_281\bin";
USERNAME=e30
OS=Windows_NT
PROCESSOR_IDENTIFIER=Intel64 Family 6 Model 142 Stepping 9, GenuineIntel



---------------  S Y S T E M  ---------------

OS: Windows 10.0 , 64 bit Build 19041 (10.0.19041.1566)

CPU:total 4 (initial active 4) (2 cores per cpu, 2 threads per core) family 6 model 142 stepping 9, cmov, cx8, fxsr, mmx, sse, sse2, sse3, ssse3, sse4.1, sse4.2, popcnt, avx, avx2, aes, clmul, erms, 3dnowpref, lzcnt, ht, tsc, tscinvbit, bmi1, bmi2, adx

Memory: 4k page, physical 4107072k(274300k free), swap 8203072k(3124k free)

vm_info: OpenJDK 64-Bit Server VM (25.242-b01) for windows-amd64 JRE (1.8.0_242-release-1644-b01), built by "builder" with MS VC++ 10.0 (VS2010)

time: Fri Mar 25 00:26:18 2022
timezone: Hora oficial do Brasil
elapsed time: 6 seconds (0d 0h 0m 6s)

