#
# There is insufficient memory for the Java Runtime Environment to continue.
# Native memory allocation (malloc) failed to allocate 1380416 bytes for Chunk::new
# Possible reasons:
#   The system is out of physical RAM or swap space
#   The process is running with CompressedOops enabled, and the Java Heap may be blocking the growth of the native heap
# Possible solutions:
#   Reduce memory load on the system
#   Increase physical memory or swap space
#   Check if swap backing store is full
#   Decrease Java heap size (-Xmx/-Xms)
#   Decrease number of Java threads
#   Decrease Java thread stack sizes (-Xss)
#   Set larger code cache with -XX:ReservedCodeCacheSize=
#   JVM is running with Unscaled Compressed Oops mode in which the Java heap is
#     placed in the first 4GB address space. The Java Heap base address is the
#     maximum limit for the native heap growth. Please use -XX:HeapBaseMinAddress
#     to set the Java Heap base and to place the Java Heap above 4GB virtual address.
# This output file may be truncated or incomplete.
#
#  Out of Memory Error (allocation.cpp:389), pid=9152, tid=0x0000000000003300
#
# JRE version: OpenJDK Runtime Environment (8.0_242-b01) (build 1.8.0_242-release-1644-b01)
# Java VM: OpenJDK 64-Bit Server VM (25.242-b01 mixed mode windows-amd64 compressed oops)
# Failed to write core dump. Minidumps are not enabled by default on client versions of Windows
#

---------------  T H R E A D  ---------------

Current thread (0x0000000017926800):  JavaThread "C2 CompilerThread1" daemon [_thread_in_native, id=13056, stack(0x0000000019090000,0x0000000019190000)]

Stack: [0x0000000019090000,0x0000000019190000]
[error occurred during error reporting (printing stack bounds), id 0xc0000005]

Native frames: (J=compiled Java code, j=interpreted, Vv=VM code, C=native code)


Current CompileTask:
C2:  16821 2745       4       groovy.lang.MetaClassImpl$1MOPIter::methodNameAction (325 bytes)


---------------  P R O C E S S  ---------------

Java Threads: ( => current thread )
  0x000000001b772800 JavaThread "Cache worker for file content cache (C:\Users\e30\.gradle\caches\6.5\fileContent)" [_thread_blocked, id=15404, stack(0x0000000020bf0000,0x0000000020cf0000)]
  0x000000001b4bd000 JavaThread "jar transforms" [_thread_blocked, id=17036, stack(0x0000000020af0000,0x0000000020bf0000)]
  0x000000001b4bb800 JavaThread "Cache worker for execution history cache (C:\Users\e30\.gradle\caches\6.5\executionHistory)" [_thread_blocked, id=1224, stack(0x00000000203f0000,0x00000000204f0000)]
  0x000000001b4ba800 JavaThread "Cache worker for cache directory md-rule (C:\Users\e30\.gradle\caches\6.5\md-rule)" [_thread_blocked, id=17316, stack(0x00000000202f0000,0x00000000203f0000)]
  0x000000001b4c1800 JavaThread "Cache worker for cache directory md-supplier (C:\Users\e30\.gradle\caches\6.5\md-supplier)" [_thread_blocked, id=1432, stack(0x00000000201f0000,0x00000000202f0000)]
  0x000000001b4bc000 JavaThread "Cache worker for checksums cache (C:\Users\e30\AndroidStudioProjects\LibrasKids\.gradle\checksums)" [_thread_blocked, id=15328, stack(0x000000001eca0000,0x000000001eda0000)]
  0x000000001b4bd800 JavaThread "Cache worker for file hash cache (C:\Users\e30\AndroidStudioProjects\LibrasKids\.gradle\6.5\fileHashes)" [_thread_blocked, id=7672, stack(0x000000001eba0000,0x000000001eca0000)]
  0x000000001b4c0000 JavaThread "Cache worker for file hash cache (C:\Users\e30\.gradle\caches\6.5\fileHashes)" [_thread_blocked, id=8380, stack(0x000000001d8d0000,0x000000001d9d0000)]
  0x000000001b4bf000 JavaThread "File lock request listener" [_thread_in_native, id=2952, stack(0x000000001d7d0000,0x000000001d8d0000)]
  0x000000001b4c0800 JavaThread "Cache worker for journal cache (C:\Users\e30\.gradle\caches\journal-1)" [_thread_blocked, id=16944, stack(0x000000001d6d0000,0x000000001d7d0000)]
  0x0000000019af0800 JavaThread "Thread-9" [_thread_blocked, id=11232, stack(0x000000001d3d0000,0x000000001d4d0000)]
  0x000000001992b000 JavaThread "Stdin handler" [_thread_blocked, id=12720, stack(0x000000001d2d0000,0x000000001d3d0000)]
  0x0000000019926000 JavaThread "Asynchronous log dispatcher for DefaultDaemonConnection: socket connection from /127.0.0.1:54433 to /127.0.0.1:54434" [_thread_blocked, id=14212, stack(0x000000001d1d0000,0x000000001d2d0000)]
  0x000000001b364000 JavaThread "Daemon worker" [_thread_in_native, id=12316, stack(0x000000001d0d0000,0x000000001d1d0000)]
  0x0000000019669000 JavaThread "Cancel handler" [_thread_blocked, id=10108, stack(0x000000001cfd0000,0x000000001d0d0000)]
  0x000000001b348000 JavaThread "Handler for socket connection from /127.0.0.1:54433 to /127.0.0.1:54434" [_thread_in_native, id=2652, stack(0x000000001ced0000,0x000000001cfd0000)]
  0x000000001b345000 JavaThread "Daemon" [_thread_blocked, id=15368, stack(0x000000001cdd0000,0x000000001ced0000)]
  0x000000001b31f000 JavaThread "Daemon periodic checks" [_thread_blocked, id=17252, stack(0x000000001cad0000,0x000000001cbd0000)]
  0x000000001b2cd800 JavaThread "Incoming local TCP Connector on port 54433" [_thread_in_native, id=2028, stack(0x000000001c870000,0x000000001c970000)]
  0x000000001b29a800 JavaThread "Daemon health stats" [_thread_blocked, id=14712, stack(0x000000001c230000,0x000000001c330000)]
  0x000000001796e000 JavaThread "Service Thread" daemon [_thread_blocked, id=11096, stack(0x0000000019690000,0x0000000019790000)]
  0x000000001792a000 JavaThread "C1 CompilerThread2" daemon [_thread_blocked, id=7052, stack(0x0000000019190000,0x0000000019290000)]
=>0x0000000017926800 JavaThread "C2 CompilerThread1" daemon [_thread_in_native, id=13056, stack(0x0000000019090000,0x0000000019190000)]
  0x0000000017917000 JavaThread "C2 CompilerThread0" daemon [_thread_blocked, id=3680, stack(0x0000000018f90000,0x0000000019090000)]
  0x0000000017915800 JavaThread "Attach Listener" daemon [_thread_blocked, id=14548, stack(0x0000000018e90000,0x0000000018f90000)]
  0x0000000017912800 JavaThread "Signal Dispatcher" daemon [_thread_blocked, id=7120, stack(0x0000000018d90000,0x0000000018e90000)]
  0x00000000178fe800 JavaThread "Finalizer" daemon [_thread_blocked, id=15160, stack(0x0000000018b60000,0x0000000018c60000)]
  0x0000000002ca3000 JavaThread "Reference Handler" daemon [_thread_blocked, id=8056, stack(0x0000000018a60000,0x0000000018b60000)]
  0x000000000298e800 JavaThread "main" [_thread_blocked, id=13392, stack(0x0000000002a90000,0x0000000002b90000)]

Other Threads:
  0x00000000178d6800 VMThread [stack: 0x0000000018960000,0x0000000018a60000] [id=1820]
  0x00000000192c8800 WatcherThread [stack: 0x0000000019790000,0x0000000019890000] [id=15032]

VM state:not at safepoint (normal execution)

VM Mutex/Monitor currently owned by a thread: None

heap address: 0x0000000080000000, size: 2048 MB, Compressed Oops mode: 32-bit
Narrow klass base: 0x0000000000000000, Narrow klass shift: 3
Compressed class space size: 1073741824 Address: 0x0000000100000000

Heap:
 PSYoungGen      total 96256K, used 19244K [0x00000000d5580000, 0x00000000dd980000, 0x0000000100000000)
  eden space 84992K, 22% used [0x00000000d5580000,0x00000000d684b0f8,0x00000000da880000)
  from space 11264K, 0% used [0x00000000da880000,0x00000000da880000,0x00000000db380000)
  to   space 10752K, 0% used [0x00000000dcf00000,0x00000000dcf00000,0x00000000dd980000)
 ParOldGen       total 33792K, used 14457K [0x0000000080000000, 0x0000000082100000, 0x00000000d5580000)
  object space 33792K, 42% used [0x0000000080000000,0x0000000080e1e4b0,0x0000000082100000)
 Metaspace       used 35135K, capacity 36302K, committed 36568K, reserved 1081344K
  class space    used 4829K, capacity 5100K, committed 5120K, reserved 1048576K

Card table byte_map: [0x0000000012080000,0x0000000012490000] byte_map_base: 0x0000000011c80000

Marking Bits: (ParMarkBitMap*) 0x000000005f9ef030
 Begin Bits: [0x0000000012b40000, 0x0000000014b40000)
 End Bits:   [0x0000000014b40000, 0x0000000016b40000)

Polling page: 0x0000000002b90000

CodeCache: size=245760Kb used=9818Kb max_used=9830Kb free=235941Kb
 bounds [0x0000000002cc0000, 0x0000000003660000, 0x0000000011cc0000]
 total_blobs=3254 nmethods=2561 adapters=606
 compilation: enabled

Compilation events (10 events):
Event: 16.640 Thread 0x0000000017917000 nmethod 2788 0x000000000364cc90 code [0x000000000364d080, 0x00000000036511f8]
Event: 16.640 Thread 0x0000000017917000 2789   !   4       sun.misc.Resource::getBytes (242 bytes)
Event: 16.653 Thread 0x000000001792a000 2814       1       java.util.regex.Pattern::flags (5 bytes)
Event: 16.653 Thread 0x000000001792a000 nmethod 2814 0x0000000003645810 code [0x0000000003645960, 0x0000000003645a70]
Event: 16.654 Thread 0x000000001792a000 2815       3       java.util.regex.Pattern::range (279 bytes)
Event: 16.659 Thread 0x000000001792a000 nmethod 2815 0x0000000003647c90 code [0x0000000003648140, 0x000000000364a9e8]
Event: 16.685 Thread 0x0000000017917000 nmethod 2789 0x000000000365bd50 code [0x000000000365bf60, 0x000000000365cf60]
Event: 16.686 Thread 0x0000000017917000 2812       4       java.lang.StringBuilder::append (8 bytes)
Event: 16.714 Thread 0x0000000017917000 nmethod 2812 0x0000000003646950 code [0x0000000003646ac0, 0x0000000003647658]
Event: 16.714 Thread 0x0000000017917000 2813       4       java.lang.AbstractStringBuilder::append (62 bytes)

GC Heap History (10 events):
Event: 8.666 GC heap before
{Heap before GC invocations=9 (full 1):
 PSYoungGen      total 70656K, used 3621K [0x00000000d5580000, 0x00000000da380000, 0x0000000100000000)
  eden space 64512K, 0% used [0x00000000d5580000,0x00000000d5580000,0x00000000d9480000)
  from space 6144K, 58% used [0x00000000d9b80000,0x00000000d9f09470,0x00000000da180000)
  to   space 7168K, 0% used [0x00000000d9480000,0x00000000d9480000,0x00000000d9b80000)
 ParOldGen       total 44032K, used 8628K [0x0000000080000000, 0x0000000082b00000, 0x00000000d5580000)
  object space 44032K, 19% used [0x0000000080000000,0x000000008086d1b8,0x0000000082b00000)
 Metaspace       used 20514K, capacity 21204K, committed 21248K, reserved 1067008K
  class space    used 2858K, capacity 3048K, committed 3072K, reserved 1048576K
Event: 8.820 GC heap after
Heap after GC invocations=9 (full 1):
 PSYoungGen      total 70656K, used 0K [0x00000000d5580000, 0x00000000da380000, 0x0000000100000000)
  eden space 64512K, 0% used [0x00000000d5580000,0x00000000d5580000,0x00000000d9480000)
  from space 6144K, 0% used [0x00000000d9b80000,0x00000000d9b80000,0x00000000da180000)
  to   space 7168K, 0% used [0x00000000d9480000,0x00000000d9480000,0x00000000d9b80000)
 ParOldGen       total 33792K, used 6732K [0x0000000080000000, 0x0000000082100000, 0x00000000d5580000)
  object space 33792K, 19% used [0x0000000080000000,0x00000000806932c0,0x0000000082100000)
 Metaspace       used 20514K, capacity 21204K, committed 21248K, reserved 1067008K
  class space    used 2858K, capacity 3048K, committed 3072K, reserved 1048576K
}
Event: 14.081 GC heap before
{Heap before GC invocations=10 (full 1):
 PSYoungGen      total 70656K, used 64512K [0x00000000d5580000, 0x00000000da380000, 0x0000000100000000)
  eden space 64512K, 100% used [0x00000000d5580000,0x00000000d9480000,0x00000000d9480000)
  from space 6144K, 0% used [0x00000000d9b80000,0x00000000d9b80000,0x00000000da180000)
  to   space 7168K, 0% used [0x00000000d9480000,0x00000000d9480000,0x00000000d9b80000)
 ParOldGen       total 33792K, used 6732K [0x0000000080000000, 0x0000000082100000, 0x00000000d5580000)
  object space 33792K, 19% used [0x0000000080000000,0x00000000806932c0,0x0000000082100000)
 Metaspace       used 28435K, capacity 29336K, committed 29568K, reserved 1075200K
  class space    used 3920K, capacity 4154K, committed 4224K, reserved 1048576K
Event: 14.095 GC heap after
Heap after GC invocations=10 (full 1):
 PSYoungGen      total 71680K, used 7161K [0x00000000d5580000, 0x00000000dbd80000, 0x0000000100000000)
  eden space 64512K, 0% used [0x00000000d5580000,0x00000000d5580000,0x00000000d9480000)
  from space 7168K, 99% used [0x00000000d9480000,0x00000000d9b7e478,0x00000000d9b80000)
  to   space 10240K, 0% used [0x00000000db380000,0x00000000db380000,0x00000000dbd80000)
 ParOldGen       total 33792K, used 7662K [0x0000000080000000, 0x0000000082100000, 0x00000000d5580000)
  object space 33792K, 22% used [0x0000000080000000,0x000000008077bb38,0x0000000082100000)
 Metaspace       used 28435K, capacity 29336K, committed 29568K, reserved 1075200K
  class space    used 3920K, capacity 4154K, committed 4224K, reserved 1048576K
}
Event: 15.545 GC heap before
{Heap before GC invocations=11 (full 1):
 PSYoungGen      total 71680K, used 71673K [0x00000000d5580000, 0x00000000dbd80000, 0x0000000100000000)
  eden space 64512K, 100% used [0x00000000d5580000,0x00000000d9480000,0x00000000d9480000)
  from space 7168K, 99% used [0x00000000d9480000,0x00000000d9b7e478,0x00000000d9b80000)
  to   space 10240K, 0% used [0x00000000db380000,0x00000000db380000,0x00000000dbd80000)
 ParOldGen       total 33792K, used 7662K [0x0000000080000000, 0x0000000082100000, 0x00000000d5580000)
  object space 33792K, 22% used [0x0000000080000000,0x000000008077bb38,0x0000000082100000)
 Metaspace       used 32764K, capacity 33782K, committed 33920K, reserved 1079296K
  class space    used 4464K, capacity 4723K, committed 4736K, reserved 1048576K
Event: 15.565 GC heap after
Heap after GC invocations=11 (full 1):
 PSYoungGen      total 95232K, used 9332K [0x00000000d5580000, 0x00000000dbe80000, 0x0000000100000000)
  eden space 84992K, 0% used [0x00000000d5580000,0x00000000d5580000,0x00000000da880000)
  from space 10240K, 91% used [0x00000000db380000,0x00000000dbc9d030,0x00000000dbd80000)
  to   space 11264K, 0% used [0x00000000da880000,0x00000000da880000,0x00000000db380000)
 ParOldGen       total 33792K, used 7670K [0x0000000080000000, 0x0000000082100000, 0x00000000d5580000)
  object space 33792K, 22% used [0x0000000080000000,0x000000008077db38,0x0000000082100000)
 Metaspace       used 32764K, capacity 33782K, committed 33920K, reserved 1079296K
  class space    used 4464K, capacity 4723K, committed 4736K, reserved 1048576K
}
Event: 16.181 GC heap before
{Heap before GC invocations=12 (full 1):
 PSYoungGen      total 95232K, used 38844K [0x00000000d5580000, 0x00000000dbe80000, 0x0000000100000000)
  eden space 84992K, 34% used [0x00000000d5580000,0x00000000d7252278,0x00000000da880000)
  from space 10240K, 91% used [0x00000000db380000,0x00000000dbc9d030,0x00000000dbd80000)
  to   space 11264K, 0% used [0x00000000da880000,0x00000000da880000,0x00000000db380000)
 ParOldGen       total 33792K, used 7670K [0x0000000080000000, 0x0000000082100000, 0x00000000d5580000)
  object space 33792K, 22% used [0x0000000080000000,0x000000008077db38,0x0000000082100000)
 Metaspace       used 34226K, capacity 35392K, committed 35416K, reserved 1079296K
  class space    used 4704K, capacity 4973K, committed 4992K, reserved 1048576K
Event: 16.201 GC heap after
Heap after GC invocations=12 (full 1):
 PSYoungGen      total 96256K, used 5001K [0x00000000d5580000, 0x00000000dd980000, 0x0000000100000000)
  eden space 84992K, 0% used [0x00000000d5580000,0x00000000d5580000,0x00000000da880000)
  from space 11264K, 44% used [0x00000000da880000,0x00000000dad625c0,0x00000000db380000)
  to   space 10752K, 0% used [0x00000000dcf00000,0x00000000dcf00000,0x00000000dd980000)
 ParOldGen       total 33792K, used 10773K [0x0000000080000000, 0x0000000082100000, 0x00000000d5580000)
  object space 33792K, 31% used [0x0000000080000000,0x0000000080a85528,0x0000000082100000)
 Metaspace       used 34226K, capacity 35392K, committed 35416K, reserved 1079296K
  class space    used 4704K, capacity 4973K, committed 4992K, reserved 1048576K
}
Event: 16.201 GC heap before
{Heap before GC invocations=13 (full 2):
 PSYoungGen      total 96256K, used 5001K [0x00000000d5580000, 0x00000000dd980000, 0x0000000100000000)
  eden space 84992K, 0% used [0x00000000d5580000,0x00000000d5580000,0x00000000da880000)
  from space 11264K, 44% used [0x00000000da880000,0x00000000dad625c0,0x00000000db380000)
  to   space 10752K, 0% used [0x00000000dcf00000,0x00000000dcf00000,0x00000000dd980000)
 ParOldGen       total 33792K, used 10773K [0x0000000080000000, 0x0000000082100000, 0x00000000d5580000)
  object space 33792K, 31% used [0x0000000080000000,0x0000000080a85528,0x0000000082100000)
 Metaspace       used 34226K, capacity 35392K, committed 35416K, reserved 1079296K
  class space    used 4704K, capacity 4973K, committed 4992K, reserved 1048576K
Event: 16.327 GC heap after
Heap after GC invocations=13 (full 2):
 PSYoungGen      total 96256K, used 0K [0x00000000d5580000, 0x00000000dd980000, 0x0000000100000000)
  eden space 84992K, 0% used [0x00000000d5580000,0x00000000d5580000,0x00000000da880000)
  from space 11264K, 0% used [0x00000000da880000,0x00000000da880000,0x00000000db380000)
  to   space 10752K, 0% used [0x00000000dcf00000,0x00000000dcf00000,0x00000000dd980000)
 ParOldGen       total 33792K, used 14457K [0x0000000080000000, 0x0000000082100000, 0x00000000d5580000)
  object space 33792K, 42% used [0x0000000080000000,0x0000000080e1e4b0,0x0000000082100000)
 Metaspace       used 34226K, capacity 35392K, committed 35416K, reserved 1079296K
  class space    used 4704K, capacity 4973K, committed 4992K, reserved 1048576K
}

Deoptimization events (10 events):
Event: 14.279 Thread 0x000000001b364000 Uncommon trap: reason=unstable_if action=reinterpret pc=0x000000000322fb20 method=java.net.URLClassLoader.defineClass(Ljava/lang/String;Lsun/misc/Resource;)Ljava/lang/Class; @ 21
Event: 14.280 Thread 0x000000001b364000 Uncommon trap: reason=unstable_if action=reinterpret pc=0x00000000031da8f4 method=java.lang.ClassLoader.getClassLoadingLock(Ljava/lang/String;)Ljava/lang/Object; @ 6
Event: 14.829 Thread 0x000000001b364000 Uncommon trap: reason=unstable_if action=reinterpret pc=0x00000000032c773c method=java.util.HashMap.getNode(ILjava/lang/Object;)Ljava/util/HashMap$Node; @ 53
Event: 15.051 Thread 0x000000001b364000 Uncommon trap: reason=unstable_if action=reinterpret pc=0x0000000002dce884 method=org.gradle.internal.reflect.PropertyAccessorType.isGetGetterName(Ljava/lang/String;)Z @ 14
Event: 15.095 Thread 0x000000001b364000 Uncommon trap: reason=unstable_if action=reinterpret pc=0x00000000033b3240 method=org.objectweb.asm.ByteVector.putShort(I)Lorg/objectweb/asm/ByteVector; @ 13
Event: 15.260 Thread 0x000000001b364000 Uncommon trap: reason=unstable_if action=reinterpret pc=0x00000000032a5728 method=java.net.URLClassLoader.defineClass(Ljava/lang/String;Lsun/misc/Resource;)Ljava/lang/Class; @ 21
Event: 15.446 Thread 0x000000001b364000 Uncommon trap: reason=unstable_if action=reinterpret pc=0x00000000035bfccc method=org.codehaus.groovy.runtime.metaclass.MetaMethodIndex.addMethodToList(Ljava/lang/Object;Lgroovy/lang/MetaMethod;)Ljava/lang/Object; @ 226
Event: 15.506 Thread 0x000000001b364000 Uncommon trap: reason=class_check action=maybe_recompile pc=0x000000000342aa1c method=java.util.WeakHashMap.eq(Ljava/lang/Object;Ljava/lang/Object;)Z @ 7
Event: 15.610 Thread 0x000000001b364000 Uncommon trap: reason=range_check action=make_not_entrant pc=0x0000000003566c50 method=java.lang.String.charAt(I)C @ 27
Event: 15.880 Thread 0x000000001b364000 Uncommon trap: reason=unstable_if action=reinterpret pc=0x0000000003178420 method=java.util.WeakHashMap.expungeStaleEntries()V @ 66

Classes redefined (0 events):
No events

Internal exceptions (10 events):
Event: 15.511 Thread 0x000000001b364000 Exception <a 'java/lang/ClassNotFoundException': org/gradle/api/internal/artifacts/dsl/DefaultRepositoryHandlerCustomizer> (0x00000000d9274480) thrown at [C:\src\AOSP-openjdk-git\hotspot\src\share\vm\classfile\systemDictionary.cpp, line 210]
Event: 15.515 Thread 0x000000001b364000 Exception <a 'java/lang/ClassNotFoundException': org/gradle/api/internal/artifacts/dsl/DefaultRepositoryHandler_DecoratedCustomizer> (0x00000000d92f7ce8) thrown at [C:\src\AOSP-openjdk-git\hotspot\src\share\vm\classfile\systemDictionary.cpp, line 210]
Event: 15.873 Thread 0x000000001b364000 Exception <a 'java/lang/ClassNotFoundException': org/gradle/api/internal/artifacts/dsl/dependencies/DefaultDependencyHandler_DecoratedBeanInfo> (0x00000000d624eaf0) thrown at [C:\src\AOSP-openjdk-git\hotspot\src\share\vm\classfile\systemDictionary.cpp, li
Event: 15.876 Thread 0x000000001b364000 Exception <a 'java/lang/ClassNotFoundException': org/gradle/api/internal/artifacts/dsl/dependencies/DefaultDependencyHandlerBeanInfo> (0x00000000d62a7440) thrown at [C:\src\AOSP-openjdk-git\hotspot\src\share\vm\classfile\systemDictionary.cpp, line 210]
Event: 15.879 Thread 0x000000001b364000 Exception <a 'java/lang/ClassNotFoundException': org/gradle/api/internal/artifacts/dsl/dependencies/DefaultDependencyHandlerCustomizer> (0x00000000d6301080) thrown at [C:\src\AOSP-openjdk-git\hotspot\src\share\vm\classfile\systemDictionary.cpp, line 210]
Event: 15.884 Thread 0x000000001b364000 Exception <a 'java/lang/ClassNotFoundException': org/gradle/api/internal/artifacts/dsl/dependencies/DefaultDependencyHandler_DecoratedCustomizer> (0x00000000d638bd88) thrown at [C:\src\AOSP-openjdk-git\hotspot\src\share\vm\classfile\systemDictionary.cpp, 
Event: 16.069 Thread 0x000000001b364000 Exception <a 'java/lang/NoSuchMethodError': java.lang.Object.lambda$static$0(Lorg/gradle/api/internal/artifacts/configurations/MutationValidator$MutationType;)V> (0x00000000d6a705e0) thrown at [C:\src\AOSP-openjdk-git\hotspot\src\share\vm\interpreter\link
Event: 16.421 Thread 0x000000001b364000 Exception <a 'java/lang/NoSuchMethodError': java.lang.Object.lambda$static$0(Lorg/gradle/internal/component/model/DependencyMetadata;)Lorg/gradle/api/internal/artifacts/ivyservice/dependencysubstitution/DependencySubstitutionApplicator$SubstitutionResult;
Event: 16.568 Thread 0x000000001b364000 Exception <a 'java/lang/IncompatibleClassChangeError': Found class java.lang.Object, but interface was expected> (0x00000000d61186d0) thrown at [C:\src\AOSP-openjdk-git\hotspot\src\share\vm\interpreter\linkResolver.cpp, line 653]
Event: 16.570 Thread 0x000000001b364000 Exception <a 'java/lang/NoSuchMethodError': java.lang.Object.lambda$thenComparing$36697e65$1(Ljava/util/Comparator;Ljava/lang/Object;Ljava/lang/Object;)I> (0x00000000d6124180) thrown at [C:\src\AOSP-openjdk-git\hotspot\src\share\vm\interpreter\linkResolve

Events (10 events):
Event: 16.720 loading class org/gradle/internal/hash/ChecksumService
Event: 16.720 loading class org/gradle/internal/hash/ChecksumService done
Event: 16.720 loading class org/gradle/internal/hash/HashCode
Event: 16.720 loading class org/gradle/internal/hash/HashCode done
Event: 16.720 loading class org/gradle/internal/hash/ChecksumService
Event: 16.720 loading class org/gradle/internal/hash/ChecksumService done
Event: 16.721 loading class org/gradle/api/internal/artifacts/ivyservice/modulecache/StringDeduplicatingDecoder
Event: 16.721 loading class org/gradle/api/internal/artifacts/ivyservice/modulecache/StringDeduplicatingDecoder done
Event: 16.722 loading class org/gradle/api/internal/artifacts/ivyservice/modulecache/ModuleMetadataSerializer$Reader
Event: 16.722 loading class org/gradle/api/internal/artifacts/ivyservice/modulecache/ModuleMetadataSerializer$Reader done


Dynamic libraries:
0x00007ff793510000 - 0x00007ff793541000 	C:\Program Files\Android\Android Studio\jre\bin\java.exe
0x00007ffb61c90000 - 0x00007ffb61e85000 	C:\WINDOWS\SYSTEM32\ntdll.dll
0x00007ffb618c0000 - 0x00007ffb6197e000 	C:\WINDOWS\System32\KERNEL32.DLL
0x00007ffb5f8b0000 - 0x00007ffb5fb78000 	C:\WINDOWS\System32\KERNELBASE.dll
0x00007ffb61660000 - 0x00007ffb6170e000 	C:\WINDOWS\System32\ADVAPI32.dll
0x00007ffb61300000 - 0x00007ffb6139e000 	C:\WINDOWS\System32\msvcrt.dll
0x00007ffb61560000 - 0x00007ffb615fc000 	C:\WINDOWS\System32\sechost.dll
0x00007ffb60660000 - 0x00007ffb60785000 	C:\WINDOWS\System32\RPCRT4.dll
0x00007ffb61aa0000 - 0x00007ffb61c41000 	C:\WINDOWS\System32\USER32.dll
0x00007ffb5f4d0000 - 0x00007ffb5f4f2000 	C:\WINDOWS\System32\win32u.dll
0x00007ffb604e0000 - 0x00007ffb6050b000 	C:\WINDOWS\System32\GDI32.dll
0x00007ffb5f5e0000 - 0x00007ffb5f6ed000 	C:\WINDOWS\System32\gdi32full.dll
0x00007ffb5fb80000 - 0x00007ffb5fc1d000 	C:\WINDOWS\System32\msvcp_win.dll
0x00007ffb5f3a0000 - 0x00007ffb5f4a0000 	C:\WINDOWS\System32\ucrtbase.dll
0x00007ffb532f0000 - 0x00007ffb5358a000 	C:\WINDOWS\WinSxS\amd64_microsoft.windows.common-controls_6595b64144ccf1df_6.0.19041.1110_none_60b5254171f9507e\COMCTL32.dll
0x00007ffb5fcd0000 - 0x00007ffb5fd00000 	C:\WINDOWS\System32\IMM32.DLL
0x000000005f060000 - 0x000000005f132000 	C:\Program Files\Android\Android Studio\jre\jre\bin\msvcr100.dll
0x000000005f220000 - 0x000000005fa6b000 	C:\Program Files\Android\Android Studio\jre\jre\bin\server\jvm.dll
0x00007ffb61a90000 - 0x00007ffb61a98000 	C:\WINDOWS\System32\PSAPI.DLL
0x00007ffb4a120000 - 0x00007ffb4a147000 	C:\WINDOWS\SYSTEM32\WINMM.dll
0x00007ffb4af40000 - 0x00007ffb4af49000 	C:\WINDOWS\SYSTEM32\WSOCK32.dll
0x00007ffb614f0000 - 0x00007ffb6155b000 	C:\WINDOWS\System32\WS2_32.dll
0x00007ffb54ab0000 - 0x00007ffb54aba000 	C:\WINDOWS\SYSTEM32\VERSION.dll
0x00007ffb58ba0000 - 0x00007ffb58baf000 	C:\Program Files\Android\Android Studio\jre\jre\bin\verify.dll
0x00007ffb58960000 - 0x00007ffb58989000 	C:\Program Files\Android\Android Studio\jre\jre\bin\java.dll
0x00007ffb58b80000 - 0x00007ffb58b96000 	C:\Program Files\Android\Android Studio\jre\jre\bin\zip.dll
0x00007ffb5fd00000 - 0x00007ffb60444000 	C:\WINDOWS\System32\SHELL32.dll
0x00007ffb5d090000 - 0x00007ffb5d825000 	C:\WINDOWS\SYSTEM32\windows.storage.dll
0x00007ffb60d30000 - 0x00007ffb61085000 	C:\WINDOWS\System32\combase.dll
0x00007ffb5edf0000 - 0x00007ffb5ee1e000 	C:\WINDOWS\SYSTEM32\Wldp.dll
0x00007ffb619e0000 - 0x00007ffb61a8d000 	C:\WINDOWS\System32\SHCORE.dll
0x00007ffb61850000 - 0x00007ffb618a5000 	C:\WINDOWS\System32\shlwapi.dll
0x00007ffb5f2e0000 - 0x00007ffb5f2ff000 	C:\WINDOWS\SYSTEM32\profapi.dll
0x00007ffb58a30000 - 0x00007ffb58a4a000 	C:\Program Files\Android\Android Studio\jre\jre\bin\net.dll
0x00007ffb5eb50000 - 0x00007ffb5ebba000 	C:\WINDOWS\system32\mswsock.dll
0x00007ffb56e00000 - 0x00007ffb56e13000 	C:\Program Files\Android\Android Studio\jre\jre\bin\nio.dll
0x00007ffb4c910000 - 0x00007ffb4c937000 	C:\Users\e30\.gradle\native\f6784746aeab05261644944871eae4fe03e0ef1612fff0a4a95f87b438bc6780\windows-amd64\native-platform.dll
0x00007ffb57c90000 - 0x00007ffb57c9d000 	C:\Program Files\Android\Android Studio\jre\jre\bin\management.dll
0x00007ffb5ed40000 - 0x00007ffb5ed58000 	C:\WINDOWS\SYSTEM32\CRYPTSP.dll
0x00007ffb5e460000 - 0x00007ffb5e494000 	C:\WINDOWS\system32\rsaenh.dll
0x00007ffb5f4a0000 - 0x00007ffb5f4c7000 	C:\WINDOWS\System32\bcrypt.dll
0x00007ffb5f2a0000 - 0x00007ffb5f2ce000 	C:\WINDOWS\SYSTEM32\USERENV.dll
0x00007ffb5f550000 - 0x00007ffb5f5d2000 	C:\WINDOWS\System32\bcryptprimitives.dll
0x00007ffb5ed60000 - 0x00007ffb5ed6c000 	C:\WINDOWS\SYSTEM32\CRYPTBASE.dll
0x00007ffb5e7f0000 - 0x00007ffb5e82b000 	C:\WINDOWS\SYSTEM32\IPHLPAPI.DLL
0x00007ffb618b0000 - 0x00007ffb618b8000 	C:\WINDOWS\System32\NSI.dll
0x00007ffb55ac0000 - 0x00007ffb55ad7000 	C:\WINDOWS\SYSTEM32\dhcpcsvc6.DLL
0x00007ffb55bd0000 - 0x00007ffb55bed000 	C:\WINDOWS\SYSTEM32\dhcpcsvc.DLL
0x00007ffb5e880000 - 0x00007ffb5e94b000 	C:\WINDOWS\SYSTEM32\DNSAPI.dll
0x00007ffb55c60000 - 0x00007ffb55c6b000 	C:\WINDOWS\SYSTEM32\WINNSI.DLL

VM Arguments:
jvm_args: -Xmx2048m -Dfile.encoding=UTF-8 -Duser.country=BR -Duser.language=pt -Duser.variant 
java_command: org.gradle.launcher.daemon.bootstrap.GradleDaemon 6.5
java_class_path (initial): C:\Users\e30\.gradle\wrapper\dists\gradle-6.5-all\2oz4ud9k3tuxjg84bbf55q0tn\gradle-6.5\lib\gradle-launcher-6.5.jar
Launcher Type: SUN_STANDARD

Environment Variables:
JAVA_HOME=C:\Program Files\Java\jdk1.8.0_281
PATH=C:\Program Files (x86)\Common Files\Oracle\Java\javapath;"C:\Program Files (x86)\Common Files\Oracle\Java\javapath;C:\Program Files\Java\jdk1.8.0_281\bin";C:\Program Files (x86)\Intel\Intel(R) Management Engine Components\iCLS\;C:\Program Files\Intel\Intel(R) Management Engine Components\iCLS\;C:\WINDOWS\system32;C:\WINDOWS;C:\WINDOWS\System32\Wbem;C:\WINDOWS\System32\WindowsPowerShell\v1.0\;C:\WINDOWS\System32\OpenSSH\;C:\Program Files (x86)\Intel\Intel(R) Management Engine Components\DAL;C:\Program Files\Intel\Intel(R) Management Engine Components\DAL;C:\Users\e30\AppData\Local\Programs\Python\Python38-32\Scripts;C:\Program Files\Git\cmd;C:\Users\e30\AppData\Local\Programs\Python\Python38-32\Scripts\;C:\Users\e30\AppData\Local\Programs\Python\Python38-32\;C:\Users\e30\AppData\Local\Microsoft\WindowsApps;C:\Users\e30\AppData\Local\Programs\Microsoft VS Code\bin;"C:\Users\e30\AppData\Local\Programs\;C:\Program Files\Java\jdk1.8.0_281\bin";
USERNAME=e30
OS=Windows_NT
PROCESSOR_IDENTIFIER=Intel64 Family 6 Model 142 Stepping 9, GenuineIntel



---------------  S Y S T E M  ---------------

OS: Windows 10.0 , 64 bit Build 19041 (10.0.19041.1466)

CPU:total 4 (initial active 4) (2 cores per cpu, 2 threads per core) family 6 model 142 stepping 9, cmov, cx8, fxsr, mmx, sse, sse2, sse3, ssse3, sse4.1, sse4.2, popcnt, avx, avx2, aes, clmul, erms, 3dnowpref, lzcnt, ht, tsc, tscinvbit, bmi1, bmi2, adx

Memory: 4k page, physical 4107072k(717228k free), swap 8203072k(5532k free)

vm_info: OpenJDK 64-Bit Server VM (25.242-b01) for windows-amd64 JRE (1.8.0_242-release-1644-b01), built by "builder" with MS VC++ 10.0 (VS2010)

time: Mon Feb 07 12:44:23 2022
timezone: Hora oficial do Brasil
elapsed time: 16 seconds (0d 0h 0m 16s)

