#
# There is insufficient memory for the Java Runtime Environment to continue.
# Native memory allocation (malloc) failed to allocate 1843088 bytes for Chunk::new
# Possible reasons:
#   The system is out of physical RAM or swap space
#   The process is running with CompressedOops enabled, and the Java Heap may be blocking the growth of the native heap
# Possible solutions:
#   Reduce memory load on the system
#   Increase physical memory or swap space
#   Check if swap backing store is full
#   Decrease Java heap size (-Xmx/-Xms)
#   Decrease number of Java threads
#   Decrease Java thread stack sizes (-Xss)
#   Set larger code cache with -XX:ReservedCodeCacheSize=
#   JVM is running with Unscaled Compressed Oops mode in which the Java heap is
#     placed in the first 4GB address space. The Java Heap base address is the
#     maximum limit for the native heap growth. Please use -XX:HeapBaseMinAddress
#     to set the Java Heap base and to place the Java Heap above 4GB virtual address.
# This output file may be truncated or incomplete.
#
#  Out of Memory Error (allocation.cpp:389), pid=7416, tid=0x0000000000002478
#
# JRE version: OpenJDK Runtime Environment (8.0_242-b01) (build 1.8.0_242-release-1644-b01)
# Java VM: OpenJDK 64-Bit Server VM (25.242-b01 mixed mode windows-amd64 compressed oops)
# Failed to write core dump. Minidumps are not enabled by default on client versions of Windows
#

---------------  T H R E A D  ---------------

Current thread (0x00000000170df000):  JavaThread "C2 CompilerThread1" daemon [_thread_in_native, id=9336, stack(0x0000000018860000,0x0000000018960000)]

Stack: [0x0000000018860000,0x0000000018960000]
[error occurred during error reporting (printing stack bounds), id 0xc0000005]

Native frames: (J=compiled Java code, j=interpreted, Vv=VM code, C=native code)


Current CompileTask:
C2:  12979 1543   !   4       java.net.URLClassLoader$1::run (63 bytes)


---------------  P R O C E S S  ---------------

Java Threads: ( => current thread )
  0x000000001a3ad800 JavaThread "Cache worker for file hash cache (C:\Users\e30\.gradle\caches\6.5\fileHashes)" [_thread_blocked, id=7592, stack(0x000000001d200000,0x000000001d300000)]
  0x000000001a3af000 JavaThread "File lock request listener" [_thread_in_native, id=6944, stack(0x000000001d100000,0x000000001d200000)]
  0x000000001a3a9800 JavaThread "Cache worker for journal cache (C:\Users\e30\.gradle\caches\journal-1)" [_thread_blocked, id=9116, stack(0x000000001cf00000,0x000000001d000000)]
  0x0000000019f45000 JavaThread "Thread-9" [_thread_blocked, id=4940, stack(0x000000001cc00000,0x000000001cd00000)]
  0x0000000019f44800 JavaThread "Stdin handler" [_thread_blocked, id=6096, stack(0x000000001cb00000,0x000000001cc00000)]
  0x0000000019f42800 JavaThread "Asynchronous log dispatcher for DefaultDaemonConnection: socket connection from /127.0.0.1:62488 to /127.0.0.1:62489" [_thread_blocked, id=7464, stack(0x000000001ca00000,0x000000001cb00000)]
  0x0000000018c96000 JavaThread "Daemon worker" [_thread_in_native, id=9520, stack(0x000000001c900000,0x000000001ca00000)]
  0x0000000018c95000 JavaThread "Cancel handler" [_thread_blocked, id=9608, stack(0x000000001c800000,0x000000001c900000)]
  0x0000000019a9b000 JavaThread "Handler for socket connection from /127.0.0.1:62488 to /127.0.0.1:62489" [_thread_in_native, id=5324, stack(0x000000001c700000,0x000000001c800000)]
  0x0000000019a96000 JavaThread "Daemon" [_thread_blocked, id=1796, stack(0x000000001c600000,0x000000001c700000)]
  0x0000000019a6c000 JavaThread "Daemon periodic checks" [_thread_blocked, id=5720, stack(0x000000001c300000,0x000000001c400000)]
  0x0000000019865800 JavaThread "Incoming local TCP Connector on port 62488" [_thread_in_native, id=10372, stack(0x000000001c0a0000,0x000000001c1a0000)]
  0x000000001abe2000 JavaThread "Daemon health stats" [_thread_blocked, id=648, stack(0x000000001ba60000,0x000000001bb60000)]
  0x0000000018a88800 JavaThread "Service Thread" daemon [_thread_blocked, id=11488, stack(0x0000000018e60000,0x0000000018f60000)]
  0x00000000170e3800 JavaThread "C1 CompilerThread2" daemon [_thread_blocked, id=7608, stack(0x0000000018960000,0x0000000018a60000)]
=>0x00000000170df000 JavaThread "C2 CompilerThread1" daemon [_thread_in_native, id=9336, stack(0x0000000018860000,0x0000000018960000)]
  0x00000000170d7800 JavaThread "C2 CompilerThread0" daemon [_thread_in_native, id=7672, stack(0x0000000018760000,0x0000000018860000)]
  0x00000000170d6800 JavaThread "Attach Listener" daemon [_thread_blocked, id=6636, stack(0x0000000018660000,0x0000000018760000)]
  0x00000000170d5800 JavaThread "Signal Dispatcher" daemon [_thread_blocked, id=8196, stack(0x0000000018560000,0x0000000018660000)]
  0x000000000243d800 JavaThread "Finalizer" daemon [_thread_blocked, id=8768, stack(0x0000000018340000,0x0000000018440000)]
  0x00000000170b9000 JavaThread "Reference Handler" daemon [_thread_blocked, id=2336, stack(0x0000000018240000,0x0000000018340000)]
  0x0000000002342800 JavaThread "main" [_thread_blocked, id=5820, stack(0x0000000002200000,0x0000000002300000)]

Other Threads:
  0x0000000017096800 VMThread [stack: 0x0000000018140000,0x0000000018240000] [id=9032]
  0x000000001712a800 WatcherThread [stack: 0x0000000018f60000,0x0000000019060000] [id=12536]

VM state:not at safepoint (normal execution)

VM Mutex/Monitor currently owned by a thread: None

heap address: 0x0000000080000000, size: 2048 MB, Compressed Oops mode: 32-bit
Narrow klass base: 0x0000000000000000, Narrow klass shift: 3
Compressed class space size: 1073741824 Address: 0x0000000100000000

Heap:
 PSYoungGen      total 37888K, used 35933K [0x00000000d5580000, 0x00000000da180000, 0x0000000100000000)
  eden space 31744K, 94% used [0x00000000d5580000,0x00000000d72ae778,0x00000000d7480000)
  from space 6144K, 98% used [0x00000000d9b80000,0x00000000da168da8,0x00000000da180000)
  to   space 7168K, 0% used [0x00000000d9380000,0x00000000d9380000,0x00000000d9a80000)
 ParOldGen       total 44032K, used 5114K [0x0000000080000000, 0x0000000082b00000, 0x00000000d5580000)
  object space 44032K, 11% used [0x0000000080000000,0x00000000804feb78,0x0000000082b00000)
 Metaspace       used 17304K, capacity 17936K, committed 18176K, reserved 1064960K
  class space    used 2353K, capacity 2504K, committed 2560K, reserved 1048576K

Card table byte_map: [0x0000000011870000,0x0000000011c80000] byte_map_base: 0x0000000011470000

Marking Bits: (ParMarkBitMap*) 0x000000006be0f030
 Begin Bits: [0x0000000012330000, 0x0000000014330000)
 End Bits:   [0x0000000014330000, 0x0000000016330000)

Polling page: 0x0000000000bc0000

CodeCache: size=245760Kb used=5493Kb max_used=5493Kb free=240266Kb
 bounds [0x00000000024b0000, 0x0000000002a20000, 0x00000000114b0000]
 total_blobs=1943 nmethods=1543 adapters=313
 compilation: enabled

Compilation events (10 events):
Event: 12.866 Thread 0x00000000170e3800 1578       1       java.util.Collections$EmptyList::isEmpty (2 bytes)
Event: 12.866 Thread 0x00000000170e3800 nmethod 1578 0x0000000002a0ca10 code [0x0000000002a0cb60, 0x0000000002a0cc70]
Event: 12.866 Thread 0x00000000170e3800 1579       3       org.gradle.internal.service.DefaultServiceRegistry::find (142 bytes)
Event: 12.868 Thread 0x00000000170e3800 nmethod 1579 0x0000000002a0ccd0 code [0x0000000002a0d020, 0x0000000002a0eb98]
Event: 12.942 Thread 0x00000000170e3800 1580       3       java.lang.Throwable::<init> (39 bytes)
Event: 12.943 Thread 0x00000000170e3800 nmethod 1580 0x0000000002a0f890 code [0x0000000002a0fa00, 0x0000000002a0fd08]
Event: 12.947 Thread 0x00000000170e3800 1581       3       org.gradle.internal.service.DefaultServiceRegistry$SingletonService::getService (18 bytes)
Event: 12.948 Thread 0x00000000170e3800 nmethod 1581 0x0000000002a0fdd0 code [0x0000000002a0ff60, 0x0000000002a101d8]
Event: 12.948 Thread 0x00000000170e3800 1582       3       org.gradle.internal.service.DefaultServiceRegistry::access$1200 (6 bytes)
Event: 12.949 Thread 0x00000000170e3800 nmethod 1582 0x0000000002a102d0 code [0x0000000002a10440, 0x0000000002a105a8]

GC Heap History (10 events):
Event: 3.333 GC heap before
{Heap before GC invocations=2 (full 0):
 PSYoungGen      total 18944K, used 18649K [0x00000000d5580000, 0x00000000d6a80000, 0x0000000100000000)
  eden space 16384K, 100% used [0x00000000d5580000,0x00000000d6580000,0x00000000d6580000)
  from space 2560K, 88% used [0x00000000d6580000,0x00000000d67b6518,0x00000000d6800000)
  to   space 2560K, 0% used [0x00000000d6800000,0x00000000d6800000,0x00000000d6a80000)
 ParOldGen       total 44032K, used 8K [0x0000000080000000, 0x0000000082b00000, 0x00000000d5580000)
  object space 44032K, 0% used [0x0000000080000000,0x0000000080002000,0x0000000082b00000)
 Metaspace       used 7558K, capacity 7850K, committed 8064K, reserved 1056768K
  class space    used 931K, capacity 1041K, committed 1152K, reserved 1048576K
Event: 3.379 GC heap after
Heap after GC invocations=2 (full 0):
 PSYoungGen      total 18944K, used 2533K [0x00000000d5580000, 0x00000000d7a80000, 0x0000000100000000)
  eden space 16384K, 0% used [0x00000000d5580000,0x00000000d5580000,0x00000000d6580000)
  from space 2560K, 98% used [0x00000000d6800000,0x00000000d6a79678,0x00000000d6a80000)
  to   space 2560K, 0% used [0x00000000d6580000,0x00000000d6580000,0x00000000d6800000)
 ParOldGen       total 44032K, used 1099K [0x0000000080000000, 0x0000000082b00000, 0x00000000d5580000)
  object space 44032K, 2% used [0x0000000080000000,0x0000000080112e80,0x0000000082b00000)
 Metaspace       used 7558K, capacity 7850K, committed 8064K, reserved 1056768K
  class space    used 931K, capacity 1041K, committed 1152K, reserved 1048576K
}
Event: 3.578 GC heap before
{Heap before GC invocations=3 (full 0):
 PSYoungGen      total 18944K, used 18917K [0x00000000d5580000, 0x00000000d7a80000, 0x0000000100000000)
  eden space 16384K, 100% used [0x00000000d5580000,0x00000000d6580000,0x00000000d6580000)
  from space 2560K, 98% used [0x00000000d6800000,0x00000000d6a79678,0x00000000d6a80000)
  to   space 2560K, 0% used [0x00000000d6580000,0x00000000d6580000,0x00000000d6800000)
 ParOldGen       total 44032K, used 1099K [0x0000000080000000, 0x0000000082b00000, 0x00000000d5580000)
  object space 44032K, 2% used [0x0000000080000000,0x0000000080112e80,0x0000000082b00000)
 Metaspace       used 7595K, capacity 7914K, committed 8064K, reserved 1056768K
  class space    used 931K, capacity 1041K, committed 1152K, reserved 1048576K
Event: 3.581 GC heap after
Heap after GC invocations=3 (full 0):
 PSYoungGen      total 18944K, used 2304K [0x00000000d5580000, 0x00000000d7a80000, 0x0000000100000000)
  eden space 16384K, 0% used [0x00000000d5580000,0x00000000d5580000,0x00000000d6580000)
  from space 2560K, 90% used [0x00000000d6580000,0x00000000d67c0020,0x00000000d6800000)
  to   space 2560K, 0% used [0x00000000d7800000,0x00000000d7800000,0x00000000d7a80000)
 ParOldGen       total 44032K, used 1107K [0x0000000080000000, 0x0000000082b00000, 0x00000000d5580000)
  object space 44032K, 2% used [0x0000000080000000,0x0000000080114e80,0x0000000082b00000)
 Metaspace       used 7595K, capacity 7914K, committed 8064K, reserved 1056768K
  class space    used 931K, capacity 1041K, committed 1152K, reserved 1048576K
}
Event: 3.892 GC heap before
{Heap before GC invocations=4 (full 0):
 PSYoungGen      total 18944K, used 18688K [0x00000000d5580000, 0x00000000d7a80000, 0x0000000100000000)
  eden space 16384K, 100% used [0x00000000d5580000,0x00000000d6580000,0x00000000d6580000)
  from space 2560K, 90% used [0x00000000d6580000,0x00000000d67c0020,0x00000000d6800000)
  to   space 2560K, 0% used [0x00000000d7800000,0x00000000d7800000,0x00000000d7a80000)
 ParOldGen       total 44032K, used 1107K [0x0000000080000000, 0x0000000082b00000, 0x00000000d5580000)
  object space 44032K, 2% used [0x0000000080000000,0x0000000080114e80,0x0000000082b00000)
 Metaspace       used 7794K, capacity 8162K, committed 8320K, reserved 1056768K
  class space    used 957K, capacity 1081K, committed 1152K, reserved 1048576K
Event: 3.897 GC heap after
Heap after GC invocations=4 (full 0):
 PSYoungGen      total 35328K, used 2560K [0x00000000d5580000, 0x00000000d7a80000, 0x0000000100000000)
  eden space 32768K, 0% used [0x00000000d5580000,0x00000000d5580000,0x00000000d7580000)
  from space 2560K, 100% used [0x00000000d7800000,0x00000000d7a80000,0x00000000d7a80000)
  to   space 2560K, 0% used [0x00000000d7580000,0x00000000d7580000,0x00000000d7800000)
 ParOldGen       total 44032K, used 1749K [0x0000000080000000, 0x0000000082b00000, 0x00000000d5580000)
  object space 44032K, 3% used [0x0000000080000000,0x00000000801b5620,0x0000000082b00000)
 Metaspace       used 7794K, capacity 8162K, committed 8320K, reserved 1056768K
  class space    used 957K, capacity 1081K, committed 1152K, reserved 1048576K
}
Event: 9.246 GC heap before
{Heap before GC invocations=5 (full 0):
 PSYoungGen      total 35328K, used 35328K [0x00000000d5580000, 0x00000000d7a80000, 0x0000000100000000)
  eden space 32768K, 100% used [0x00000000d5580000,0x00000000d7580000,0x00000000d7580000)
  from space 2560K, 100% used [0x00000000d7800000,0x00000000d7a80000,0x00000000d7a80000)
  to   space 2560K, 0% used [0x00000000d7580000,0x00000000d7580000,0x00000000d7800000)
 ParOldGen       total 44032K, used 1749K [0x0000000080000000, 0x0000000082b00000, 0x00000000d5580000)
  object space 44032K, 3% used [0x0000000080000000,0x00000000801b5620,0x0000000082b00000)
 Metaspace       used 12088K, capacity 12520K, committed 12800K, reserved 1060864K
  class space    used 1602K, capacity 1730K, committed 1792K, reserved 1048576K
Event: 9.258 GC heap after
Heap after GC invocations=5 (full 0):
 PSYoungGen      total 35328K, used 2528K [0x00000000d5580000, 0x00000000da180000, 0x0000000100000000)
  eden space 32768K, 0% used [0x00000000d5580000,0x00000000d5580000,0x00000000d7580000)
  from space 2560K, 98% used [0x00000000d7580000,0x00000000d77f8020,0x00000000d7800000)
  to   space 6144K, 0% used [0x00000000d9b80000,0x00000000d9b80000,0x00000000da180000)
 ParOldGen       total 44032K, used 5106K [0x0000000080000000, 0x0000000082b00000, 0x00000000d5580000)
  object space 44032K, 11% used [0x0000000080000000,0x00000000804fcb78,0x0000000082b00000)
 Metaspace       used 12088K, capacity 12520K, committed 12800K, reserved 1060864K
  class space    used 1602K, capacity 1730K, committed 1792K, reserved 1048576K
}
Event: 10.846 GC heap before
{Heap before GC invocations=6 (full 0):
 PSYoungGen      total 35328K, used 34851K [0x00000000d5580000, 0x00000000da180000, 0x0000000100000000)
  eden space 32768K, 98% used [0x00000000d5580000,0x00000000d7510d68,0x00000000d7580000)
  from space 2560K, 98% used [0x00000000d7580000,0x00000000d77f8020,0x00000000d7800000)
  to   space 6144K, 0% used [0x00000000d9b80000,0x00000000d9b80000,0x00000000da180000)
 ParOldGen       total 44032K, used 5106K [0x0000000080000000, 0x0000000082b00000, 0x00000000d5580000)
  object space 44032K, 11% used [0x0000000080000000,0x00000000804fcb78,0x0000000082b00000)
 Metaspace       used 14677K, capacity 15202K, committed 15488K, reserved 1062912K
  class space    used 1996K, capacity 2125K, committed 2176K, reserved 1048576K
Event: 10.855 GC heap after
Heap after GC invocations=6 (full 0):
 PSYoungGen      total 37888K, used 6051K [0x00000000d5580000, 0x00000000da180000, 0x0000000100000000)
  eden space 31744K, 0% used [0x00000000d5580000,0x00000000d5580000,0x00000000d7480000)
  from space 6144K, 98% used [0x00000000d9b80000,0x00000000da168da8,0x00000000da180000)
  to   space 7168K, 0% used [0x00000000d9380000,0x00000000d9380000,0x00000000d9a80000)
 ParOldGen       total 44032K, used 5114K [0x0000000080000000, 0x0000000082b00000, 0x00000000d5580000)
  object space 44032K, 11% used [0x0000000080000000,0x00000000804feb78,0x0000000082b00000)
 Metaspace       used 14677K, capacity 15202K, committed 15488K, reserved 1062912K
  class space    used 1996K, capacity 2125K, committed 2176K, reserved 1048576K
}

Deoptimization events (10 events):
Event: 10.677 Thread 0x0000000018c96000 Uncommon trap: reason=class_check action=maybe_recompile pc=0x0000000002801998 method=java.util.regex.Matcher.match(II)Z @ 86
Event: 10.677 Thread 0x0000000018c96000 Uncommon trap: reason=class_check action=maybe_recompile pc=0x0000000002801998 method=java.util.regex.Matcher.match(II)Z @ 86
Event: 10.678 Thread 0x0000000018c96000 Uncommon trap: reason=class_check action=maybe_recompile pc=0x000000000266cc10 method=java.util.regex.Matcher.match(II)Z @ 86
Event: 11.052 Thread 0x0000000018c96000 Uncommon trap: reason=unstable_if action=reinterpret pc=0x00000000027fa2cc method=java.io.File.getName()Ljava/lang/String; @ 16
Event: 11.052 Thread 0x0000000018c96000 Uncommon trap: reason=unstable_if action=reinterpret pc=0x00000000027f52d4 method=java.lang.String.substring(I)Ljava/lang/String; @ 35
Event: 12.797 Thread 0x0000000018c96000 Uncommon trap: reason=unstable_if action=reinterpret pc=0x00000000027faab0 method=java.util.LinkedHashMap.afterNodeInsertion(Z)V @ 1
Event: 12.798 Thread 0x0000000018c96000 Uncommon trap: reason=unstable_if action=reinterpret pc=0x000000000272e4c4 method=java.util.HashMap.getNode(ILjava/lang/Object;)Ljava/util/HashMap$Node; @ 129
Event: 12.798 Thread 0x0000000018c96000 Uncommon trap: reason=bimorphic action=maybe_recompile pc=0x000000000297bc4c method=java.util.HashMap.putVal(ILjava/lang/Object;Ljava/lang/Object;ZZ)Ljava/lang/Object; @ 203
Event: 12.801 Thread 0x0000000018c96000 Uncommon trap: reason=unstable_if action=reinterpret pc=0x0000000002725250 method=java.util.HashMap.getNode(ILjava/lang/Object;)Ljava/util/HashMap$Node; @ 129
Event: 12.801 Thread 0x0000000018c96000 Uncommon trap: reason=bimorphic action=maybe_recompile pc=0x000000000297bc4c method=java.util.HashMap.putVal(ILjava/lang/Object;Ljava/lang/Object;ZZ)Ljava/lang/Object; @ 203

Classes redefined (0 events):
No events

Internal exceptions (10 events):
Event: 9.104 Thread 0x0000000019a9b000 Exception <a 'java/lang/NoSuchMethodError': <clinit>> (0x00000000d743c9d8) thrown at [C:\src\AOSP-openjdk-git\hotspot\src\share\vm\prims\jni.cpp, line 1615]
Event: 9.107 Thread 0x0000000019a9b000 Exception <a 'java/lang/NoSuchMethodError': <clinit>> (0x00000000d74460e0) thrown at [C:\src\AOSP-openjdk-git\hotspot\src\share\vm\prims\jni.cpp, line 1615]
Event: 9.109 Thread 0x0000000019a9b000 Exception <a 'java/lang/NoSuchMethodError': <clinit>> (0x00000000d745a698) thrown at [C:\src\AOSP-openjdk-git\hotspot\src\share\vm\prims\jni.cpp, line 1615]
Event: 9.124 Thread 0x0000000019a9b000 Exception <a 'java/lang/NoSuchMethodError': <clinit>> (0x00000000d74c7570) thrown at [C:\src\AOSP-openjdk-git\hotspot\src\share\vm\prims\jni.cpp, line 1615]
Event: 9.217 Thread 0x0000000019a9b000 Exception <a 'java/lang/NoSuchMethodError': <clinit>> (0x00000000d75019d8) thrown at [C:\src\AOSP-openjdk-git\hotspot\src\share\vm\prims\jni.cpp, line 1615]
Event: 9.235 Thread 0x0000000019a9b000 Exception <a 'java/lang/NoSuchMethodError': <clinit>> (0x00000000d75375b0) thrown at [C:\src\AOSP-openjdk-git\hotspot\src\share\vm\prims\jni.cpp, line 1615]
Event: 9.237 Thread 0x0000000019a9b000 Exception <a 'java/lang/NoSuchMethodError': <clinit>> (0x00000000d7543ae0) thrown at [C:\src\AOSP-openjdk-git\hotspot\src\share\vm\prims\jni.cpp, line 1615]
Event: 11.553 Thread 0x0000000018c96000 Exception <a 'java/lang/NoSuchMethodError': java.lang.Object.lambda$and$0(Ljava/util/function/Predicate;Ljava/lang/Object;)Z> (0x00000000d5a0c8a8) thrown at [C:\src\AOSP-openjdk-git\hotspot\src\share\vm\interpreter\linkResolver.cpp, line 620]
Event: 11.750 Thread 0x0000000018c96000 Exception <a 'java/lang/IncompatibleClassChangeError': Found class java.lang.Object, but interface was expected> (0x00000000d5a1cba0) thrown at [C:\src\AOSP-openjdk-git\hotspot\src\share\vm\interpreter\linkResolver.cpp, line 653]
Event: 11.755 Thread 0x0000000018c96000 Exception <a 'java/lang/NoSuchMethodError': java.lang.Object.lambda$or$2(Ljava/util/function/Predicate;Ljava/lang/Object;)Z> (0x00000000d5a216f0) thrown at [C:\src\AOSP-openjdk-git\hotspot\src\share\vm\interpreter\linkResolver.cpp, line 620]

Events (10 events):
Event: 12.950 loading class org/gradle/api/internal/changedetection/state/ConfigurableNormalizer
Event: 12.950 loading class org/gradle/api/internal/changedetection/state/ConfigurableNormalizer done
Event: 12.950 loading class org/gradle/api/internal/changedetection/state/RegularFileHasher
Event: 12.950 loading class org/gradle/api/internal/changedetection/state/RegularFileHasher done
Event: 12.951 loading class org/gradle/internal/fingerprint/impl/DefaultGenericFileTreeSnapshotter
Event: 12.951 loading class org/gradle/internal/fingerprint/impl/DefaultGenericFileTreeSnapshotter done
Event: 12.951 loading class org/gradle/api/file/FileVisitor
Event: 12.951 loading class org/gradle/api/file/FileVisitor done
Event: 12.952 loading class org/gradle/internal/fingerprint/impl/DefaultFileCollectionSnapshotter
Event: 12.952 loading class org/gradle/internal/fingerprint/impl/DefaultFileCollectionSnapshotter done


Dynamic libraries:
0x00007ff6ed130000 - 0x00007ff6ed161000 	C:\Program Files\Android\Android Studio\jre\bin\java.exe
0x00007ffa5ed90000 - 0x00007ffa5ef85000 	C:\WINDOWS\SYSTEM32\ntdll.dll
0x00007ffa5e050000 - 0x00007ffa5e10d000 	C:\WINDOWS\System32\KERNEL32.DLL
0x00007ffa5c630000 - 0x00007ffa5c8fd000 	C:\WINDOWS\System32\KERNELBASE.dll
0x00007ffa5e240000 - 0x00007ffa5e2ee000 	C:\WINDOWS\System32\ADVAPI32.dll
0x00007ffa5da30000 - 0x00007ffa5dace000 	C:\WINDOWS\System32\msvcrt.dll
0x00007ffa5e1a0000 - 0x00007ffa5e23c000 	C:\WINDOWS\System32\sechost.dll
0x00007ffa5d7e0000 - 0x00007ffa5d905000 	C:\WINDOWS\System32\RPCRT4.dll
0x00007ffa5ce50000 - 0x00007ffa5cff0000 	C:\WINDOWS\System32\USER32.dll
0x00007ffa5ca40000 - 0x00007ffa5ca62000 	C:\WINDOWS\System32\win32u.dll
0x00007ffa5d580000 - 0x00007ffa5d5aa000 	C:\WINDOWS\System32\GDI32.dll
0x00007ffa5c900000 - 0x00007ffa5ca0b000 	C:\WINDOWS\System32\gdi32full.dll
0x00007ffa5ca70000 - 0x00007ffa5cb0d000 	C:\WINDOWS\System32\msvcp_win.dll
0x00007ffa5cb80000 - 0x00007ffa5cc80000 	C:\WINDOWS\System32\ucrtbase.dll
0x00007ffa4d9c0000 - 0x00007ffa4dc5a000 	C:\WINDOWS\WinSxS\amd64_microsoft.windows.common-controls_6595b64144ccf1df_6.0.19041.1110_none_60b5254171f9507e\COMCTL32.dll
0x00007ffa5e020000 - 0x00007ffa5e050000 	C:\WINDOWS\System32\IMM32.DLL
0x000000006b040000 - 0x000000006b112000 	C:\Program Files\Android\Android Studio\jre\jre\bin\msvcr100.dll
0x000000006b640000 - 0x000000006be8b000 	C:\Program Files\Android\Android Studio\jre\jre\bin\server\jvm.dll
0x00007ffa5e5f0000 - 0x00007ffa5e5f8000 	C:\WINDOWS\System32\PSAPI.DLL
0x00007ffa59990000 - 0x00007ffa59999000 	C:\WINDOWS\SYSTEM32\WSOCK32.dll
0x00007ffa429b0000 - 0x00007ffa429d7000 	C:\WINDOWS\SYSTEM32\WINMM.dll
0x00007ffa5d770000 - 0x00007ffa5d7db000 	C:\WINDOWS\System32\WS2_32.dll
0x00007ffa52900000 - 0x00007ffa5290a000 	C:\WINDOWS\SYSTEM32\VERSION.dll
0x00007ffa51bf0000 - 0x00007ffa51bff000 	C:\Program Files\Android\Android Studio\jre\jre\bin\verify.dll
0x00007ffa4ce70000 - 0x00007ffa4ce99000 	C:\Program Files\Android\Android Studio\jre\jre\bin\java.dll
0x00007ffa4cab0000 - 0x00007ffa4cac6000 	C:\Program Files\Android\Android Studio\jre\jre\bin\zip.dll
0x00007ffa5e600000 - 0x00007ffa5ed44000 	C:\WINDOWS\System32\SHELL32.dll
0x00007ffa5a1a0000 - 0x00007ffa5a934000 	C:\WINDOWS\SYSTEM32\windows.storage.dll
0x00007ffa5d220000 - 0x00007ffa5d574000 	C:\WINDOWS\System32\combase.dll
0x00007ffa5be30000 - 0x00007ffa5be5c000 	C:\WINDOWS\SYSTEM32\Wldp.dll
0x00007ffa5d5b0000 - 0x00007ffa5d65d000 	C:\WINDOWS\System32\SHCORE.dll
0x00007ffa5e2f0000 - 0x00007ffa5e345000 	C:\WINDOWS\System32\shlwapi.dll
0x00007ffa5c3e0000 - 0x00007ffa5c3ff000 	C:\WINDOWS\SYSTEM32\profapi.dll
0x00007ffa4c940000 - 0x00007ffa4c95a000 	C:\Program Files\Android\Android Studio\jre\jre\bin\net.dll
0x00007ffa5bb90000 - 0x00007ffa5bbfa000 	C:\WINDOWS\system32\mswsock.dll
0x00007ffa4c7d0000 - 0x00007ffa4c7e3000 	C:\Program Files\Android\Android Studio\jre\jre\bin\nio.dll
0x00007ffa4ec40000 - 0x00007ffa4ec67000 	C:\Users\e30\.gradle\native\f6784746aeab05261644944871eae4fe03e0ef1612fff0a4a95f87b438bc6780\windows-amd64\native-platform.dll
0x00007ffa50200000 - 0x00007ffa5020d000 	C:\Program Files\Android\Android Studio\jre\jre\bin\management.dll
0x00007ffa5bd80000 - 0x00007ffa5bd98000 	C:\WINDOWS\SYSTEM32\CRYPTSP.dll
0x00007ffa5b510000 - 0x00007ffa5b544000 	C:\WINDOWS\system32\rsaenh.dll
0x00007ffa5ca10000 - 0x00007ffa5ca37000 	C:\WINDOWS\System32\bcrypt.dll
0x00007ffa5c360000 - 0x00007ffa5c38e000 	C:\WINDOWS\SYSTEM32\USERENV.dll
0x00007ffa5c5a0000 - 0x00007ffa5c622000 	C:\WINDOWS\System32\bcryptprimitives.dll
0x00007ffa5bda0000 - 0x00007ffa5bdac000 	C:\WINDOWS\SYSTEM32\CRYPTBASE.dll
0x00007ffa5b880000 - 0x00007ffa5b8bb000 	C:\WINDOWS\SYSTEM32\IPHLPAPI.DLL
0x00007ffa5cde0000 - 0x00007ffa5cde8000 	C:\WINDOWS\System32\NSI.dll
0x00007ffa53a60000 - 0x00007ffa53a77000 	C:\WINDOWS\SYSTEM32\dhcpcsvc6.DLL
0x00007ffa53ad0000 - 0x00007ffa53aed000 	C:\WINDOWS\SYSTEM32\dhcpcsvc.DLL
0x00007ffa5b8c0000 - 0x00007ffa5b98b000 	C:\WINDOWS\SYSTEM32\DNSAPI.dll
0x00007ffa54c00000 - 0x00007ffa54c0b000 	C:\WINDOWS\SYSTEM32\WINNSI.DLL

VM Arguments:
jvm_args: -Xmx2048m -Dfile.encoding=UTF-8 -Duser.country=BR -Duser.language=pt -Duser.variant 
java_command: org.gradle.launcher.daemon.bootstrap.GradleDaemon 6.5
java_class_path (initial): C:\Users\e30\.gradle\wrapper\dists\gradle-6.5-all\2oz4ud9k3tuxjg84bbf55q0tn\gradle-6.5\lib\gradle-launcher-6.5.jar
Launcher Type: SUN_STANDARD

Environment Variables:
JAVA_HOME=C:\Program Files\Java\jdk1.8.0_281
PATH=C:\Program Files (x86)\Common Files\Oracle\Java\javapath;"C:\Program Files (x86)\Common Files\Oracle\Java\javapath;C:\Program Files\Java\jdk1.8.0_281\bin";C:\Program Files (x86)\Intel\Intel(R) Management Engine Components\iCLS\;C:\Program Files\Intel\Intel(R) Management Engine Components\iCLS\;C:\WINDOWS\system32;C:\WINDOWS;C:\WINDOWS\System32\Wbem;C:\WINDOWS\System32\WindowsPowerShell\v1.0\;C:\WINDOWS\System32\OpenSSH\;C:\Program Files (x86)\Intel\Intel(R) Management Engine Components\DAL;C:\Program Files\Intel\Intel(R) Management Engine Components\DAL;C:\Users\e30\AppData\Local\Programs\Python\Python38-32\Scripts;C:\Program Files\Git\cmd;C:\Users\e30\AppData\Local\Programs\Python\Python38-32\Scripts\;C:\Users\e30\AppData\Local\Programs\Python\Python38-32\;C:\Users\e30\AppData\Local\Microsoft\WindowsApps;C:\Users\e30\AppData\Local\Programs\Microsoft VS Code\bin;"C:\Users\e30\AppData\Local\Programs\;C:\Program Files\Java\jdk1.8.0_281\bin";C:\Users\e30\AppData\Local\GitHubDesktop\bin
USERNAME=e30
OS=Windows_NT
PROCESSOR_IDENTIFIER=Intel64 Family 6 Model 142 Stepping 9, GenuineIntel



---------------  S Y S T E M  ---------------

OS: Windows 10.0 , 64 bit Build 19041 (10.0.19041.1706)

CPU:total 4 (initial active 4) (2 cores per cpu, 2 threads per core) family 6 model 142 stepping 9, cmov, cx8, fxsr, mmx, sse, sse2, sse3, ssse3, sse4.1, sse4.2, popcnt, avx, avx2, aes, clmul, erms, 3dnowpref, lzcnt, ht, tsc, tscinvbit, bmi1, bmi2, adx

Memory: 4k page, physical 4107300k(281964k free), swap 8203300k(5656k free)

vm_info: OpenJDK 64-Bit Server VM (25.242-b01) for windows-amd64 JRE (1.8.0_242-release-1644-b01), built by "builder" with MS VC++ 10.0 (VS2010)

time: Tue May 24 22:48:53 2022
timezone: Hora oficial do Brasil
elapsed time: 13 seconds (0d 0h 0m 13s)

