#
# There is insufficient memory for the Java Runtime Environment to continue.
# Native memory allocation (malloc) failed to allocate 695056 bytes for Chunk::new
# Possible reasons:
#   The system is out of physical RAM or swap space
#   The process is running with CompressedOops enabled, and the Java Heap may be blocking the growth of the native heap
# Possible solutions:
#   Reduce memory load on the system
#   Increase physical memory or swap space
#   Check if swap backing store is full
#   Decrease Java heap size (-Xmx/-Xms)
#   Decrease number of Java threads
#   Decrease Java thread stack sizes (-Xss)
#   Set larger code cache with -XX:ReservedCodeCacheSize=
#   JVM is running with Unscaled Compressed Oops mode in which the Java heap is
#     placed in the first 4GB address space. The Java Heap base address is the
#     maximum limit for the native heap growth. Please use -XX:HeapBaseMinAddress
#     to set the Java Heap base and to place the Java Heap above 4GB virtual address.
# This output file may be truncated or incomplete.
#
#  Out of Memory Error (allocation.cpp:389), pid=6092, tid=0x0000000000002f54
#
# JRE version: OpenJDK Runtime Environment (8.0_242-b01) (build 1.8.0_242-release-1644-b01)
# Java VM: OpenJDK 64-Bit Server VM (25.242-b01 mixed mode windows-amd64 compressed oops)
# Failed to write core dump. Minidumps are not enabled by default on client versions of Windows
#

---------------  T H R E A D  ---------------

Current thread (0x000000001770c000):  JavaThread "C2 CompilerThread1" daemon [_thread_in_native, id=12116, stack(0x0000000018e80000,0x0000000018f80000)]

Stack: [0x0000000018e80000,0x0000000018f80000]
[error occurred during error reporting (printing stack bounds), id 0xc0000005]

Native frames: (J=compiled Java code, j=interpreted, Vv=VM code, C=native code)


Current CompileTask:
C2:   4031 1528   !   4       java.net.URLClassLoader$1::run (63 bytes)


---------------  P R O C E S S  ---------------

Java Threads: ( => current thread )
  0x000000001b339800 JavaThread "Cache worker for file hash cache (C:\Users\e30\.gradle\caches\6.5\fileHashes)" [_thread_blocked, id=9920, stack(0x000000001d7c0000,0x000000001d8c0000)]
  0x000000001b33a000 JavaThread "File lock request listener" [_thread_in_native, id=8440, stack(0x000000001d6c0000,0x000000001d7c0000)]
  0x000000001b204800 JavaThread "Cache worker for journal cache (C:\Users\e30\.gradle\caches\journal-1)" [_thread_blocked, id=11572, stack(0x000000001d4c0000,0x000000001d5c0000)]
  0x000000001b14a800 JavaThread "Thread-9" [_thread_blocked, id=5892, stack(0x000000001d1c0000,0x000000001d2c0000)]
  0x00000000196d9000 JavaThread "Stdin handler" [_thread_blocked, id=12072, stack(0x000000001d0c0000,0x000000001d1c0000)]
  0x000000001b158800 JavaThread "Asynchronous log dispatcher for DefaultDaemonConnection: socket connection from /127.0.0.1:62836 to /127.0.0.1:62837" [_thread_blocked, id=4816, stack(0x000000001cfc0000,0x000000001d0c0000)]
  0x000000001b0db000 JavaThread "Daemon worker" [_thread_in_native, id=1764, stack(0x000000001cec0000,0x000000001cfc0000)]
  0x000000001b0da800 JavaThread "Cancel handler" [_thread_blocked, id=8444, stack(0x000000001cdc0000,0x000000001cec0000)]
  0x000000001b0d3000 JavaThread "Handler for socket connection from /127.0.0.1:62836 to /127.0.0.1:62837" [_thread_in_native, id=11516, stack(0x000000001ccc0000,0x000000001cdc0000)]
  0x000000001b0ce000 JavaThread "Daemon" [_thread_blocked, id=7516, stack(0x000000001cbc0000,0x000000001ccc0000)]
  0x000000001b0ab000 JavaThread "Daemon periodic checks" [_thread_blocked, id=2732, stack(0x000000001c8c0000,0x000000001c9c0000)]
  0x000000001b0e2800 JavaThread "Incoming local TCP Connector on port 62836" [_thread_in_native, id=13088, stack(0x000000001c660000,0x000000001c760000)]
  0x000000001b050000 JavaThread "Daemon health stats" [_thread_blocked, id=2592, stack(0x000000001c020000,0x000000001c120000)]
  0x000000001775d800 JavaThread "Service Thread" daemon [_thread_blocked, id=7888, stack(0x0000000019480000,0x0000000019580000)]
  0x000000001771a800 JavaThread "C1 CompilerThread2" daemon [_thread_blocked, id=6844, stack(0x0000000018f80000,0x0000000019080000)]
=>0x000000001770c000 JavaThread "C2 CompilerThread1" daemon [_thread_in_native, id=12116, stack(0x0000000018e80000,0x0000000018f80000)]
  0x0000000017707000 JavaThread "C2 CompilerThread0" daemon [_thread_in_native, id=2996, stack(0x0000000018d80000,0x0000000018e80000)]
  0x0000000017706000 JavaThread "Attach Listener" daemon [_thread_blocked, id=12752, stack(0x0000000018c80000,0x0000000018d80000)]
  0x0000000017704800 JavaThread "Signal Dispatcher" daemon [_thread_blocked, id=8704, stack(0x0000000018b80000,0x0000000018c80000)]
  0x0000000002add000 JavaThread "Finalizer" daemon [_thread_blocked, id=12696, stack(0x0000000018960000,0x0000000018a60000)]
  0x00000000176e9000 JavaThread "Reference Handler" daemon [_thread_blocked, id=8824, stack(0x0000000018860000,0x0000000018960000)]
  0x00000000029e2800 JavaThread "main" [_thread_blocked, id=4972, stack(0x00000000028e0000,0x00000000029e0000)]

Other Threads:
  0x00000000176c7000 VMThread [stack: 0x0000000018760000,0x0000000018860000] [id=8740]
  0x000000001775e000 WatcherThread [stack: 0x0000000019580000,0x0000000019680000] [id=9688]

VM state:not at safepoint (normal execution)

VM Mutex/Monitor currently owned by a thread: None

heap address: 0x0000000080000000, size: 2048 MB, Compressed Oops mode: 32-bit
Narrow klass base: 0x0000000000000000, Narrow klass shift: 3
Compressed class space size: 1073741824 Address: 0x0000000100000000

Heap:
 PSYoungGen      total 70656K, used 46315K [0x00000000d5580000, 0x00000000da380000, 0x0000000100000000)
  eden space 64512K, 62% used [0x00000000d5580000,0x00000000d7cc1e20,0x00000000d9480000)
  from space 6144K, 99% used [0x00000000d9b80000,0x00000000da178e30,0x00000000da180000)
  to   space 7168K, 0% used [0x00000000d9480000,0x00000000d9480000,0x00000000d9b80000)
 ParOldGen       total 44032K, used 5216K [0x0000000080000000, 0x0000000082b00000, 0x00000000d5580000)
  object space 44032K, 11% used [0x0000000080000000,0x0000000080518020,0x0000000082b00000)
 Metaspace       used 18247K, capacity 18832K, committed 19200K, reserved 1067008K
  class space    used 2494K, capacity 2696K, committed 2816K, reserved 1048576K

Card table byte_map: [0x0000000011ea0000,0x00000000122b0000] byte_map_base: 0x0000000011aa0000

Marking Bits: (ParMarkBitMap*) 0x000000006be0f030
 Begin Bits: [0x0000000012960000, 0x0000000014960000)
 End Bits:   [0x0000000014960000, 0x0000000016960000)

Polling page: 0x0000000000b20000

CodeCache: size=245760Kb used=5703Kb max_used=5703Kb free=240056Kb
 bounds [0x0000000002ae0000, 0x0000000003080000, 0x0000000011ae0000]
 total_blobs=2036 nmethods=1631 adapters=318
 compilation: enabled

Compilation events (10 events):
Event: 3.978 Thread 0x000000001771a800 1636   !   3       sun.reflect.generics.factory.CoreReflectionFactory::makeNamedType (21 bytes)
Event: 3.979 Thread 0x000000001771a800 nmethod 1636 0x000000000306e690 code [0x000000000306e820, 0x000000000306ea88]
Event: 3.979 Thread 0x000000001771a800 1637       3       sun.reflect.generics.factory.CoreReflectionFactory::getDeclsLoader (85 bytes)
Event: 3.981 Thread 0x000000001771a800 nmethod 1637 0x000000000306ebd0 code [0x000000000306ef20, 0x00000000030711d8]
Event: 3.981 Thread 0x000000001771a800 1640       3       java.lang.Class::privateGetDeclaredMethods (67 bytes)
Event: 3.982 Thread 0x000000001771a800 nmethod 1640 0x0000000003071fd0 code [0x00000000030721c0, 0x0000000003072ae8]
Event: 3.982 Thread 0x000000001771a800 1639       3       sun.misc.ProxyGenerator::access$700 (7 bytes)
Event: 3.982 Thread 0x000000001771a800 nmethod 1639 0x0000000003072e90 code [0x0000000003073000, 0x00000000030731e8]
Event: 3.982 Thread 0x000000001771a800 1638       3       sun.reflect.generics.tree.ClassTypeSignature::accept (8 bytes)
Event: 3.983 Thread 0x000000001771a800 nmethod 1638 0x0000000003073310 code [0x0000000003073480, 0x0000000003073668]

GC Heap History (10 events):
Event: 1.081 GC heap before
{Heap before GC invocations=2 (full 0):
 PSYoungGen      total 18944K, used 18658K [0x00000000d5580000, 0x00000000d6a80000, 0x0000000100000000)
  eden space 16384K, 100% used [0x00000000d5580000,0x00000000d6580000,0x00000000d6580000)
  from space 2560K, 88% used [0x00000000d6580000,0x00000000d67b8898,0x00000000d6800000)
  to   space 2560K, 0% used [0x00000000d6800000,0x00000000d6800000,0x00000000d6a80000)
 ParOldGen       total 44032K, used 8K [0x0000000080000000, 0x0000000082b00000, 0x00000000d5580000)
  object space 44032K, 0% used [0x0000000080000000,0x0000000080002000,0x0000000082b00000)
 Metaspace       used 7554K, capacity 7850K, committed 8064K, reserved 1056768K
  class space    used 931K, capacity 1041K, committed 1152K, reserved 1048576K
Event: 1.088 GC heap after
Heap after GC invocations=2 (full 0):
 PSYoungGen      total 18944K, used 2549K [0x00000000d5580000, 0x00000000d7a80000, 0x0000000100000000)
  eden space 16384K, 0% used [0x00000000d5580000,0x00000000d5580000,0x00000000d6580000)
  from space 2560K, 99% used [0x00000000d6800000,0x00000000d6a7d6a8,0x00000000d6a80000)
  to   space 2560K, 0% used [0x00000000d6580000,0x00000000d6580000,0x00000000d6800000)
 ParOldGen       total 44032K, used 1043K [0x0000000080000000, 0x0000000082b00000, 0x00000000d5580000)
  object space 44032K, 2% used [0x0000000080000000,0x0000000080104e10,0x0000000082b00000)
 Metaspace       used 7554K, capacity 7850K, committed 8064K, reserved 1056768K
  class space    used 931K, capacity 1041K, committed 1152K, reserved 1048576K
}
Event: 1.298 GC heap before
{Heap before GC invocations=3 (full 0):
 PSYoungGen      total 18944K, used 18933K [0x00000000d5580000, 0x00000000d7a80000, 0x0000000100000000)
  eden space 16384K, 100% used [0x00000000d5580000,0x00000000d6580000,0x00000000d6580000)
  from space 2560K, 99% used [0x00000000d6800000,0x00000000d6a7d6a8,0x00000000d6a80000)
  to   space 2560K, 0% used [0x00000000d6580000,0x00000000d6580000,0x00000000d6800000)
 ParOldGen       total 44032K, used 1043K [0x0000000080000000, 0x0000000082b00000, 0x00000000d5580000)
  object space 44032K, 2% used [0x0000000080000000,0x0000000080104e10,0x0000000082b00000)
 Metaspace       used 7592K, capacity 7914K, committed 8064K, reserved 1056768K
  class space    used 931K, capacity 1041K, committed 1152K, reserved 1048576K
Event: 1.302 GC heap after
Heap after GC invocations=3 (full 0):
 PSYoungGen      total 18944K, used 2288K [0x00000000d5580000, 0x00000000d7a80000, 0x0000000100000000)
  eden space 16384K, 0% used [0x00000000d5580000,0x00000000d5580000,0x00000000d6580000)
  from space 2560K, 89% used [0x00000000d6580000,0x00000000d67bc030,0x00000000d6800000)
  to   space 2560K, 0% used [0x00000000d7800000,0x00000000d7800000,0x00000000d7a80000)
 ParOldGen       total 44032K, used 1051K [0x0000000080000000, 0x0000000082b00000, 0x00000000d5580000)
  object space 44032K, 2% used [0x0000000080000000,0x0000000080106e10,0x0000000082b00000)
 Metaspace       used 7592K, capacity 7914K, committed 8064K, reserved 1056768K
  class space    used 931K, capacity 1041K, committed 1152K, reserved 1048576K
}
Event: 1.493 GC heap before
{Heap before GC invocations=4 (full 0):
 PSYoungGen      total 18944K, used 18672K [0x00000000d5580000, 0x00000000d7a80000, 0x0000000100000000)
  eden space 16384K, 100% used [0x00000000d5580000,0x00000000d6580000,0x00000000d6580000)
  from space 2560K, 89% used [0x00000000d6580000,0x00000000d67bc030,0x00000000d6800000)
  to   space 2560K, 0% used [0x00000000d7800000,0x00000000d7800000,0x00000000d7a80000)
 ParOldGen       total 44032K, used 1051K [0x0000000080000000, 0x0000000082b00000, 0x00000000d5580000)
  object space 44032K, 2% used [0x0000000080000000,0x0000000080106e10,0x0000000082b00000)
 Metaspace       used 7798K, capacity 8162K, committed 8320K, reserved 1056768K
  class space    used 957K, capacity 1081K, committed 1152K, reserved 1048576K
Event: 1.498 GC heap after
Heap after GC invocations=4 (full 0):
 PSYoungGen      total 35328K, used 2528K [0x00000000d5580000, 0x00000000d7a80000, 0x0000000100000000)
  eden space 32768K, 0% used [0x00000000d5580000,0x00000000d5580000,0x00000000d7580000)
  from space 2560K, 98% used [0x00000000d7800000,0x00000000d7a78020,0x00000000d7a80000)
  to   space 2560K, 0% used [0x00000000d7580000,0x00000000d7580000,0x00000000d7800000)
 ParOldGen       total 44032K, used 1728K [0x0000000080000000, 0x0000000082b00000, 0x00000000d5580000)
  object space 44032K, 3% used [0x0000000080000000,0x00000000801b00b8,0x0000000082b00000)
 Metaspace       used 7798K, capacity 8162K, committed 8320K, reserved 1056768K
  class space    used 957K, capacity 1081K, committed 1152K, reserved 1048576K
}
Event: 2.920 GC heap before
{Heap before GC invocations=5 (full 0):
 PSYoungGen      total 35328K, used 35296K [0x00000000d5580000, 0x00000000d7a80000, 0x0000000100000000)
  eden space 32768K, 100% used [0x00000000d5580000,0x00000000d7580000,0x00000000d7580000)
  from space 2560K, 98% used [0x00000000d7800000,0x00000000d7a78020,0x00000000d7a80000)
  to   space 2560K, 0% used [0x00000000d7580000,0x00000000d7580000,0x00000000d7800000)
 ParOldGen       total 44032K, used 1728K [0x0000000080000000, 0x0000000082b00000, 0x00000000d5580000)
  object space 44032K, 3% used [0x0000000080000000,0x00000000801b00b8,0x0000000082b00000)
 Metaspace       used 12091K, capacity 12520K, committed 12800K, reserved 1060864K
  class space    used 1603K, capacity 1730K, committed 1792K, reserved 1048576K
Event: 2.929 GC heap after
Heap after GC invocations=5 (full 0):
 PSYoungGen      total 35328K, used 2544K [0x00000000d5580000, 0x00000000da180000, 0x0000000100000000)
  eden space 32768K, 0% used [0x00000000d5580000,0x00000000d5580000,0x00000000d7580000)
  from space 2560K, 99% used [0x00000000d7580000,0x00000000d77fc030,0x00000000d7800000)
  to   space 6144K, 0% used [0x00000000d9b80000,0x00000000d9b80000,0x00000000da180000)
 ParOldGen       total 44032K, used 5076K [0x0000000080000000, 0x0000000082b00000, 0x00000000d5580000)
  object space 44032K, 11% used [0x0000000080000000,0x00000000804f5268,0x0000000082b00000)
 Metaspace       used 12091K, capacity 12520K, committed 12800K, reserved 1060864K
  class space    used 1603K, capacity 1730K, committed 1792K, reserved 1048576K
}
Event: 3.320 GC heap before
{Heap before GC invocations=6 (full 0):
 PSYoungGen      total 35328K, used 35207K [0x00000000d5580000, 0x00000000da180000, 0x0000000100000000)
  eden space 32768K, 99% used [0x00000000d5580000,0x00000000d7565e90,0x00000000d7580000)
  from space 2560K, 99% used [0x00000000d7580000,0x00000000d77fc030,0x00000000d7800000)
  to   space 6144K, 0% used [0x00000000d9b80000,0x00000000d9b80000,0x00000000da180000)
 ParOldGen       total 44032K, used 5076K [0x0000000080000000, 0x0000000082b00000, 0x00000000d5580000)
  object space 44032K, 11% used [0x0000000080000000,0x00000000804f5268,0x0000000082b00000)
 Metaspace       used 14673K, capacity 15202K, committed 15488K, reserved 1062912K
  class space    used 1997K, capacity 2125K, committed 2176K, reserved 1048576K
Event: 3.329 GC heap after
Heap after GC invocations=6 (full 0):
 PSYoungGen      total 70656K, used 6115K [0x00000000d5580000, 0x00000000da380000, 0x0000000100000000)
  eden space 64512K, 0% used [0x00000000d5580000,0x00000000d5580000,0x00000000d9480000)
  from space 6144K, 99% used [0x00000000d9b80000,0x00000000da178e30,0x00000000da180000)
  to   space 7168K, 0% used [0x00000000d9480000,0x00000000d9480000,0x00000000d9b80000)
 ParOldGen       total 44032K, used 5216K [0x0000000080000000, 0x0000000082b00000, 0x00000000d5580000)
  object space 44032K, 11% used [0x0000000080000000,0x0000000080518020,0x0000000082b00000)
 Metaspace       used 14673K, capacity 15202K, committed 15488K, reserved 1062912K
  class space    used 1997K, capacity 2125K, committed 2176K, reserved 1048576K
}

Deoptimization events (10 events):
Event: 3.246 Thread 0x000000001b0db000 Uncommon trap: reason=class_check action=maybe_recompile pc=0x0000000002e03258 method=java.util.regex.Matcher.match(II)Z @ 86
Event: 3.247 Thread 0x000000001b0db000 Uncommon trap: reason=class_check action=maybe_recompile pc=0x0000000002c9504c method=java.util.regex.Matcher.match(II)Z @ 86
Event: 3.374 Thread 0x000000001b0db000 Uncommon trap: reason=unstable_if action=reinterpret pc=0x0000000002df899c method=java.io.File.getName()Ljava/lang/String; @ 16
Event: 3.374 Thread 0x000000001b0db000 Uncommon trap: reason=unstable_if action=reinterpret pc=0x0000000002df72d4 method=java.lang.String.substring(I)Ljava/lang/String; @ 35
Event: 3.779 Thread 0x000000001b0db000 Uncommon trap: reason=unstable_if action=reinterpret pc=0x0000000002df3070 method=java.util.LinkedHashMap.afterNodeInsertion(Z)V @ 1
Event: 3.780 Thread 0x000000001b0db000 Uncommon trap: reason=unstable_if action=reinterpret pc=0x0000000002d4a73c method=java.util.HashMap.getNode(ILjava/lang/Object;)Ljava/util/HashMap$Node; @ 129
Event: 3.780 Thread 0x000000001b0db000 Uncommon trap: reason=bimorphic action=maybe_recompile pc=0x0000000002f9b4c8 method=java.util.HashMap.putVal(ILjava/lang/Object;Ljava/lang/Object;ZZ)Ljava/lang/Object; @ 203
Event: 3.784 Thread 0x000000001b0db000 Uncommon trap: reason=unstable_if action=reinterpret pc=0x0000000002d42dd0 method=java.util.HashMap.getNode(ILjava/lang/Object;)Ljava/util/HashMap$Node; @ 129
Event: 3.784 Thread 0x000000001b0db000 Uncommon trap: reason=bimorphic action=maybe_recompile pc=0x0000000002f9b4c8 method=java.util.HashMap.putVal(ILjava/lang/Object;Ljava/lang/Object;ZZ)Ljava/lang/Object; @ 203
Event: 3.940 Thread 0x000000001b0db000 Uncommon trap: reason=unstable_if action=reinterpret pc=0x000000000300ec4c method=java.util.jar.Attributes$Name.isDigit(C)Z @ 3

Classes redefined (0 events):
No events

Internal exceptions (10 events):
Event: 2.885 Thread 0x000000001b0d3000 Exception <a 'java/lang/NoSuchMethodError': <clinit>> (0x00000000d7445598) thrown at [C:\src\AOSP-openjdk-git\hotspot\src\share\vm\prims\jni.cpp, line 1615]
Event: 2.887 Thread 0x000000001b0d3000 Exception <a 'java/lang/NoSuchMethodError': <clinit>> (0x00000000d7459b50) thrown at [C:\src\AOSP-openjdk-git\hotspot\src\share\vm\prims\jni.cpp, line 1615]
Event: 2.897 Thread 0x000000001b0d3000 Exception <a 'java/lang/NoSuchMethodError': <clinit>> (0x00000000d74c6a40) thrown at [C:\src\AOSP-openjdk-git\hotspot\src\share\vm\prims\jni.cpp, line 1615]
Event: 2.905 Thread 0x000000001b0d3000 Exception <a 'java/lang/NoSuchMethodError': <clinit>> (0x00000000d7500ee8) thrown at [C:\src\AOSP-openjdk-git\hotspot\src\share\vm\prims\jni.cpp, line 1615]
Event: 2.913 Thread 0x000000001b0d3000 Exception <a 'java/lang/NoSuchMethodError': <clinit>> (0x00000000d7536b18) thrown at [C:\src\AOSP-openjdk-git\hotspot\src\share\vm\prims\jni.cpp, line 1615]
Event: 2.914 Thread 0x000000001b0d3000 Exception <a 'java/lang/NoSuchMethodError': <clinit>> (0x00000000d7543048) thrown at [C:\src\AOSP-openjdk-git\hotspot\src\share\vm\prims\jni.cpp, line 1615]
Event: 3.472 Thread 0x000000001b0db000 Exception <a 'java/lang/NoSuchMethodError': java.lang.Object.lambda$and$0(Ljava/util/function/Predicate;Ljava/lang/Object;)Z> (0x00000000d5984618) thrown at [C:\src\AOSP-openjdk-git\hotspot\src\share\vm\interpreter\linkResolver.cpp, line 620]
Event: 3.516 Thread 0x000000001b0db000 Exception <a 'java/lang/IncompatibleClassChangeError': Found class java.lang.Object, but interface was expected> (0x00000000d5994910) thrown at [C:\src\AOSP-openjdk-git\hotspot\src\share\vm\interpreter\linkResolver.cpp, line 653]
Event: 3.519 Thread 0x000000001b0db000 Exception <a 'java/lang/NoSuchMethodError': java.lang.Object.lambda$or$2(Ljava/util/function/Predicate;Ljava/lang/Object;)Z> (0x00000000d5999460) thrown at [C:\src\AOSP-openjdk-git\hotspot\src\share\vm\interpreter\linkResolver.cpp, line 620]
Event: 3.834 Thread 0x000000001b0db000 Exception <a 'java/lang/NoSuchMethodError': java.lang.Object.lambda$static$0(Lorg/gradle/internal/state/ModelObject;)Ljava/lang/String;> (0x00000000d71c5f00) thrown at [C:\src\AOSP-openjdk-git\hotspot\src\share\vm\interpreter\linkResolver.cpp, line 620]

Events (10 events):
Event: 4.000 loading class org/gradle/model/internal/asm/AsmClassGenerator done
Event: 4.000 loading class org/objectweb/asm/RecordComponentVisitor
Event: 4.000 loading class org/objectweb/asm/RecordComponentVisitor done
Event: 4.001 loading class org/objectweb/asm/RecordComponentWriter
Event: 4.001 loading class org/objectweb/asm/RecordComponentWriter done
Event: 4.001 loading class org/objectweb/asm/ModuleVisitor
Event: 4.001 loading class org/objectweb/asm/ModuleVisitor done
Event: 4.001 loading class org/objectweb/asm/ModuleWriter
Event: 4.001 loading class org/objectweb/asm/ModuleWriter done
Event: 4.002 loading class java/lang/TypeNotPresentException


Dynamic libraries:
0x00007ff6ec000000 - 0x00007ff6ec031000 	C:\Program Files\Android\Android Studio\jre\bin\java.exe
0x00007ffa5ed90000 - 0x00007ffa5ef85000 	C:\WINDOWS\SYSTEM32\ntdll.dll
0x00007ffa5e050000 - 0x00007ffa5e10d000 	C:\WINDOWS\System32\KERNEL32.DLL
0x00007ffa5c630000 - 0x00007ffa5c8fd000 	C:\WINDOWS\System32\KERNELBASE.dll
0x00007ffa5e240000 - 0x00007ffa5e2ee000 	C:\WINDOWS\System32\ADVAPI32.dll
0x00007ffa5da30000 - 0x00007ffa5dace000 	C:\WINDOWS\System32\msvcrt.dll
0x00007ffa5e1a0000 - 0x00007ffa5e23c000 	C:\WINDOWS\System32\sechost.dll
0x00007ffa5d7e0000 - 0x00007ffa5d905000 	C:\WINDOWS\System32\RPCRT4.dll
0x00007ffa5ce50000 - 0x00007ffa5cff0000 	C:\WINDOWS\System32\USER32.dll
0x00007ffa5ca40000 - 0x00007ffa5ca62000 	C:\WINDOWS\System32\win32u.dll
0x00007ffa5d580000 - 0x00007ffa5d5aa000 	C:\WINDOWS\System32\GDI32.dll
0x00007ffa5c900000 - 0x00007ffa5ca0b000 	C:\WINDOWS\System32\gdi32full.dll
0x00007ffa5ca70000 - 0x00007ffa5cb0d000 	C:\WINDOWS\System32\msvcp_win.dll
0x00007ffa5cb80000 - 0x00007ffa5cc80000 	C:\WINDOWS\System32\ucrtbase.dll
0x00007ffa4d9c0000 - 0x00007ffa4dc5a000 	C:\WINDOWS\WinSxS\amd64_microsoft.windows.common-controls_6595b64144ccf1df_6.0.19041.1110_none_60b5254171f9507e\COMCTL32.dll
0x00007ffa5e020000 - 0x00007ffa5e050000 	C:\WINDOWS\System32\IMM32.DLL
0x000000006af60000 - 0x000000006b032000 	C:\Program Files\Android\Android Studio\jre\jre\bin\msvcr100.dll
0x000000006b640000 - 0x000000006be8b000 	C:\Program Files\Android\Android Studio\jre\jre\bin\server\jvm.dll
0x00007ffa5e5f0000 - 0x00007ffa5e5f8000 	C:\WINDOWS\System32\PSAPI.DLL
0x00007ffa429b0000 - 0x00007ffa429d7000 	C:\WINDOWS\SYSTEM32\WINMM.dll
0x00007ffa59990000 - 0x00007ffa59999000 	C:\WINDOWS\SYSTEM32\WSOCK32.dll
0x00007ffa5d770000 - 0x00007ffa5d7db000 	C:\WINDOWS\System32\WS2_32.dll
0x00007ffa52900000 - 0x00007ffa5290a000 	C:\WINDOWS\SYSTEM32\VERSION.dll
0x00007ffa59970000 - 0x00007ffa5997f000 	C:\Program Files\Android\Android Studio\jre\jre\bin\verify.dll
0x00007ffa4d470000 - 0x00007ffa4d499000 	C:\Program Files\Android\Android Studio\jre\jre\bin\java.dll
0x00007ffa4d450000 - 0x00007ffa4d466000 	C:\Program Files\Android\Android Studio\jre\jre\bin\zip.dll
0x00007ffa5e600000 - 0x00007ffa5ed44000 	C:\WINDOWS\System32\SHELL32.dll
0x00007ffa5a1a0000 - 0x00007ffa5a934000 	C:\WINDOWS\SYSTEM32\windows.storage.dll
0x00007ffa5d220000 - 0x00007ffa5d574000 	C:\WINDOWS\System32\combase.dll
0x00007ffa5be30000 - 0x00007ffa5be5c000 	C:\WINDOWS\SYSTEM32\Wldp.dll
0x00007ffa5d5b0000 - 0x00007ffa5d65d000 	C:\WINDOWS\System32\SHCORE.dll
0x00007ffa5e2f0000 - 0x00007ffa5e345000 	C:\WINDOWS\System32\shlwapi.dll
0x00007ffa5c3e0000 - 0x00007ffa5c3ff000 	C:\WINDOWS\SYSTEM32\profapi.dll
0x00007ffa4d430000 - 0x00007ffa4d44a000 	C:\Program Files\Android\Android Studio\jre\jre\bin\net.dll
0x00007ffa5bb90000 - 0x00007ffa5bbfa000 	C:\WINDOWS\system32\mswsock.dll
0x00007ffa4ce80000 - 0x00007ffa4ce93000 	C:\Program Files\Android\Android Studio\jre\jre\bin\nio.dll
0x00007ffa4c7c0000 - 0x00007ffa4c7e7000 	C:\Users\e30\.gradle\native\f6784746aeab05261644944871eae4fe03e0ef1612fff0a4a95f87b438bc6780\windows-amd64\native-platform.dll
0x00007ffa54550000 - 0x00007ffa5455d000 	C:\Program Files\Android\Android Studio\jre\jre\bin\management.dll
0x00007ffa5bd80000 - 0x00007ffa5bd98000 	C:\WINDOWS\SYSTEM32\CRYPTSP.dll
0x00007ffa5b510000 - 0x00007ffa5b544000 	C:\WINDOWS\system32\rsaenh.dll
0x00007ffa5ca10000 - 0x00007ffa5ca37000 	C:\WINDOWS\System32\bcrypt.dll
0x00007ffa5c360000 - 0x00007ffa5c38e000 	C:\WINDOWS\SYSTEM32\USERENV.dll
0x00007ffa5c5a0000 - 0x00007ffa5c622000 	C:\WINDOWS\System32\bcryptprimitives.dll
0x00007ffa5bda0000 - 0x00007ffa5bdac000 	C:\WINDOWS\SYSTEM32\CRYPTBASE.dll
0x00007ffa5b880000 - 0x00007ffa5b8bb000 	C:\WINDOWS\SYSTEM32\IPHLPAPI.DLL
0x00007ffa5cde0000 - 0x00007ffa5cde8000 	C:\WINDOWS\System32\NSI.dll
0x00007ffa53a60000 - 0x00007ffa53a77000 	C:\WINDOWS\SYSTEM32\dhcpcsvc6.DLL
0x00007ffa53ad0000 - 0x00007ffa53aed000 	C:\WINDOWS\SYSTEM32\dhcpcsvc.DLL
0x00007ffa5b8c0000 - 0x00007ffa5b98b000 	C:\WINDOWS\SYSTEM32\DNSAPI.dll
0x00007ffa54c00000 - 0x00007ffa54c0b000 	C:\WINDOWS\SYSTEM32\WINNSI.DLL

VM Arguments:
jvm_args: -Xmx2048m -Dfile.encoding=UTF-8 -Duser.country=BR -Duser.language=pt -Duser.variant 
java_command: org.gradle.launcher.daemon.bootstrap.GradleDaemon 6.5
java_class_path (initial): C:\Users\e30\.gradle\wrapper\dists\gradle-6.5-all\2oz4ud9k3tuxjg84bbf55q0tn\gradle-6.5\lib\gradle-launcher-6.5.jar
Launcher Type: SUN_STANDARD

Environment Variables:
JAVA_HOME=C:\Program Files\Java\jdk1.8.0_281
PATH=C:\Program Files (x86)\Common Files\Oracle\Java\javapath;"C:\Program Files (x86)\Common Files\Oracle\Java\javapath;C:\Program Files\Java\jdk1.8.0_281\bin";C:\Program Files (x86)\Intel\Intel(R) Management Engine Components\iCLS\;C:\Program Files\Intel\Intel(R) Management Engine Components\iCLS\;C:\WINDOWS\system32;C:\WINDOWS;C:\WINDOWS\System32\Wbem;C:\WINDOWS\System32\WindowsPowerShell\v1.0\;C:\WINDOWS\System32\OpenSSH\;C:\Program Files (x86)\Intel\Intel(R) Management Engine Components\DAL;C:\Program Files\Intel\Intel(R) Management Engine Components\DAL;C:\Users\e30\AppData\Local\Programs\Python\Python38-32\Scripts;C:\Program Files\Git\cmd;C:\Users\e30\AppData\Local\Programs\Python\Python38-32\Scripts\;C:\Users\e30\AppData\Local\Programs\Python\Python38-32\;C:\Users\e30\AppData\Local\Microsoft\WindowsApps;C:\Users\e30\AppData\Local\Programs\Microsoft VS Code\bin;"C:\Users\e30\AppData\Local\Programs\;C:\Program Files\Java\jdk1.8.0_281\bin";C:\Users\e30\AppData\Local\GitHubDesktop\bin
USERNAME=e30
OS=Windows_NT
PROCESSOR_IDENTIFIER=Intel64 Family 6 Model 142 Stepping 9, GenuineIntel



---------------  S Y S T E M  ---------------

OS: Windows 10.0 , 64 bit Build 19041 (10.0.19041.1706)

CPU:total 4 (initial active 4) (2 cores per cpu, 2 threads per core) family 6 model 142 stepping 9, cmov, cx8, fxsr, mmx, sse, sse2, sse3, ssse3, sse4.1, sse4.2, popcnt, avx, avx2, aes, clmul, erms, 3dnowpref, lzcnt, ht, tsc, tscinvbit, bmi1, bmi2, adx

Memory: 4k page, physical 4107300k(380936k free), swap 8203300k(5176k free)

vm_info: OpenJDK 64-Bit Server VM (25.242-b01) for windows-amd64 JRE (1.8.0_242-release-1644-b01), built by "builder" with MS VC++ 10.0 (VS2010)

time: Tue May 24 23:03:37 2022
timezone: Hora oficial do Brasil
elapsed time: 4 seconds (0d 0h 0m 4s)

