JvmtiExport can_access_local_variables 0
JvmtiExport can_hotswap_or_post_breakpoint 0
JvmtiExport can_post_on_exceptions 0
# 127 ciObject found
ciMethod java/lang/String charAt (I)C 4097 1 1568405 0 -1
ciMethod jdk/internal/org/objectweb/asm/ClassWriter addType (Ljava/lang/String;)I 2769 1 3512 0 -1
ciMethod jdk/internal/org/objectweb/asm/ClassWriter addUninitializedType (Ljava/lang/String;I)I 0 0 24 0 -1
ciMethod jdk/internal/org/objectweb/asm/ByteVector putByte (I)Ljdk/internal/org/objectweb/asm/ByteVector; 2145 1 5414 0 -1
ciMethod jdk/internal/org/objectweb/asm/ByteVector put11 (II)Ljdk/internal/org/objectweb/asm/ByteVector; 1441 1 1735 0 -1
ciMethod jdk/internal/org/objectweb/asm/ByteVector put12 (II)Ljdk/internal/org/objectweb/asm/ByteVector; 2065 1 5386 0 -1
ciMethod jdk/internal/org/objectweb/asm/MethodWriter visitVarInsn (II)V 3225 1 5524 0 -1
ciMethod jdk/internal/org/objectweb/asm/MethodWriter visitLabel (Ljdk/internal/org/objectweb/asm/Label;)V 521 1 1116 0 -1
ciMethod jdk/internal/org/objectweb/asm/MethodWriter noSuccessor ()V 521 1 1114 0 -1
ciMethod jdk/internal/org/objectweb/asm/Label <init> ()V 1041 1 1446 0 -1
ciMethod jdk/internal/org/objectweb/asm/Frame get (I)I 2305 1 3428 0 -1
ciMethod jdk/internal/org/objectweb/asm/Frame set (II)V 657 1 756 0 -1
ciMethod jdk/internal/org/objectweb/asm/Frame push (I)V 2161 1 5223 0 -1
ciMethod jdk/internal/org/objectweb/asm/Frame push (Ljdk/internal/org/objectweb/asm/ClassWriter;Ljava/lang/String;)V 697 1 1533 0 -1
ciMethod jdk/internal/org/objectweb/asm/Frame pop ()I 913 1 1648 0 -1
ciMethod jdk/internal/org/objectweb/asm/Frame pop (I)V 1105 1 1863 0 -1
ciMethod jdk/internal/org/objectweb/asm/Frame pop (Ljava/lang/String;)V 697 1 786 0 -1
ciMethod jdk/internal/org/objectweb/asm/Frame init (I)V 0 0 36 0 -1
ciMethod jdk/internal/org/objectweb/asm/Frame execute (IILjdk/internal/org/objectweb/asm/ClassWriter;Ljdk/internal/org/objectweb/asm/Item;)V 3873 1 6182 0 -1
ciMethodData jdk/internal/org/objectweb/asm/MethodWriter visitVarInsn (II)V 2 5524 orig 264 88 29 52 102 0 0 0 0 48 22 50 23 0 0 0 0 72 5 0 0 32 3 0 0 0 0 0 0 0 0 0 0 0 0 0 0 0 0 0 0 0 0 0 0 0 0 0 0 0 0 0 0 0 0 0 0 0 0 0 0 0 0 0 0 0 0 0 0 0 0 0 0 0 0 0 0 0 0 0 0 77 68 79 32 101 120 116 114 97 32 100 97 116 97 32 108 111 99 107 0 0 0 0 0 0 0 0 0 0 0 0 0 0 0 0 0 0 0 0 0 0 0 0 0 0 0 0 0 0 0 0 0 0 0 0 0 0 0 0 0 0 0 0 0 0 0 0 0 0 0 0 0 0 0 0 0 0 0 0 0 0 0 0 0 0 0 0 0 0 0 0 0 0 0 0 0 0 0 0 0 0 0 0 0 0 0 0 0 0 0 0 0 0 0 0 0 0 0 0 0 0 0 0 0 0 0 0 0 0 0 0 0 0 0 0 0 147 1 0 0 9 160 0 0 1 0 0 0 0 0 0 0 0 0 0 0 2 0 0 0 0 0 46 0 2 0 0 0 240 3 0 0 255 255 255 255 7 0 15 0 0 0 0 0 data 126 0xf0007 0x0 0xf0 0x1401 0x160007 0x796 0x68 0xc6c 0x240005 0x15 0x19e7cbf0 0xc57 0x0 0x0 0x270003 0xc6c 0x80 0x2e0007 0x796 0x48 0x0 0x4c0002 0x0 0x4f0003 0x0 0x38 0x620007 0x1f0 0x20 0x5a5 0x740007 0x0 0xd8 0x1402 0x7a0007 0xc 0x80 0x13f8 0x800007 0xc 0x60 0x13eb 0x860007 0x0 0x40 0x13ec 0x8c0007 0x13ec 0x38 0x0 0x930003 0x18 0x18 0x9f0007 0x1243 0x20 0x1c1 0xa90007 0x5b5 0xc0 0xe4f 0xb00007 0x0 0xa0 0xe4f 0xb60007 0x6a 0x38 0xde5 0xc50003 0xde4 0x18 0xd90005 0x0 0x19e7cca0 0xe4f 0x0 0x0 0xdd0003 0xe4e 0xe0 0xe40007 0x5b5 0x98 0x0 0xee0005 0x0 0x0 0x0 0x0 0x0 0xf30005 0x0 0x0 0x0 0x0 0x0 0xf70003 0x0 0x48 0x1000005 0x0 0x19e7cca0 0x5b5 0x0 0x0 0x1070007 0x11ff 0xa0 0x203 0x10e0007 0x0 0x80 0x203 0x1150007 0x203 0x60 0x0 0x11d0002 0x0 0x1200005 0x0 0x0 0x0 0x0 0x0 oops 3 10 jdk/internal/org/objectweb/asm/Frame 74 jdk/internal/org/objectweb/asm/ByteVector 102 jdk/internal/org/objectweb/asm/ByteVector
instanceKlass org/gradle/execution/plan/DefaultExecutionPlan
instanceKlass org/gradle/execution/plan/ExecutionPlan
instanceKlass org/gradle/execution/taskgraph/DefaultTaskExecutionGraph
instanceKlass org/gradle/internal/graph/CachingDirectedGraphWalker$GraphWithEmptyEdges
instanceKlass org/gradle/api/internal/tasks/CachingTaskDependencyResolveContext$TaskGraphImpl
instanceKlass org/gradle/internal/graph/CachingDirectedGraphWalker
instanceKlass org/gradle/api/internal/tasks/AbstractTaskDependencyResolveContext
instanceKlass org/gradle/execution/plan/DefaultPlanExecutor
instanceKlass org/gradle/api/internal/tasks/TaskExecutionContext
instanceKlass com/android/build/gradle/internal/profile/RecordingBuildListener$Companion
instanceKlass com/android/build/gradle/internal/profile/RecordingBuildListener
instanceKlass com/google/common/hash/HashCode
instanceKlass com/android/tools/analytics/AnalyticsSettingsKt
instanceKlass java/time/LocalDate$1
instanceKlass java/time/temporal/TemporalQueries$$Lambda$296
instanceKlass java/time/temporal/TemporalQueries$$Lambda$295
instanceKlass java/time/temporal/TemporalQueries$$Lambda$294
instanceKlass java/time/temporal/TemporalQueries$$Lambda$293
instanceKlass java/time/temporal/TemporalQueries$$Lambda$292
instanceKlass java/time/temporal/TemporalQueries$$Lambda$291
instanceKlass java/time/temporal/TemporalQueries$$Lambda$290
instanceKlass java/time/temporal/TemporalQueries
instanceKlass java/time/zone/ZoneOffsetTransitionRule
instanceKlass com/google/common/hash/AbstractHasher
instanceKlass com/google/common/hash/Hasher
instanceKlass com/google/common/hash/PrimitiveSink
instanceKlass com/google/common/hash/AbstractHashFunction
instanceKlass com/google/common/hash/Hashing$Sha256Holder
instanceKlass java/security/Key
instanceKlass com/google/common/hash/HashFunction
instanceKlass com/google/common/hash/Hashing
instanceKlass com/google/common/base/Charsets
instanceKlass com/android/tools/analytics/Anonymizer
instanceKlass sun/management/ThreadImpl
instanceKlass com/sun/management/ThreadMXBean
instanceKlass java/lang/management/ThreadMXBean
instanceKlass com/google/protobuf/PrimitiveNonBoxingCollection
instanceKlass com/google/protobuf/CodedInputStream
instanceKlass com/google/protobuf/Internal
instanceKlass com/android/tools/analytics/CommonMetricsData$GarbageCollectionStatsDiffs
instanceKlass com/google/wireless/android/sdk/stats/GarbageCollectionStatsOrBuilder
instanceKlass sun/management/ClassLoadingImpl
instanceKlass java/lang/management/ClassLoadingMXBean
instanceKlass com/android/tools/analytics/StubbableLazy
instanceKlass com/android/tools/analytics/HostDataKt
instanceKlass kotlin/reflect/KMutableProperty$Setter
instanceKlass com/android/tools/analytics/HostData
instanceKlass com/android/tools/analytics/CommonMetricsData
instanceKlass com/google/wireless/android/sdk/stats/JavaProcessStatsOrBuilder
instanceKlass com/google/wireless/android/sdk/stats/GradleBuildProjectOrBuilder
instanceKlass com/google/wireless/android/sdk/stats/GradleBuildProfileSpanOrBuilder
instanceKlass com/google/wireless/android/sdk/stats/GradleBuildMemorySampleOrBuilder
instanceKlass com/google/protobuf/MessageReflection$MergeTarget
instanceKlass com/google/protobuf/AbstractMessageLite$Builder
instanceKlass com/google/protobuf/ExtensionRegistry$ExtensionInfo
instanceKlass com/google/protobuf/Descriptors$GenericDescriptor
instanceKlass com/google/protobuf/FieldSet$FieldDescriptorLite
instanceKlass com/google/protobuf/ExtensionRegistryFactory
instanceKlass com/google/protobuf/ExtensionLite
instanceKlass com/google/protobuf/ExtensionRegistryLite
instanceKlass com/google/protobuf/AbstractParser
instanceKlass com/google/protobuf/UnknownFieldSet
instanceKlass com/google/wireless/android/sdk/stats/InstantRunStatusOrBuilder
instanceKlass com/google/protobuf/Message$Builder
instanceKlass com/google/protobuf/MessageLite$Builder
instanceKlass com/google/protobuf/Parser
instanceKlass com/google/protobuf/LazyStringList
instanceKlass com/google/protobuf/ProtocolStringList
instanceKlass com/google/protobuf/GeneratedMessageV3$BuilderParent
instanceKlass com/google/protobuf/AbstractMessage$BuilderParent
instanceKlass com/google/protobuf/Internal$FloatList
instanceKlass com/google/protobuf/Internal$IntList
instanceKlass com/google/protobuf/Internal$LongList
instanceKlass com/google/protobuf/Internal$DoubleList
instanceKlass com/google/protobuf/Internal$BooleanList
instanceKlass com/google/protobuf/Internal$ProtobufList
instanceKlass com/google/protobuf/Reader
instanceKlass com/google/protobuf/AbstractMessageLite
instanceKlass com/google/protobuf/Message
instanceKlass com/google/protobuf/MessageLite
instanceKlass com/google/wireless/android/sdk/stats/GradleBuildProfileOrBuilder
instanceKlass com/google/protobuf/MessageOrBuilder
instanceKlass com/google/protobuf/MessageLiteOrBuilder
instanceKlass com/google/common/cache/RemovalListener
instanceKlass com/google/common/cache/Weigher
instanceKlass com/google/common/base/Equivalence
instanceKlass java/util/function/BiPredicate
instanceKlass com/google/common/base/MoreObjects
instanceKlass com/google/common/cache/LocalCache$1
instanceKlass com/google/common/cache/ReferenceEntry
instanceKlass com/google/common/cache/LocalCache$ValueReference
instanceKlass com/google/common/cache/LocalCache$LocalManualCache
instanceKlass com/google/common/cache/CacheBuilder$2
instanceKlass com/google/common/cache/CacheStats
instanceKlass com/google/common/base/Suppliers$SupplierOfInstance
instanceKlass com/google/common/base/Suppliers
instanceKlass com/google/common/cache/CacheBuilder$1
instanceKlass com/google/common/cache/AbstractCache$StatsCounter
instanceKlass com/google/common/cache/LoadingCache
instanceKlass com/google/common/cache/Cache
instanceKlass com/google/common/base/Ticker
instanceKlass com/google/common/base/Supplier
instanceKlass com/google/common/cache/CacheBuilder
instanceKlass com/android/builder/profile/NameAnonymizer
instanceKlass com/google/common/cache/CacheLoader
instanceKlass com/android/builder/profile/ProcessProfileWriter
instanceKlass com/google/wireless/android/sdk/stats/AndroidStudioEvent$IdeBrand$1
instanceKlass com/google/protobuf/Internal$EnumLiteMap
instanceKlass com/android/tools/analytics/UsageTrackerWriter
instanceKlass com/android/tools/analytics/UsageTracker
instanceKlass kotlin/Unit
instanceKlass kotlin/jdk7/AutoCloseableKt
instanceKlass com/google/gson/internal/Primitives
instanceKlass com/google/gson/annotations/SerializedName
instanceKlass com/google/gson/internal/ConstructorConstructor$3
instanceKlass com/google/gson/annotations/JsonAdapter
instanceKlass com/google/gson/internal/JsonReaderInternalAccess
instanceKlass com/android/tools/analytics/AnalyticsSettingsData
instanceKlass com/google/gson/internal/bind/ReflectiveTypeAdapterFactory$BoundField
instanceKlass com/google/gson/internal/bind/ReflectiveTypeAdapterFactory
instanceKlass com/google/gson/internal/bind/JsonAdapterAnnotationTypeAdapterFactory
instanceKlass com/google/gson/internal/bind/MapTypeAdapterFactory
instanceKlass com/google/gson/internal/bind/CollectionTypeAdapterFactory
instanceKlass com/google/gson/internal/bind/ArrayTypeAdapter$1
instanceKlass com/google/gson/internal/bind/SqlDateTypeAdapter$1
instanceKlass com/google/gson/internal/bind/TimeTypeAdapter$1
instanceKlass com/google/gson/internal/bind/DateTypeAdapter$1
instanceKlass java/util/concurrent/atomic/AtomicLongArray
instanceKlass com/google/gson/internal/bind/ObjectTypeAdapter$1
instanceKlass com/google/gson/internal/bind/TypeAdapters$30
instanceKlass com/google/gson/internal/bind/TypeAdapters$34
instanceKlass com/google/gson/internal/bind/TypeAdapters$26
instanceKlass com/google/gson/internal/bind/TypeAdapters$35
instanceKlass java/util/concurrent/atomic/AtomicIntegerArray
instanceKlass com/google/gson/internal/bind/TypeAdapters$33
instanceKlass com/google/gson/internal/bind/TypeAdapters$32
instanceKlass com/google/gson/internal/bind/TypeAdapters
instanceKlass com/google/gson/internal/JavaVersion
instanceKlass com/google/gson/internal/reflect/ReflectionAccessor
instanceKlass com/google/gson/internal/ObjectConstructor
instanceKlass com/google/gson/internal/ConstructorConstructor
instanceKlass com/google/gson/internal/$Gson$Types
instanceKlass com/google/gson/internal/$Gson$Preconditions
instanceKlass com/google/gson/reflect/TypeToken
instanceKlass com/google/gson/stream/JsonWriter
instanceKlass com/google/gson/stream/JsonReader
instanceKlass com/google/gson/Gson
instanceKlass com/google/gson/JsonElement
instanceKlass com/google/gson/internal/Excluder
instanceKlass com/google/gson/TypeAdapterFactory
instanceKlass com/google/gson/TypeAdapter
instanceKlass com/google/gson/FieldNamingStrategy
instanceKlass com/google/gson/GsonBuilder
instanceKlass java/nio/channels/Channels
instanceKlass org/gradle/api/internal/provider/sources/AbstractPropertyValueSource$Parameters$Inject
instanceKlass org/gradle/api/internal/provider/sources/AbstractPropertyValueSource$Parameters_Decorated
instanceKlass org/gradle/api/internal/provider/sources/AbstractPropertyValueSource$Parameters
instanceKlass org/gradle/api/internal/provider/DefaultProviderFactory$$Lambda$289
instanceKlass org/gradle/api/internal/provider/sources/AbstractPropertyValueSource
instanceKlass com/android/build/gradle/internal/profile/GradleAnalyticsEnvironment$getSystemProperty$1
instanceKlass com/google/common/base/Platform$JdkPatternCompiler
instanceKlass com/google/common/base/PatternCompiler
instanceKlass com/google/common/base/Platform
instanceKlass com/google/common/base/Strings
instanceKlass org/gradle/internal/instantiation/ManagedTypeFactory
instanceKlass org/gradle/api/internal/provider/sources/EnvironmentVariableValueSource$Parameters$Inject
instanceKlass org/gradle/internal/snapshot/impl/AbstractManagedValueSnapshot
instanceKlass org/gradle/internal/Try
instanceKlass org/gradle/api/internal/provider/DefaultValueSourceProviderFactory$LazilyObtainedValue$$Lambda$288
instanceKlass org/gradle/internal/instantiation/generator/ManagedObjectFactory$ManagedPropertyName
instanceKlass org/gradle/api/internal/provider/DefaultValueSourceProviderFactory$LazilyObtainedValue
instanceKlass org/gradle/api/internal/provider/DefaultValueSourceProviderFactory$DefaultObtainedValue
instanceKlass org/gradle/api/internal/provider/DefaultValueSourceProviderFactory$DefaultValueSourceSpec
instanceKlass org/gradle/api/internal/provider/sources/EnvironmentVariableValueSource$Parameters_Decorated
instanceKlass java/lang/invoke/LambdaForm$MH
instanceKlass java/lang/invoke/LambdaForm$DMH
instanceKlass java/lang/invoke/LambdaForm$DMH
instanceKlass org/gradle/internal/instantiation/generator/AsmBackedClassGenerator$ClassBuilderImpl$$Lambda$287
instanceKlass java/lang/invoke/LambdaForm$DMH
instanceKlass org/gradle/api/internal/provider/sources/EnvironmentVariableValueSource$Parameters
instanceKlass org/gradle/api/internal/provider/DefaultProviderFactory$$Lambda$286
instanceKlass org/gradle/api/internal/provider/sources/EnvironmentVariableValueSource
instanceKlass com/android/build/gradle/internal/profile/GradleAnalyticsEnvironment$NullableString
instanceKlass com/android/build/gradle/internal/profile/GradleAnalyticsEnvironment$getVariable$1
instanceKlass com/android/tools/analytics/AnalyticsPaths
instanceKlass com/android/utils/DateProvider$1
instanceKlass com/android/utils/DateProvider
instanceKlass com/android/tools/analytics/AnalyticsSettings
instanceKlass java/util/concurrent/Executors$DefaultThreadFactory
instanceKlass com/android/builder/profile/ProcessProfileWriterFactory
instanceKlass com/android/tools/analytics/Environment$Companion
instanceKlass java/time/format/DateTimeFormatter$$Lambda$285
instanceKlass java/time/format/DateTimeFormatter$$Lambda$284
instanceKlass java/time/format/DateTimeFormatterBuilder$TextPrinterParser
instanceKlass java/time/format/DateTimeTextProvider$1
instanceKlass java/time/format/DateTimeTextProvider
instanceKlass java/time/format/DateTimeTextProvider$LocaleStore
instanceKlass java/time/format/DateTimeFormatterBuilder$InstantPrinterParser
instanceKlass java/time/format/DateTimeFormatterBuilder$StringLiteralPrinterParser
instanceKlass java/time/format/DateTimeFormatterBuilder$ZoneIdPrinterParser
instanceKlass java/time/format/DateTimeFormatterBuilder$FractionPrinterParser
instanceKlass java/time/format/DateTimeFormatterBuilder$OffsetIdPrinterParser
instanceKlass java/time/format/DecimalStyle
instanceKlass java/time/format/DateTimeFormatterBuilder$CompositePrinterParser
instanceKlass java/time/chrono/AbstractChronology$$Lambda$283
instanceKlass java/time/chrono/AbstractChronology$$Lambda$282
instanceKlass java/time/chrono/AbstractChronology$$Lambda$281
instanceKlass java/time/chrono/AbstractChronology
instanceKlass java/time/format/DateTimeFormatterBuilder$CharLiteralPrinterParser
instanceKlass java/time/format/DateTimeFormatterBuilder$NumberPrinterParser
instanceKlass java/time/format/DateTimeFormatterBuilder$DateTimePrinterParser
instanceKlass java/time/format/DateTimeFormatterBuilder$2
instanceKlass java/time/temporal/IsoFields
instanceKlass java/time/format/DateTimeFormatterBuilder$$Lambda$280
instanceKlass java/time/format/DateTimeFormatterBuilder
instanceKlass com/android/builder/profile/ProfileRecordWriter
instanceKlass com/android/tools/analytics/Environment
instanceKlass com/android/build/gradle/internal/profile/ProfilerInitializer
instanceKlass org/gradle/api/internal/ExecuteDomainObjectCollectionCallbackBuildOperationType$1
instanceKlass org/gradle/api/internal/ExecuteDomainObjectCollectionCallbackBuildOperationType$Result
instanceKlass org/gradle/api/internal/ExecuteDomainObjectCollectionCallbackBuildOperationType
instanceKlass org/gradle/api/internal/collections/CollectionFilter$1
instanceKlass org/gradle/api/internal/plugins/DefaultPluginContainer$2$1
instanceKlass org/gradle/api/internal/DefaultCollectionCallbackActionDecorator$BuildOperationEmittingAction$1$1
instanceKlass org/gradle/api/internal/DefaultCollectionCallbackActionDecorator$OperationDetails
instanceKlass org/gradle/api/internal/DefaultCollectionCallbackActionDecorator$Operation
instanceKlass org/gradle/api/internal/plugins/PluginManagerInternal$PluginWithId
instanceKlass org/gradle/api/internal/plugins/DefaultPluginContainer$2
instanceKlass com/android/build/gradle/internal/utils/AgpVersionChecker$compareVersions$1
instanceKlass com/android/build/gradle/internal/utils/AgpVersionChecker$enforceTheSamePluginVersions$1
instanceKlass com/android/build/gradle/internal/utils/AgpVersionChecker
instanceKlass org/gradle/configuration/internal/DefaultListenerBuildOperationDecorator$BuildOperationEmittingInvocationHandler
instanceKlass org/apache/commons/lang/ClassUtils
instanceKlass com/android/build/gradle/internal/attribution/AttributionListenerInitializer
instanceKlass com/android/build/gradle/api/AndroidBasePlugin
instanceKlass com/android/build/gradle/internal/DependencyResolutionChecks$registerDependencyCheck$2
instanceKlass org/gradle/execution/plan/SelfExecutingNode
instanceKlass org/gradle/api/internal/artifacts/transform/DefaultTransformationNodeRegistry
instanceKlass org/gradle/internal/service/scopes/ProjectScopeServices$$Lambda$279
instanceKlass org/gradle/internal/service/scopes/DefaultProjectFinder
instanceKlass org/gradle/internal/execution/steps/CancelExecutionStep
instanceKlass org/gradle/caching/internal/CacheableEntity
instanceKlass org/gradle/internal/execution/steps/CacheStep
instanceKlass org/gradle/internal/execution/steps/RecordOutputsStep
instanceKlass org/gradle/internal/execution/steps/legacy/MarkSnapshottingInputsFinishedStep
instanceKlass org/gradle/internal/execution/caching/CachingState$1
instanceKlass org/gradle/internal/execution/caching/CachingState
instanceKlass org/gradle/internal/execution/caching/CachingStateBuilder
instanceKlass org/gradle/internal/execution/steps/ResolveCachingStateStep
instanceKlass org/gradle/internal/execution/steps/SkipEmptyWorkStep
instanceKlass org/gradle/internal/execution/steps/legacy/MarkSnapshottingInputsStartedStep
instanceKlass java/lang/invoke/LambdaForm$BMH
instanceKlass java/lang/invoke/LambdaForm$BMH
instanceKlass java/lang/invoke/LambdaForm$BMH
instanceKlass java/lang/invoke/LambdaForm$BMH
instanceKlass java/lang/invoke/LambdaForm$BMH
instanceKlass java/lang/invoke/LambdaForm$BMH
instanceKlass java/lang/invoke/LambdaForm$DMH
instanceKlass java/lang/invoke/LambdaForm$BMH
instanceKlass java/lang/invoke/LambdaForm$DMH
instanceKlass java/lang/invoke/LambdaForm$BMH
instanceKlass java/lang/invoke/LambdaForm$DMH
instanceKlass java/lang/invoke/LambdaForm$BMH
instanceKlass java/lang/invoke/LambdaForm$BMH
instanceKlass java/lang/invoke/LambdaForm$BMH
instanceKlass java/lang/invoke/LambdaForm$BMH
instanceKlass java/lang/invoke/LambdaForm$BMH
instanceKlass java/lang/invoke/LambdaForm$BMH
instanceKlass java/lang/invoke/LambdaForm$BMH
instanceKlass java/lang/invoke/LambdaForm$BMH
instanceKlass java/lang/invoke/LambdaForm$MH
instanceKlass java/lang/invoke/LambdaForm$MH
instanceKlass java/lang/invoke/LambdaForm$MH
instanceKlass java/lang/invoke/LambdaForm$BMH
instanceKlass java/lang/invoke/LambdaForm$BMH
instanceKlass java/lang/invoke/LambdaForm$DMH
instanceKlass org/gradle/internal/execution/history/impl/DefaultOutputFilesRepository
instanceKlass org/gradle/caching/internal/controller/BuildCacheLoadCommand
instanceKlass org/gradle/caching/internal/controller/BuildCacheStoreCommand
instanceKlass org/gradle/caching/internal/controller/impl/DefaultBuildCacheCommandFactory
instanceKlass org/gradle/caching/internal/BuildCacheServices$3$$Lambda$278
instanceKlass org/gradle/caching/internal/origin/OriginMetadataFactory$HostnameLookup
instanceKlass org/gradle/caching/internal/BuildCacheServices$3$$Lambda$277
instanceKlass org/gradle/caching/internal/origin/OriginMetadataFactory$PropertiesConfigurator
instanceKlass org/gradle/caching/internal/origin/OriginWriter
instanceKlass org/gradle/caching/internal/origin/OriginReader
instanceKlass org/gradle/internal/nativeintegration/services/NativeServices$FixedHostname
instanceKlass net/rubygrapefruit/platform/internal/MutableSystemInfo
instanceKlass net/rubygrapefruit/platform/internal/DefaultSystemInfo
instanceKlass org/gradle/caching/internal/BuildCacheServices$FilePermissionsAccessAdapter
instanceKlass org/gradle/caching/internal/packaging/impl/TarBuildCacheEntryPacker$$Lambda$276
instanceKlass org/apache/commons/compress/archivers/ArchiveEntry
instanceKlass org/gradle/caching/internal/packaging/impl/TarBuildCacheEntryPacker
instanceKlass org/gradle/caching/internal/packaging/impl/GZipBuildCacheEntryPacker
instanceKlass org/gradle/caching/internal/packaging/impl/DefaultTarPackerFileSystemSupport
instanceKlass org/gradle/configuration/internal/DefaultListenerBuildOperationDecorator$BuildOperationEmittingAction
instanceKlass com/android/build/gradle/internal/DependencyResolutionChecks$registerDependencyCheck$1
instanceKlass org/gradle/api/internal/GeneratedSubclasses
instanceKlass org/gradle/api/internal/plugins/DslObject
instanceKlass com/android/build/gradle/internal/DependencyResolutionChecks
instanceKlass com/android/build/gradle/internal/plugins/BasePlugin$$Lambda$275
instanceKlass org/gradle/api/internal/DynamicPropertyNamer
instanceKlass org/gradle/api/services/BuildServiceParameters$None
instanceKlass org/gradle/api/services/internal/DefaultBuildServicesRegistry$DefaultServiceRegistration
instanceKlass org/gradle/api/services/BuildServiceRegistration
instanceKlass org/gradle/api/services/BuildServiceParameters
instanceKlass org/gradle/internal/resources/SharedResource
instanceKlass org/gradle/api/services/internal/DefaultBuildServicesRegistry
instanceKlass kotlin/collections/EmptySet
instanceKlass kotlin/jvm/internal/markers/KMappedMarker
instanceKlass com/android/build/gradle/options/Option$DefaultImpls
instanceKlass com/android/build/gradle/internal/errors/DeprecationReporterImpl$Companion
instanceKlass com/android/build/gradle/internal/errors/DeprecationReporterImpl
instanceKlass com/google/common/base/Converter
instanceKlass com/google/common/collect/Maps$EntryTransformer
instanceKlass com/google/common/base/Function
instanceKlass com/google/common/collect/SortedMapDifference
instanceKlass com/google/common/collect/MapDifference
instanceKlass com/google/common/collect/Maps
instanceKlass com/android/build/gradle/options/SyncOptions
instanceKlass com/android/build/gradle/internal/crash/CrashReporting
instanceKlass com/android/build/gradle/internal/plugins/BasePlugin$$Lambda$274
instanceKlass com/android/build/gradle/internal/NonFinalPluginExpiry
instanceKlass com/android/Version
instanceKlass com/android/build/gradle/internal/plugins/LintModuleLoader
instanceKlass com/google/common/util/concurrent/ListeningScheduledExecutorService
instanceKlass com/google/common/util/concurrent/ListeningExecutorService
instanceKlass com/google/common/util/concurrent/MoreExecutors
instanceKlass com/android/build/gradle/internal/ClasspathVerifier
instanceKlass org/gradle/api/plugins/internal/DefaultSoftwareComponentFactory
instanceKlass com/android/build/api/component/impl/ComponentPropertiesImpl
instanceKlass com/android/build/gradle/internal/component/ApplicationCreationConfig
instanceKlass com/android/build/gradle/internal/component/VariantCreationConfig
instanceKlass com/android/build/gradle/internal/component/ApkCreationConfig
instanceKlass com/android/build/gradle/internal/component/BaseCreationConfig
instanceKlass com/android/build/api/variant/ApplicationVariantProperties
instanceKlass com/android/build/api/variant/VariantProperties
instanceKlass com/android/build/api/component/ComponentProperties
instanceKlass com/android/build/api/component/impl/ComponentImpl
instanceKlass com/android/build/api/variant/ApplicationVariant
instanceKlass com/android/build/api/variant/Variant
instanceKlass com/android/build/api/component/Component
instanceKlass com/android/build/api/component/ActionableComponentObject
instanceKlass com/android/build/api/component/ComponentIdentity
instanceKlass com/android/builder/signing/DefaultSigningConfig
instanceKlass com/android/builder/model/SigningConfig
instanceKlass com/android/build/api/dsl/SigningConfig
instanceKlass com/android/build/api/dsl/TestProductFlavor
instanceKlass com/android/build/api/dsl/LibraryProductFlavor
instanceKlass com/android/build/api/dsl/DynamicFeatureProductFlavor
instanceKlass com/android/build/api/dsl/ApplicationProductFlavor
instanceKlass com/android/build/api/dsl/ProductFlavor
instanceKlass com/android/build/api/dsl/TestBuildType
instanceKlass com/android/build/api/dsl/DynamicFeatureBuildType
instanceKlass com/android/build/api/dsl/LibraryBuildType
instanceKlass com/android/build/api/dsl/ApplicationBuildType
instanceKlass com/android/build/api/dsl/BuildType
instanceKlass com/android/build/gradle/internal/dsl/CoreBuildType
instanceKlass com/android/builder/model/BuildType
instanceKlass com/android/builder/internal/BaseConfigImpl
instanceKlass com/android/build/gradle/internal/dsl/CoreProductFlavor
instanceKlass com/android/builder/model/ProductFlavor
instanceKlass com/android/builder/model/DimensionAware
instanceKlass com/android/builder/model/BaseConfig
instanceKlass com/android/builder/model/Named
instanceKlass com/android/build/api/dsl/TestDefaultConfig
instanceKlass com/android/build/api/dsl/TestBaseFlavor
instanceKlass com/android/build/api/dsl/TestVariantDimension
instanceKlass com/android/build/api/dsl/LibraryDefaultConfig
instanceKlass com/android/build/api/dsl/LibraryBaseFlavor
instanceKlass com/android/build/api/dsl/LibraryVariantDimension
instanceKlass com/android/build/api/dsl/DynamicFeatureDefaultConfig
instanceKlass com/android/build/api/dsl/DynamicFeatureBaseFlavor
instanceKlass com/android/build/api/dsl/DynamicFeatureVariantDimension
instanceKlass com/android/build/api/dsl/ApplicationDefaultConfig
instanceKlass com/android/build/api/dsl/DefaultConfig
instanceKlass com/android/build/api/dsl/ApplicationBaseFlavor
instanceKlass com/android/build/api/dsl/ApplicationVariantDimension
instanceKlass com/android/build/api/dsl/BaseFlavor
instanceKlass com/android/build/api/dsl/VariantDimension
instanceKlass com/android/build/gradle/internal/LoggerWrapper
instanceKlass com/android/build/gradle/internal/services/BaseServicesImpl
instanceKlass com/android/build/gradle/internal/variant/AbstractVariantInputManager
instanceKlass com/android/repository/Revision
instanceKlass com/android/build/gradle/internal/VariantManager
instanceKlass com/google/protobuf/ProtocolMessageEnum
instanceKlass com/google/protobuf/Internal$EnumLite
instanceKlass com/android/build/gradle/internal/variant/BaseVariantFactory
instanceKlass com/android/build/gradle/internal/services/ProjectServices
instanceKlass com/android/build/gradle/internal/ExtraModelInfo
instanceKlass com/android/builder/profile/Recorder
instanceKlass com/android/build/gradle/internal/scope/GlobalScope
instanceKlass com/android/build/api/dsl/TestedExtension
instanceKlass com/android/build/gradle/TestedAndroidConfig
instanceKlass com/android/build/gradle/internal/variant/VariantFactory
instanceKlass com/android/build/gradle/internal/TaskManager
instanceKlass com/android/build/gradle/internal/variant/VariantModel
instanceKlass com/android/build/gradle/internal/services/DslServices
instanceKlass com/android/build/gradle/internal/services/BaseServices
instanceKlass com/android/ide/common/blame/MessageReceiver
instanceKlass com/android/build/gradle/internal/errors/DeprecationReporter
instanceKlass com/android/builder/errors/IssueReporter
instanceKlass com/android/build/gradle/internal/variant/VariantInputModel
instanceKlass com/android/build/gradle/internal/plugins/DslContainerProvider
instanceKlass com/android/utils/ILogger
instanceKlass com/android/tools/lint/model/LintModelModuleLoader
instanceKlass com/android/build/gradle/internal/plugins/BasePlugin
instanceKlass com/android/tools/lint/model/LintModelModuleLoaderProvider
instanceKlass com/android/build/gradle/AppPluginKt
instanceKlass com/android/build/gradle/options/OptionParsers
instanceKlass java/util/stream/Collectors$$Lambda$273
instanceKlass java/util/stream/Collectors$$Lambda$272
instanceKlass java/util/stream/Collectors$$Lambda$271
instanceKlass com/android/build/gradle/options/ProjectOptions$$Lambda$270
instanceKlass com/android/build/gradle/options/ProjectOptions$$Lambda$269
instanceKlass java/util/Spliterators$ArraySpliterator
instanceKlass com/android/build/gradle/options/Option$Status
instanceKlass com/android/build/gradle/options/Stage
instanceKlass com/google/common/collect/Hashing
instanceKlass com/google/common/collect/PeekingIterator
instanceKlass com/google/common/collect/Iterators
instanceKlass com/google/common/collect/ImmutableSet$SetBuilderImpl
instanceKlass com/google/common/collect/ImmutableCollection$Builder
instanceKlass com/google/common/collect/ImmutableMap$Builder
instanceKlass com/google/common/collect/AbstractMapEntry
instanceKlass com/google/common/collect/BiMap
instanceKlass com/google/common/collect/ImmutableMap
instanceKlass com/android/build/gradle/options/Option
instanceKlass com/android/build/gradle/options/ProjectOptions
instanceKlass com/google/common/collect/ObjectArrays
instanceKlass com/google/common/collect/UnmodifiableIterator
instanceKlass com/android/ide/common/repository/GradleVersion$VersionSegment
instanceKlass com/google/common/base/AbstractIterator$1
instanceKlass com/google/common/collect/CollectPreconditions
instanceKlass com/google/common/collect/Lists
instanceKlass com/google/common/base/Splitter$5
instanceKlass com/google/common/base/AbstractIterator
instanceKlass com/google/common/base/Splitter$1
instanceKlass com/google/common/base/Preconditions
instanceKlass com/google/common/base/CharMatcher
instanceKlass com/google/common/base/Predicate
instanceKlass com/google/common/base/CommonPattern
instanceKlass com/google/common/base/Splitter$Strategy
instanceKlass com/google/common/base/Splitter
instanceKlass com/android/ide/common/repository/GradleVersion
instanceKlass com/android/build/gradle/internal/plugins/VersionCheckPlugin$Companion
instanceKlass com/android/build/gradle/internal/plugins/VersionCheckPlugin
instanceKlass org/gradle/api/internal/plugins/DefaultObjectConfigurationAction$3
instanceKlass kotlin/collections/MapsKt__MapWithDefaultKt
instanceKlass kotlin/TuplesKt
instanceKlass com/android/build/gradle/BasePluginKt
instanceKlass kotlin/annotation/MustBeDocumented
instanceKlass kotlin/ReplaceWith
instanceKlass kotlin/Deprecated
instanceKlass com/android/build/gradle/BaseExtension
instanceKlass com/android/build/gradle/AndroidConfig
instanceKlass org/gradle/plugin/use/internal/DefaultPluginRequestApplicator$$Lambda$268
instanceKlass org/gradle/plugin/use/internal/DefaultPluginRequestApplicator$$Lambda$267
instanceKlass org/gradle/plugin/use/internal/DefaultPluginRequestApplicator$$Lambda$266
instanceKlass com/android/build/gradle/BasePlugin
instanceKlass org/gradle/plugin/use/internal/DefaultPluginRequestApplicator$1$1
instanceKlass org/gradle/plugin/use/resolve/internal/PluginResolveContext
instanceKlass org/gradle/plugin/use/internal/DefaultPluginRequestApplicator$1
instanceKlass org/gradle/plugin/use/resolve/internal/ClassPathPluginResolution
instanceKlass org/gradle/plugin/management/internal/DefaultPluginResolveDetails
instanceKlass org/gradle/plugin/management/PluginResolveDetails
instanceKlass org/gradle/plugin/use/internal/DefaultPluginRequestApplicator$$Lambda$265
instanceKlass org/gradle/plugin/use/internal/DefaultPluginRequestApplicator$Result
instanceKlass org/gradle/plugin/use/internal/PluginDependencyResolutionServices$PluginArtifactRepository
instanceKlass org/gradle/plugin/use/resolve/internal/AlreadyOnClasspathPluginResolver
instanceKlass org/gradle/api/internal/artifacts/repositories/DefaultBaseRepositoryFactory$$Lambda$264
instanceKlass java/lang/invoke/LambdaForm$DMH
instanceKlass org/gradle/plugin/use/resolve/internal/ArtifactRepositoriesPluginResolver
instanceKlass org/gradle/composite/internal/plugins/CompositeBuildPluginResolverContributor$CompositeBuildPluginResolver
instanceKlass org/gradle/plugin/use/resolve/internal/CorePluginResolver
instanceKlass org/gradle/plugin/use/resolve/internal/NoopPluginResolver
instanceKlass org/gradle/plugin/use/resolve/internal/CompositePluginResolver
instanceKlass org/gradle/plugin/use/internal/PluginRequestCollector$2
instanceKlass org/gradle/plugin/use/internal/PluginRequestCollector$1
instanceKlass org/gradle/plugin/use/internal/PluginRequestCollector$PluginDependencySpecImpl
instanceKlass org/gradle/plugin/use/PluginDependencySpec
instanceKlass org/gradle/plugin/use/internal/PluginRequestCollector$PluginDependenciesSpecImpl
instanceKlass org/gradle/plugin/use/PluginDependenciesSpec
instanceKlass java/time/Ser
instanceKlass org/gradle/internal/build/event/types/DefaultPluginApplicationResult
instanceKlass java/util/stream/SortedOps$RefSortingSink$$Lambda$263
instanceKlass java/lang/invoke/LambdaForm$DMH
instanceKlass java/util/stream/Collectors$$Lambda$262
instanceKlass java/util/stream/Collectors$$Lambda$261
instanceKlass org/gradle/tooling/internal/provider/runner/ClientForwardingProjectConfigurationOperationListener$ProjectConfigurationResult$$Lambda$260
instanceKlass org/gradle/tooling/internal/provider/runner/ClientForwardingProjectConfigurationOperationListener$ProjectConfigurationResult$$Lambda$259
instanceKlass java/util/stream/SortedOps
instanceKlass org/gradle/tooling/internal/provider/runner/ClientForwardingProjectConfigurationOperationListener$ProjectConfigurationResult$$Lambda$258
instanceKlass java/lang/invoke/LambdaForm$DMH
instanceKlass org/gradle/configuration/project/ConfigureProjectBuildOperationType$1
instanceKlass org/gradle/configuration/project/ConfigureProjectBuildOperationType$Result
instanceKlass org/gradle/configuration/project/ConfigureProjectBuildOperationType
instanceKlass org/gradle/configuration/project/NotifyProjectAfterEvaluatedBuildOperationType$1
instanceKlass org/gradle/configuration/project/NotifyProjectAfterEvaluatedBuildOperationType$Result
instanceKlass org/gradle/configuration/project/NotifyProjectAfterEvaluatedBuildOperationType
instanceKlass org/gradle/configuration/project/LifecycleProjectEvaluator$NotifyAfterEvaluate$1
instanceKlass org/gradle/configuration/project/NotifyProjectAfterEvaluatedBuildOperationType$DetailsImpl
instanceKlass org/gradle/configuration/project/NotifyProjectAfterEvaluatedBuildOperationType$Details
instanceKlass org/gradle/configuration/project/LifecycleProjectEvaluator$NotifyAfterEvaluate
instanceKlass org/gradle/configuration/project/DefaultProjectConfigurationActionContainer
instanceKlass org/gradle/api/internal/file/collections/DefaultConfigurableFileCollection$UnresolvedItemsCollector
instanceKlass org/gradle/api/internal/file/DefaultFilePropertyFactory$ToFileTransformer
instanceKlass org/gradle/api/internal/AbstractTask$TaskActionWrapper
instanceKlass org/gradle/api/internal/project/taskfactory/StandardTaskAction
instanceKlass org/gradle/api/internal/project/taskfactory/TaskClassInfo
instanceKlass org/gradle/api/internal/project/taskfactory/DefaultTaskClassInfoStore$StandardTaskActionFactory
instanceKlass org/gradle/api/internal/file/collections/DefaultConfigurableFileCollection$EmptyCollector
instanceKlass org/gradle/api/internal/file/collections/DefaultConfigurableFileCollection$ValueCollector
instanceKlass org/gradle/api/internal/tasks/DefaultTaskLocalState
instanceKlass org/gradle/api/internal/tasks/DefaultTaskDestroyables
instanceKlass org/gradle/api/internal/tasks/TaskDestroyablesInternal
instanceKlass org/gradle/api/internal/tasks/DefaultTaskOutputs
instanceKlass org/gradle/api/internal/tasks/TaskInputsDeprecationSupport
instanceKlass org/gradle/api/internal/file/collections/FileCollectionResolveContext
instanceKlass org/gradle/api/internal/FilePropertyContainer
instanceKlass org/gradle/api/tasks/TaskInputFilePropertyBuilder
instanceKlass org/gradle/api/tasks/TaskFilePropertyBuilder
instanceKlass org/gradle/api/tasks/TaskPropertyBuilder
instanceKlass org/gradle/api/internal/tasks/DefaultTaskInputs
instanceKlass org/gradle/internal/logging/slf4j/DefaultContextAwareTaskLogger
instanceKlass org/gradle/internal/logging/slf4j/ContextAwareTaskLogger
instanceKlass org/gradle/api/internal/AbstractTask$8
instanceKlass org/gradle/api/tasks/TaskAction
instanceKlass org/gradle/api/services/BuildService
instanceKlass org/gradle/api/internal/tasks/TaskStateInternal
instanceKlass org/gradle/api/specs/CompositeSpec
instanceKlass org/gradle/api/internal/tasks/TaskMutator
instanceKlass org/gradle/api/internal/AbstractTask$TaskInfo
instanceKlass org/gradle/logging/LoggingManagerInternal
instanceKlass org/gradle/logging/StandardOutputCapture
instanceKlass org/gradle/api/internal/tasks/InputChangesAwareTaskAction
instanceKlass org/gradle/api/internal/tasks/ImplementationAwareTaskAction
instanceKlass groovy/util/ObservableList
instanceKlass org/gradle/api/internal/tasks/TaskLocalStateInternal
instanceKlass org/gradle/api/tasks/TaskLocalState
instanceKlass org/gradle/api/tasks/TaskDestroyables
instanceKlass org/gradle/api/internal/TaskOutputsInternal
instanceKlass org/gradle/api/internal/TaskInputsInternal
instanceKlass org/gradle/api/tasks/TaskOutputs
instanceKlass org/gradle/api/tasks/TaskInputs
instanceKlass org/gradle/api/tasks/TaskState
instanceKlass org/gradle/api/internal/project/taskfactory/TaskFactory$1
instanceKlass org/gradle/api/internal/tasks/DefaultTaskContainer$1
instanceKlass org/gradle/api/internal/project/BuildOperationCrossProjectConfigurator$CrossConfigureProjectBuildOperation
instanceKlass org/gradle/api/internal/project/BuildOperationCrossProjectConfigurator$2
instanceKlass org/gradle/api/internal/project/BuildOperationCrossProjectConfigurator$BlockConfigureBuildOperation
instanceKlass org/apache/tools/ant/BuildLogger
instanceKlass org/apache/tools/ant/BuildListener
instanceKlass org/xml/sax/Attributes
instanceKlass org/xml/sax/Locator
instanceKlass org/gradle/internal/fingerprint/impl/DefaultCurrentFileCollectionFingerprint$1
instanceKlass org/gradle/internal/fingerprint/impl/IgnoredPathFileSystemLocationFingerprint$1
instanceKlass org/gradle/internal/fingerprint/impl/IgnoredPathFileSystemLocationFingerprint
instanceKlass org/gradle/internal/fingerprint/classpath/impl/ClasspathFingerprintingStrategy$ClasspathContentFingerprintingVisitor$$Lambda$257
instanceKlass org/gradle/internal/fingerprint/classpath/impl/ClasspathFingerprintingStrategy$ClasspathContentFingerprintingVisitor
instanceKlass org/gradle/internal/snapshot/RelativePathStringTracker
instanceKlass org/gradle/internal/fingerprint/classpath/impl/ClasspathFingerprintingStrategy$ClasspathFingerprintVisitor
instanceKlass org/gradle/internal/fingerprint/impl/DefaultCurrentFileCollectionFingerprint
instanceKlass org/gradle/internal/fingerprint/impl/DefaultFileCollectionSnapshotter$SnapshottingVisitor$$Lambda$256
instanceKlass org/gradle/internal/snapshot/SnapshottingFilter
instanceKlass org/gradle/internal/fingerprint/impl/DefaultFileCollectionSnapshotter$SnapshottingVisitor
instanceKlass org/gradle/api/internal/initialization/loadercache/DefaultClassLoaderCache$$Lambda$255
instanceKlass org/gradle/internal/snapshot/SnapshotUtil$$Lambda$254
instanceKlass org/gradle/internal/snapshot/SearchUtil
instanceKlass org/gradle/internal/snapshot/SnapshotUtil$$Lambda$253
instanceKlass org/gradle/internal/snapshot/AbstractIncompleteSnapshotWithChildren$2
instanceKlass org/gradle/internal/snapshot/AbstractIncompleteSnapshotWithChildren$$Lambda$252
instanceKlass org/gradle/internal/vfs/impl/DefaultVirtualFileSystem$$Lambda$251
instanceKlass org/gradle/composite/internal/CompositeProjectComponentArtifactMetadata
instanceKlass org/gradle/internal/component/local/model/LocalComponentArtifactMetadata
instanceKlass org/gradle/api/internal/artifacts/ResolveArtifactsBuildOperationType$1
instanceKlass org/gradle/api/internal/artifacts/ResolveArtifactsBuildOperationType$Result
instanceKlass org/gradle/api/internal/artifacts/ResolveArtifactsBuildOperationType
instanceKlass org/gradle/api/internal/file/FileCollectionInternal$1
instanceKlass org/gradle/api/internal/artifacts/result/DefaultResolvedArtifactResult
instanceKlass org/gradle/api/internal/artifacts/DownloadArtifactBuildOperationType$1
instanceKlass org/gradle/api/internal/artifacts/DownloadArtifactBuildOperationType$Result
instanceKlass org/gradle/api/internal/artifacts/DownloadArtifactBuildOperationType
instanceKlass org/gradle/api/internal/artifacts/DefaultArtifactIdentifier
instanceKlass org/gradle/api/internal/artifacts/ivyservice/ivyresolve/CachingModuleComponentRepository$$Lambda$250
instanceKlass org/gradle/api/internal/artifacts/ivyservice/ivyresolve/CachingModuleComponentRepository$$Lambda$249
instanceKlass org/gradle/api/internal/artifacts/ivyservice/modulecache/artifacts/DefaultCachedArtifact
instanceKlass org/gradle/internal/resource/cached/AbstractCachedIndex$$Lambda$248
instanceKlass org/gradle/api/internal/artifacts/ivyservice/modulecache/artifacts/ArtifactAtRepositoryKey
instanceKlass org/gradle/api/internal/artifacts/ivyservice/ivyresolve/ErrorHandlingModuleComponentRepository$ErrorHandlingModuleComponentRepositoryAccess$$Lambda$246
instanceKlass org/gradle/api/internal/artifacts/ivyservice/ivyresolve/ErrorHandlingModuleComponentRepository$ErrorHandlingModuleComponentRepositoryAccess$$Lambda$241
instanceKlass org/gradle/api/internal/artifacts/ivyservice/ivyresolve/ErrorHandlingModuleComponentRepository$ErrorHandlingModuleComponentRepositoryAccess$$Lambda$247
instanceKlass org/gradle/api/internal/artifacts/ivyservice/ivyresolve/ErrorHandlingModuleComponentRepository$ErrorHandlingModuleComponentRepositoryAccess$$Lambda$245
instanceKlass org/gradle/api/internal/artifacts/ivyservice/ivyresolve/ErrorHandlingModuleComponentRepository$ErrorHandlingModuleComponentRepositoryAccess$$Lambda$244
instanceKlass org/gradle/api/internal/artifacts/ivyservice/ivyresolve/ErrorHandlingModuleComponentRepository$ErrorHandlingModuleComponentRepositoryAccess$$Lambda$243
instanceKlass org/gradle/api/internal/artifacts/ivyservice/ivyresolve/ErrorHandlingModuleComponentRepository$ErrorHandlingModuleComponentRepositoryAccess$$Lambda$242
instanceKlass org/gradle/api/internal/artifacts/ivyservice/ivyresolve/ErrorHandlingModuleComponentRepository$ErrorHandlingModuleComponentRepositoryAccess$$Lambda$240
instanceKlass org/gradle/api/internal/artifacts/DownloadArtifactBuildOperationType$DetailsImpl
instanceKlass org/gradle/api/internal/artifacts/DownloadArtifactBuildOperationType$Details
instanceKlass org/gradle/api/internal/artifacts/ivyservice/resolveengine/artifact/CompositeResolvedArtifactSet$CompositeResult
instanceKlass org/gradle/internal/operations/DefaultBuildOperationQueue$WorkerRunnable$1
instanceKlass org/gradle/internal/operations/DefaultBuildOperationQueue$WorkerRunnable
instanceKlass org/gradle/api/internal/artifacts/ivyservice/resolveengine/artifact/ArtifactBackedResolvedVariant$DownloadArtifactFile
instanceKlass org/gradle/api/internal/artifacts/ivyservice/resolveengine/artifact/ParallelResolveArtifactSet$VisitingSet$AsyncArtifactListenerAdapter
instanceKlass org/gradle/internal/operations/DefaultBuildOperationQueue
instanceKlass org/gradle/internal/operations/DefaultBuildOperationExecutor$ParentPreservingQueueWorker
instanceKlass org/gradle/api/internal/artifacts/ivyservice/resolveengine/artifact/ResolvedArtifactSet$AsyncArtifactListener
instanceKlass org/gradle/api/internal/artifacts/ivyservice/resolveengine/artifact/ParallelResolveArtifactSet$VisitingSet$StartVisitAction
instanceKlass org/gradle/api/internal/artifacts/ivyservice/resolveengine/artifact/ParallelResolveArtifactSet
instanceKlass org/gradle/api/internal/artifacts/ResolveArtifactsBuildOperationType$DetailsImpl
instanceKlass org/gradle/api/internal/artifacts/ResolveArtifactsBuildOperationType$Details
instanceKlass org/gradle/api/internal/artifacts/ivyservice/DefaultLenientConfiguration$2
instanceKlass org/gradle/api/internal/artifacts/ivyservice/DefaultLenientConfiguration$1
instanceKlass org/gradle/api/internal/artifacts/ivyservice/resolveengine/artifact/DefaultVisitedArtifactResults$DefaultSelectedArtifactResults
instanceKlass org/gradle/api/internal/artifacts/ivyservice/resolveengine/artifact/ResolvedArtifactSet$1
instanceKlass org/gradle/api/internal/artifacts/ivyservice/resolveengine/artifact/ResolvedArtifactSet$$Lambda$239
instanceKlass org/gradle/api/internal/artifacts/ivyservice/resolveengine/artifact/CompositeResolvedArtifactSet
instanceKlass org/gradle/api/internal/artifacts/transform/AttributeMatchingVariantSelector
instanceKlass org/gradle/api/internal/artifacts/ivyservice/ErrorHandlingConfigurationResolver$ErrorHandlingResolvedConfiguration
instanceKlass org/gradle/api/internal/artifacts/ivyservice/DefaultResolvedConfiguration
instanceKlass org/gradle/internal/graph/DirectedGraphWithEdgeValues
instanceKlass org/gradle/internal/graph/DirectedGraph
instanceKlass org/gradle/api/internal/artifacts/ivyservice/DefaultLenientConfiguration
instanceKlass org/gradle/api/artifacts/LenientConfiguration
instanceKlass org/gradle/api/internal/artifacts/ivyservice/resolveengine/oldresult/TransientConfigurationResultsLoader
instanceKlass org/gradle/api/internal/artifacts/configurations/ResolveConfigurationResolutionBuildOperationResult$LazyDesugaringAttributeContainer
instanceKlass org/gradle/api/internal/artifacts/configurations/ResolveConfigurationResolutionBuildOperationResult
instanceKlass org/gradle/api/internal/artifacts/configurations/ResolveConfigurationDependenciesBuildOperationType$Result
instanceKlass org/gradle/api/internal/artifacts/ivyservice/ErrorHandlingConfigurationResolver$ErrorHandlingResolutionResult
instanceKlass org/gradle/api/internal/artifacts/ivyservice/DefaultConfigurationResolver$ArtifactResolveState
instanceKlass org/gradle/api/internal/artifacts/configurations/DefaultConfiguration$$Lambda$238
instanceKlass org/gradle/api/internal/artifacts/configurations/DefaultConfiguration$$Lambda$237
instanceKlass org/gradle/api/internal/artifacts/transform/ExecutionGraphDependenciesResolver
instanceKlass org/gradle/api/internal/artifacts/transform/DefaultExtraExecutionGraphDependenciesResolverFactory
instanceKlass org/gradle/api/internal/artifacts/ivyservice/resolveengine/artifact/SelectedArtifactSet
instanceKlass org/gradle/api/internal/artifacts/ivyservice/resolveengine/artifact/BuildDependenciesOnlyVisitedArtifactSet
instanceKlass org/gradle/api/internal/artifacts/result/DefaultResolutionResult
instanceKlass org/gradle/api/internal/artifacts/ivyservice/resolveengine/result/StreamingResolutionResultBuilder$RootFactory
instanceKlass org/gradle/api/internal/artifacts/ivyservice/resolveengine/oldresult/DefaultResolvedGraphResults
instanceKlass org/gradle/api/internal/artifacts/ivyservice/resolveengine/result/DefaultVisitedFileDependencyResults
instanceKlass org/gradle/api/internal/artifacts/ivyservice/resolveengine/artifact/SelectedArtifactResults
instanceKlass org/gradle/api/internal/artifacts/ivyservice/resolveengine/artifact/DefaultVisitedArtifactResults
instanceKlass org/gradle/api/internal/artifacts/ivyservice/resolveengine/store/DefaultBinaryStore$SimpleBinaryData
instanceKlass org/gradle/api/internal/artifacts/ivyservice/resolveengine/oldresult/TransientConfigurationResultsBuilder$$Lambda$236
instanceKlass org/gradle/api/internal/artifacts/ivyservice/resolveengine/result/StreamingResolutionResultBuilder$$Lambda$235
instanceKlass org/gradle/api/internal/artifacts/dsl/ArtifactFile
instanceKlass org/gradle/internal/component/external/model/MetadataSourcedComponentArtifacts
instanceKlass org/gradle/internal/component/external/model/UrlBackedArtifactMetadata
instanceKlass org/gradle/api/internal/artifacts/ivyservice/resolveengine/oldresult/TransientConfigurationResultsBuilder$$Lambda$234
instanceKlass java/lang/invoke/LambdaForm$DMH
instanceKlass org/gradle/api/internal/artifacts/ivyservice/resolveengine/artifact/ResolvedArtifactsGraphVisitor$ArtifactsForNode
instanceKlass org/gradle/api/internal/artifacts/ivyservice/resolveengine/artifact/ArtifactBackedResolvedVariant$SingleArtifactSet
instanceKlass org/gradle/api/internal/artifacts/ivyservice/resolveengine/artifact/ResolvedArtifactSet$Completion
instanceKlass org/gradle/api/internal/artifacts/ivyservice/resolveengine/artifact/ResolvedArtifactSet
instanceKlass org/gradle/api/internal/artifacts/ivyservice/resolveengine/artifact/ArtifactBackedResolvedVariant
instanceKlass org/gradle/api/internal/artifacts/ivyservice/resolveengine/artifact/ResolvedVariant
instanceKlass org/gradle/api/internal/artifacts/DefaultResolvedArtifact$1
instanceKlass org/gradle/api/internal/artifacts/ivyservice/resolveengine/artifact/DefaultArtifactSet$$Lambda$233
instanceKlass org/gradle/api/internal/tasks/FinalizeAction
instanceKlass org/gradle/api/internal/artifacts/DefaultResolvedArtifact
instanceKlass org/gradle/api/artifacts/ResolvedArtifact
instanceKlass org/gradle/internal/resolve/result/BuildableArtifactResolveResult
instanceKlass org/gradle/api/internal/artifacts/ivyservice/resolveengine/artifact/DefaultArtifactSet$LazyArtifactSource
instanceKlass org/gradle/api/internal/artifacts/ivyservice/resolveengine/artifact/ResolvableArtifact
instanceKlass org/gradle/api/internal/artifacts/ivyservice/resolveengine/artifact/DefaultArtifactSet
instanceKlass org/gradle/api/internal/artifacts/ivyservice/resolveengine/artifact/ResolvedVariantSet
instanceKlass org/gradle/internal/component/external/model/FixedComponentArtifacts
instanceKlass org/gradle/internal/component/model/ComponentArtifacts
instanceKlass org/gradle/internal/component/model/WrappedComponentResolveMetadata
instanceKlass org/gradle/api/internal/artifacts/ivyservice/ivyresolve/ErrorHandlingModuleComponentRepository$ErrorHandlingModuleComponentRepositoryAccess$$Lambda$232
instanceKlass org/gradle/api/internal/artifacts/ivyservice/ivyresolve/ErrorHandlingModuleComponentRepository$ErrorHandlingModuleComponentRepositoryAccess$$Lambda$231
instanceKlass org/gradle/api/internal/artifacts/ivyservice/ivyresolve/ErrorHandlingModuleComponentRepository$ErrorHandlingModuleComponentRepositoryAccess$$Lambda$230
instanceKlass org/gradle/api/internal/artifacts/ivyservice/resolveengine/result/StreamingResolutionResultBuilder$$Lambda$229
instanceKlass org/gradle/api/internal/artifacts/ivyservice/resolveengine/oldresult/TransientConfigurationResultsBuilder$$Lambda$228
instanceKlass org/gradle/api/internal/artifacts/ivyservice/resolveengine/oldresult/TransientConfigurationResultsBuilder$$Lambda$227
instanceKlass org/gradle/api/internal/artifacts/ivyservice/resolveengine/graph/builder/ComponentState$$Lambda$226
instanceKlass org/gradle/api/internal/artifacts/ivyservice/resolveengine/graph/builder/ComponentState$$Lambda$225
instanceKlass org/gradle/api/internal/artifacts/result/DefaultResolvedVariantResult
instanceKlass org/gradle/api/internal/artifacts/ivyservice/resolveengine/result/ComponentSelectionReasons$DefaultComponentSelectionReason
instanceKlass org/gradle/api/internal/artifacts/ivyservice/resolveengine/result/StreamingResolutionResultBuilder$$Lambda$224
instanceKlass org/gradle/internal/component/local/model/DefaultProjectComponentSelector
instanceKlass org/gradle/api/internal/artifacts/ivyservice/resolveengine/result/StreamingResolutionResultBuilder$$Lambda$223
instanceKlass org/gradle/cache/internal/BinaryStore$WriteAction
instanceKlass org/gradle/api/internal/attributes/AttributeDesugaring$$Lambda$222
instanceKlass org/gradle/api/internal/artifacts/ivyservice/resolveengine/excludes/factories/NormalizingExcludeFactory$$Lambda$221
instanceKlass org/gradle/api/internal/artifacts/ivyservice/resolveengine/excludes/simple/DefaultModuleIdSetExclude
instanceKlass org/gradle/api/internal/artifacts/ivyservice/resolveengine/excludes/factories/NormalizingExcludeFactory$$Lambda$220
